#
# A fatal error has been detected by the Java Runtime Environment:
#
#  Internal Error (0xc000000d), pid=14596, tid=22136
#
# JRE version: OpenJDK Runtime Environment (22.0.2+9) (build 22.0.2+9-70)
# Java VM: OpenJDK 64-Bit Server VM (22.0.2+9-70, mixed mode, sharing, tiered, compressed oops, compressed class ptrs, g1 gc, windows-amd64)
# Problematic frame:
# C  [ntdll.dll+0x126600]
#
# No core dump will be written. Minidumps are not enabled by default on client versions of Windows
#
# If you would like to submit a bug report, please visit:
#   https://bugreport.java.com/bugreport/crash.jsp
#

---------------  S U M M A R Y ------------

Command Line: --module-path=D:\openCV\openjfx-23.0.1_windows-x64_bin-sdk\javafx-sdk-23.0.1\lib --add-modules=javafx.controls,javafx.fxml -Djava.library.path=D:\openCV\opencv\build\java\x64 --enable-preview -javaagent:C:\Program Files\JetBrains\IntelliJ IDEA 2024.2.1\lib\idea_rt.jar=52698:C:\Program Files\JetBrains\IntelliJ IDEA 2024.2.1\bin -Dfile.encoding=UTF-8 -Dsun.stdout.encoding=UTF-8 -Dsun.stderr.encoding=UTF-8 ui.PreviewFrame

Host: 12th Gen Intel(R) Core(TM) i7-12700H, 20 cores, 15G,  Windows 11 , 64 bit Build 22621 (10.0.22621.3958)
Time: Sat Nov 16 15:29:37 2024 GTB Standard Time elapsed time: 40.652111 seconds (0d 0h 0m 40s)

---------------  T H R E A D  ---------------

Current thread (0x000001f6fbcf0670):  VMThread "VM Thread"          [id=22136, stack(0x000000a417b00000,0x000000a417c00000) (1024K)]

Stack: [0x000000a417b00000,0x000000a417c00000],  sp=0x000000a417bfe450,  free space=1017k
Native frames: (J=compiled Java code, j=interpreted, Vv=VM code, C=native code)
C  [ntdll.dll+0x126600]  (no source info available)
C  [ntdll.dll+0xc7b85]  (no source info available)
C  [KERNELBASE.dll+0x72139]  (no source info available)
C  [RTWorkQ.DLL+0x8b08]  (no source info available)
C  [RTWorkQ.DLL+0x8a72]  (no source info available)
C  [RTWorkQ.DLL+0xa0e5]  (no source info available)
C  [RTWorkQ.DLL+0x7b9f]  (no source info available)
C  [RTWorkQ.DLL+0x7b08]  (no source info available)
C  [RTWorkQ.DLL+0x7a3e]  (no source info available)
C  0x00007fff3bd27e2f  (no source info available)
C  0x00007fff3bd1ad9b  (no source info available)
C  0x00007fff3bd1ac55  (no source info available)
C  [RTWorkQ.DLL+0x13b53]  (no source info available)
C  [RTWorkQ.DLL+0x7429]  (no source info available)
C  [RTWorkQ.DLL+0xc7d7]  (no source info available)
C  [RTWorkQ.DLL+0xc712]  (no source info available)
C  0x00007fff3bd32c50  (no source info available)
C  0x00007fff3bd2e27a  (no source info available)
C  0x00007fff3bd117f2  (no source info available)
C  0x00007fff3bd11671  (no source info available)
C  0x00007fff3bd30e47  (no source info available)
C  0x00007fff3bd12f70  (no source info available)
C  0x00007fff3bd05301  (no source info available)
C  0x00007fff3bd04883  (no source info available)
C  [MFCORE.DLL+0x1c0605]  (no source info available)
C  [MFCORE.DLL+0x1bafb9]  (no source info available)
C  [MFCORE.DLL+0x1bfb8e]  (no source info available)
C  [MFReadWrite.dll+0xdf31]  (no source info available)
C  [MFReadWrite.dll+0x28f90]  (no source info available)
C  0x00007fff5d6238fb  (no source info available)
C  0x00007fff5d671393  (no source info available)
C  0x00007fff5d673ac4  (no source info available)
C  0x00007fff5d6238fb  (no source info available)
C  0x00007fff5d6669b7  (no source info available)
C  0x00007fff5d666c24  (no source info available)
C  0x00007fff5d6871a5  (no source info available)
C  [opencv_java4100.dll+0x201c576]  (no source info available)
C  [opencv_java4100.dll+0x264b320]  (no source info available)
C  [opencv_java4100.dll+0x25627b7]  (no source info available)
C  [opencv_java4100.dll+0x2562565]  (no source info available)
C  [opencv_java4100.dll+0x2562889]  (no source info available)
C  [opencv_java4100.dll+0x255a5e7]  (no source info available)
C  [opencv_java4100.dll+0x255a565]  (no source info available)
C  [opencv_java4100.dll+0x255a6eb]  (no source info available)
C  [opencv_java4100.dll+0x2513af3]  (no source info available)
C  [opencv_java4100.dll+0x25137ed]  (no source info available)
C  [opencv_java4100.dll+0x2513912]  (no source info available)
C  [ntdll.dll+0x28b5f]  (no source info available)
C  [ntdll.dll+0x51566]  (no source info available)
C  [ntdll.dll+0x5115d]  (no source info available)
C  [KERNEL32.DLL+0x17fab]  (no source info available)
C  [ucrtbase.dll+0x1bed8]  (no source info available)
C  [ucrtbase.dll+0x1c099]  (no source info available)
V  [jvm.dll+0x6db87b]  (no source info available)
V  [jvm.dll+0x6db3b0]  (no source info available)
V  [jvm.dll+0x3e2314]  (no source info available)
V  [jvm.dll+0x87e0f0]  (no source info available)
V  [jvm.dll+0x87f477]  (no source info available)
V  [jvm.dll+0x87f9f0]  (no source info available)
V  [jvm.dll+0x87fc93]  (no source info available)
V  [jvm.dll+0x81dc0b]  (no source info available)
V  [jvm.dll+0x6e0d85]  (no source info available)
C  [ucrtbase.dll+0x29333]  (no source info available)
C  [KERNEL32.DLL+0x1257d]  (no source info available)
C  [ntdll.dll+0x5af08]  (no source info available)


siginfo: EXCEPTION_?? (0xc000000d)


Registers:
RAX=0x00007fff00000000, RBX=0x000001f6d5b20970, RCX=0x0000000000000000, RDX=0x0000015200010004
RSP=0x000000a417bfe450, RBP=0x00007fff6e4b9a30, RSI=0x000001f6df0fb120, RDI=0x0000000000000000
R8 =0x00007fff6cde2670, R9 =0x0000000000000001, R10=0x000000a417bfe0ca, R11=0x000001f6dec42c0c
R12=0x000001f6d5b20970, R13=0x00007ffe9e2d4a60, R14=0x000000a417bfe5e8, R15=0x00007fff6e4b9a30
RIP=0x00007fff79676600, EFLAGS=0x0000000000000202


Register to memory mapping:

RAX=0x00007fff00000000 is an unknown value
RBX=0x000001f6d5b20970 points into unknown readable memory: 0x0000000000000000 | 00 00 00 00 00 00 00 00
RCX=0x0 is null
RDX=0x0000015200010004 is an unknown value
RSP=0x000000a417bfe450 points into unknown readable memory: 0x0000000000000057 | 57 00 00 00 00 00 00 00
RBP=0x00007fff6e4b9a30 RTWorkQ.DLL
RSI=0x000001f6df0fb120 points into unknown readable memory: 0x0065006c00000003 | 03 00 00 00 6c 00 65 00
RDI=0x0 is null
R8 =0x00007fff6cde2670 dwrite.dll
R9 =0x0000000000000001 is an unknown value
R10=0x000000a417bfe0ca points into unknown readable memory: 00 00 12 e5 f8 00
R11=0x000001f6dec42c0c points into unknown readable memory: 44 00 4f 00
R12=0x000001f6d5b20970 points into unknown readable memory: 0x0000000000000000 | 00 00 00 00 00 00 00 00
R13=0x00007ffe9e2d4a60 jvm.dll
R14=0x000000a417bfe5e8 points into unknown readable memory: 0x0000000000000000 | 00 00 00 00 00 00 00 00
R15=0x00007fff6e4b9a30 RTWorkQ.DLL

Top of Stack: (sp=0x000000a417bfe450)
0x000000a417bfe450:   0000000000000057 000001f6d5b20970
0x000000a417bfe460:   000001f6df0fb120 0000000000000000
0x000000a417bfe470:   00000080c000000d 0000000000000000
0x000000a417bfe480:   00007fff79676600 0000000000000000
0x000000a417bfe490:   0000000000000000 0000000000000000
0x000000a417bfe4a0:   0000000000000000 0000000000000000
0x000000a417bfe4b0:   0000000000000000 0000000000000000
0x000000a417bfe4c0:   0000000000000000 0000000000000000
0x000000a417bfe4d0:   0000000000000000 0000000000000000
0x000000a417bfe4e0:   0000000000000000 0000000000000000
0x000000a417bfe4f0:   0000000000000000 0000000000000000
0x000000a417bfe500:   0000000000000000 000001f6df0fb030
0x000000a417bfe510:   00009bf6c01a90fb 000000000000082c
0x000000a417bfe520:   0000000000000060 00007fff79617b85
0x000000a417bfe530:   000001f6df0fb030 00007fff76e9a45b
0x000000a417bfe540:   000001f6d5b20970 00007fff6e4b9a30
0x000000a417bfe550:   00007fff6e4b1320 0000000000000060
0x000000a417bfe560:   00000000c0000001 00007fff76aa0334
0x000000a417bfe570:   000001f6d59c9bd0 000001f6df0fb030
0x000000a417bfe580:   000000000000082c 000001f6df0fb120
0x000000a417bfe590:   00007fff6e4b1320 00007fff76ec2139
0x000000a417bfe5a0:   000001f6df0fb220 000001f6d5b20970
0x000000a417bfe5b0:   000001f6d58b92ef 000000000000000b
0x000000a417bfe5c0:   000001f6d5b20970 00007fff6e4b8b08
0x000000a417bfe5d0:   000001f6df0fb220 00007fff6e4b8999
0x000000a417bfe5e0:   0000000000000000 0000000000000000
0x000000a417bfe5f0:   000001f6dee1b3c8 00007fff6e4b8a72
0x000000a417bfe600:   000001f6df0fb220 000001f6d59c9bd0
0x000000a417bfe610:   0000000000000000 000001f6df0fb1f8
0x000000a417bfe620:   00007fff6e4b1500 000000000000082c
0x000000a417bfe630:   000001f6df0fb1f8 00007fff6e4ba0e5
0x000000a417bfe640:   000000a417bfe760 000000a417bfe6b0 

Instructions: (pc=0x00007fff79676600)
0x00007fff79676500:   40 48 83 c4 30 5f c3 cc cc cc cc cc cc cc cc cc
0x00007fff79676510:   40 55 48 8d 6c 24 a9 48 81 ec d0 00 00 00 48 8b
0x00007fff79676520:   05 0b 80 07 00 48 33 c4 48 89 45 47 4c 8b d2 4d
0x00007fff79676530:   85 c0 74 30 4d 8b 48 50 48 8d 05 21 7e f2 ff c7
0x00007fff79676540:   45 bf 05 00 00 00 4c 3b c8 75 13 49 8b 40 58 48
0x00007fff79676550:   8b 50 20 48 85 d2 74 06 48 89 55 e7 eb 0d 4c 89
0x00007fff79676560:   4d e7 eb 07 c7 45 bf 04 00 00 00 48 83 65 af 00
0x00007fff79676570:   48 83 65 df 00 48 63 c1 48 8d 4d a7 48 89 45 c7
0x00007fff79676580:   c7 45 a7 0a 07 00 c0 4c 89 55 cf 4c 89 45 d7 c7
0x00007fff79676590:   45 ab 01 00 00 00 e8 f5 e1 f2 ff 48 8b 4d 47 48
0x00007fff796765a0:   33 cc e8 e9 87 f6 ff 48 81 c4 d0 00 00 00 5d c3
0x00007fff796765b0:   cc cc cc cc cc cc cc cc 48 81 ec d8 00 00 00 48
0x00007fff796765c0:   8b 05 6a 7f 07 00 48 33 c4 48 89 84 24 c0 00 00
0x00007fff796765d0:   00 33 d2 41 b8 94 00 00 00 48 8d 4c 24 24 e8 2d
0x00007fff796765e0:   aa 00 00 c7 44 24 20 0d 00 00 c0 b9 57 00 00 00
0x00007fff796765f0:   e8 ab d1 f2 ff 90 48 8d 4c 24 20 e8 90 e1 f2 ff
0x00007fff79676600:   eb 00 48 8b 8c 24 c0 00 00 00 48 33 cc e8 7e 87
0x00007fff79676610:   f6 ff 48 81 c4 d8 00 00 00 c3 cc 40 55 48 83 ec
0x00007fff79676620:   20 48 8b ea e8 0f 00 00 00 90 48 83 c4 20 5d c3
0x00007fff79676630:   cc cc cc cc cc cc cc cc 48 83 ec 28 48 8b 51 08
0x00007fff79676640:   41 b8 03 00 00 00 48 8b 09 e8 82 0d fc ff 33 c0
0x00007fff79676650:   48 83 c4 28 c3 cc cc cc cc cc cc cc 48 8b 01 48
0x00007fff79676660:   83 c9 ff 8b 10 e9 d6 9f f7 ff cc cc cc cc cc cc
0x00007fff79676670:   4c 8b dc 48 81 ec 88 00 00 00 48 8b 05 af 7e 07
0x00007fff79676680:   00 48 33 c4 48 89 44 24 70 48 8b 84 24 b0 00 00
0x00007fff79676690:   00 41 ba 24 1c 00 00 49 89 43 d8 8b 84 24 b8 00
0x00007fff796766a0:   00 00 66 45 89 53 9e 49 89 4b b8 49 89 53 c0 4d
0x00007fff796766b0:   89 43 c8 4d 89 4b d0 89 44 24 68 e8 b0 49 f1 ff
0x00007fff796766c0:   85 c0 74 19 65 48 8b 04 25 60 00 00 00 48 8b 88
0x00007fff796766d0:   90 00 00 00 48 81 c1 2c 02 00 00 eb 05 b9 86 03
0x00007fff796766e0:   fe 7f 0f b6 09 4c 8d 4c 24 20 ba 03 04 00 00 41
0x00007fff796766f0:   b8 2c 00 00 00 e8 76 a5 f7 ff 48 8b 4c 24 70 48 


Stack slot to memory mapping:

stack at sp + 0 slots: 0x0000000000000057 is an unknown value
stack at sp + 1 slots: 0x000001f6d5b20970 points into unknown readable memory: 0x0000000000000000 | 00 00 00 00 00 00 00 00
stack at sp + 2 slots: 0x000001f6df0fb120 points into unknown readable memory: 0x0065006c00000003 | 03 00 00 00 6c 00 65 00
stack at sp + 3 slots: 0x0 is null
stack at sp + 4 slots: 0x00000080c000000d is an unknown value
stack at sp + 5 slots: 0x0 is null
stack at sp + 6 slots: 0x00007fff79676600 ntdll.dll
stack at sp + 7 slots: 0x0 is null

VM_Operation (0x000000a4191ff050): Exit, mode: safepoint, requested by thread 0x000001f6def1e550


---------------  P R O C E S S  ---------------

Threads class SMR info:
_java_thread_list=0x000001f6d5669040, length=21, elements={
0x000001f6fbd0ae00, 0x000001f6fbd0bc20, 0x000001f6fbd19b40, 0x000001f6fbd1c6e0,
0x000001f6fbd1e6a0, 0x000001f6d41134d0, 0x000001f6d4115f40, 0x000001f6d4120590,
0x000001f6d4237870, 0x000001f6d4915d60, 0x000001f6d4428bd0, 0x000001f6d5678730,
0x000001f6d5847c30, 0x000001f6def1d830, 0x000001f6def1f270, 0x000001f6def1dec0,
0x000001f6def1ebe0, 0x000001f6def1f900, 0x000001f6d411f7f0, 0x000001f6d4121a00,
0x000001f6def1e550
}

Java Threads: ( => current thread )
  0x000001f6fbd0ae00 JavaThread "Reference Handler"          daemon [_thread_blocked, id=21036, stack(0x000000a417c00000,0x000000a417d00000) (1024K)]
  0x000001f6fbd0bc20 JavaThread "Finalizer"                  daemon [_thread_blocked, id=22432, stack(0x000000a417d00000,0x000000a417e00000) (1024K)]
  0x000001f6fbd19b40 JavaThread "Signal Dispatcher"          daemon [_thread_blocked, id=4408, stack(0x000000a417e00000,0x000000a417f00000) (1024K)]
  0x000001f6fbd1c6e0 JavaThread "Attach Listener"            daemon [_thread_blocked, id=22176, stack(0x000000a417f00000,0x000000a418000000) (1024K)]
  0x000001f6fbd1e6a0 JavaThread "Service Thread"             daemon [_thread_blocked, id=17252, stack(0x000000a418000000,0x000000a418100000) (1024K)]
  0x000001f6d41134d0 JavaThread "Monitor Deflation Thread"   daemon [_thread_blocked, id=10300, stack(0x000000a418100000,0x000000a418200000) (1024K)]
  0x000001f6d4115f40 JavaThread "C2 CompilerThread0"         daemon [_thread_blocked, id=21612, stack(0x000000a418200000,0x000000a418300000) (1024K)]
  0x000001f6d4120590 JavaThread "C1 CompilerThread0"         daemon [_thread_blocked, id=4860, stack(0x000000a418300000,0x000000a418400000) (1024K)]
  0x000001f6d4237870 JavaThread "Common-Cleaner"             daemon [_thread_blocked, id=14620, stack(0x000000a418400000,0x000000a418500000) (1024K)]
  0x000001f6d4915d60 JavaThread "Monitor Ctrl-Break"         daemon [_thread_in_native, id=10468, stack(0x000000a418f00000,0x000000a419000000) (1024K)]
  0x000001f6d4428bd0 JavaThread "Notification Thread"        daemon [_thread_blocked, id=4368, stack(0x000000a419000000,0x000000a419100000) (1024K)]
  0x000001f6d5678730 JavaThread "InvokeLaterDispatcher"      daemon [_thread_blocked, id=22344, stack(0x000000a418c00000,0x000000a418d00000) (1024K)]
  0x000001f6d5847c30 JavaThread "Thread-2"                   daemon [_thread_in_native, id=16512, stack(0x000000a418900000,0x000000a418a00000) (1024K)]
  0x000001f6def1d830 JavaThread "Prism Font Disposer"        daemon [_thread_blocked, id=10376, stack(0x000000a41a000000,0x000000a41a100000) (1024K)]
  0x000001f6def1f270 JavaThread "Cleaner-0"                  daemon [_thread_blocked, id=464, stack(0x000000a41aa00000,0x000000a41ab00000) (1024K)]
  0x000001f6def1dec0 JavaThread "Java2D Disposer"            daemon [_thread_blocked, id=5244, stack(0x000000a41ab00000,0x000000a41ac00000) (1024K)]
  0x000001f6def1ebe0 JavaThread "Thread-5"                          [_thread_blocked, id=11000, stack(0x000000a41a300000,0x000000a41a400000) (1024K)]
  0x000001f6def1f900 JavaThread "DestroyJavaVM"                     [_thread_blocked, id=22340, stack(0x000000a417400000,0x000000a417500000) (1024K)]
  0x000001f6d411f7f0 JavaThread "C1 CompilerThread1"         daemon [_thread_blocked, id=11888, stack(0x000000a417100000,0x000000a417200000) (1024K)]
  0x000001f6d4121a00 JavaThread "C1 CompilerThread2"         daemon [_thread_blocked, id=2864, stack(0x000000a418d00000,0x000000a418e00000) (1024K)]
  0x000001f6def1e550 JavaThread "SIGINT handler"             daemon [_thread_blocked, id=21096, stack(0x000000a419100000,0x000000a419200000) (1024K)]
Total: 21

Other Threads:
=>0x000001f6fbcf0670 VMThread "VM Thread"                           [id=22136, stack(0x000000a417b00000,0x000000a417c00000) (1024K)]
  0x000001f6eb9db2f0 WorkerThread "GC Thread#0"                     [id=9248, stack(0x000000a417500000,0x000000a417600000) (1024K)]
  0x000001f6d5858ad0 WorkerThread "GC Thread#1"                     [id=14028, stack(0x000000a418b00000,0x000000a418c00000) (1024K)]
  0x000001f6d5858e80 WorkerThread "GC Thread#2"                     [id=20900, stack(0x000000a419600000,0x000000a419700000) (1024K)]
  0x000001f6d5869270 WorkerThread "GC Thread#3"                     [id=8468, stack(0x000000a419700000,0x000000a419800000) (1024K)]
  0x000001f6d5879660 WorkerThread "GC Thread#4"                     [id=11840, stack(0x000000a419800000,0x000000a419900000) (1024K)]
  0x000001f6d5889e50 WorkerThread "GC Thread#5"                     [id=18076, stack(0x000000a419900000,0x000000a419a00000) (1024K)]
  0x000001f6d588a960 WorkerThread "GC Thread#6"                     [id=14636, stack(0x000000a418700000,0x000000a418800000) (1024K)]
  0x000001f6d588ad10 WorkerThread "GC Thread#7"                     [id=21408, stack(0x000000a419b00000,0x000000a419c00000) (1024K)]
  0x000001f6d588b0c0 WorkerThread "GC Thread#8"                     [id=19200, stack(0x000000a419c00000,0x000000a419d00000) (1024K)]
  0x000001f6d588b470 WorkerThread "GC Thread#9"                     [id=16792, stack(0x000000a419d00000,0x000000a419e00000) (1024K)]
  0x000001f6deaba000 WorkerThread "GC Thread#10"                    [id=10648, stack(0x000000a419e00000,0x000000a419f00000) (1024K)]
  0x000001f6deabc4e0 WorkerThread "GC Thread#11"                    [id=6860, stack(0x000000a41ac00000,0x000000a41ad00000) (1024K)]
  0x000001f6deabc130 WorkerThread "GC Thread#12"                    [id=18012, stack(0x000000a41ae00000,0x000000a41af00000) (1024K)]
  0x000001f6deabcc40 WorkerThread "GC Thread#13"                    [id=17224, stack(0x000000a418e00000,0x000000a418f00000) (1024K)]
  0x000001f6e968e980 ConcurrentGCThread "G1 Main Marker"            terminated
  0x000001f6eb9ec7c0 WorkerThread "G1 Conc#0"                       [id=1376, stack(0x000000a417700000,0x000000a417800000) (1024K)]
  0x000001f6eba2e7d0 ConcurrentGCThread "G1 Refine#0"               terminated
  0x000001f6fbbaa450 ConcurrentGCThread "G1 Service"                terminated
Total: 19

Threads with active compile tasks:
Total: 0

VM state: at safepoint (shutting down)

VM Mutex/Monitor currently owned by a thread:  ([mutex/lock_event])
[0x00007ffe9e2acb80] Threads_lock - owner thread: 0x000001f6fbcf0670
[0x00007ffe9e2acc80] Heap_lock - owner thread: 0x000001f6def1e550

Heap address: 0x0000000705200000, size: 4014 MB, Compressed Oops mode: Zero based, Oop shift amount: 3

CDS archive(s) mapped at: [0x000001f68f000000-0x000001f68fc60000-0x000001f68fc60000), size 12976128, SharedBaseAddress: 0x000001f68f000000, ArchiveRelocationMode: 1.
Compressed class space mapped at: 0x000001f690000000-0x000001f6d0000000, reserved size: 1073741824
Narrow klass base: 0x000001f68f000000, Narrow klass shift: 0, Narrow klass range: 0x41000000

GC Precious Log:
 CardTable entry size: 512
 Card Set container configuration: InlinePtr #cards 4 size 8 Array Of Cards #cards 16 size 48 Howl #buckets 8 coarsen threshold 3686 Howl Bitmap #cards 512 size 80 coarsen threshold 460 Card regions per heap region 1 cards per card region 4096
 CPUs: 20 total, 20 available
 Memory: 16051M
 Large Page Support: Disabled
 NUMA Support: Disabled
 Compressed Oops: Enabled (Zero based)
 Heap Region Size: 2M
 Heap Min Capacity: 8M
 Heap Initial Capacity: 252M
 Heap Max Capacity: 4014M
 Pre-touch: Disabled
 Parallel Workers: 15
 Concurrent Workers: 4
 Concurrent Refinement Workers: 15
 Periodic GC: Disabled

Heap:
 garbage-first heap   total reserved 4110336K, committed 311296K, used 94796K [0x0000000705200000, 0x0000000800000000)
  region size 2048K, 7 young (14336K), 1 survivors (2048K)
 Metaspace       used 18978K, committed 19264K, reserved 1114112K
  class space    used 2636K, committed 2752K, reserved 1048576K

Heap Regions: E=young(eden), S=young(survivor), O=old, HS=humongous(starts), HC=humongous(continues), CS=collection set, F=free, TAMS=top-at-mark-start, PB=parsable bottom
|   0|0x0000000705200000, 0x0000000705400000, 0x0000000705400000|100%|HS|  |TAMS 0x0000000705200000| PB 0x0000000705200000| Complete |  0
|   1|0x0000000705400000, 0x0000000705600000, 0x0000000705600000|100%| O|  |TAMS 0x0000000705400000| PB 0x0000000705400000| Untracked |  0
|   2|0x0000000705600000, 0x0000000705800000, 0x0000000705800000|100%|HS|  |TAMS 0x0000000705600000| PB 0x0000000705600000| Complete |  0
|   3|0x0000000705800000, 0x0000000705a00000, 0x0000000705a00000|100%|HS|  |TAMS 0x0000000705800000| PB 0x0000000705800000| Complete |  0
|   4|0x0000000705a00000, 0x0000000705c00000, 0x0000000705c00000|100%|HS|  |TAMS 0x0000000705a00000| PB 0x0000000705a00000| Complete |  0
|   5|0x0000000705c00000, 0x0000000705e00000, 0x0000000705e00000|100%|HS|  |TAMS 0x0000000705c00000| PB 0x0000000705c00000| Complete |  0
|   6|0x0000000705e00000, 0x0000000706000000, 0x0000000706000000|100%|HS|  |TAMS 0x0000000705e00000| PB 0x0000000705e00000| Complete |  0
|   7|0x0000000706000000, 0x0000000706200000, 0x0000000706200000|100%|HS|  |TAMS 0x0000000706000000| PB 0x0000000706000000| Complete |  0
|   8|0x0000000706200000, 0x0000000706400000, 0x0000000706400000|100%|HS|  |TAMS 0x0000000706200000| PB 0x0000000706200000| Complete |  0
|   9|0x0000000706400000, 0x0000000706600000, 0x0000000706600000|100%|HS|  |TAMS 0x0000000706400000| PB 0x0000000706400000| Complete |  0
|  10|0x0000000706600000, 0x0000000706800000, 0x0000000706800000|100%|HS|  |TAMS 0x0000000706600000| PB 0x0000000706600000| Complete |  0
|  11|0x0000000706800000, 0x0000000706a00000, 0x0000000706a00000|100%|HS|  |TAMS 0x0000000706800000| PB 0x0000000706800000| Complete |  0
|  12|0x0000000706a00000, 0x0000000706c00000, 0x0000000706c00000|100%|HS|  |TAMS 0x0000000706a00000| PB 0x0000000706a00000| Complete |  0
|  13|0x0000000706c00000, 0x0000000706e00000, 0x0000000706e00000|100%|HS|  |TAMS 0x0000000706c00000| PB 0x0000000706c00000| Complete |  0
|  14|0x0000000706e00000, 0x0000000707000000, 0x0000000707000000|100%|HS|  |TAMS 0x0000000706e00000| PB 0x0000000706e00000| Complete |  0
|  15|0x0000000707000000, 0x0000000707200000, 0x0000000707200000|100%|HS|  |TAMS 0x0000000707000000| PB 0x0000000707000000| Complete |  0
|  16|0x0000000707200000, 0x0000000707400000, 0x0000000707400000|100%|HS|  |TAMS 0x0000000707200000| PB 0x0000000707200000| Complete |  0
|  17|0x0000000707400000, 0x0000000707600000, 0x0000000707600000|100%|HS|  |TAMS 0x0000000707400000| PB 0x0000000707400000| Complete |  0
|  18|0x0000000707600000, 0x0000000707800000, 0x0000000707800000|100%|HS|  |TAMS 0x0000000707600000| PB 0x0000000707600000| Complete |  0
|  19|0x0000000707800000, 0x0000000707a00000, 0x0000000707a00000|100%|HS|  |TAMS 0x0000000707800000| PB 0x0000000707800000| Complete |  0
|  20|0x0000000707a00000, 0x0000000707a00000, 0x0000000707c00000|  0%| F|  |TAMS 0x0000000707a00000| PB 0x0000000707a00000| Untracked |  0
|  21|0x0000000707c00000, 0x0000000707e00000, 0x0000000707e00000|100%|HS|  |TAMS 0x0000000707c00000| PB 0x0000000707c00000| Complete |  0
|  22|0x0000000707e00000, 0x0000000707e00000, 0x0000000708000000|  0%| F|  |TAMS 0x0000000707e00000| PB 0x0000000707e00000| Untracked |  0
|  23|0x0000000708000000, 0x0000000708000000, 0x0000000708200000|  0%| F|  |TAMS 0x0000000708000000| PB 0x0000000708000000| Untracked |  0
|  24|0x0000000708200000, 0x0000000708400000, 0x0000000708400000|100%|HS|  |TAMS 0x0000000708200000| PB 0x0000000708200000| Complete |  0
|  25|0x0000000708400000, 0x0000000708600000, 0x0000000708600000|100%|HS|  |TAMS 0x0000000708400000| PB 0x0000000708400000| Complete |  0
|  26|0x0000000708600000, 0x0000000708600000, 0x0000000708800000|  0%| F|  |TAMS 0x0000000708600000| PB 0x0000000708600000| Untracked |  0
|  27|0x0000000708800000, 0x0000000708800000, 0x0000000708a00000|  0%| F|  |TAMS 0x0000000708800000| PB 0x0000000708800000| Untracked |  0
|  28|0x0000000708a00000, 0x0000000708c00000, 0x0000000708c00000|100%|HS|  |TAMS 0x0000000708a00000| PB 0x0000000708a00000| Complete |  0
|  29|0x0000000708c00000, 0x0000000708c00000, 0x0000000708e00000|  0%| F|  |TAMS 0x0000000708c00000| PB 0x0000000708c00000| Untracked |  0
|  30|0x0000000708e00000, 0x0000000709000000, 0x0000000709000000|100%|HS|  |TAMS 0x0000000708e00000| PB 0x0000000708e00000| Complete |  0
|  31|0x0000000709000000, 0x0000000709000000, 0x0000000709200000|  0%| F|  |TAMS 0x0000000709000000| PB 0x0000000709000000| Untracked |  0
|  32|0x0000000709200000, 0x0000000709400000, 0x0000000709400000|100%|HS|  |TAMS 0x0000000709200000| PB 0x0000000709200000| Complete |  0
|  33|0x0000000709400000, 0x0000000709600000, 0x0000000709600000|100%|HS|  |TAMS 0x0000000709400000| PB 0x0000000709400000| Complete |  0
|  34|0x0000000709600000, 0x0000000709600000, 0x0000000709800000|  0%| F|  |TAMS 0x0000000709600000| PB 0x0000000709600000| Untracked |  0
|  35|0x0000000709800000, 0x0000000709800000, 0x0000000709a00000|  0%| F|  |TAMS 0x0000000709800000| PB 0x0000000709800000| Untracked |  0
|  36|0x0000000709a00000, 0x0000000709c00000, 0x0000000709c00000|100%|HS|  |TAMS 0x0000000709a00000| PB 0x0000000709a00000| Complete |  0
|  37|0x0000000709c00000, 0x0000000709c00000, 0x0000000709e00000|  0%| F|  |TAMS 0x0000000709c00000| PB 0x0000000709c00000| Untracked |  0
|  38|0x0000000709e00000, 0x0000000709e00000, 0x000000070a000000|  0%| F|  |TAMS 0x0000000709e00000| PB 0x0000000709e00000| Untracked |  0
|  39|0x000000070a000000, 0x000000070a200000, 0x000000070a200000|100%|HS|  |TAMS 0x000000070a000000| PB 0x000000070a000000| Complete |  0
|  40|0x000000070a200000, 0x000000070a200000, 0x000000070a400000|  0%| F|  |TAMS 0x000000070a200000| PB 0x000000070a200000| Untracked |  0
|  41|0x000000070a400000, 0x000000070a400000, 0x000000070a600000|  0%| F|  |TAMS 0x000000070a400000| PB 0x000000070a400000| Untracked |  0
|  42|0x000000070a600000, 0x000000070a800000, 0x000000070a800000|100%|HS|  |TAMS 0x000000070a600000| PB 0x000000070a600000| Complete |  0
|  43|0x000000070a800000, 0x000000070a800000, 0x000000070aa00000|  0%| F|  |TAMS 0x000000070a800000| PB 0x000000070a800000| Untracked |  0
|  44|0x000000070aa00000, 0x000000070aa00000, 0x000000070ac00000|  0%| F|  |TAMS 0x000000070aa00000| PB 0x000000070aa00000| Untracked |  0
|  45|0x000000070ac00000, 0x000000070ae00000, 0x000000070ae00000|100%|HS|  |TAMS 0x000000070ac00000| PB 0x000000070ac00000| Complete |  0
|  46|0x000000070ae00000, 0x000000070ae00000, 0x000000070b000000|  0%| F|  |TAMS 0x000000070ae00000| PB 0x000000070ae00000| Untracked |  0
|  47|0x000000070b000000, 0x000000070b000000, 0x000000070b200000|  0%| F|  |TAMS 0x000000070b000000| PB 0x000000070b000000| Untracked |  0
|  48|0x000000070b200000, 0x000000070b400000, 0x000000070b400000|100%|HS|  |TAMS 0x000000070b200000| PB 0x000000070b200000| Complete |  0
|  49|0x000000070b400000, 0x000000070b600000, 0x000000070b600000|100%|HS|  |TAMS 0x000000070b400000| PB 0x000000070b400000| Complete |  0
|  50|0x000000070b600000, 0x000000070b600000, 0x000000070b800000|  0%| F|  |TAMS 0x000000070b600000| PB 0x000000070b600000| Untracked |  0
|  51|0x000000070b800000, 0x000000070b800000, 0x000000070ba00000|  0%| F|  |TAMS 0x000000070b800000| PB 0x000000070b800000| Untracked |  0
|  52|0x000000070ba00000, 0x000000070bc00000, 0x000000070bc00000|100%|HS|  |TAMS 0x000000070ba00000| PB 0x000000070ba00000| Complete |  0
|  53|0x000000070bc00000, 0x000000070bc00000, 0x000000070be00000|  0%| F|  |TAMS 0x000000070bc00000| PB 0x000000070bc00000| Untracked |  0
|  54|0x000000070be00000, 0x000000070be00000, 0x000000070c000000|  0%| F|  |TAMS 0x000000070be00000| PB 0x000000070be00000| Untracked |  0
|  55|0x000000070c000000, 0x000000070c200000, 0x000000070c200000|100%|HS|  |TAMS 0x000000070c000000| PB 0x000000070c000000| Complete |  0
|  56|0x000000070c200000, 0x000000070c400000, 0x000000070c400000|100%|HS|  |TAMS 0x000000070c200000| PB 0x000000070c200000| Complete |  0
|  57|0x000000070c400000, 0x000000070c400000, 0x000000070c600000|  0%| F|  |TAMS 0x000000070c400000| PB 0x000000070c400000| Untracked |  0
|  58|0x000000070c600000, 0x000000070c600000, 0x000000070c800000|  0%| F|  |TAMS 0x000000070c600000| PB 0x000000070c600000| Untracked |  0
|  59|0x000000070c800000, 0x000000070ca00000, 0x000000070ca00000|100%|HS|  |TAMS 0x000000070c800000| PB 0x000000070c800000| Complete |  0
|  60|0x000000070ca00000, 0x000000070ca00000, 0x000000070cc00000|  0%| F|  |TAMS 0x000000070ca00000| PB 0x000000070ca00000| Untracked |  0
|  61|0x000000070cc00000, 0x000000070cc00000, 0x000000070ce00000|  0%| F|  |TAMS 0x000000070cc00000| PB 0x000000070cc00000| Untracked |  0
|  62|0x000000070ce00000, 0x000000070ce00000, 0x000000070d000000|  0%| F|  |TAMS 0x000000070ce00000| PB 0x000000070ce00000| Untracked |  0
|  63|0x000000070d000000, 0x000000070d200000, 0x000000070d200000|100%|HS|  |TAMS 0x000000070d000000| PB 0x000000070d000000| Complete |  0
|  64|0x000000070d200000, 0x000000070d2ce8c8, 0x000000070d400000| 40%| O|  |TAMS 0x000000070d200000| PB 0x000000070d200000| Untracked |  0
|  65|0x000000070d400000, 0x000000070d400000, 0x000000070d600000|  0%| F|  |TAMS 0x000000070d400000| PB 0x000000070d400000| Untracked |  0
|  66|0x000000070d600000, 0x000000070d600000, 0x000000070d800000|  0%| F|  |TAMS 0x000000070d600000| PB 0x000000070d600000| Untracked |  0
|  67|0x000000070d800000, 0x000000070da00000, 0x000000070da00000|100%| O|  |TAMS 0x000000070d800000| PB 0x000000070d800000| Untracked |  0
|  68|0x000000070da00000, 0x000000070dc00000, 0x000000070dc00000|100%| O|  |TAMS 0x000000070da00000| PB 0x000000070da00000| Untracked |  0
|  69|0x000000070dc00000, 0x000000070de00000, 0x000000070de00000|100%| O|  |TAMS 0x000000070dc00000| PB 0x000000070dc00000| Untracked |  0
|  70|0x000000070de00000, 0x000000070de00000, 0x000000070e000000|  0%| F|  |TAMS 0x000000070de00000| PB 0x000000070de00000| Untracked |  0
|  71|0x000000070e000000, 0x000000070e000000, 0x000000070e200000|  0%| F|  |TAMS 0x000000070e000000| PB 0x000000070e000000| Untracked |  0
|  72|0x000000070e200000, 0x000000070e200000, 0x000000070e400000|  0%| F|  |TAMS 0x000000070e200000| PB 0x000000070e200000| Untracked |  0
|  73|0x000000070e400000, 0x000000070e400000, 0x000000070e600000|  0%| F|  |TAMS 0x000000070e400000| PB 0x000000070e400000| Untracked |  0
|  74|0x000000070e600000, 0x000000070e600000, 0x000000070e800000|  0%| F|  |TAMS 0x000000070e600000| PB 0x000000070e600000| Untracked |  0
|  75|0x000000070e800000, 0x000000070e800000, 0x000000070ea00000|  0%| F|  |TAMS 0x000000070e800000| PB 0x000000070e800000| Untracked |  0
|  76|0x000000070ea00000, 0x000000070ea00000, 0x000000070ec00000|  0%| F|  |TAMS 0x000000070ea00000| PB 0x000000070ea00000| Untracked |  0
|  77|0x000000070ec00000, 0x000000070ec00000, 0x000000070ee00000|  0%| F|  |TAMS 0x000000070ec00000| PB 0x000000070ec00000| Untracked |  0
|  78|0x000000070ee00000, 0x000000070ee00000, 0x000000070f000000|  0%| F|  |TAMS 0x000000070ee00000| PB 0x000000070ee00000| Untracked |  0
|  79|0x000000070f000000, 0x000000070f000000, 0x000000070f200000|  0%| F|  |TAMS 0x000000070f000000| PB 0x000000070f000000| Untracked |  0
|  80|0x000000070f200000, 0x000000070f200000, 0x000000070f400000|  0%| F|  |TAMS 0x000000070f200000| PB 0x000000070f200000| Untracked |  0
|  81|0x000000070f400000, 0x000000070f400000, 0x000000070f600000|  0%| F|  |TAMS 0x000000070f400000| PB 0x000000070f400000| Untracked |  0
|  82|0x000000070f600000, 0x000000070f600000, 0x000000070f800000|  0%| F|  |TAMS 0x000000070f600000| PB 0x000000070f600000| Untracked |  0
|  83|0x000000070f800000, 0x000000070f800000, 0x000000070fa00000|  0%| F|  |TAMS 0x000000070f800000| PB 0x000000070f800000| Untracked |  0
|  84|0x000000070fa00000, 0x000000070fa00000, 0x000000070fc00000|  0%| F|  |TAMS 0x000000070fa00000| PB 0x000000070fa00000| Untracked |  0
|  85|0x000000070fc00000, 0x000000070fc00000, 0x000000070fe00000|  0%| F|  |TAMS 0x000000070fc00000| PB 0x000000070fc00000| Untracked |  0
|  86|0x000000070fe00000, 0x000000070fe00000, 0x0000000710000000|  0%| F|  |TAMS 0x000000070fe00000| PB 0x000000070fe00000| Untracked |  0
|  87|0x0000000710000000, 0x0000000710000000, 0x0000000710200000|  0%| F|  |TAMS 0x0000000710000000| PB 0x0000000710000000| Untracked |  0
|  88|0x0000000710200000, 0x0000000710200000, 0x0000000710400000|  0%| F|  |TAMS 0x0000000710200000| PB 0x0000000710200000| Untracked |  0
|  89|0x0000000710400000, 0x0000000710400000, 0x0000000710600000|  0%| F|  |TAMS 0x0000000710400000| PB 0x0000000710400000| Untracked |  0
|  90|0x0000000710600000, 0x0000000710600000, 0x0000000710800000|  0%| F|  |TAMS 0x0000000710600000| PB 0x0000000710600000| Untracked |  0
|  91|0x0000000710800000, 0x0000000710800000, 0x0000000710a00000|  0%| F|  |TAMS 0x0000000710800000| PB 0x0000000710800000| Untracked |  0
|  92|0x0000000710a00000, 0x0000000710a00000, 0x0000000710c00000|  0%| F|  |TAMS 0x0000000710a00000| PB 0x0000000710a00000| Untracked |  0
|  93|0x0000000710c00000, 0x0000000710c00000, 0x0000000710e00000|  0%| F|  |TAMS 0x0000000710c00000| PB 0x0000000710c00000| Untracked |  0
|  94|0x0000000710e00000, 0x0000000710e00000, 0x0000000711000000|  0%| F|  |TAMS 0x0000000710e00000| PB 0x0000000710e00000| Untracked |  0
|  95|0x0000000711000000, 0x0000000711000000, 0x0000000711200000|  0%| F|  |TAMS 0x0000000711000000| PB 0x0000000711000000| Untracked |  0
|  96|0x0000000711200000, 0x0000000711200000, 0x0000000711400000|  0%| F|  |TAMS 0x0000000711200000| PB 0x0000000711200000| Untracked |  0
|  97|0x0000000711400000, 0x0000000711400000, 0x0000000711600000|  0%| F|  |TAMS 0x0000000711400000| PB 0x0000000711400000| Untracked |  0
|  98|0x0000000711600000, 0x0000000711600000, 0x0000000711800000|  0%| F|  |TAMS 0x0000000711600000| PB 0x0000000711600000| Untracked |  0
|  99|0x0000000711800000, 0x0000000711800000, 0x0000000711a00000|  0%| F|  |TAMS 0x0000000711800000| PB 0x0000000711800000| Untracked |  0
| 100|0x0000000711a00000, 0x0000000711a00000, 0x0000000711c00000|  0%| F|  |TAMS 0x0000000711a00000| PB 0x0000000711a00000| Untracked |  0
| 101|0x0000000711c00000, 0x0000000711c00000, 0x0000000711e00000|  0%| F|  |TAMS 0x0000000711c00000| PB 0x0000000711c00000| Untracked |  0
| 102|0x0000000711e00000, 0x0000000711e00000, 0x0000000712000000|  0%| F|  |TAMS 0x0000000711e00000| PB 0x0000000711e00000| Untracked |  0
| 103|0x0000000712000000, 0x0000000712000000, 0x0000000712200000|  0%| F|  |TAMS 0x0000000712000000| PB 0x0000000712000000| Untracked |  0
| 104|0x0000000712200000, 0x0000000712200000, 0x0000000712400000|  0%| F|  |TAMS 0x0000000712200000| PB 0x0000000712200000| Untracked |  0
| 105|0x0000000712400000, 0x0000000712400000, 0x0000000712600000|  0%| F|  |TAMS 0x0000000712400000| PB 0x0000000712400000| Untracked |  0
| 106|0x0000000712600000, 0x0000000712600000, 0x0000000712800000|  0%| F|  |TAMS 0x0000000712600000| PB 0x0000000712600000| Untracked |  0
| 107|0x0000000712800000, 0x0000000712800000, 0x0000000712a00000|  0%| F|  |TAMS 0x0000000712800000| PB 0x0000000712800000| Untracked |  0
| 108|0x0000000712a00000, 0x0000000712a00000, 0x0000000712c00000|  0%| F|  |TAMS 0x0000000712a00000| PB 0x0000000712a00000| Untracked |  0
| 109|0x0000000712c00000, 0x0000000712c00000, 0x0000000712e00000|  0%| F|  |TAMS 0x0000000712c00000| PB 0x0000000712c00000| Untracked |  0
| 110|0x0000000712e00000, 0x0000000712e00000, 0x0000000713000000|  0%| F|  |TAMS 0x0000000712e00000| PB 0x0000000712e00000| Untracked |  0
| 111|0x0000000713000000, 0x0000000713000000, 0x0000000713200000|  0%| F|  |TAMS 0x0000000713000000| PB 0x0000000713000000| Untracked |  0
| 112|0x0000000713200000, 0x0000000713200000, 0x0000000713400000|  0%| F|  |TAMS 0x0000000713200000| PB 0x0000000713200000| Untracked |  0
| 113|0x0000000713400000, 0x0000000713400000, 0x0000000713600000|  0%| F|  |TAMS 0x0000000713400000| PB 0x0000000713400000| Untracked |  0
| 114|0x0000000713600000, 0x0000000713600000, 0x0000000713800000|  0%| F|  |TAMS 0x0000000713600000| PB 0x0000000713600000| Untracked |  0
| 115|0x0000000713800000, 0x0000000713800000, 0x0000000713a00000|  0%| F|  |TAMS 0x0000000713800000| PB 0x0000000713800000| Untracked |  0
| 116|0x0000000713a00000, 0x0000000713a00000, 0x0000000713c00000|  0%| F|  |TAMS 0x0000000713a00000| PB 0x0000000713a00000| Untracked |  0
| 117|0x0000000713c00000, 0x0000000713c00000, 0x0000000713e00000|  0%| F|  |TAMS 0x0000000713c00000| PB 0x0000000713c00000| Untracked |  0
| 118|0x0000000713e00000, 0x0000000713e00000, 0x0000000714000000|  0%| F|  |TAMS 0x0000000713e00000| PB 0x0000000713e00000| Untracked |  0
| 119|0x0000000714000000, 0x0000000714000000, 0x0000000714200000|  0%| F|  |TAMS 0x0000000714000000| PB 0x0000000714000000| Untracked |  0
| 120|0x0000000714200000, 0x0000000714200000, 0x0000000714400000|  0%| F|  |TAMS 0x0000000714200000| PB 0x0000000714200000| Untracked |  0
| 121|0x0000000714400000, 0x0000000714400000, 0x0000000714600000|  0%| F|  |TAMS 0x0000000714400000| PB 0x0000000714400000| Untracked |  0
| 122|0x0000000714600000, 0x0000000714600000, 0x0000000714800000|  0%| F|  |TAMS 0x0000000714600000| PB 0x0000000714600000| Untracked |  0
| 123|0x0000000714800000, 0x0000000714800000, 0x0000000714a00000|  0%| F|  |TAMS 0x0000000714800000| PB 0x0000000714800000| Untracked |  0
| 124|0x0000000714a00000, 0x0000000714a00000, 0x0000000714c00000|  0%| F|  |TAMS 0x0000000714a00000| PB 0x0000000714a00000| Untracked |  0
| 125|0x0000000714c00000, 0x0000000714c00000, 0x0000000714e00000|  0%| F|  |TAMS 0x0000000714c00000| PB 0x0000000714c00000| Untracked |  0
| 126|0x0000000714e00000, 0x0000000714e00000, 0x0000000715000000|  0%| F|  |TAMS 0x0000000714e00000| PB 0x0000000714e00000| Untracked |  0
| 127|0x0000000715000000, 0x0000000715000000, 0x0000000715200000|  0%| F|  |TAMS 0x0000000715000000| PB 0x0000000715000000| Untracked |  0
| 128|0x0000000715200000, 0x0000000715200000, 0x0000000715400000|  0%| F|  |TAMS 0x0000000715200000| PB 0x0000000715200000| Untracked |  0
| 129|0x0000000715400000, 0x0000000715400000, 0x0000000715600000|  0%| F|  |TAMS 0x0000000715400000| PB 0x0000000715400000| Untracked |  0
| 130|0x0000000715600000, 0x0000000715600000, 0x0000000715800000|  0%| F|  |TAMS 0x0000000715600000| PB 0x0000000715600000| Untracked |  0
| 131|0x0000000715800000, 0x0000000715800000, 0x0000000715a00000|  0%| F|  |TAMS 0x0000000715800000| PB 0x0000000715800000| Untracked |  0
| 132|0x0000000715a00000, 0x0000000715bc4870, 0x0000000715c00000| 88%| S|CS|TAMS 0x0000000715a00000| PB 0x0000000715a00000| Complete |  0
| 133|0x0000000715c00000, 0x0000000715c00000, 0x0000000715e00000|  0%| F|  |TAMS 0x0000000715c00000| PB 0x0000000715c00000| Untracked |  0
| 134|0x0000000715e00000, 0x0000000715e00000, 0x0000000716000000|  0%| F|  |TAMS 0x0000000715e00000| PB 0x0000000715e00000| Untracked |  0
| 135|0x0000000716000000, 0x0000000716000000, 0x0000000716200000|  0%| F|  |TAMS 0x0000000716000000| PB 0x0000000716000000| Untracked |  0
| 136|0x0000000716200000, 0x0000000716200000, 0x0000000716400000|  0%| F|  |TAMS 0x0000000716200000| PB 0x0000000716200000| Untracked |  0
| 137|0x0000000716400000, 0x0000000716400000, 0x0000000716600000|  0%| F|  |TAMS 0x0000000716400000| PB 0x0000000716400000| Untracked |  0
| 138|0x0000000716600000, 0x0000000716600000, 0x0000000716800000|  0%| F|  |TAMS 0x0000000716600000| PB 0x0000000716600000| Untracked |  0
| 139|0x0000000716800000, 0x0000000716800000, 0x0000000716a00000|  0%| F|  |TAMS 0x0000000716800000| PB 0x0000000716800000| Untracked |  0
| 140|0x0000000716a00000, 0x0000000716a00000, 0x0000000716c00000|  0%| F|  |TAMS 0x0000000716a00000| PB 0x0000000716a00000| Untracked |  0
| 141|0x0000000716c00000, 0x0000000716c00000, 0x0000000716e00000|  0%| F|  |TAMS 0x0000000716c00000| PB 0x0000000716c00000| Untracked |  0
| 142|0x0000000716e00000, 0x0000000716e00000, 0x0000000717000000|  0%| F|  |TAMS 0x0000000716e00000| PB 0x0000000716e00000| Untracked |  0
| 143|0x0000000717000000, 0x0000000717000000, 0x0000000717200000|  0%| F|  |TAMS 0x0000000717000000| PB 0x0000000717000000| Untracked |  0
| 144|0x0000000717200000, 0x0000000717200000, 0x0000000717400000|  0%| F|  |TAMS 0x0000000717200000| PB 0x0000000717200000| Untracked |  0
| 145|0x0000000717400000, 0x0000000717400000, 0x0000000717600000|  0%| F|  |TAMS 0x0000000717400000| PB 0x0000000717400000| Untracked |  0
| 146|0x0000000717600000, 0x0000000717800000, 0x0000000717800000|100%| E|  |TAMS 0x0000000717600000| PB 0x0000000717600000| Complete |  1
| 147|0x0000000717800000, 0x0000000717a00000, 0x0000000717a00000|100%| E|CS|TAMS 0x0000000717800000| PB 0x0000000717800000| Complete |  0
| 148|0x0000000717a00000, 0x0000000717c00000, 0x0000000717c00000|100%| E|CS|TAMS 0x0000000717a00000| PB 0x0000000717a00000| Complete |  0
| 149|0x0000000717c00000, 0x0000000717e00000, 0x0000000717e00000|100%| E|CS|TAMS 0x0000000717c00000| PB 0x0000000717c00000| Complete |  0
| 150|0x0000000717e00000, 0x0000000718000000, 0x0000000718000000|100%| E|CS|TAMS 0x0000000717e00000| PB 0x0000000717e00000| Complete |  0
| 151|0x0000000718000000, 0x0000000718200000, 0x0000000718200000|100%| E|  |TAMS 0x0000000718000000| PB 0x0000000718000000| Complete |  0

Card table byte_map: [0x000001f6f4f30000,0x000001f6f5710000] _byte_map_base: 0x000001f6f1707000

Marking Bits: (CMBitMap*) 0x000001f6eb9db910
 Bits: [0x000001f6f5710000, 0x000001f6f95c8000)

Polling page: 0x000001f6e9580000

Metaspace:

Usage:
  Non-class:     15.96 MB used.
      Class:      2.57 MB used.
       Both:     18.53 MB used.

Virtual space:
  Non-class space:       64.00 MB reserved,      16.12 MB ( 25%) committed,  1 nodes.
      Class space:        1.00 GB reserved,       2.69 MB ( <1%) committed,  1 nodes.
             Both:        1.06 GB reserved,      18.81 MB (  2%) committed. 

Chunk freelists:
   Non-Class:  15.64 MB
       Class:  13.19 MB
        Both:  28.83 MB

MaxMetaspaceSize: unlimited
CompressedClassSpaceSize: 1.00 GB
Initial GC threshold: 21.00 MB
Current GC threshold: 21.00 MB
CDS: on
 - commit_granule_bytes: 65536.
 - commit_granule_words: 8192.
 - virtual_space_node_default_size: 8388608.
 - enlarge_chunks_in_place: 1.
 - use_allocation_guard: 0.


Internal statistics:

num_allocs_failed_limit: 0.
num_arena_births: 348.
num_arena_deaths: 0.
num_vsnodes_births: 2.
num_vsnodes_deaths: 0.
num_space_committed: 301.
num_space_uncommitted: 0.
num_chunks_returned_to_freelist: 0.
num_chunks_taken_from_freelist: 885.
num_chunk_merges: 0.
num_chunk_splits: 616.
num_chunks_enlarged: 452.
num_inconsistent_stats: 0.

CodeHeap 'non-profiled nmethods': size=119168Kb used=1558Kb max_used=1558Kb free=117610Kb
 bounds [0x000001f687ba0000, 0x000001f687e10000, 0x000001f68f000000]
CodeHeap 'profiled nmethods': size=119104Kb used=6937Kb max_used=6937Kb free=112166Kb
 bounds [0x000001f680000000, 0x000001f6806d0000, 0x000001f687450000]
CodeHeap 'non-nmethods': size=7488Kb used=3086Kb max_used=3655Kb free=4401Kb
 bounds [0x000001f687450000, 0x000001f687830000, 0x000001f687ba0000]
 total_blobs=4635 nmethods=3690 adapters=846
 compilation: enabled
              stopped_count=0, restarted_count=0
 full_count=0

Compilation events (20 events):
Event: 38.229 Thread 0x000001f6d4121a00 nmethod 3679 0x000001f6806c2090 code [0x000001f6806c2260, 0x000001f6806c2698]
Event: 38.229 Thread 0x000001f6d4121a00 3681       3       com.sun.prism.Image$BaseAccessor::isWritable (13 bytes)
Event: 38.229 Thread 0x000001f6d4121a00 nmethod 3681 0x000001f6806c2810 code [0x000001f6806c29a0, 0x000001f6806c2b08]
Event: 38.229 Thread 0x000001f6d4120590 3682       3       com.sun.prism.Image::setPixels (25 bytes)
Event: 38.229 Thread 0x000001f6d411f7f0 nmethod 3680 0x000001f6806c2b90 code [0x000001f6806c2d60, 0x000001f6806c31b0]
Event: 38.229 Thread 0x000001f6d4121a00 3683       3       com.sun.javafx.image.PixelUtils::getIntGetter (58 bytes)
Event: 38.229 Thread 0x000001f6d411f7f0 3684       3       controller.PreviewController$$Lambda/0x000001f690287000::<init> (15 bytes)
Event: 38.229 Thread 0x000001f6d411f7f0 nmethod 3684 0x000001f6806c3390 code [0x000001f6806c3540, 0x000001f6806c3770]
Event: 38.229 Thread 0x000001f6d411f7f0 3685       3       java.lang.Thread::sleep (29 bytes)
Event: 38.229 Thread 0x000001f6d4121a00 nmethod 3683 0x000001f6806c3810 code [0x000001f6806c39c0, 0x000001f6806c3cb0]
Event: 38.229 Thread 0x000001f6d4120590 nmethod 3682 0x000001f6806c3e10 code [0x000001f6806c3fe0, 0x000001f6806c44c8]
Event: 38.229 Thread 0x000001f6d4120590 3686   !   3       java.lang.Thread::sleepNanos (53 bytes)
Event: 38.229 Thread 0x000001f6d411f7f0 nmethod 3685 0x000001f6806c4710 code [0x000001f6806c48e0, 0x000001f6806c4b50]
Event: 38.229 Thread 0x000001f6d411f7f0 3687   !   3       java.lang.Thread::beforeSleep (33 bytes)
Event: 38.229 Thread 0x000001f6d411f7f0 nmethod 3687 0x000001f6806c4c90 code [0x000001f6806c4e40, 0x000001f6806c5008]
Event: 38.229 Thread 0x000001f6d411f7f0 3688       3       jdk.internal.event.ThreadSleepEvent::isTurnedOn (7 bytes)
Event: 38.229 Thread 0x000001f6d411f7f0 nmethod 3688 0x000001f6806c5110 code [0x000001f6806c52a0, 0x000001f6806c53f0]
Event: 38.229 Thread 0x000001f6d4120590 nmethod 3686 0x000001f6806c5490 code [0x000001f6806c56a0, 0x000001f6806c5d80]
Event: 38.281 Thread 0x000001f6d4120590 3690       3       com.sun.javafx.image.PixelUtils::getByteSetter (58 bytes)
Event: 38.282 Thread 0x000001f6d4120590 nmethod 3690 0x000001f6806c6010 code [0x000001f6806c61c0, 0x000001f6806c64c0]

GC Heap History (20 events):
Event: 27.256 GC heap before
{Heap before GC invocations=19 (full 0):
 garbage-first heap   total reserved 4110336K, committed 311296K, used 177546K [0x0000000705200000, 0x0000000800000000)
  region size 2048K, 22 young (45056K), 2 survivors (4096K)
 Metaspace       used 18904K, committed 19200K, reserved 1114112K
  class space    used 2635K, committed 2752K, reserved 1048576K
}
Event: 27.259 GC heap after
{Heap after GC invocations=20 (full 0):
 garbage-first heap   total reserved 4110336K, committed 311296K, used 63155K [0x0000000705200000, 0x0000000800000000)
  region size 2048K, 1 young (2048K), 1 survivors (2048K)
 Metaspace       used 18904K, committed 19200K, reserved 1114112K
  class space    used 2635K, committed 2752K, reserved 1048576K
}
Event: 28.457 GC heap before
{Heap before GC invocations=20 (full 0):
 garbage-first heap   total reserved 4110336K, committed 311296K, used 173747K [0x0000000705200000, 0x0000000800000000)
  region size 2048K, 20 young (40960K), 1 survivors (2048K)
 Metaspace       used 18904K, committed 19200K, reserved 1114112K
  class space    used 2635K, committed 2752K, reserved 1048576K
}
Event: 28.460 GC heap after
{Heap after GC invocations=21 (full 0):
 garbage-first heap   total reserved 4110336K, committed 311296K, used 63176K [0x0000000705200000, 0x0000000800000000)
  region size 2048K, 1 young (2048K), 1 survivors (2048K)
 Metaspace       used 18904K, committed 19200K, reserved 1114112K
  class space    used 2635K, committed 2752K, reserved 1048576K
}
Event: 29.703 GC heap before
{Heap before GC invocations=21 (full 0):
 garbage-first heap   total reserved 4110336K, committed 311296K, used 175816K [0x0000000705200000, 0x0000000800000000)
  region size 2048K, 21 young (43008K), 1 survivors (2048K)
 Metaspace       used 18907K, committed 19200K, reserved 1114112K
  class space    used 2635K, committed 2752K, reserved 1048576K
}
Event: 29.706 GC heap after
{Heap after GC invocations=22 (full 0):
 garbage-first heap   total reserved 4110336K, committed 311296K, used 64058K [0x0000000705200000, 0x0000000800000000)
  region size 2048K, 2 young (4096K), 2 survivors (4096K)
 Metaspace       used 18907K, committed 19200K, reserved 1114112K
  class space    used 2635K, committed 2752K, reserved 1048576K
}
Event: 30.891 GC heap before
{Heap before GC invocations=22 (full 0):
 garbage-first heap   total reserved 4110336K, committed 311296K, used 176698K [0x0000000705200000, 0x0000000800000000)
  region size 2048K, 22 young (45056K), 2 survivors (4096K)
 Metaspace       used 18932K, committed 19200K, reserved 1114112K
  class space    used 2635K, committed 2752K, reserved 1048576K
}
Event: 30.895 GC heap after
{Heap after GC invocations=23 (full 0):
 garbage-first heap   total reserved 4110336K, committed 311296K, used 63162K [0x0000000705200000, 0x0000000800000000)
  region size 2048K, 1 young (2048K), 1 survivors (2048K)
 Metaspace       used 18932K, committed 19200K, reserved 1114112K
  class space    used 2635K, committed 2752K, reserved 1048576K
}
Event: 32.152 GC heap before
{Heap before GC invocations=23 (full 0):
 garbage-first heap   total reserved 4110336K, committed 311296K, used 175802K [0x0000000705200000, 0x0000000800000000)
  region size 2048K, 21 young (43008K), 1 survivors (2048K)
 Metaspace       used 18932K, committed 19200K, reserved 1114112K
  class space    used 2635K, committed 2752K, reserved 1048576K
}
Event: 32.154 GC heap after
{Heap after GC invocations=24 (full 0):
 garbage-first heap   total reserved 4110336K, committed 311296K, used 63167K [0x0000000705200000, 0x0000000800000000)
  region size 2048K, 1 young (2048K), 1 survivors (2048K)
 Metaspace       used 18932K, committed 19200K, reserved 1114112K
  class space    used 2635K, committed 2752K, reserved 1048576K
}
Event: 33.337 GC heap before
{Heap before GC invocations=24 (full 0):
 garbage-first heap   total reserved 4110336K, committed 311296K, used 173759K [0x0000000705200000, 0x0000000800000000)
  region size 2048K, 20 young (40960K), 1 survivors (2048K)
 Metaspace       used 18932K, committed 19200K, reserved 1114112K
  class space    used 2635K, committed 2752K, reserved 1048576K
}
Event: 33.339 GC heap after
{Heap after GC invocations=25 (full 0):
 garbage-first heap   total reserved 4110336K, committed 311296K, used 65190K [0x0000000705200000, 0x0000000800000000)
  region size 2048K, 2 young (4096K), 2 survivors (4096K)
 Metaspace       used 18932K, committed 19200K, reserved 1114112K
  class space    used 2635K, committed 2752K, reserved 1048576K
}
Event: 34.582 GC heap before
{Heap before GC invocations=25 (full 0):
 garbage-first heap   total reserved 4110336K, committed 311296K, used 177830K [0x0000000705200000, 0x0000000800000000)
  region size 2048K, 22 young (45056K), 2 survivors (4096K)
 Metaspace       used 18932K, committed 19200K, reserved 1114112K
  class space    used 2635K, committed 2752K, reserved 1048576K
}
Event: 34.584 GC heap after
{Heap after GC invocations=26 (full 0):
 garbage-first heap   total reserved 4110336K, committed 311296K, used 63166K [0x0000000705200000, 0x0000000800000000)
  region size 2048K, 1 young (2048K), 1 survivors (2048K)
 Metaspace       used 18932K, committed 19200K, reserved 1114112K
  class space    used 2635K, committed 2752K, reserved 1048576K
}
Event: 35.783 GC heap before
{Heap before GC invocations=26 (full 0):
 garbage-first heap   total reserved 4110336K, committed 311296K, used 173758K [0x0000000705200000, 0x0000000800000000)
  region size 2048K, 20 young (40960K), 1 survivors (2048K)
 Metaspace       used 18932K, committed 19200K, reserved 1114112K
  class space    used 2635K, committed 2752K, reserved 1048576K
}
Event: 35.785 GC heap after
{Heap after GC invocations=27 (full 0):
 garbage-first heap   total reserved 4110336K, committed 311296K, used 65210K [0x0000000705200000, 0x0000000800000000)
  region size 2048K, 2 young (4096K), 2 survivors (4096K)
 Metaspace       used 18932K, committed 19200K, reserved 1114112K
  class space    used 2635K, committed 2752K, reserved 1048576K
}
Event: 37.031 GC heap before
{Heap before GC invocations=27 (full 0):
 garbage-first heap   total reserved 4110336K, committed 311296K, used 177850K [0x0000000705200000, 0x0000000800000000)
  region size 2048K, 22 young (45056K), 2 survivors (4096K)
 Metaspace       used 18932K, committed 19200K, reserved 1114112K
  class space    used 2635K, committed 2752K, reserved 1048576K
}
Event: 37.033 GC heap after
{Heap after GC invocations=28 (full 0):
 garbage-first heap   total reserved 4110336K, committed 311296K, used 63172K [0x0000000705200000, 0x0000000800000000)
  region size 2048K, 1 young (2048K), 1 survivors (2048K)
 Metaspace       used 18932K, committed 19200K, reserved 1114112K
  class space    used 2635K, committed 2752K, reserved 1048576K
}
Event: 38.226 GC heap before
{Heap before GC invocations=28 (full 0):
 garbage-first heap   total reserved 4110336K, committed 311296K, used 173764K [0x0000000705200000, 0x0000000800000000)
  region size 2048K, 20 young (40960K), 1 survivors (2048K)
 Metaspace       used 18970K, committed 19264K, reserved 1114112K
  class space    used 2635K, committed 2752K, reserved 1048576K
}
Event: 38.227 GC heap after
{Heap after GC invocations=29 (full 0):
 garbage-first heap   total reserved 4110336K, committed 311296K, used 64076K [0x0000000705200000, 0x0000000800000000)
  region size 2048K, 1 young (2048K), 1 survivors (2048K)
 Metaspace       used 18970K, committed 19264K, reserved 1114112K
  class space    used 2635K, committed 2752K, reserved 1048576K
}

Dll operation events (20 events):
Event: 0.205 Loaded shared library D:\openCV\openjfx-23.0.1_windows-x64_bin-sdk\javafx-sdk-23.0.1\bin\api-ms-win-crt-multibyte-l1-1-0.dll
Event: 0.205 Loaded shared library D:\openCV\openjfx-23.0.1_windows-x64_bin-sdk\javafx-sdk-23.0.1\bin\api-ms-win-crt-private-l1-1-0.dll
Event: 0.206 Loaded shared library D:\openCV\openjfx-23.0.1_windows-x64_bin-sdk\javafx-sdk-23.0.1\bin\api-ms-win-crt-process-l1-1-0.dll
Event: 0.207 Loaded shared library D:\openCV\openjfx-23.0.1_windows-x64_bin-sdk\javafx-sdk-23.0.1\bin\api-ms-win-crt-runtime-l1-1-0.dll
Event: 0.207 Loaded shared library D:\openCV\openjfx-23.0.1_windows-x64_bin-sdk\javafx-sdk-23.0.1\bin\api-ms-win-crt-stdio-l1-1-0.dll
Event: 0.208 Loaded shared library D:\openCV\openjfx-23.0.1_windows-x64_bin-sdk\javafx-sdk-23.0.1\bin\api-ms-win-crt-string-l1-1-0.dll
Event: 0.208 Loaded shared library D:\openCV\openjfx-23.0.1_windows-x64_bin-sdk\javafx-sdk-23.0.1\bin\api-ms-win-crt-time-l1-1-0.dll
Event: 0.209 Loaded shared library D:\openCV\openjfx-23.0.1_windows-x64_bin-sdk\javafx-sdk-23.0.1\bin\api-ms-win-crt-utility-l1-1-0.dll
Event: 0.210 Loaded shared library D:\openCV\openjfx-23.0.1_windows-x64_bin-sdk\javafx-sdk-23.0.1\bin\ucrtbase.dll
Event: 0.210 Loaded shared library D:\openCV\openjfx-23.0.1_windows-x64_bin-sdk\javafx-sdk-23.0.1\bin\vcruntime140.dll
Event: 0.211 Loaded shared library D:\openCV\openjfx-23.0.1_windows-x64_bin-sdk\javafx-sdk-23.0.1\bin\vcruntime140_1.dll
Event: 0.212 Loaded shared library D:\openCV\openjfx-23.0.1_windows-x64_bin-sdk\javafx-sdk-23.0.1\bin\msvcp140.dll
Event: 0.212 Loaded shared library D:\openCV\openjfx-23.0.1_windows-x64_bin-sdk\javafx-sdk-23.0.1\bin\msvcp140_1.dll
Event: 0.213 Loaded shared library D:\openCV\openjfx-23.0.1_windows-x64_bin-sdk\javafx-sdk-23.0.1\bin\msvcp140_2.dll
Event: 0.240 Loaded shared library D:\openCV\openjfx-23.0.1_windows-x64_bin-sdk\javafx-sdk-23.0.1\bin\prism_d3d.dll
Event: 0.302 Loaded shared library D:\openCV\openjfx-23.0.1_windows-x64_bin-sdk\javafx-sdk-23.0.1\bin\glass.dll
Event: 0.386 Loaded shared library C:\Users\adeli\.jdks\openjdk-22.0.2\bin\jimage.dll
Event: 0.835 Loaded shared library D:\openCV\opencv\build\java\x64\opencv_java4100.dll
Event: 0.919 Loaded shared library D:\openCV\openjfx-23.0.1_windows-x64_bin-sdk\javafx-sdk-23.0.1\bin\javafx_font.dll
Event: 2.726 Loaded shared library C:\Users\adeli\.jdks\openjdk-22.0.2\bin\awt.dll

Deoptimization events (20 events):
Event: 2.854 Thread 0x000001f6def1d1a0 Uncommon trap: trap_request=0xffffff45 fr.pc=0x000001f687cba7e8 relative=0x00000000000012a8
Event: 2.854 Thread 0x000001f6def1d1a0 Uncommon trap: reason=unstable_if action=reinterpret pc=0x000001f687cba7e8 method=com.sun.javafx.image.impl.IntTo4ByteSameConverter.doConvert([III[BIIII)V @ 29 c2
Event: 2.854 Thread 0x000001f6def1d1a0 DEOPT PACKING pc=0x000001f687cba7e8 sp=0x000000a41a8feeb0
Event: 2.854 Thread 0x000001f6def1d1a0 DEOPT UNPACKING pc=0x000001f6874a46a2 sp=0x000000a41a8ff018 mode 2
Event: 2.911 Thread 0x000001f6def1ff90 Uncommon trap: trap_request=0xffffff6e fr.pc=0x000001f687cc2d84 relative=0x0000000000000f44
Event: 2.911 Thread 0x000001f6def1ff90 Uncommon trap: reason=loop_limit_check action=maybe_recompile pc=0x000001f687cc2d84 method=com.sun.javafx.image.impl.IntTo4ByteSameConverter.doConvert([III[BIIII)V @ 19 c2
Event: 2.911 Thread 0x000001f6def1ff90 DEOPT PACKING pc=0x000001f687cc2d84 sp=0x000000a41a5ff0f0
Event: 2.911 Thread 0x000001f6def1ff90 DEOPT UNPACKING pc=0x000001f6874a46a2 sp=0x000000a41a5ff170 mode 2
Event: 2.975 Thread 0x000001f6def1ff90 DEOPT PACKING pc=0x000001f6804580fa sp=0x000000a41a5ff1c0
Event: 2.975 Thread 0x000001f6def1ff90 DEOPT UNPACKING pc=0x000001f6874a4e42 sp=0x000000a41a5fe668 mode 0
Event: 2.975 Thread 0x000001f6def1d1a0 DEOPT PACKING pc=0x000001f6804580fa sp=0x000000a41a8ff070
Event: 2.975 Thread 0x000001f6def1d1a0 DEOPT UNPACKING pc=0x000001f6874a4e42 sp=0x000000a41a8fe518 mode 0
Event: 6.101 Thread 0x000001f6d5671460 Uncommon trap: trap_request=0xffffff45 fr.pc=0x000001f687ce3de8 relative=0x0000000000000068
Event: 6.101 Thread 0x000001f6d5671460 Uncommon trap: reason=unstable_if action=reinterpret pc=0x000001f687ce3de8 method=javafx.scene.Node.updateLocalToParentTransform()V @ 4 c2
Event: 6.101 Thread 0x000001f6d5671460 DEOPT PACKING pc=0x000001f687ce3de8 sp=0x000000a418dfbf40
Event: 6.101 Thread 0x000001f6d5671460 DEOPT UNPACKING pc=0x000001f6874a46a2 sp=0x000000a418dfbe98 mode 2
Event: 6.103 Thread 0x000001f6d5671460 DEOPT PACKING pc=0x000001f680269da5 sp=0x000000a418dfa450
Event: 6.103 Thread 0x000001f6d5671460 DEOPT UNPACKING pc=0x000001f6874a4e42 sp=0x000000a418df98a0 mode 0
Event: 11.253 Thread 0x000001f6d4c49bc0 DEOPT PACKING pc=0x000001f6805c3b94 sp=0x000000a4191fdf70
Event: 11.253 Thread 0x000001f6d4c49bc0 DEOPT UNPACKING pc=0x000001f6874a4e42 sp=0x000000a4191fd3d8 mode 0

Classes loaded (20 events):
Event: 2.763 Loading class sun/java2d/loops/Blit$GeneralMaskBlit
Event: 2.764 Loading class sun/java2d/loops/Blit$GeneralMaskBlit done
Event: 2.764 Loading class sun/awt/image/BufferedImageGraphicsConfig
Event: 2.764 Loading class java/awt/GraphicsConfiguration
Event: 2.764 Loading class java/awt/GraphicsConfiguration done
Event: 2.764 Loading class sun/awt/image/BufferedImageGraphicsConfig done
Event: 2.764 Loading class sun/awt/image/BufferedImageDevice
Event: 2.764 Loading class java/awt/GraphicsDevice
Event: 2.764 Loading class java/awt/GraphicsDevice done
Event: 2.764 Loading class sun/awt/image/BufferedImageDevice done
Event: 2.764 Loading class java/awt/image/MultiResolutionImage
Event: 2.764 Loading class java/awt/image/MultiResolutionImage done
Event: 2.764 Loading class sun/awt/image/ToolkitImage
Event: 2.765 Loading class sun/awt/image/ToolkitImage done
Event: 2.772 Loading class jdk/internal/event/ThreadSleepEvent
Event: 2.772 Loading class jdk/internal/event/ThreadSleepEvent done
Event: 5.992 Loading class java/io/UnsupportedEncodingException
Event: 5.992 Loading class java/io/UnsupportedEncodingException done
Event: 38.589 Loading class jdk/internal/misc/Signal$1
Event: 38.589 Loading class jdk/internal/misc/Signal$1 done

Classes unloaded (0 events):
No events

Classes redefined (0 events):
No events

Internal exceptions (20 events):
Event: 1.744 Thread 0x000001f6d5671460 Implicit null exception at 0x000001f687bf318d to 0x000001f687bf3bd8
Event: 1.761 Thread 0x000001f6d5671460 Implicit null exception at 0x000001f687c7b522 to 0x000001f687c7b75c
Event: 1.763 Thread 0x000001f6d5671460 Implicit null exception at 0x000001f687c7aa9d to 0x000001f687c7acd0
Event: 1.765 Thread 0x000001f6d5671460 Implicit null exception at 0x000001f687bbddbd to 0x000001f687bbde3d
Event: 1.817 Thread 0x000001f6d5671460 Exception <a 'java/lang/NoSuchMethodError'{0x0000000711fc4df0}: 'java.lang.Object java.lang.invoke.DirectMethodHandle$Holder.invokeInterface(java.lang.Object, java.lang.Object, java.lang.Object)'> (0x0000000711fc4df0) 
thrown [s\open\src\hotspot\share\interpreter\linkResolver.cpp, line 774]
Event: 1.817 Thread 0x000001f6d5671460 Exception <a 'java/lang/IncompatibleClassChangeError'{0x0000000711fc84a8}: Found class java.lang.Object, but interface was expected> (0x0000000711fc84a8) 
thrown [s\open\src\hotspot\share\interpreter\linkResolver.cpp, line 841]
Event: 1.853 Thread 0x000001f6d5671460 Exception <a 'java/lang/ClassNotFoundException'{0x0000000714b9be88}: com/sun/javafx/scene/control/skin/resources/controls> (0x0000000714b9be88) 
thrown [s\open\src\hotspot\share\prims\jni.cpp, line 539]
Event: 1.854 Thread 0x000001f6d5671460 Exception <a 'java/lang/ClassNotFoundException'{0x0000000714baa068}: com/sun/javafx/scene/control/skin/resources/controls_en> (0x0000000714baa068) 
thrown [s\open\src\hotspot\share\prims\jni.cpp, line 539]
Event: 1.854 Thread 0x000001f6d5671460 Exception <a 'java/lang/ClassNotFoundException'{0x0000000714bab378}: com/sun/javafx/scene/control/skin/resources/controls_en_US> (0x0000000714bab378) 
thrown [s\open\src\hotspot\share\prims\jni.cpp, line 539]
Event: 1.873 Thread 0x000001f6d5671460 Exception <a 'java/lang/NoSuchMethodError'{0x0000000714944260}: 'void java.lang.invoke.DirectMethodHandle$Holder.invokeSpecial(java.lang.Object, java.lang.Object, java.lang.Object, java.lang.Object, java.lang.Object, java.lang.Object)'> (0x0000000714944260) 
thrown [s\open\src\hotspot\share\interpreter\linkResolver.cpp, line 774]
Event: 1.906 Thread 0x000001f6d5671460 Exception <a 'java/lang/NoSuchMethodError'{0x000000071454b368}: 'int java.lang.invoke.DirectMethodHandle$Holder.invokeSpecial(java.lang.Object, java.lang.Object, int)'> (0x000000071454b368) 
thrown [s\open\src\hotspot\share\interpreter\linkResolver.cpp, line 774]
Event: 1.913 Thread 0x000001f6d5671460 Exception <a 'java/lang/NoSuchMethodError'{0x00000007145ab800}: 'java.lang.Object java.lang.invoke.DirectMethodHandle$Holder.newInvokeSpecial(java.lang.Object, java.lang.Object, int)'> (0x00000007145ab800) 
thrown [s\open\src\hotspot\share\interpreter\linkResolver.cpp, line 774]
Event: 2.525 Thread 0x000001f6d4c49bc0 Exception <a 'java/lang/NoSuchMethodError'{0x00000007143957b8}: 'int java.lang.invoke.DirectMethodHandle$Holder.invokeStaticInit(java.lang.Object, java.lang.Object)'> (0x00000007143957b8) 
thrown [s\open\src\hotspot\share\interpreter\linkResolver.cpp, line 774]
Event: 2.735 Thread 0x000001f6def1d1a0 Exception <a 'java/lang/ClassNotFoundException'{0x0000000713de3ae8}: sun/awt/resources/spi/awtProvider> (0x0000000713de3ae8) 
thrown [s\open\src\hotspot\share\classfile\systemDictionary.cpp, line 313]
Event: 2.738 Thread 0x000001f6def1d1a0 Exception <a 'java/io/FileNotFoundException'{0x0000000713de7ba0}> (0x0000000713de7ba0) 
thrown [s\open\src\hotspot\share\prims\jni.cpp, line 520]
Event: 2.738 Thread 0x000001f6def1d1a0 Exception <a 'java/io/FileNotFoundException'{0x0000000713de9298}> (0x0000000713de9298) 
thrown [s\open\src\hotspot\share\prims\jni.cpp, line 520]
Event: 5.997 Thread 0x000001f6d5671460 Exception <a 'java/lang/NoSuchMethodError'{0x0000000714b43788}: 'long java.lang.invoke.DirectMethodHandle$Holder.invokeStatic(java.lang.Object, java.lang.Object, java.lang.Object)'> (0x0000000714b43788) 
thrown [s\open\src\hotspot\share\interpreter\linkResolver.cpp, line 774]
Event: 5.998 Thread 0x000001f6d5671460 Exception <a 'java/lang/NoSuchMethodError'{0x0000000714b46b58}: 'long java.lang.invoke.DirectMethodHandle$Holder.invokeStaticInit(java.lang.Object, java.lang.Object, java.lang.Object)'> (0x0000000714b46b58) 
thrown [s\open\src\hotspot\share\interpreter\linkResolver.cpp, line 774]
Event: 6.000 Thread 0x000001f6d5671460 Exception <a 'java/lang/NoSuchMethodError'{0x0000000714b5b250}: 'java.lang.Object java.lang.invoke.DirectMethodHandle$Holder.newInvokeSpecial(java.lang.Object, java.lang.Object, long)'> (0x0000000714b5b250) 
thrown [s\open\src\hotspot\share\interpreter\linkResolver.cpp, line 774]
Event: 6.000 Thread 0x000001f6d5671460 Exception <a 'java/lang/NoSuchMethodError'{0x0000000714b5eb58}: 'java.lang.Object java.lang.invoke.Invokers$Holder.linkToTargetMethod(java.lang.Object, long, java.lang.Object)'> (0x0000000714b5eb58) 
thrown [s\open\src\hotspot\share\interpreter\linkResolver.cpp, line 774]

ZGC Phase Switch (0 events):
No events

VM Operations (20 events):
Event: 27.259 Executing VM operation: G1TryInitiateConcMark (G1 Humongous Allocation) done
Event: 28.457 Executing VM operation: G1TryInitiateConcMark (G1 Humongous Allocation)
Event: 28.460 Executing VM operation: G1TryInitiateConcMark (G1 Humongous Allocation) done
Event: 29.703 Executing VM operation: G1TryInitiateConcMark (G1 Humongous Allocation)
Event: 29.706 Executing VM operation: G1TryInitiateConcMark (G1 Humongous Allocation) done
Event: 30.891 Executing VM operation: G1TryInitiateConcMark (G1 Humongous Allocation)
Event: 30.895 Executing VM operation: G1TryInitiateConcMark (G1 Humongous Allocation) done
Event: 32.152 Executing VM operation: G1TryInitiateConcMark (G1 Humongous Allocation)
Event: 32.154 Executing VM operation: G1TryInitiateConcMark (G1 Humongous Allocation) done
Event: 33.337 Executing VM operation: G1TryInitiateConcMark (G1 Humongous Allocation)
Event: 33.339 Executing VM operation: G1TryInitiateConcMark (G1 Humongous Allocation) done
Event: 34.582 Executing VM operation: G1TryInitiateConcMark (G1 Humongous Allocation)
Event: 34.584 Executing VM operation: G1TryInitiateConcMark (G1 Humongous Allocation) done
Event: 35.783 Executing VM operation: G1TryInitiateConcMark (G1 Humongous Allocation)
Event: 35.785 Executing VM operation: G1TryInitiateConcMark (G1 Humongous Allocation) done
Event: 37.031 Executing VM operation: G1TryInitiateConcMark (G1 Humongous Allocation)
Event: 37.033 Executing VM operation: G1TryInitiateConcMark (G1 Humongous Allocation) done
Event: 38.226 Executing VM operation: G1TryInitiateConcMark (G1 Humongous Allocation)
Event: 38.227 Executing VM operation: G1TryInitiateConcMark (G1 Humongous Allocation) done
Event: 38.591 Executing VM operation: Exit

Memory protections (0 events):
No events

Nmethod flushes (0 events):
No events

Events (20 events):
Event: 12.887 Thread 0x000001f6d4120590 Thread added: 0x000001f6d41220d0
Event: 15.478 Thread 0x000001f6d52342c0 Thread exited: 0x000001f6d52342c0
Event: 15.478 Thread 0x000001f6eb977fb0 Thread exited: 0x000001f6eb977fb0
Event: 15.478 Thread 0x000001f6d5671460 Thread exited: 0x000001f6d5671460
Event: 15.478 Thread 0x000001f6def1f900 Thread added: 0x000001f6def1f900
Event: 15.520 Thread 0x000001f6d4c49bc0 Thread exited: 0x000001f6d4c49bc0
Event: 15.827 Thread 0x000001f6d41220d0 Thread exited: 0x000001f6d41220d0
Event: 16.630 Thread 0x000001f6d411ea50 Thread exited: 0x000001f6d411ea50
Event: 17.097 Thread 0x000001f6d4120590 Thread added: 0x000001f6d411ea50
Event: 17.097 Thread 0x000001f6d4120590 Thread added: 0x000001f6d411f120
Event: 25.546 Thread 0x000001f6d411f120 Thread exited: 0x000001f6d411f120
Event: 29.512 Thread 0x000001f6d411ea50 Thread exited: 0x000001f6d411ea50
Event: 29.772 Thread 0x000001f6d4120590 Thread added: 0x000001f6d411f7f0
Event: 29.772 Thread 0x000001f6d4120590 Thread added: 0x000001f6d4121a00
Event: 29.773 Thread 0x000001f6d4120590 Thread added: 0x000001f6d4121330
Event: 34.834 Thread 0x000001f6d4121330 Thread exited: 0x000001f6d4121330
Event: 38.589 Thread 0x000001f6fbd19b40 Thread added: 0x000001f6def1e550
Event: 38.590 Thread 0x000001f6def1e550 Thread added: 0x000001f6def1ff90
Event: 38.591 Thread 0x000001f6def1ff90 Thread exited: 0x000001f6def1ff90
Event: 38.591 Thread 0x000001f6def1e550 Before exit entered


Dynamic libraries:
0x00007ff7a3540000 - 0x00007ff7a354e000 	C:\Users\adeli\.jdks\openjdk-22.0.2\bin\java.exe
0x00007fff79550000 - 0x00007fff79767000 	C:\WINDOWS\SYSTEM32\ntdll.dll
0x00007fff77700000 - 0x00007fff777c4000 	C:\WINDOWS\System32\KERNEL32.DLL
0x00007fff76e50000 - 0x00007fff77207000 	C:\WINDOWS\System32\KERNELBASE.dll
0x00007fff76a80000 - 0x00007fff76b91000 	C:\WINDOWS\System32\ucrtbase.dll
0x00007fff6ec20000 - 0x00007fff6ec37000 	C:\Users\adeli\.jdks\openjdk-22.0.2\bin\jli.dll
0x00007fff6e280000 - 0x00007fff6e29b000 	C:\Users\adeli\.jdks\openjdk-22.0.2\bin\VCRUNTIME140.dll
0x00007fff78280000 - 0x00007fff7842f000 	C:\WINDOWS\System32\USER32.dll
0x00007fff76860000 - 0x00007fff76886000 	C:\WINDOWS\System32\win32u.dll
0x00007fff56430000 - 0x00007fff566c3000 	C:\WINDOWS\WinSxS\amd64_microsoft.windows.common-controls_6595b64144ccf1df_6.0.22621.3672_none_2713b9d173822955\COMCTL32.dll
0x00007fff785d0000 - 0x00007fff785f9000 	C:\WINDOWS\System32\GDI32.dll
0x00007fff76d00000 - 0x00007fff76e18000 	C:\WINDOWS\System32\gdi32full.dll
0x00007fff77bb0000 - 0x00007fff77c57000 	C:\WINDOWS\System32\msvcrt.dll
0x00007fff76c60000 - 0x00007fff76cfa000 	C:\WINDOWS\System32\msvcp_win.dll
0x00007fff780d0000 - 0x00007fff78101000 	C:\WINDOWS\System32\IMM32.DLL
0x00007fff6ec10000 - 0x00007fff6ec1c000 	C:\Users\adeli\.jdks\openjdk-22.0.2\bin\vcruntime140_1.dll
0x00007fff6c3b0000 - 0x00007fff6c43e000 	C:\Users\adeli\.jdks\openjdk-22.0.2\bin\msvcp140.dll
0x00007ffe9d640000 - 0x00007ffe9e389000 	C:\Users\adeli\.jdks\openjdk-22.0.2\bin\server\jvm.dll
0x00007fff781c0000 - 0x00007fff78272000 	C:\WINDOWS\System32\ADVAPI32.dll
0x00007fff779e0000 - 0x00007fff77a88000 	C:\WINDOWS\System32\sechost.dll
0x00007fff76e20000 - 0x00007fff76e48000 	C:\WINDOWS\System32\bcrypt.dll
0x00007fff77a90000 - 0x00007fff77ba4000 	C:\WINDOWS\System32\RPCRT4.dll
0x00007fff77d30000 - 0x00007fff77da1000 	C:\WINDOWS\System32\WS2_32.dll
0x00007fff75710000 - 0x00007fff7575d000 	C:\WINDOWS\SYSTEM32\POWRPROF.dll
0x00007fff6dfc0000 - 0x00007fff6dff4000 	C:\WINDOWS\SYSTEM32\WINMM.dll
0x00007fff6b890000 - 0x00007fff6b89a000 	C:\WINDOWS\SYSTEM32\VERSION.dll
0x00007fff756f0000 - 0x00007fff75703000 	C:\WINDOWS\SYSTEM32\UMPDC.dll
0x00007fff759a0000 - 0x00007fff759b8000 	C:\WINDOWS\SYSTEM32\kernel.appcore.dll
0x00007fff6e270000 - 0x00007fff6e27a000 	C:\Users\adeli\.jdks\openjdk-22.0.2\bin\jimage.dll
0x00007fff74140000 - 0x00007fff74372000 	C:\WINDOWS\SYSTEM32\DBGHELP.DLL
0x00007fff79180000 - 0x00007fff7950e000 	C:\WINDOWS\System32\combase.dll
0x00007fff784c0000 - 0x00007fff78597000 	C:\WINDOWS\System32\OLEAUT32.dll
0x00007fff5d590000 - 0x00007fff5d5c2000 	C:\WINDOWS\SYSTEM32\dbgcore.DLL
0x00007fff76a00000 - 0x00007fff76a7b000 	C:\WINDOWS\System32\bcryptPrimitives.dll
0x00007fff6e200000 - 0x00007fff6e20f000 	C:\Users\adeli\.jdks\openjdk-22.0.2\bin\instrument.dll
0x00007fff6ddf0000 - 0x00007fff6de0e000 	C:\Users\adeli\.jdks\openjdk-22.0.2\bin\java.dll
0x00007fff78910000 - 0x00007fff79179000 	C:\WINDOWS\System32\SHELL32.dll
0x00007fff77db0000 - 0x00007fff77f55000 	C:\WINDOWS\System32\ole32.dll
0x00007fff747a0000 - 0x00007fff7509f000 	C:\WINDOWS\SYSTEM32\windows.storage.dll
0x00007fff74660000 - 0x00007fff7479f000 	C:\WINDOWS\SYSTEM32\wintypes.dll
0x00007fff778e0000 - 0x00007fff779d9000 	C:\WINDOWS\System32\SHCORE.dll
0x00007fff77cb0000 - 0x00007fff77d0e000 	C:\WINDOWS\System32\shlwapi.dll
0x00007fff76790000 - 0x00007fff767b7000 	C:\WINDOWS\SYSTEM32\profapi.dll
0x00007fff6c2c0000 - 0x00007fff6c397000 	C:\Users\adeli\.jdks\openjdk-22.0.2\bin\jsvml.dll
0x00007fff6e1b0000 - 0x00007fff6e1c0000 	C:\Users\adeli\.jdks\openjdk-22.0.2\bin\net.dll
0x00007fff75e10000 - 0x00007fff75e79000 	C:\WINDOWS\system32\mswsock.dll
0x00007fff6c2a0000 - 0x00007fff6c2b6000 	C:\Users\adeli\.jdks\openjdk-22.0.2\bin\nio.dll
0x00007fff6c220000 - 0x00007fff6c237000 	C:\Users\adeli\.jdks\openjdk-22.0.2\bin\zip.dll
0x00007fff6c200000 - 0x00007fff6c21a000 	C:\Program Files\JetBrains\IntelliJ IDEA 2024.2.1\bin\breakgen64.dll
0x00007fff6c290000 - 0x00007fff6c299000 	C:\Users\adeli\.jdks\openjdk-22.0.2\bin\extnet.dll
0x000001f6d5df0000 - 0x000001f6d5df3000 	D:\openCV\openjfx-23.0.1_windows-x64_bin-sdk\javafx-sdk-23.0.1\bin\api-ms-win-core-console-l1-1-0.dll
0x000001f6d5e00000 - 0x000001f6d5e03000 	D:\openCV\openjfx-23.0.1_windows-x64_bin-sdk\javafx-sdk-23.0.1\bin\api-ms-win-core-console-l1-2-0.dll
0x000001f6d5e10000 - 0x000001f6d5e13000 	D:\openCV\openjfx-23.0.1_windows-x64_bin-sdk\javafx-sdk-23.0.1\bin\api-ms-win-core-datetime-l1-1-0.dll
0x000001f6d5e20000 - 0x000001f6d5e23000 	D:\openCV\openjfx-23.0.1_windows-x64_bin-sdk\javafx-sdk-23.0.1\bin\api-ms-win-core-debug-l1-1-0.dll
0x000001f6d5e30000 - 0x000001f6d5e33000 	D:\openCV\openjfx-23.0.1_windows-x64_bin-sdk\javafx-sdk-23.0.1\bin\api-ms-win-core-errorhandling-l1-1-0.dll
0x000001f6d5e40000 - 0x000001f6d5e44000 	D:\openCV\openjfx-23.0.1_windows-x64_bin-sdk\javafx-sdk-23.0.1\bin\api-ms-win-core-file-l1-1-0.dll
0x000001f6d5e50000 - 0x000001f6d5e53000 	D:\openCV\openjfx-23.0.1_windows-x64_bin-sdk\javafx-sdk-23.0.1\bin\api-ms-win-core-file-l1-2-0.dll
0x000001f6d5e60000 - 0x000001f6d5e63000 	D:\openCV\openjfx-23.0.1_windows-x64_bin-sdk\javafx-sdk-23.0.1\bin\api-ms-win-core-file-l2-1-0.dll
0x000001f6d5e70000 - 0x000001f6d5e73000 	D:\openCV\openjfx-23.0.1_windows-x64_bin-sdk\javafx-sdk-23.0.1\bin\api-ms-win-core-handle-l1-1-0.dll
0x000001f6d5e80000 - 0x000001f6d5e83000 	D:\openCV\openjfx-23.0.1_windows-x64_bin-sdk\javafx-sdk-23.0.1\bin\api-ms-win-core-heap-l1-1-0.dll
0x000001f6d5e90000 - 0x000001f6d5e93000 	D:\openCV\openjfx-23.0.1_windows-x64_bin-sdk\javafx-sdk-23.0.1\bin\api-ms-win-core-interlocked-l1-1-0.dll
0x000001f6d5ea0000 - 0x000001f6d5ea3000 	D:\openCV\openjfx-23.0.1_windows-x64_bin-sdk\javafx-sdk-23.0.1\bin\api-ms-win-core-libraryloader-l1-1-0.dll
0x000001f6d5eb0000 - 0x000001f6d5eb3000 	D:\openCV\openjfx-23.0.1_windows-x64_bin-sdk\javafx-sdk-23.0.1\bin\api-ms-win-core-localization-l1-2-0.dll
0x000001f6d5ec0000 - 0x000001f6d5ec3000 	D:\openCV\openjfx-23.0.1_windows-x64_bin-sdk\javafx-sdk-23.0.1\bin\api-ms-win-core-memory-l1-1-0.dll
0x000001f6d5ed0000 - 0x000001f6d5ed3000 	D:\openCV\openjfx-23.0.1_windows-x64_bin-sdk\javafx-sdk-23.0.1\bin\api-ms-win-core-namedpipe-l1-1-0.dll
0x000001f6d5ee0000 - 0x000001f6d5ee3000 	D:\openCV\openjfx-23.0.1_windows-x64_bin-sdk\javafx-sdk-23.0.1\bin\api-ms-win-core-processenvironment-l1-1-0.dll
0x000001f6d5ef0000 - 0x000001f6d5ef3000 	D:\openCV\openjfx-23.0.1_windows-x64_bin-sdk\javafx-sdk-23.0.1\bin\api-ms-win-core-processthreads-l1-1-0.dll
0x000001f6d5f00000 - 0x000001f6d5f03000 	D:\openCV\openjfx-23.0.1_windows-x64_bin-sdk\javafx-sdk-23.0.1\bin\api-ms-win-core-processthreads-l1-1-1.dll
0x000001f6d5f10000 - 0x000001f6d5f13000 	D:\openCV\openjfx-23.0.1_windows-x64_bin-sdk\javafx-sdk-23.0.1\bin\api-ms-win-core-profile-l1-1-0.dll
0x000001f6d5f20000 - 0x000001f6d5f23000 	D:\openCV\openjfx-23.0.1_windows-x64_bin-sdk\javafx-sdk-23.0.1\bin\api-ms-win-core-rtlsupport-l1-1-0.dll
0x000001f6d5f30000 - 0x000001f6d5f33000 	D:\openCV\openjfx-23.0.1_windows-x64_bin-sdk\javafx-sdk-23.0.1\bin\api-ms-win-core-string-l1-1-0.dll
0x000001f6d5f40000 - 0x000001f6d5f43000 	D:\openCV\openjfx-23.0.1_windows-x64_bin-sdk\javafx-sdk-23.0.1\bin\api-ms-win-core-synch-l1-1-0.dll
0x000001f6d5f50000 - 0x000001f6d5f53000 	D:\openCV\openjfx-23.0.1_windows-x64_bin-sdk\javafx-sdk-23.0.1\bin\api-ms-win-core-synch-l1-2-0.dll
0x000001f6d5f60000 - 0x000001f6d5f63000 	D:\openCV\openjfx-23.0.1_windows-x64_bin-sdk\javafx-sdk-23.0.1\bin\api-ms-win-core-sysinfo-l1-1-0.dll
0x000001f6d5f70000 - 0x000001f6d5f73000 	D:\openCV\openjfx-23.0.1_windows-x64_bin-sdk\javafx-sdk-23.0.1\bin\api-ms-win-core-timezone-l1-1-0.dll
0x000001f6d5f80000 - 0x000001f6d5f83000 	D:\openCV\openjfx-23.0.1_windows-x64_bin-sdk\javafx-sdk-23.0.1\bin\api-ms-win-core-util-l1-1-0.dll
0x000001f6d5f90000 - 0x000001f6d5f93000 	D:\openCV\openjfx-23.0.1_windows-x64_bin-sdk\javafx-sdk-23.0.1\bin\api-ms-win-crt-conio-l1-1-0.dll
0x000001f6d5fa0000 - 0x000001f6d5fa4000 	D:\openCV\openjfx-23.0.1_windows-x64_bin-sdk\javafx-sdk-23.0.1\bin\api-ms-win-crt-convert-l1-1-0.dll
0x000001f6d5fb0000 - 0x000001f6d5fb3000 	D:\openCV\openjfx-23.0.1_windows-x64_bin-sdk\javafx-sdk-23.0.1\bin\api-ms-win-crt-environment-l1-1-0.dll
0x000001f6d5fc0000 - 0x000001f6d5fc3000 	D:\openCV\openjfx-23.0.1_windows-x64_bin-sdk\javafx-sdk-23.0.1\bin\api-ms-win-crt-filesystem-l1-1-0.dll
0x000001f6d5fd0000 - 0x000001f6d5fd3000 	D:\openCV\openjfx-23.0.1_windows-x64_bin-sdk\javafx-sdk-23.0.1\bin\api-ms-win-crt-heap-l1-1-0.dll
0x000001f6d5fe0000 - 0x000001f6d5fe3000 	D:\openCV\openjfx-23.0.1_windows-x64_bin-sdk\javafx-sdk-23.0.1\bin\api-ms-win-crt-locale-l1-1-0.dll
0x000001f6d5ff0000 - 0x000001f6d5ff5000 	D:\openCV\openjfx-23.0.1_windows-x64_bin-sdk\javafx-sdk-23.0.1\bin\api-ms-win-crt-math-l1-1-0.dll
0x000001f6d6000000 - 0x000001f6d6005000 	D:\openCV\openjfx-23.0.1_windows-x64_bin-sdk\javafx-sdk-23.0.1\bin\api-ms-win-crt-multibyte-l1-1-0.dll
0x000001f6d6010000 - 0x000001f6d6020000 	D:\openCV\openjfx-23.0.1_windows-x64_bin-sdk\javafx-sdk-23.0.1\bin\api-ms-win-crt-private-l1-1-0.dll
0x000001f6d6020000 - 0x000001f6d6023000 	D:\openCV\openjfx-23.0.1_windows-x64_bin-sdk\javafx-sdk-23.0.1\bin\api-ms-win-crt-process-l1-1-0.dll
0x000001f6d6030000 - 0x000001f6d6034000 	D:\openCV\openjfx-23.0.1_windows-x64_bin-sdk\javafx-sdk-23.0.1\bin\api-ms-win-crt-runtime-l1-1-0.dll
0x000001f6d6040000 - 0x000001f6d6044000 	D:\openCV\openjfx-23.0.1_windows-x64_bin-sdk\javafx-sdk-23.0.1\bin\api-ms-win-crt-stdio-l1-1-0.dll
0x000001f6d6050000 - 0x000001f6d6054000 	D:\openCV\openjfx-23.0.1_windows-x64_bin-sdk\javafx-sdk-23.0.1\bin\api-ms-win-crt-string-l1-1-0.dll
0x000001f6d6060000 - 0x000001f6d6063000 	D:\openCV\openjfx-23.0.1_windows-x64_bin-sdk\javafx-sdk-23.0.1\bin\api-ms-win-crt-time-l1-1-0.dll
0x000001f6d6070000 - 0x000001f6d6073000 	D:\openCV\openjfx-23.0.1_windows-x64_bin-sdk\javafx-sdk-23.0.1\bin\api-ms-win-crt-utility-l1-1-0.dll
0x00007fff21b70000 - 0x00007fff21c6c000 	D:\openCV\openjfx-23.0.1_windows-x64_bin-sdk\javafx-sdk-23.0.1\bin\ucrtbase.dll
0x00007fff54f30000 - 0x00007fff54f4b000 	D:\openCV\openjfx-23.0.1_windows-x64_bin-sdk\javafx-sdk-23.0.1\bin\vcruntime140.dll
0x00007fff5db00000 - 0x00007fff5db0c000 	D:\openCV\openjfx-23.0.1_windows-x64_bin-sdk\javafx-sdk-23.0.1\bin\vcruntime140_1.dll
0x00007fff15100000 - 0x00007fff1518e000 	D:\openCV\openjfx-23.0.1_windows-x64_bin-sdk\javafx-sdk-23.0.1\bin\msvcp140.dll
0x00007fff54d30000 - 0x00007fff54d39000 	D:\openCV\openjfx-23.0.1_windows-x64_bin-sdk\javafx-sdk-23.0.1\bin\msvcp140_1.dll
0x00007fff222d0000 - 0x00007fff22311000 	D:\openCV\openjfx-23.0.1_windows-x64_bin-sdk\javafx-sdk-23.0.1\bin\msvcp140_2.dll
0x00007fff35030000 - 0x00007fff35060000 	D:\openCV\openjfx-23.0.1_windows-x64_bin-sdk\javafx-sdk-23.0.1\bin\prism_d3d.dll
0x00007fff14f50000 - 0x00007fff150f8000 	C:\WINDOWS\system32\d3d9.dll
0x00007fff73aa0000 - 0x00007fff73acb000 	C:\WINDOWS\SYSTEM32\dwmapi.dll
0x00007fff73850000 - 0x00007fff73887000 	C:\WINDOWS\SYSTEM32\dxcore.dll
0x00007fff73720000 - 0x00007fff737d1000 	C:\WINDOWS\system32\uxtheme.dll
0x00007fff73890000 - 0x00007fff73987000 	C:\WINDOWS\SYSTEM32\dxgi.dll
0x00007fff76540000 - 0x00007fff7658e000 	C:\WINDOWS\SYSTEM32\cfgmgr32.dll
0x00007fff76890000 - 0x00007fff769f6000 	C:\WINDOWS\System32\CRYPT32.dll
0x00007fff77280000 - 0x00007fff776f4000 	C:\WINDOWS\System32\SETUPAPI.dll
0x00007fff76590000 - 0x00007fff765bc000 	C:\WINDOWS\SYSTEM32\DEVOBJ.dll
0x00007fff77210000 - 0x00007fff7727c000 	C:\WINDOWS\System32\WINTRUST.dll
0x00007fff76500000 - 0x00007fff76512000 	C:\WINDOWS\SYSTEM32\MSASN1.dll
0x00007fff6b820000 - 0x00007fff6b869000 	C:\WINDOWS\SYSTEM32\directxdatabasehelper.dll
0x00007fff69020000 - 0x00007fff692c2000 	C:\WINDOWS\SYSTEM32\twinapi.appcore.dll
0x00007fff12ff0000 - 0x00007fff13035000 	D:\openCV\openjfx-23.0.1_windows-x64_bin-sdk\javafx-sdk-23.0.1\bin\glass.dll
0x00007fff777d0000 - 0x00007fff778cf000 	C:\WINDOWS\System32\COMDLG32.dll
0x00007fff77f60000 - 0x00007fff780c0000 	C:\WINDOWS\System32\MSCTF.dll
0x00007fff78110000 - 0x00007fff781c0000 	C:\WINDOWS\System32\clbcatq.dll
0x00007fff64bf0000 - 0x00007fff64d69000 	C:\Windows\System32\Windows.UI.dll
0x00007fff5d700000 - 0x00007fff5d875000 	C:\Windows\System32\Windows.UI.Immersive.dll
0x00007ffe95af0000 - 0x00007ffe98d55000 	D:\openCV\opencv\build\java\x64\opencv_java4100.dll
0x00007fff6f000000 - 0x00007fff6f08a000 	C:\WINDOWS\SYSTEM32\MF.dll
0x00007fff6e4f0000 - 0x00007fff6e6be000 	C:\WINDOWS\SYSTEM32\MFPlat.DLL
0x00007fff43310000 - 0x00007fff43431000 	C:\WINDOWS\SYSTEM32\MFReadWrite.dll
0x00007fff6c9e0000 - 0x00007fff6cc37000 	C:\WINDOWS\SYSTEM32\d3d11.dll
0x00007fff6e810000 - 0x00007fff6ebab000 	C:\WINDOWS\SYSTEM32\MFCORE.DLL
0x00007fff6e4b0000 - 0x00007fff6e4e3000 	C:\WINDOWS\SYSTEM32\RTWorkQ.DLL
0x00007fff51b90000 - 0x00007fff51ba5000 	D:\openCV\openjfx-23.0.1_windows-x64_bin-sdk\javafx-sdk-23.0.1\bin\javafx_font.dll
0x00007fff6cc40000 - 0x00007fff6ceb3000 	C:\WINDOWS\SYSTEM32\dwrite.dll
0x00007fff3b710000 - 0x00007fff3b731000 	C:\Windows\System32\devenum.dll
0x00007fff75ab0000 - 0x00007fff75ae4000 	C:\WINDOWS\SYSTEM32\ntmarta.dll

dbghelp: loaded successfully - version: 4.0.5 - missing functions: none
symbol engine: initialized successfully - sym options: 0x614 - pdb path: .;C:\Users\adeli\.jdks\openjdk-22.0.2\bin;C:\WINDOWS\SYSTEM32;C:\WINDOWS\WinSxS\amd64_microsoft.windows.common-controls_6595b64144ccf1df_6.0.22621.3672_none_2713b9d173822955;C:\Users\adeli\.jdks\openjdk-22.0.2\bin\server;C:\Program Files\JetBrains\IntelliJ IDEA 2024.2.1\bin;D:\openCV\openjfx-23.0.1_windows-x64_bin-sdk\javafx-sdk-23.0.1\bin;C:\WINDOWS\System32\DriverStore\FileRepository\iigd_dch.inf_amd64_0fdf6ce291234272;D:\openCV\opencv\build\java\x64;C:\WINDOWS\WinSxS\amd64_microsoft.windows.gdiplus_6595b64144ccf1df_1.1.22621.4249_none_57fb0ed6ce180668;C:\Program Files\Common Files\Microsoft Shared\Ink

VM Arguments:
jvm_args: --module-path=D:\openCV\openjfx-23.0.1_windows-x64_bin-sdk\javafx-sdk-23.0.1\lib --add-modules=javafx.controls,javafx.fxml -Djava.library.path=D:\openCV\opencv\build\java\x64 --enable-preview -javaagent:C:\Program Files\JetBrains\IntelliJ IDEA 2024.2.1\lib\idea_rt.jar=52698:C:\Program Files\JetBrains\IntelliJ IDEA 2024.2.1\bin -Dfile.encoding=UTF-8 -Dsun.stdout.encoding=UTF-8 -Dsun.stderr.encoding=UTF-8 
java_command: ui.PreviewFrame
java_class_path (initial): C:\Users\adeli\IdeaProjects\SurveillanceSystem\out\production\SurveillanceSystem;C:\Users\adeli\IdeaProjects\SurveillanceSystem\opencv-4100.jar;D:\openCV\openjfx-23.0.1_windows-x64_bin-sdk\javafx-sdk-23.0.1\lib\javafx-swt.jar;D:\openCV\openjfx-23.0.1_windows-x64_bin-sdk\javafx-sdk-23.0.1\lib\javafx.base.jar;D:\openCV\openjfx-23.0.1_windows-x64_bin-sdk\javafx-sdk-23.0.1\lib\javafx.controls.jar;D:\openCV\openjfx-23.0.1_windows-x64_bin-sdk\javafx-sdk-23.0.1\lib\javafx.fxml.jar;D:\openCV\openjfx-23.0.1_windows-x64_bin-sdk\javafx-sdk-23.0.1\lib\javafx.graphics.jar;D:\openCV\openjfx-23.0.1_windows-x64_bin-sdk\javafx-sdk-23.0.1\lib\javafx.media.jar;D:\openCV\openjfx-23.0.1_windows-x64_bin-sdk\javafx-sdk-23.0.1\lib\javafx.swing.jar;D:\openCV\openjfx-23.0.1_windows-x64_bin-sdk\javafx-sdk-23.0.1\lib\javafx.web.jar
Launcher Type: SUN_STANDARD

[Global flags]
     intx CICompilerCount                          = 12                                        {product} {ergonomic}
     uint ConcGCThreads                            = 4                                         {product} {ergonomic}
     uint G1ConcRefinementThreads                  = 15                                        {product} {ergonomic}
   size_t G1HeapRegionSize                         = 2097152                                   {product} {ergonomic}
   size_t InitialHeapSize                          = 264241152                                 {product} {ergonomic}
   size_t MarkStackSize                            = 4194304                                   {product} {ergonomic}
   size_t MaxHeapSize                              = 4208984064                                {product} {ergonomic}
   size_t MaxNewSize                               = 2524971008                                {product} {ergonomic}
   size_t MinHeapDeltaBytes                        = 2097152                                   {product} {ergonomic}
   size_t MinHeapSize                              = 8388608                                   {product} {ergonomic}
    uintx NonNMethodCodeHeapSize                   = 7602480                                {pd product} {ergonomic}
    uintx NonProfiledCodeHeapSize                  = 122027880                              {pd product} {ergonomic}
    uintx ProfiledCodeHeapSize                     = 122027880                              {pd product} {ergonomic}
    uintx ReservedCodeCacheSize                    = 251658240                              {pd product} {ergonomic}
     bool SegmentedCodeCache                       = true                                      {product} {ergonomic}
   size_t SoftMaxHeapSize                          = 4208984064                             {manageable} {ergonomic}
     bool UseCompressedOops                        = true                           {product lp64_product} {ergonomic}
     bool UseG1GC                                  = true                                      {product} {ergonomic}
     bool UseLargePagesIndividualAllocation        = false                                  {pd product} {ergonomic}

Logging:
Log output configuration:
 #0: stdout all=off uptime,level,tags foldmultilines=false
 #1: stderr all=off uptime,level,tags foldmultilines=false

Environment Variables:
JAVA_HOME=C:\Program Files\Java\jdk-17
PATH=C:\Program Files\Common Files\Oracle\Java\javapath;C:\Program Files (x86)\Common Files\Oracle\Java\java8path;C:\Program Files (x86)\Common Files\Oracle\Java\javapath;C:\ProgramData\Oracle\Java\javapath;C:\WINDOWS\system32;C:\WINDOWS;C:\WINDOWS\System32\Wbem;C:\WINDOWS\System32\WindowsPowerShell\v1.0\;C:\WINDOWS\System32\OpenSSH\;C:\Program Files\Git\cmd;C:\Program Files\nodejs\;C:\Program Files\dotnet\;C:\Program Files\Microsoft SQL Server\150\Tools\Binn\;C:\Program Files\Microsoft SQL Server\Client SDK\ODBC\170\Tools\Binn\;D:\FlutterApp\flutter\bin;C:\Program Files (x86)\Windows Kits\10\Windows Performance Toolkit\;C:\mvn\apache-maven-3.9.9\bin;C:\Program Files\PostgreSQL\16\bin;C:\Users\adeli\AppData\Local\Android\Sdk\platform-tools;;C:\Program Files\Docker\Docker\resources\bin;C:\ProgramData\chocolatey\bin;C:\Program Files\CMake\bin;C:\Program Files\MySQL\MySQL Shell 8.0\bin\;C:\Users\adeli\AppData\Local\Programs\Python\Launcher\;C:\Program Files (x86)\Elm\0.19.1\bin;C:\Users\adeli\AppData\Local\Microsoft\WindowsApps;C:\Users\adeli\AppData\Local\Programs\Microsoft VS Code\bin;C:\Users\adeli\AppData\Local\Microsoft\WinGet\Links;C:\Users\adeli\AppData\Roaming\npm;C:\modeltech64_10.6d\win64;C:\intelFPGA\21.1\questa_fse\win64;C:\Users\adeli\.dotnet\tools;D:\FlutterGame\flutter\bin;C:\Program Files\JetBrains\IntelliJ IDEA 2024.2.1\bin;;C:\mvn\apache-maven-3.9.9\bin;C:\Program Files\PostgreSQL\16\bin;C:\Users\adeli\AppData\Local\Android\Sdk\platform-tools;C:\CLion 2024.2.1\bin;;C:\Program Files\JetBrains\PyCharm Community Edition 2024.2.3\bin;;C:\Program Files\Java\jdk-17\bin;
USERNAME=adeli
OS=Windows_NT
PROCESSOR_IDENTIFIER=Intel64 Family 6 Model 154 Stepping 3, GenuineIntel
TMP=C:\Users\adeli\AppData\Local\Temp
TEMP=C:\Users\adeli\AppData\Local\Temp




Periodic native trim disabled

---------------  S Y S T E M  ---------------

OS:
 Windows 11 , 64 bit Build 22621 (10.0.22621.3958)
OS uptime: 0 days 3:11 hours
Hyper-V role detected

CPU: total 20 (initial active 20) (10 cores per cpu, 2 threads per core) family 6 model 154 stepping 3 microcode 0x432, cx8, cmov, fxsr, ht, mmx, 3dnowpref, sse, sse2, sse3, ssse3, sse4.1, sse4.2, popcnt, lzcnt, tsc, tscinvbit, avx, avx2, aes, erms, clmul, bmi1, bmi2, adx, sha, fma, vzeroupper, clflush, clflushopt, clwb, hv, serialize, rdtscp, rdpid, fsrm, f16c, cet_ibt, cet_ss
Processor Information for processor 0
  Max Mhz: 2300, Current Mhz: 2300, Mhz Limit: 2300
Processor Information for processor 1
  Max Mhz: 2300, Current Mhz: 1506, Mhz Limit: 2300
Processor Information for processor 2
  Max Mhz: 2300, Current Mhz: 2300, Mhz Limit: 2300
Processor Information for processor 3
  Max Mhz: 2300, Current Mhz: 2300, Mhz Limit: 2300
Processor Information for processor 4
  Max Mhz: 2300, Current Mhz: 2300, Mhz Limit: 2300
Processor Information for processor 5
  Max Mhz: 2300, Current Mhz: 2300, Mhz Limit: 2300
Processor Information for processor 6
  Max Mhz: 2300, Current Mhz: 2300, Mhz Limit: 2300
Processor Information for processor 7
  Max Mhz: 2300, Current Mhz: 2300, Mhz Limit: 2300
Processor Information for processor 8
  Max Mhz: 2300, Current Mhz: 2300, Mhz Limit: 2300
Processor Information for processor 9
  Max Mhz: 2300, Current Mhz: 2300, Mhz Limit: 2300
Processor Information for processor 10
  Max Mhz: 2300, Current Mhz: 2300, Mhz Limit: 2300
Processor Information for processor 11
  Max Mhz: 2300, Current Mhz: 2300, Mhz Limit: 2300
Processor Information for processor 12
  Max Mhz: 2300, Current Mhz: 1700, Mhz Limit: 1679
Processor Information for processor 13
  Max Mhz: 2300, Current Mhz: 1500, Mhz Limit: 1679
Processor Information for processor 14
  Max Mhz: 2300, Current Mhz: 1500, Mhz Limit: 1679
Processor Information for processor 15
  Max Mhz: 2300, Current Mhz: 1500, Mhz Limit: 1679
Processor Information for processor 16
  Max Mhz: 2300, Current Mhz: 1700, Mhz Limit: 1679
Processor Information for processor 17
  Max Mhz: 2300, Current Mhz: 1700, Mhz Limit: 1679
Processor Information for processor 18
  Max Mhz: 2300, Current Mhz: 1700, Mhz Limit: 1679
Processor Information for processor 19
  Max Mhz: 2300, Current Mhz: 1500, Mhz Limit: 1679

Memory: 4k page, system-wide physical 16051M (4001M free)
TotalPageFile size 22195M (AvailPageFile size 5751M)
current process WorkingSet (physical memory assigned to process): 335M, peak: 617M
current process commit charge ("private bytes"): 461M, peak: 780M

vm_info: OpenJDK 64-Bit Server VM (22.0.2+9-70) for windows-amd64 JRE (22.0.2+9-70), built on 2024-06-04T16:52:23Z by "mach5one" with MS VC++ 17.6 (VS2022)

END.
