#
# A fatal error has been detected by the Java Runtime Environment:
#
#  Internal Error (0xc000000d), pid=7032, tid=21784
#
# JRE version: OpenJDK Runtime Environment (22.0.2+9) (build 22.0.2+9-70)
# Java VM: OpenJDK 64-Bit Server VM (22.0.2+9-70, mixed mode, sharing, tiered, compressed oops, compressed class ptrs, g1 gc, windows-amd64)
# Problematic frame:
# C  [ntdll.dll+0x126600]
#
# No core dump will be written. Minidumps are not enabled by default on client versions of Windows
#
# If you would like to submit a bug report, please visit:
#   https://bugreport.java.com/bugreport/crash.jsp
#

---------------  S U M M A R Y ------------

Command Line: --module-path=D:\openCV\openjfx-23.0.1_windows-x64_bin-sdk\javafx-sdk-23.0.1\lib --add-modules=javafx.controls,javafx.fxml -Djava.library.path=D:\openCV\opencv\build\java\x64 --enable-preview -javaagent:C:\Program Files\JetBrains\IntelliJ IDEA 2024.2.1\lib\idea_rt.jar=52826:C:\Program Files\JetBrains\IntelliJ IDEA 2024.2.1\bin -Dfile.encoding=UTF-8 -Dsun.stdout.encoding=UTF-8 -Dsun.stderr.encoding=UTF-8 ui.PreviewFrame

Host: 12th Gen Intel(R) Core(TM) i7-12700H, 20 cores, 15G,  Windows 11 , 64 bit Build 22621 (10.0.22621.3958)
Time: Sat Nov 16 15:46:14 2024 GTB Standard Time elapsed time: 14.661858 seconds (0d 0h 0m 14s)

---------------  T H R E A D  ---------------

Current thread (0x00000192e497e2e0):  VMThread "VM Thread"          [id=21784, stack(0x0000003ae5a00000,0x0000003ae5b00000) (1024K)]

Stack: [0x0000003ae5a00000,0x0000003ae5b00000],  sp=0x0000003ae5afdd60,  free space=1015k
Native frames: (J=compiled Java code, j=interpreted, Vv=VM code, C=native code)
C  [ntdll.dll+0x126600]  (no source info available)
C  [ntdll.dll+0xc7b85]  (no source info available)
C  [KERNELBASE.dll+0x72139]  (no source info available)
C  0x00007fff6e4b8b08  (no source info available)
C  0x00007fff6e4b8a72  (no source info available)
C  0x00007fff6e4ba0e5  (no source info available)
C  0x00007fff6e4b7b9f  (no source info available)
C  0x00007fff6e4b7b08  (no source info available)
C  0x00007fff6e4b7a3e  (no source info available)
C  0x00007fff3bd27e2f  (no source info available)
C  0x00007fff3bd1ad9b  (no source info available)
C  0x00007fff3bd1ac55  (no source info available)
C  0x00007fff6e4c3b53  (no source info available)
C  0x00007fff6e4b7429  (no source info available)
C  0x00007fff6e4bc7d7  (no source info available)
C  0x00007fff6e4bc712  (no source info available)
C  0x00007fff3bd32c50  (no source info available)
C  0x00007fff3bd2e27a  (no source info available)
C  0x00007fff3bd117f2  (no source info available)
C  0x00007fff3bd11671  (no source info available)
C  0x00007fff3bd30e47  (no source info available)
C  0x00007fff3bd12f70  (no source info available)
C  0x00007fff3bd05301  (no source info available)
C  0x00007fff3bd04883  (no source info available)
C  0x00007fff6e9d0605  (no source info available)
C  0x00007fff6e9cafb9  (no source info available)
C  0x00007fff6e9cfb8e  (no source info available)
C  0x00007fff4331df31  (no source info available)
C  0x00007fff43338f90  (no source info available)
C  0x00007fff5d6238fb  (no source info available)
C  0x00007fff5d671393  (no source info available)
C  0x00007fff5d673ac4  (no source info available)
C  0x00007fff5d6238fb  (no source info available)
C  0x00007fff5d6669b7  (no source info available)
C  0x00007fff5d666c24  (no source info available)
C  0x00007fff5d6871a5  (no source info available)
C  0x00007ffe9b4dc576  (no source info available)
C  0x00007ffe9bb0b320  (no source info available)
C  0x00007ffe9ba227b7  (no source info available)
C  0x00007ffe9ba22565  (no source info available)
C  0x00007ffe9ba22889  (no source info available)
C  0x00007ffe9ba1a5e7  (no source info available)
C  0x00007ffe9ba1a565  (no source info available)
C  0x00007ffe9ba1a6eb  (no source info available)
C  0x00007ffe9b9d3af3  (no source info available)
C  0x00007ffe9b9d37ed  (no source info available)
C  0x00007ffe9b9d3912  (no source info available)
C  [ntdll.dll+0x28b5f]  (no source info available)
C  [ntdll.dll+0x51566]  (no source info available)
C  [ntdll.dll+0x5115d]  (no source info available)
C  [KERNEL32.DLL+0x17fab]  (no source info available)
C  [ucrtbase.dll+0x1bed8]  (no source info available)
C  [ucrtbase.dll+0x1c099]  (no source info available)
V  [jvm.dll+0x6db87b]  (no source info available)
V  [jvm.dll+0x6db3b0]  (no source info available)
V  [jvm.dll+0x3e2314]  (no source info available)
V  [jvm.dll+0x87e0f0]  (no source info available)
V  [jvm.dll+0x87f477]  (no source info available)
V  [jvm.dll+0x87f9f0]  (no source info available)
V  [jvm.dll+0x87fc93]  (no source info available)
V  [jvm.dll+0x81dc0b]  (no source info available)
V  [jvm.dll+0x6e0d85]  (no source info available)
C  [ucrtbase.dll+0x29333]  (no source info available)
C  [KERNEL32.DLL+0x1257d]  (no source info available)
C  [ntdll.dll+0x5af08]  (no source info available)


siginfo: EXCEPTION_?? (0xc000000d)


Registers:
RAX=0x00007fff00000000, RBX=0x00000192e9a6e260, RCX=0x0000000000000000, RDX=0x0000016b00010004
RSP=0x0000003ae5afdd60, RBP=0x00007fff6e4b9a30, RSI=0x00000192f1ca14b0, RDI=0x0000000000000000
R8 =0x00007fff6cde2670, R9 =0x0000000000000001, R10=0x0000003ae5afd9da, R11=0x00000192f2a4b87c
R12=0x00000192e9a6e260, R13=0x00007ffe9e2d4a60, R14=0x0000003ae5afdef8, R15=0x00007fff6e4b9a30
RIP=0x00007fff79676600, EFLAGS=0x0000000000000206


Register to memory mapping:

RAX=0x00007fff00000000 is an unknown value
RBX=0x00000192e9a6e260 points into unknown readable memory: 0x0000000000000000 | 00 00 00 00 00 00 00 00
RCX=0x0 is null
RDX=0x0000016b00010004 is an unknown value
RSP=0x0000003ae5afdd60 points into unknown readable memory: 0x0000000000000057 | 57 00 00 00 00 00 00 00
RBP=0x00007fff6e4b9a30 points into unknown readable memory: 0x6c894808245c8948 | 48 89 5c 24 08 48 89 6c
RSI=0x00000192f1ca14b0 points into unknown readable memory: 0x0000000000000003 | 03 00 00 00 00 00 00 00
RDI=0x0 is null
R8 =0x00007fff6cde2670 points into unknown readable memory: 0x577972657551744e | 4e 74 51 75 65 72 79 57
R9 =0x0000000000000001 is an unknown value
R10=0x0000003ae5afd9da points into unknown readable memory: a6 02 12 6a e8 02
R11=0x00000192f2a4b87c points into unknown readable memory: 00 00 00 00
R12=0x00000192e9a6e260 points into unknown readable memory: 0x0000000000000000 | 00 00 00 00 00 00 00 00
R13=0x00007ffe9e2d4a60 jvm.dll
R14=0x0000003ae5afdef8 points into unknown readable memory: 0x0000000000000000 | 00 00 00 00 00 00 00 00
R15=0x00007fff6e4b9a30 points into unknown readable memory: 0x6c894808245c8948 | 48 89 5c 24 08 48 89 6c

Top of Stack: (sp=0x0000003ae5afdd60)
0x0000003ae5afdd60:   0000000000000057 00000192e9a6e260
0x0000003ae5afdd70:   00000192f1ca14b0 0000000000000000
0x0000003ae5afdd80:   00000080c000000d 0000000000000000
0x0000003ae5afdd90:   00007fff79676600 0000000000000000
0x0000003ae5afdda0:   0000000000000000 0000000000000000
0x0000003ae5afddb0:   0000000000000000 0000000000000000
0x0000003ae5afddc0:   0000000000000000 0000000000000000
0x0000003ae5afddd0:   0000000000000000 0000000000000000
0x0000003ae5afdde0:   0000000000000000 0000000000000000
0x0000003ae5afddf0:   0000000000000000 0000000000000000
0x0000003ae5afde00:   0000000000000000 0000000000000000
0x0000003ae5afde10:   0000000000000000 00000192f1ca13c0
0x0000003ae5afde20:   0000269844ddb873 0000000000000df0
0x0000003ae5afde30:   0000000000000060 00007fff79617b85
0x0000003ae5afde40:   00000192f1ca13c0 00007fff76e9a45b
0x0000003ae5afde50:   00000192e9a6e260 00007fff6e4b9a30
0x0000003ae5afde60:   00007fff6e4b1320 0000000000000060
0x0000003ae5afde70:   00000000c0000001 00007fff76aa0334
0x0000003ae5afde80:   00000192f1874480 00000192f1ca13c0
0x0000003ae5afde90:   0000000000000df0 00000192f1ca14b0
0x0000003ae5afdea0:   00007fff6e4b1320 00007fff76ec2139
0x0000003ae5afdeb0:   00000192f1ca15b0 00000192e9a6e260
0x0000003ae5afdec0:   00000192f220465f 0000000000000012
0x0000003ae5afded0:   00000192e9a6e260 00007fff6e4b8b08
0x0000003ae5afdee0:   00000192f1ca15b0 00007fff6e4b8999
0x0000003ae5afdef0:   0000000000000000 0000000000000000
0x0000003ae5afdf00:   00000192f27a5008 00007fff6e4b8a72
0x0000003ae5afdf10:   00000192f1ca15b0 00000192f1874480
0x0000003ae5afdf20:   0000000000000000 00000192f1ca1588
0x0000003ae5afdf30:   00007fff6e4b1500 0000000000000df0
0x0000003ae5afdf40:   00000192f1ca1588 00007fff6e4ba0e5
0x0000003ae5afdf50:   0000003ae5afe070 0000003ae5afdfc0 

Instructions: (pc=0x00007fff79676600)
0x00007fff79676500:   40 48 83 c4 30 5f c3 cc cc cc cc cc cc cc cc cc
0x00007fff79676510:   40 55 48 8d 6c 24 a9 48 81 ec d0 00 00 00 48 8b
0x00007fff79676520:   05 0b 80 07 00 48 33 c4 48 89 45 47 4c 8b d2 4d
0x00007fff79676530:   85 c0 74 30 4d 8b 48 50 48 8d 05 21 7e f2 ff c7
0x00007fff79676540:   45 bf 05 00 00 00 4c 3b c8 75 13 49 8b 40 58 48
0x00007fff79676550:   8b 50 20 48 85 d2 74 06 48 89 55 e7 eb 0d 4c 89
0x00007fff79676560:   4d e7 eb 07 c7 45 bf 04 00 00 00 48 83 65 af 00
0x00007fff79676570:   48 83 65 df 00 48 63 c1 48 8d 4d a7 48 89 45 c7
0x00007fff79676580:   c7 45 a7 0a 07 00 c0 4c 89 55 cf 4c 89 45 d7 c7
0x00007fff79676590:   45 ab 01 00 00 00 e8 f5 e1 f2 ff 48 8b 4d 47 48
0x00007fff796765a0:   33 cc e8 e9 87 f6 ff 48 81 c4 d0 00 00 00 5d c3
0x00007fff796765b0:   cc cc cc cc cc cc cc cc 48 81 ec d8 00 00 00 48
0x00007fff796765c0:   8b 05 6a 7f 07 00 48 33 c4 48 89 84 24 c0 00 00
0x00007fff796765d0:   00 33 d2 41 b8 94 00 00 00 48 8d 4c 24 24 e8 2d
0x00007fff796765e0:   aa 00 00 c7 44 24 20 0d 00 00 c0 b9 57 00 00 00
0x00007fff796765f0:   e8 ab d1 f2 ff 90 48 8d 4c 24 20 e8 90 e1 f2 ff
0x00007fff79676600:   eb 00 48 8b 8c 24 c0 00 00 00 48 33 cc e8 7e 87
0x00007fff79676610:   f6 ff 48 81 c4 d8 00 00 00 c3 cc 40 55 48 83 ec
0x00007fff79676620:   20 48 8b ea e8 0f 00 00 00 90 48 83 c4 20 5d c3
0x00007fff79676630:   cc cc cc cc cc cc cc cc 48 83 ec 28 48 8b 51 08
0x00007fff79676640:   41 b8 03 00 00 00 48 8b 09 e8 82 0d fc ff 33 c0
0x00007fff79676650:   48 83 c4 28 c3 cc cc cc cc cc cc cc 48 8b 01 48
0x00007fff79676660:   83 c9 ff 8b 10 e9 d6 9f f7 ff cc cc cc cc cc cc
0x00007fff79676670:   4c 8b dc 48 81 ec 88 00 00 00 48 8b 05 af 7e 07
0x00007fff79676680:   00 48 33 c4 48 89 44 24 70 48 8b 84 24 b0 00 00
0x00007fff79676690:   00 41 ba 24 1c 00 00 49 89 43 d8 8b 84 24 b8 00
0x00007fff796766a0:   00 00 66 45 89 53 9e 49 89 4b b8 49 89 53 c0 4d
0x00007fff796766b0:   89 43 c8 4d 89 4b d0 89 44 24 68 e8 b0 49 f1 ff
0x00007fff796766c0:   85 c0 74 19 65 48 8b 04 25 60 00 00 00 48 8b 88
0x00007fff796766d0:   90 00 00 00 48 81 c1 2c 02 00 00 eb 05 b9 86 03
0x00007fff796766e0:   fe 7f 0f b6 09 4c 8d 4c 24 20 ba 03 04 00 00 41
0x00007fff796766f0:   b8 2c 00 00 00 e8 76 a5 f7 ff 48 8b 4c 24 70 48 


Stack slot to memory mapping:

stack at sp + 0 slots: 0x0000000000000057 is an unknown value
stack at sp + 1 slots: 0x00000192e9a6e260 points into unknown readable memory: 0x0000000000000000 | 00 00 00 00 00 00 00 00
stack at sp + 2 slots: 0x00000192f1ca14b0 points into unknown readable memory: 0x0000000000000003 | 03 00 00 00 00 00 00 00
stack at sp + 3 slots: 0x0 is null
stack at sp + 4 slots: 0x00000080c000000d is an unknown value
stack at sp + 5 slots: 0x0 is null
stack at sp + 6 slots: 0x00007fff79676600 ntdll.dll
stack at sp + 7 slots: 0x0 is null

VM_Operation (0x0000003ae75fce10): Exit, mode: safepoint, requested by thread 0x00000192e9786ef0


---------------  P R O C E S S  ---------------

Threads class SMR info:
_java_thread_list=0x00000192e9900490, length=23, elements={
0x00000192c4a52160, 0x00000192e4997e80, 0x00000192e4998ae0, 0x00000192e4999740,
0x00000192e49a01c0, 0x00000192e49a3a10, 0x00000192e49a5c30, 0x00000192e49a8620,
0x00000192e49ab720, 0x00000192c132d740, 0x00000192c1a5c790, 0x00000192c1a43280,
0x00000192c1b5b890, 0x00000192e9732ca0, 0x00000192e9786ef0, 0x00000192e9486f70,
0x00000192e993a010, 0x00000192f233fd20, 0x00000192f23403b0, 0x00000192f2341df0,
0x00000192f2340a40, 0x00000192e9e02240, 0x00000192f2b96f60
}

Java Threads: ( => current thread )
  0x00000192c4a52160 JavaThread "main"                              [_thread_blocked, id=21184, stack(0x0000003ae5300000,0x0000003ae5400000) (1024K)]
  0x00000192e4997e80 JavaThread "Reference Handler"          daemon [_thread_blocked, id=13808, stack(0x0000003ae5b00000,0x0000003ae5c00000) (1024K)]
  0x00000192e4998ae0 JavaThread "Finalizer"                  daemon [_thread_blocked, id=11672, stack(0x0000003ae5c00000,0x0000003ae5d00000) (1024K)]
  0x00000192e4999740 JavaThread "Signal Dispatcher"          daemon [_thread_blocked, id=21136, stack(0x0000003ae5d00000,0x0000003ae5e00000) (1024K)]
  0x00000192e49a01c0 JavaThread "Attach Listener"            daemon [_thread_blocked, id=1060, stack(0x0000003ae5e00000,0x0000003ae5f00000) (1024K)]
  0x00000192e49a3a10 JavaThread "Service Thread"             daemon [_thread_blocked, id=11000, stack(0x0000003ae5f00000,0x0000003ae6000000) (1024K)]
  0x00000192e49a5c30 JavaThread "Monitor Deflation Thread"   daemon [_thread_blocked, id=15848, stack(0x0000003ae6000000,0x0000003ae6100000) (1024K)]
  0x00000192e49a8620 JavaThread "C2 CompilerThread0"         daemon [_thread_blocked, id=15720, stack(0x0000003ae6100000,0x0000003ae6200000) (1024K)]
  0x00000192e49ab720 JavaThread "C1 CompilerThread0"         daemon [_thread_blocked, id=13320, stack(0x0000003ae6200000,0x0000003ae6300000) (1024K)]
  0x00000192c132d740 JavaThread "Common-Cleaner"             daemon [_thread_blocked, id=15996, stack(0x0000003ae6400000,0x0000003ae6500000) (1024K)]
  0x00000192c1a5c790 JavaThread "Monitor Ctrl-Break"         daemon [_thread_in_native, id=20764, stack(0x0000003ae6d00000,0x0000003ae6e00000) (1024K)]
  0x00000192c1a43280 JavaThread "Notification Thread"        daemon [_thread_blocked, id=15444, stack(0x0000003ae6e00000,0x0000003ae6f00000) (1024K)]
  0x00000192c1b5b890 JavaThread "QuantumRenderer-0"          daemon [_thread_blocked, id=22048, stack(0x0000003ae6f00000,0x0000003ae7000000) (1024K)]
  0x00000192e9732ca0 JavaThread "InvokeLaterDispatcher"      daemon [_thread_blocked, id=17472, stack(0x0000003ae7400000,0x0000003ae7500000) (1024K)]
  0x00000192e9786ef0 JavaThread "JavaFX Application Thread"         [_thread_blocked, id=2860, stack(0x0000003ae7500000,0x0000003ae7600000) (1024K)]
  0x00000192e9486f70 JavaThread "JavaFX-Launcher"                   [_thread_blocked, id=5244, stack(0x0000003ae6800000,0x0000003ae6900000) (1024K)]
  0x00000192e993a010 JavaThread "Thread-2"                   daemon [_thread_in_native, id=10084, stack(0x0000003ae6600000,0x0000003ae6700000) (1024K)]
  0x00000192f233fd20 JavaThread "Prism Font Disposer"        daemon [_thread_blocked, id=22396, stack(0x0000003ae7e00000,0x0000003ae7f00000) (1024K)]
  0x00000192f23403b0 JavaThread "Cleaner-0"                  daemon [_thread_blocked, id=19008, stack(0x0000003ae7900000,0x0000003ae7a00000) (1024K)]
  0x00000192f2341df0 JavaThread "Java2D Disposer"            daemon [_thread_blocked, id=21356, stack(0x0000003ae8c00000,0x0000003ae8d00000) (1024K)]
  0x00000192f2340a40 JavaThread "Thread-5"                          [_thread_blocked, id=15804, stack(0x0000003ae8000000,0x0000003ae8100000) (1024K)]
  0x00000192e9e02240 JavaThread "C1 CompilerThread1"         daemon [_thread_blocked, id=19828, stack(0x0000003ae6300000,0x0000003ae6400000) (1024K)]
  0x00000192f2b96f60 JavaThread "C1 CompilerThread2"         daemon [_thread_blocked, id=3388, stack(0x0000003ae8100000,0x0000003ae8200000) (1024K)]
Total: 23

Other Threads:
=>0x00000192e497e2e0 VMThread "VM Thread"                           [id=21784, stack(0x0000003ae5a00000,0x0000003ae5b00000) (1024K)]
  0x00000192c4abaad0 WorkerThread "GC Thread#0"                     [id=9352, stack(0x0000003ae5400000,0x0000003ae5500000) (1024K)]
  0x00000192e94472b0 WorkerThread "GC Thread#1"                     [id=5284, stack(0x0000003ae6900000,0x0000003ae6a00000) (1024K)]
  0x00000192e99a9b20 WorkerThread "GC Thread#2"                     [id=4616, stack(0x0000003ae6a00000,0x0000003ae6b00000) (1024K)]
  0x00000192e99a9ed0 WorkerThread "GC Thread#3"                     [id=10468, stack(0x0000003ae6b00000,0x0000003ae6c00000) (1024K)]
  0x00000192e99aa280 WorkerThread "GC Thread#4"                     [id=20868, stack(0x0000003ae6c00000,0x0000003ae6d00000) (1024K)]
  0x00000192e99aa630 WorkerThread "GC Thread#5"                     [id=15604, stack(0x0000003ae7700000,0x0000003ae7800000) (1024K)]
  0x00000192f2bb6060 WorkerThread "GC Thread#6"                     [id=14888, stack(0x0000003ae7b00000,0x0000003ae7c00000) (1024K)]
  0x00000192f2bb6410 WorkerThread "GC Thread#7"                     [id=22252, stack(0x0000003ae7d00000,0x0000003ae7e00000) (1024K)]
  0x00000192f2bb5550 WorkerThread "GC Thread#8"                     [id=21224, stack(0x0000003ae8600000,0x0000003ae8700000) (1024K)]
  0x00000192f2bb6b70 WorkerThread "GC Thread#9"                     [id=16708, stack(0x0000003ae8800000,0x0000003ae8900000) (1024K)]
  0x00000192f2bb67c0 WorkerThread "GC Thread#10"                    [id=21880, stack(0x0000003ae8900000,0x0000003ae8a00000) (1024K)]
  0x00000192c1221490 WorkerThread "GC Thread#11"                    [id=20548, stack(0x0000003ae8300000,0x0000003ae8400000) (1024K)]
  0x00000192c121ec00 WorkerThread "GC Thread#12"                    [id=16232, stack(0x0000003ae8500000,0x0000003ae8600000) (1024K)]
  0x00000192c4acc5f0 ConcurrentGCThread "G1 Main Marker"            terminated
  0x00000192c4accfa0 WorkerThread "G1 Conc#0"                       [id=17756, stack(0x0000003ae5600000,0x0000003ae5700000) (1024K)]
  0x00000192e4836e60 ConcurrentGCThread "G1 Refine#0"               terminated
  0x00000192e4837880 ConcurrentGCThread "G1 Service"                terminated
Total: 18

Threads with active compile tasks:
Total: 0

VM state: at safepoint (shutting down)

VM Mutex/Monitor currently owned by a thread:  ([mutex/lock_event])
[0x00007ffe9e2acb80] Threads_lock - owner thread: 0x00000192e497e2e0
[0x00007ffe9e2acc80] Heap_lock - owner thread: 0x00000192e9786ef0

Heap address: 0x0000000705200000, size: 4014 MB, Compressed Oops mode: Zero based, Oop shift amount: 3

CDS archive(s) mapped at: [0x0000019280000000-0x0000019280c60000-0x0000019280c60000), size 12976128, SharedBaseAddress: 0x0000019280000000, ArchiveRelocationMode: 1.
Compressed class space mapped at: 0x0000019281000000-0x00000192c1000000, reserved size: 1073741824
Narrow klass base: 0x0000019280000000, Narrow klass shift: 0, Narrow klass range: 0x41000000

GC Precious Log:
 CardTable entry size: 512
 Card Set container configuration: InlinePtr #cards 4 size 8 Array Of Cards #cards 16 size 48 Howl #buckets 8 coarsen threshold 3686 Howl Bitmap #cards 512 size 80 coarsen threshold 460 Card regions per heap region 1 cards per card region 4096
 CPUs: 20 total, 20 available
 Memory: 16051M
 Large Page Support: Disabled
 NUMA Support: Disabled
 Compressed Oops: Enabled (Zero based)
 Heap Region Size: 2M
 Heap Min Capacity: 8M
 Heap Initial Capacity: 252M
 Heap Max Capacity: 4014M
 Pre-touch: Disabled
 Parallel Workers: 15
 Concurrent Workers: 4
 Concurrent Refinement Workers: 15
 Periodic GC: Disabled

Heap:
 garbage-first heap   total reserved 4110336K, committed 258048K, used 97703K [0x0000000705200000, 0x0000000800000000)
  region size 2048K, 14 young (28672K), 5 survivors (10240K)
 Metaspace       used 18637K, committed 18944K, reserved 1114112K
  class space    used 2634K, committed 2752K, reserved 1048576K

Heap Regions: E=young(eden), S=young(survivor), O=old, HS=humongous(starts), HC=humongous(continues), CS=collection set, F=free, TAMS=top-at-mark-start, PB=parsable bottom
|   0|0x0000000705200000, 0x0000000705400000, 0x0000000705400000|100%|HS|  |TAMS 0x0000000705200000| PB 0x0000000705200000| Complete |  0
|   1|0x0000000705400000, 0x0000000705600000, 0x0000000705600000|100%|HS|  |TAMS 0x0000000705400000| PB 0x0000000705400000| Complete |  0
|   2|0x0000000705600000, 0x0000000705800000, 0x0000000705800000|100%|HS|  |TAMS 0x0000000705600000| PB 0x0000000705600000| Complete |  0
|   3|0x0000000705800000, 0x0000000705a00000, 0x0000000705a00000|100%|HS|  |TAMS 0x0000000705800000| PB 0x0000000705800000| Complete |  0
|   4|0x0000000705a00000, 0x0000000705c00000, 0x0000000705c00000|100%|HS|  |TAMS 0x0000000705a00000| PB 0x0000000705a00000| Complete |  0
|   5|0x0000000705c00000, 0x0000000705e00000, 0x0000000705e00000|100%|HS|  |TAMS 0x0000000705c00000| PB 0x0000000705c00000| Complete |  0
|   6|0x0000000705e00000, 0x0000000706000000, 0x0000000706000000|100%|HS|  |TAMS 0x0000000705e00000| PB 0x0000000705e00000| Complete |  0
|   7|0x0000000706000000, 0x0000000706200000, 0x0000000706200000|100%|HS|  |TAMS 0x0000000706000000| PB 0x0000000706000000| Complete |  0
|   8|0x0000000706200000, 0x0000000706400000, 0x0000000706400000|100%|HS|  |TAMS 0x0000000706200000| PB 0x0000000706200000| Complete |  0
|   9|0x0000000706400000, 0x0000000706600000, 0x0000000706600000|100%|HS|  |TAMS 0x0000000706400000| PB 0x0000000706400000| Complete |  0
|  10|0x0000000706600000, 0x0000000706800000, 0x0000000706800000|100%|HS|  |TAMS 0x0000000706600000| PB 0x0000000706600000| Complete |  0
|  11|0x0000000706800000, 0x0000000706a00000, 0x0000000706a00000|100%|HS|  |TAMS 0x0000000706800000| PB 0x0000000706800000| Complete |  0
|  12|0x0000000706a00000, 0x0000000706c00000, 0x0000000706c00000|100%|HS|  |TAMS 0x0000000706a00000| PB 0x0000000706a00000| Complete |  0
|  13|0x0000000706c00000, 0x0000000706e00000, 0x0000000706e00000|100%|HS|  |TAMS 0x0000000706c00000| PB 0x0000000706c00000| Complete |  0
|  14|0x0000000706e00000, 0x0000000707000000, 0x0000000707000000|100%|HS|  |TAMS 0x0000000706e00000| PB 0x0000000706e00000| Complete |  0
|  15|0x0000000707000000, 0x0000000707200000, 0x0000000707200000|100%|HS|  |TAMS 0x0000000707000000| PB 0x0000000707000000| Complete |  0
|  16|0x0000000707200000, 0x0000000707400000, 0x0000000707400000|100%|HS|  |TAMS 0x0000000707200000| PB 0x0000000707200000| Complete |  0
|  17|0x0000000707400000, 0x0000000707600000, 0x0000000707600000|100%|HS|  |TAMS 0x0000000707400000| PB 0x0000000707400000| Complete |  0
|  18|0x0000000707600000, 0x0000000707800000, 0x0000000707800000|100%|HS|  |TAMS 0x0000000707600000| PB 0x0000000707600000| Complete |  0
|  19|0x0000000707800000, 0x0000000707a00000, 0x0000000707a00000|100%|HS|  |TAMS 0x0000000707800000| PB 0x0000000707800000| Complete |  0
|  20|0x0000000707a00000, 0x0000000707c00000, 0x0000000707c00000|100%|HS|  |TAMS 0x0000000707a00000| PB 0x0000000707a00000| Complete |  0
|  21|0x0000000707c00000, 0x0000000707e00000, 0x0000000707e00000|100%|HS|  |TAMS 0x0000000707c00000| PB 0x0000000707c00000| Complete |  0
|  22|0x0000000707e00000, 0x0000000708000000, 0x0000000708000000|100%|HS|  |TAMS 0x0000000707e00000| PB 0x0000000707e00000| Complete |  0
|  23|0x0000000708000000, 0x0000000708200000, 0x0000000708200000|100%|HS|  |TAMS 0x0000000708000000| PB 0x0000000708000000| Complete |  0
|  24|0x0000000708200000, 0x0000000708400000, 0x0000000708400000|100%|HS|  |TAMS 0x0000000708200000| PB 0x0000000708200000| Complete |  0
|  25|0x0000000708400000, 0x0000000708400000, 0x0000000708600000|  0%| F|  |TAMS 0x0000000708400000| PB 0x0000000708400000| Untracked |  0
|  26|0x0000000708600000, 0x0000000708600000, 0x0000000708800000|  0%| F|  |TAMS 0x0000000708600000| PB 0x0000000708600000| Untracked |  0
|  27|0x0000000708800000, 0x0000000708a00000, 0x0000000708a00000|100%|HS|  |TAMS 0x0000000708800000| PB 0x0000000708800000| Complete |  0
|  28|0x0000000708a00000, 0x0000000708a00000, 0x0000000708c00000|  0%| F|  |TAMS 0x0000000708a00000| PB 0x0000000708a00000| Untracked |  0
|  29|0x0000000708c00000, 0x0000000708c00000, 0x0000000708e00000|  0%| F|  |TAMS 0x0000000708c00000| PB 0x0000000708c00000| Untracked |  0
|  30|0x0000000708e00000, 0x0000000709000000, 0x0000000709000000|100%|HS|  |TAMS 0x0000000708e00000| PB 0x0000000708e00000| Complete |  0
|  31|0x0000000709000000, 0x0000000709000000, 0x0000000709200000|  0%| F|  |TAMS 0x0000000709000000| PB 0x0000000709000000| Untracked |  0
|  32|0x0000000709200000, 0x0000000709200000, 0x0000000709400000|  0%| F|  |TAMS 0x0000000709200000| PB 0x0000000709200000| Untracked |  0
|  33|0x0000000709400000, 0x0000000709400000, 0x0000000709600000|  0%| F|  |TAMS 0x0000000709400000| PB 0x0000000709400000| Untracked |  0
|  34|0x0000000709600000, 0x0000000709800000, 0x0000000709800000|100%|HS|  |TAMS 0x0000000709600000| PB 0x0000000709600000| Complete |  0
|  35|0x0000000709800000, 0x0000000709800000, 0x0000000709a00000|  0%| F|  |TAMS 0x0000000709800000| PB 0x0000000709800000| Untracked |  0
|  36|0x0000000709a00000, 0x0000000709a00000, 0x0000000709c00000|  0%| F|  |TAMS 0x0000000709a00000| PB 0x0000000709a00000| Untracked |  0
|  37|0x0000000709c00000, 0x0000000709e00000, 0x0000000709e00000|100%|HS|  |TAMS 0x0000000709c00000| PB 0x0000000709c00000| Complete |  0
|  38|0x0000000709e00000, 0x0000000709e00000, 0x000000070a000000|  0%| F|  |TAMS 0x0000000709e00000| PB 0x0000000709e00000| Untracked |  0
|  39|0x000000070a000000, 0x000000070a000000, 0x000000070a200000|  0%| F|  |TAMS 0x000000070a000000| PB 0x000000070a000000| Untracked |  0
|  40|0x000000070a200000, 0x000000070a400000, 0x000000070a400000|100%|HS|  |TAMS 0x000000070a200000| PB 0x000000070a200000| Complete |  0
|  41|0x000000070a400000, 0x000000070a400000, 0x000000070a600000|  0%| F|  |TAMS 0x000000070a400000| PB 0x000000070a400000| Untracked |  0
|  42|0x000000070a600000, 0x000000070a600000, 0x000000070a800000|  0%| F|  |TAMS 0x000000070a600000| PB 0x000000070a600000| Untracked |  0
|  43|0x000000070a800000, 0x000000070aa00000, 0x000000070aa00000|100%|HS|  |TAMS 0x000000070a800000| PB 0x000000070a800000| Complete |  0
|  44|0x000000070aa00000, 0x000000070aa00000, 0x000000070ac00000|  0%| F|  |TAMS 0x000000070aa00000| PB 0x000000070aa00000| Untracked |  0
|  45|0x000000070ac00000, 0x000000070ac00000, 0x000000070ae00000|  0%| F|  |TAMS 0x000000070ac00000| PB 0x000000070ac00000| Untracked |  0
|  46|0x000000070ae00000, 0x000000070b000000, 0x000000070b000000|100%|HS|  |TAMS 0x000000070ae00000| PB 0x000000070ae00000| Complete |  0
|  47|0x000000070b000000, 0x000000070b000000, 0x000000070b200000|  0%| F|  |TAMS 0x000000070b000000| PB 0x000000070b000000| Untracked |  0
|  48|0x000000070b200000, 0x000000070b400000, 0x000000070b400000|100%|HS|  |TAMS 0x000000070b200000| PB 0x000000070b200000| Complete |  0
|  49|0x000000070b400000, 0x000000070b400000, 0x000000070b600000|  0%| F|  |TAMS 0x000000070b400000| PB 0x000000070b400000| Untracked |  0
|  50|0x000000070b600000, 0x000000070b800000, 0x000000070b800000|100%|HS|  |TAMS 0x000000070b600000| PB 0x000000070b600000| Complete |  0
|  51|0x000000070b800000, 0x000000070b800000, 0x000000070ba00000|  0%| F|  |TAMS 0x000000070b800000| PB 0x000000070b800000| Untracked |  0
|  52|0x000000070ba00000, 0x000000070bc00000, 0x000000070bc00000|100%|HS|  |TAMS 0x000000070ba00000| PB 0x000000070ba00000| Complete |  0
|  53|0x000000070bc00000, 0x000000070bc00000, 0x000000070be00000|  0%| F|  |TAMS 0x000000070bc00000| PB 0x000000070bc00000| Untracked |  0
|  54|0x000000070be00000, 0x000000070be00000, 0x000000070c000000|  0%| F|  |TAMS 0x000000070be00000| PB 0x000000070be00000| Untracked |  0
|  55|0x000000070c000000, 0x000000070c000000, 0x000000070c200000|  0%| F|  |TAMS 0x000000070c000000| PB 0x000000070c000000| Untracked |  0
|  56|0x000000070c200000, 0x000000070c200000, 0x000000070c400000|  0%| F|  |TAMS 0x000000070c200000| PB 0x000000070c200000| Untracked |  0
|  57|0x000000070c400000, 0x000000070c600000, 0x000000070c600000|100%| O|  |TAMS 0x000000070c400000| PB 0x000000070c400000| Untracked |  0
|  58|0x000000070c600000, 0x000000070c685820, 0x000000070c800000| 26%| O|  |TAMS 0x000000070c600000| PB 0x000000070c600000| Untracked |  0
|  59|0x000000070c800000, 0x000000070c800000, 0x000000070ca00000|  0%| F|  |TAMS 0x000000070c800000| PB 0x000000070c800000| Untracked |  0
|  60|0x000000070ca00000, 0x000000070ca00000, 0x000000070cc00000|  0%| F|  |TAMS 0x000000070ca00000| PB 0x000000070ca00000| Untracked |  0
|  61|0x000000070cc00000, 0x000000070cc00000, 0x000000070ce00000|  0%| F|  |TAMS 0x000000070cc00000| PB 0x000000070cc00000| Untracked |  0
|  62|0x000000070ce00000, 0x000000070ce00000, 0x000000070d000000|  0%| F|  |TAMS 0x000000070ce00000| PB 0x000000070ce00000| Untracked |  0
|  63|0x000000070d000000, 0x000000070d000000, 0x000000070d200000|  0%| F|  |TAMS 0x000000070d000000| PB 0x000000070d000000| Untracked |  0
|  64|0x000000070d200000, 0x000000070d200000, 0x000000070d400000|  0%| F|  |TAMS 0x000000070d200000| PB 0x000000070d200000| Untracked |  0
|  65|0x000000070d400000, 0x000000070d400000, 0x000000070d600000|  0%| F|  |TAMS 0x000000070d400000| PB 0x000000070d400000| Untracked |  0
|  66|0x000000070d600000, 0x000000070d600000, 0x000000070d800000|  0%| F|  |TAMS 0x000000070d600000| PB 0x000000070d600000| Untracked |  0
|  67|0x000000070d800000, 0x000000070d800000, 0x000000070da00000|  0%| F|  |TAMS 0x000000070d800000| PB 0x000000070d800000| Untracked |  0
|  68|0x000000070da00000, 0x000000070da00000, 0x000000070dc00000|  0%| F|  |TAMS 0x000000070da00000| PB 0x000000070da00000| Untracked |  0
|  69|0x000000070dc00000, 0x000000070dc00000, 0x000000070de00000|  0%| F|  |TAMS 0x000000070dc00000| PB 0x000000070dc00000| Untracked |  0
|  70|0x000000070de00000, 0x000000070de00000, 0x000000070e000000|  0%| F|  |TAMS 0x000000070de00000| PB 0x000000070de00000| Untracked |  0
|  71|0x000000070e000000, 0x000000070e000000, 0x000000070e200000|  0%| F|  |TAMS 0x000000070e000000| PB 0x000000070e000000| Untracked |  0
|  72|0x000000070e200000, 0x000000070e200000, 0x000000070e400000|  0%| F|  |TAMS 0x000000070e200000| PB 0x000000070e200000| Untracked |  0
|  73|0x000000070e400000, 0x000000070e400000, 0x000000070e600000|  0%| F|  |TAMS 0x000000070e400000| PB 0x000000070e400000| Untracked |  0
|  74|0x000000070e600000, 0x000000070e600000, 0x000000070e800000|  0%| F|  |TAMS 0x000000070e600000| PB 0x000000070e600000| Untracked |  0
|  75|0x000000070e800000, 0x000000070e800000, 0x000000070ea00000|  0%| F|  |TAMS 0x000000070e800000| PB 0x000000070e800000| Untracked |  0
|  76|0x000000070ea00000, 0x000000070ea00000, 0x000000070ec00000|  0%| F|  |TAMS 0x000000070ea00000| PB 0x000000070ea00000| Untracked |  0
|  77|0x000000070ec00000, 0x000000070ec00000, 0x000000070ee00000|  0%| F|  |TAMS 0x000000070ec00000| PB 0x000000070ec00000| Untracked |  0
|  78|0x000000070ee00000, 0x000000070ee00000, 0x000000070f000000|  0%| F|  |TAMS 0x000000070ee00000| PB 0x000000070ee00000| Untracked |  0
|  79|0x000000070f000000, 0x000000070f000000, 0x000000070f200000|  0%| F|  |TAMS 0x000000070f000000| PB 0x000000070f000000| Untracked |  0
|  80|0x000000070f200000, 0x000000070f200000, 0x000000070f400000|  0%| F|  |TAMS 0x000000070f200000| PB 0x000000070f200000| Untracked |  0
|  81|0x000000070f400000, 0x000000070f400000, 0x000000070f600000|  0%| F|  |TAMS 0x000000070f400000| PB 0x000000070f400000| Untracked |  0
|  82|0x000000070f600000, 0x000000070f600000, 0x000000070f800000|  0%| F|  |TAMS 0x000000070f600000| PB 0x000000070f600000| Untracked |  0
|  83|0x000000070f800000, 0x000000070f800000, 0x000000070fa00000|  0%| F|  |TAMS 0x000000070f800000| PB 0x000000070f800000| Untracked |  0
|  84|0x000000070fa00000, 0x000000070fa00000, 0x000000070fc00000|  0%| F|  |TAMS 0x000000070fa00000| PB 0x000000070fa00000| Untracked |  0
|  85|0x000000070fc00000, 0x000000070fc00000, 0x000000070fe00000|  0%| F|  |TAMS 0x000000070fc00000| PB 0x000000070fc00000| Untracked |  0
|  86|0x000000070fe00000, 0x000000070fe00000, 0x0000000710000000|  0%| F|  |TAMS 0x000000070fe00000| PB 0x000000070fe00000| Untracked |  0
|  87|0x0000000710000000, 0x0000000710000000, 0x0000000710200000|  0%| F|  |TAMS 0x0000000710000000| PB 0x0000000710000000| Untracked |  0
|  88|0x0000000710200000, 0x0000000710200000, 0x0000000710400000|  0%| F|  |TAMS 0x0000000710200000| PB 0x0000000710200000| Untracked |  0
|  89|0x0000000710400000, 0x0000000710400000, 0x0000000710600000|  0%| F|  |TAMS 0x0000000710400000| PB 0x0000000710400000| Untracked |  0
|  90|0x0000000710600000, 0x0000000710600000, 0x0000000710800000|  0%| F|  |TAMS 0x0000000710600000| PB 0x0000000710600000| Untracked |  0
|  91|0x0000000710800000, 0x0000000710800000, 0x0000000710a00000|  0%| F|  |TAMS 0x0000000710800000| PB 0x0000000710800000| Untracked |  0
|  92|0x0000000710a00000, 0x0000000710a00000, 0x0000000710c00000|  0%| F|  |TAMS 0x0000000710a00000| PB 0x0000000710a00000| Untracked |  0
|  93|0x0000000710c00000, 0x0000000710c00000, 0x0000000710e00000|  0%| F|  |TAMS 0x0000000710c00000| PB 0x0000000710c00000| Untracked |  0
|  94|0x0000000710e00000, 0x0000000710e00000, 0x0000000711000000|  0%| F|  |TAMS 0x0000000710e00000| PB 0x0000000710e00000| Untracked |  0
|  95|0x0000000711000000, 0x0000000711000000, 0x0000000711200000|  0%| F|  |TAMS 0x0000000711000000| PB 0x0000000711000000| Untracked |  0
|  96|0x0000000711200000, 0x0000000711200000, 0x0000000711400000|  0%| F|  |TAMS 0x0000000711200000| PB 0x0000000711200000| Untracked |  0
|  97|0x0000000711400000, 0x0000000711400000, 0x0000000711600000|  0%| F|  |TAMS 0x0000000711400000| PB 0x0000000711400000| Untracked |  0
|  98|0x0000000711600000, 0x0000000711600000, 0x0000000711800000|  0%| F|  |TAMS 0x0000000711600000| PB 0x0000000711600000| Untracked |  0
|  99|0x0000000711800000, 0x0000000711800000, 0x0000000711a00000|  0%| F|  |TAMS 0x0000000711800000| PB 0x0000000711800000| Untracked |  0
| 100|0x0000000711a00000, 0x0000000711a00000, 0x0000000711c00000|  0%| F|  |TAMS 0x0000000711a00000| PB 0x0000000711a00000| Untracked |  0
| 101|0x0000000711c00000, 0x0000000711c00000, 0x0000000711e00000|  0%| F|  |TAMS 0x0000000711c00000| PB 0x0000000711c00000| Untracked |  0
| 102|0x0000000711e00000, 0x0000000711e00000, 0x0000000712000000|  0%| F|  |TAMS 0x0000000711e00000| PB 0x0000000711e00000| Untracked |  0
| 103|0x0000000712000000, 0x00000007120e4660, 0x0000000712200000| 44%| S|CS|TAMS 0x0000000712000000| PB 0x0000000712000000| Complete |  0
| 104|0x0000000712200000, 0x0000000712400000, 0x0000000712400000|100%| S|CS|TAMS 0x0000000712200000| PB 0x0000000712200000| Complete |  0
| 105|0x0000000712400000, 0x0000000712600000, 0x0000000712600000|100%| S|CS|TAMS 0x0000000712400000| PB 0x0000000712400000| Complete |  0
| 106|0x0000000712600000, 0x0000000712800000, 0x0000000712800000|100%| S|CS|TAMS 0x0000000712600000| PB 0x0000000712600000| Complete |  0
| 107|0x0000000712800000, 0x0000000712a00000, 0x0000000712a00000|100%| S|CS|TAMS 0x0000000712800000| PB 0x0000000712800000| Complete |  0
| 108|0x0000000712a00000, 0x0000000712a00000, 0x0000000712c00000|  0%| F|  |TAMS 0x0000000712a00000| PB 0x0000000712a00000| Untracked |  0
| 109|0x0000000712c00000, 0x0000000712c00000, 0x0000000712e00000|  0%| F|  |TAMS 0x0000000712c00000| PB 0x0000000712c00000| Untracked |  0
| 110|0x0000000712e00000, 0x0000000712e00000, 0x0000000713000000|  0%| F|  |TAMS 0x0000000712e00000| PB 0x0000000712e00000| Untracked |  0
| 111|0x0000000713000000, 0x0000000713000000, 0x0000000713200000|  0%| F|  |TAMS 0x0000000713000000| PB 0x0000000713000000| Untracked |  0
| 112|0x0000000713200000, 0x0000000713200000, 0x0000000713400000|  0%| F|  |TAMS 0x0000000713200000| PB 0x0000000713200000| Untracked |  0
| 113|0x0000000713400000, 0x0000000713400000, 0x0000000713600000|  0%| F|  |TAMS 0x0000000713400000| PB 0x0000000713400000| Untracked |  0
| 114|0x0000000713600000, 0x0000000713600000, 0x0000000713800000|  0%| F|  |TAMS 0x0000000713600000| PB 0x0000000713600000| Untracked |  0
| 115|0x0000000713800000, 0x0000000713800000, 0x0000000713a00000|  0%| F|  |TAMS 0x0000000713800000| PB 0x0000000713800000| Untracked |  0
| 116|0x0000000713a00000, 0x0000000713a00000, 0x0000000713c00000|  0%| F|  |TAMS 0x0000000713a00000| PB 0x0000000713a00000| Untracked |  0
| 117|0x0000000713c00000, 0x0000000713e00000, 0x0000000713e00000|100%| E|  |TAMS 0x0000000713c00000| PB 0x0000000713c00000| Complete |  1
| 118|0x0000000713e00000, 0x0000000714000000, 0x0000000714000000|100%| E|CS|TAMS 0x0000000713e00000| PB 0x0000000713e00000| Complete |  0
| 119|0x0000000714000000, 0x0000000714200000, 0x0000000714200000|100%| E|CS|TAMS 0x0000000714000000| PB 0x0000000714000000| Complete |  0
| 120|0x0000000714200000, 0x0000000714400000, 0x0000000714400000|100%| E|CS|TAMS 0x0000000714200000| PB 0x0000000714200000| Complete |  0
| 121|0x0000000714400000, 0x0000000714600000, 0x0000000714600000|100%| E|CS|TAMS 0x0000000714400000| PB 0x0000000714400000| Complete |  0
| 122|0x0000000714600000, 0x0000000714800000, 0x0000000714800000|100%| E|CS|TAMS 0x0000000714600000| PB 0x0000000714600000| Complete |  0
| 123|0x0000000714800000, 0x0000000714a00000, 0x0000000714a00000|100%| E|CS|TAMS 0x0000000714800000| PB 0x0000000714800000| Complete |  0
| 124|0x0000000714a00000, 0x0000000714c00000, 0x0000000714c00000|100%| E|  |TAMS 0x0000000714a00000| PB 0x0000000714a00000| Complete |  0
| 125|0x0000000714c00000, 0x0000000714e00000, 0x0000000714e00000|100%| E|CS|TAMS 0x0000000714c00000| PB 0x0000000714c00000| Complete |  0

Card table byte_map: [0x00000192dd010000,0x00000192dd7f0000] _byte_map_base: 0x00000192d97e7000

Marking Bits: (CMBitMap*) 0x00000192c4abb080
 Bits: [0x00000192dd7f0000, 0x00000192e16a8000)

Polling page: 0x00000192c2960000

Metaspace:

Usage:
  Non-class:     15.63 MB used.
      Class:      2.57 MB used.
       Both:     18.20 MB used.

Virtual space:
  Non-class space:       64.00 MB reserved,      15.81 MB ( 25%) committed,  1 nodes.
      Class space:        1.00 GB reserved,       2.69 MB ( <1%) committed,  1 nodes.
             Both:        1.06 GB reserved,      18.50 MB (  2%) committed. 

Chunk freelists:
   Non-Class:  15.83 MB
       Class:  13.19 MB
        Both:  29.02 MB

MaxMetaspaceSize: unlimited
CompressedClassSpaceSize: 1.00 GB
Initial GC threshold: 21.00 MB
Current GC threshold: 21.00 MB
CDS: on
 - commit_granule_bytes: 65536.
 - commit_granule_words: 8192.
 - virtual_space_node_default_size: 8388608.
 - enlarge_chunks_in_place: 1.
 - use_allocation_guard: 0.


Internal statistics:

num_allocs_failed_limit: 0.
num_arena_births: 354.
num_arena_deaths: 0.
num_vsnodes_births: 2.
num_vsnodes_deaths: 0.
num_space_committed: 296.
num_space_uncommitted: 0.
num_chunks_returned_to_freelist: 0.
num_chunks_taken_from_freelist: 879.
num_chunk_merges: 0.
num_chunk_splits: 603.
num_chunks_enlarged: 450.
num_inconsistent_stats: 0.

CodeHeap 'non-profiled nmethods': size=119168Kb used=1533Kb max_used=1533Kb free=117634Kb
 bounds [0x00000192d4930000, 0x00000192d4ba0000, 0x00000192dbd90000]
CodeHeap 'profiled nmethods': size=119104Kb used=6109Kb max_used=6109Kb free=112994Kb
 bounds [0x00000192ccd90000, 0x00000192cd390000, 0x00000192d41e0000]
CodeHeap 'non-nmethods': size=7488Kb used=3083Kb max_used=3482Kb free=4404Kb
 bounds [0x00000192d41e0000, 0x00000192d4550000, 0x00000192d4930000]
 total_blobs=4285 nmethods=3340 adapters=846
 compilation: enabled
              stopped_count=0, restarted_count=0
 full_count=0

Compilation events (20 events):
Event: 11.443 Thread 0x00000192f2b96f60 3332       3       com.sun.prism.d3d.D3DSwapChain::getContext (8 bytes)
Event: 11.443 Thread 0x00000192f2b96f60 nmethod 3332 0x00000192cd383b10 code [0x00000192cd383ca0, 0x00000192cd383e58]
Event: 11.444 Thread 0x00000192f2b96f60 3333       3       java.util.Collections$UnmodifiableCollection::iterator (9 bytes)
Event: 11.444 Thread 0x00000192e9e02240 3334       3       java.util.Collections$UnmodifiableCollection$1::<init> (26 bytes)
Event: 11.445 Thread 0x00000192f2b96f60 nmethod 3333 0x00000192cd383f10 code [0x00000192cd3840e0, 0x00000192cd3844a8]
Event: 11.445 Thread 0x00000192f2b96f60 3335       3       com.sun.prism.d3d.D3DSwapChain::getPhysicalWidth (11 bytes)
Event: 11.445 Thread 0x00000192e9e02240 nmethod 3334 0x00000192cd384610 code [0x00000192cd3847c0, 0x00000192cd384ad0]
Event: 11.445 Thread 0x00000192e9e02240 3336       3       com.sun.prism.d3d.D3DSwapChain::getPhysicalHeight (11 bytes)
Event: 11.445 Thread 0x00000192f2b96f60 nmethod 3335 0x00000192cd384c10 code [0x00000192cd384dc0, 0x00000192cd384fa8]
Event: 11.445 Thread 0x00000192e9e02240 nmethod 3336 0x00000192cd385090 code [0x00000192cd385240, 0x00000192cd385428]
Event: 11.446 Thread 0x00000192e9e02240 3337   !   3       java.util.concurrent.LinkedBlockingDeque::offerLast (53 bytes)
Event: 11.446 Thread 0x00000192f2b96f60 3338       3       com.sun.glass.ui.win.WinApplication::submitForLaterInvocation (6 bytes)
Event: 11.446 Thread 0x00000192f2b96f60 nmethod 3338 0x00000192cd385510 code [0x00000192cd3856c0, 0x00000192cd3857f8]
Event: 11.446 Thread 0x00000192e9e02240 nmethod 3337 0x00000192cd385890 code [0x00000192cd385b00, 0x00000192cd3866d8]
Event: 11.504 Thread 0x00000192e49ab720 3339       3       javafx.beans.property.ReadOnlyObjectPropertyBase::fireValueChangedEvent (8 bytes)
Event: 11.505 Thread 0x00000192e49ab720 nmethod 3339 0x00000192cd386b10 code [0x00000192cd386cc0, 0x00000192cd386f28]
Event: 11.519 Thread 0x00000192e9e02240 3340       3       com.sun.javafx.geom.transform.AffineBase::<init> (5 bytes)
Event: 11.520 Thread 0x00000192e9e02240 nmethod 3340 0x00000192cd387010 code [0x00000192cd3871c0, 0x00000192cd387388]
Event: 11.582 Thread 0x00000192e49ab720 3341       1       com.sun.prism.impl.BaseGraphics::setHasPreCullingBits (6 bytes)
Event: 11.582 Thread 0x00000192e49ab720 nmethod 3341 0x00000192d4aaf490 code [0x00000192d4aaf620, 0x00000192d4aaf6f0]

GC Heap History (12 events):
Event: 0.381 GC heap before
{Heap before GC invocations=0 (full 0):
 garbage-first heap   total reserved 4110336K, committed 258048K, used 24576K [0x0000000705200000, 0x0000000800000000)
  region size 2048K, 12 young (24576K), 0 survivors (0K)
 Metaspace       used 4397K, committed 4672K, reserved 1114112K
  class space    used 515K, committed 640K, reserved 1048576K
}
Event: 0.384 GC heap after
{Heap after GC invocations=1 (full 0):
 garbage-first heap   total reserved 4110336K, committed 258048K, used 2863K [0x0000000705200000, 0x0000000800000000)
  region size 2048K, 2 young (4096K), 2 survivors (4096K)
 Metaspace       used 4397K, committed 4672K, reserved 1114112K
  class space    used 515K, committed 640K, reserved 1048576K
}
Event: 1.825 GC heap before
{Heap before GC invocations=1 (full 0):
 garbage-first heap   total reserved 4110336K, committed 258048K, used 47919K [0x0000000705200000, 0x0000000800000000)
  region size 2048K, 25 young (51200K), 2 survivors (4096K)
 Metaspace       used 13407K, committed 13696K, reserved 1114112K
  class space    used 1916K, committed 2048K, reserved 1048576K
}
Event: 1.831 GC heap after
{Heap after GC invocations=2 (full 0):
 garbage-first heap   total reserved 4110336K, committed 258048K, used 7957K [0x0000000705200000, 0x0000000800000000)
  region size 2048K, 4 young (8192K), 4 survivors (8192K)
 Metaspace       used 13407K, committed 13696K, reserved 1114112K
  class space    used 1916K, committed 2048K, reserved 1048576K
}
Event: 8.000 GC heap before
{Heap before GC invocations=2 (full 0):
 garbage-first heap   total reserved 4110336K, committed 258048K, used 198421K [0x0000000705200000, 0x0000000800000000)
  region size 2048K, 42 young (86016K), 4 survivors (8192K)
 Metaspace       used 18496K, committed 18816K, reserved 1114112K
  class space    used 2633K, committed 2752K, reserved 1048576K
}
Event: 8.011 GC heap after
{Heap after GC invocations=3 (full 0):
 garbage-first heap   total reserved 4110336K, committed 258048K, used 73432K [0x0000000705200000, 0x0000000800000000)
  region size 2048K, 4 young (8192K), 4 survivors (8192K)
 Metaspace       used 18496K, committed 18816K, reserved 1114112K
  class space    used 2633K, committed 2752K, reserved 1048576K
}
Event: 8.799 GC heap before
{Heap before GC invocations=3 (full 0):
 garbage-first heap   total reserved 4110336K, committed 258048K, used 147160K [0x0000000705200000, 0x0000000800000000)
  region size 2048K, 18 young (36864K), 4 survivors (8192K)
 Metaspace       used 18567K, committed 18816K, reserved 1114112K
  class space    used 2633K, committed 2752K, reserved 1048576K
}
Event: 8.808 GC heap after
{Heap after GC invocations=4 (full 0):
 garbage-first heap   total reserved 4110336K, committed 258048K, used 41305K [0x0000000705200000, 0x0000000800000000)
  region size 2048K, 4 young (8192K), 4 survivors (8192K)
 Metaspace       used 18567K, committed 18816K, reserved 1114112K
  class space    used 2633K, committed 2752K, reserved 1048576K
}
Event: 10.112 GC heap before
{Heap before GC invocations=4 (full 0):
 garbage-first heap   total reserved 4110336K, committed 258048K, used 164185K [0x0000000705200000, 0x0000000800000000)
  region size 2048K, 26 young (53248K), 4 survivors (8192K)
 Metaspace       used 18600K, committed 18944K, reserved 1114112K
  class space    used 2633K, committed 2752K, reserved 1048576K
}
Event: 10.122 GC heap after
{Heap after GC invocations=5 (full 0):
 garbage-first heap   total reserved 4110336K, committed 258048K, used 57313K [0x0000000705200000, 0x0000000800000000)
  region size 2048K, 4 young (8192K), 4 survivors (8192K)
 Metaspace       used 18600K, committed 18944K, reserved 1114112K
  class space    used 2633K, committed 2752K, reserved 1048576K
}
Event: 11.167 GC heap before
{Heap before GC invocations=5 (full 0):
 garbage-first heap   total reserved 4110336K, committed 258048K, used 155617K [0x0000000705200000, 0x0000000800000000)
  region size 2048K, 22 young (45056K), 4 survivors (8192K)
 Metaspace       used 18627K, committed 18944K, reserved 1114112K
  class space    used 2633K, committed 2752K, reserved 1048576K
}
Event: 11.174 GC heap after
{Heap after GC invocations=6 (full 0):
 garbage-first heap   total reserved 4110336K, committed 258048K, used 50599K [0x0000000705200000, 0x0000000800000000)
  region size 2048K, 5 young (10240K), 5 survivors (10240K)
 Metaspace       used 18627K, committed 18944K, reserved 1114112K
  class space    used 2633K, committed 2752K, reserved 1048576K
}

Dll operation events (20 events):
Event: 0.201 Loaded shared library D:\openCV\openjfx-23.0.1_windows-x64_bin-sdk\javafx-sdk-23.0.1\bin\api-ms-win-crt-multibyte-l1-1-0.dll
Event: 0.201 Loaded shared library D:\openCV\openjfx-23.0.1_windows-x64_bin-sdk\javafx-sdk-23.0.1\bin\api-ms-win-crt-private-l1-1-0.dll
Event: 0.202 Loaded shared library D:\openCV\openjfx-23.0.1_windows-x64_bin-sdk\javafx-sdk-23.0.1\bin\api-ms-win-crt-process-l1-1-0.dll
Event: 0.203 Loaded shared library D:\openCV\openjfx-23.0.1_windows-x64_bin-sdk\javafx-sdk-23.0.1\bin\api-ms-win-crt-runtime-l1-1-0.dll
Event: 0.203 Loaded shared library D:\openCV\openjfx-23.0.1_windows-x64_bin-sdk\javafx-sdk-23.0.1\bin\api-ms-win-crt-stdio-l1-1-0.dll
Event: 0.204 Loaded shared library D:\openCV\openjfx-23.0.1_windows-x64_bin-sdk\javafx-sdk-23.0.1\bin\api-ms-win-crt-string-l1-1-0.dll
Event: 0.205 Loaded shared library D:\openCV\openjfx-23.0.1_windows-x64_bin-sdk\javafx-sdk-23.0.1\bin\api-ms-win-crt-time-l1-1-0.dll
Event: 0.205 Loaded shared library D:\openCV\openjfx-23.0.1_windows-x64_bin-sdk\javafx-sdk-23.0.1\bin\api-ms-win-crt-utility-l1-1-0.dll
Event: 0.206 Loaded shared library D:\openCV\openjfx-23.0.1_windows-x64_bin-sdk\javafx-sdk-23.0.1\bin\ucrtbase.dll
Event: 0.207 Loaded shared library D:\openCV\openjfx-23.0.1_windows-x64_bin-sdk\javafx-sdk-23.0.1\bin\vcruntime140.dll
Event: 0.207 Loaded shared library D:\openCV\openjfx-23.0.1_windows-x64_bin-sdk\javafx-sdk-23.0.1\bin\vcruntime140_1.dll
Event: 0.208 Loaded shared library D:\openCV\openjfx-23.0.1_windows-x64_bin-sdk\javafx-sdk-23.0.1\bin\msvcp140.dll
Event: 0.208 Loaded shared library D:\openCV\openjfx-23.0.1_windows-x64_bin-sdk\javafx-sdk-23.0.1\bin\msvcp140_1.dll
Event: 0.209 Loaded shared library D:\openCV\openjfx-23.0.1_windows-x64_bin-sdk\javafx-sdk-23.0.1\bin\msvcp140_2.dll
Event: 0.236 Loaded shared library D:\openCV\openjfx-23.0.1_windows-x64_bin-sdk\javafx-sdk-23.0.1\bin\prism_d3d.dll
Event: 0.299 Loaded shared library D:\openCV\openjfx-23.0.1_windows-x64_bin-sdk\javafx-sdk-23.0.1\bin\glass.dll
Event: 0.387 Loaded shared library C:\Users\adeli\.jdks\openjdk-22.0.2\bin\jimage.dll
Event: 0.777 Loaded shared library D:\openCV\opencv\build\java\x64\opencv_java4100.dll
Event: 0.828 Loaded shared library D:\openCV\openjfx-23.0.1_windows-x64_bin-sdk\javafx-sdk-23.0.1\bin\javafx_font.dll
Event: 2.672 Loaded shared library C:\Users\adeli\.jdks\openjdk-22.0.2\bin\awt.dll

Deoptimization events (20 events):
Event: 2.751 Thread 0x00000192f23410d0 DEOPT PACKING pc=0x00000192d4a5c5e8 sp=0x0000003ae7cfef30
Event: 2.751 Thread 0x00000192f23410d0 DEOPT UNPACKING pc=0x00000192d42346a2 sp=0x0000003ae7cff098 mode 2
Event: 2.752 Thread 0x00000192f2341760 Uncommon trap: trap_request=0xffffff45 fr.pc=0x00000192d4a5c5e8 relative=0x00000000000012a8
Event: 2.752 Thread 0x00000192f2341760 Uncommon trap: reason=unstable_if action=reinterpret pc=0x00000192d4a5c5e8 method=com.sun.javafx.image.impl.IntTo4ByteSameConverter.doConvert([III[BIIII)V @ 29 c2
Event: 2.752 Thread 0x00000192f2341760 DEOPT PACKING pc=0x00000192d4a5c5e8 sp=0x0000003ae85ff100
Event: 2.752 Thread 0x00000192f2341760 DEOPT UNPACKING pc=0x00000192d42346a2 sp=0x0000003ae85ff268 mode 2
Event: 2.814 Thread 0x00000192f23410d0 Uncommon trap: trap_request=0xffffff6e fr.pc=0x00000192d4a64284 relative=0x0000000000000f44
Event: 2.814 Thread 0x00000192f23410d0 Uncommon trap: reason=loop_limit_check action=maybe_recompile pc=0x00000192d4a64284 method=com.sun.javafx.image.impl.IntTo4ByteSameConverter.doConvert([III[BIIII)V @ 19 c2
Event: 2.814 Thread 0x00000192f2341760 Uncommon trap: trap_request=0xffffff6e fr.pc=0x00000192d4a64284 relative=0x0000000000000f44
Event: 2.814 Thread 0x00000192f2341760 Uncommon trap: reason=loop_limit_check action=maybe_recompile pc=0x00000192d4a64284 method=com.sun.javafx.image.impl.IntTo4ByteSameConverter.doConvert([III[BIIII)V @ 19 c2
Event: 2.814 Thread 0x00000192f23410d0 DEOPT PACKING pc=0x00000192d4a64284 sp=0x0000003ae7cff020
Event: 2.814 Thread 0x00000192f2341760 DEOPT PACKING pc=0x00000192d4a64284 sp=0x0000003ae85ff1f0
Event: 2.814 Thread 0x00000192f23410d0 DEOPT UNPACKING pc=0x00000192d42346a2 sp=0x0000003ae7cff0a0 mode 2
Event: 2.814 Thread 0x00000192f2341760 DEOPT UNPACKING pc=0x00000192d42346a2 sp=0x0000003ae85ff270 mode 2
Event: 2.882 Thread 0x00000192f23410d0 DEOPT PACKING pc=0x00000192cd21ad7a sp=0x0000003ae7cff0f0
Event: 2.882 Thread 0x00000192f23410d0 DEOPT UNPACKING pc=0x00000192d4234e42 sp=0x0000003ae7cfe598 mode 0
Event: 2.882 Thread 0x00000192f2341760 DEOPT PACKING pc=0x00000192cd21ad7a sp=0x0000003ae85ff2c0
Event: 2.882 Thread 0x00000192f2341760 DEOPT UNPACKING pc=0x00000192d4234e42 sp=0x0000003ae85fe768 mode 0
Event: 3.459 Thread 0x00000192e9786ef0 DEOPT PACKING pc=0x00000192ccffcf25 sp=0x0000003ae75fc070
Event: 3.459 Thread 0x00000192e9786ef0 DEOPT UNPACKING pc=0x00000192d4234e42 sp=0x0000003ae75fb4c0 mode 0

Classes loaded (20 events):
Event: 2.707 Loading class sun/java2d/loops/DrawGlyphListColor$General
Event: 2.707 Loading class sun/java2d/loops/DrawGlyphListColor$General done
Event: 2.707 Loading class sun/java2d/loops/Blit$GeneralMaskBlit
Event: 2.707 Loading class sun/java2d/loops/Blit$GeneralMaskBlit done
Event: 2.707 Loading class sun/awt/image/BufferedImageGraphicsConfig
Event: 2.707 Loading class java/awt/GraphicsConfiguration
Event: 2.707 Loading class java/awt/GraphicsConfiguration done
Event: 2.707 Loading class sun/awt/image/BufferedImageGraphicsConfig done
Event: 2.707 Loading class sun/awt/image/BufferedImageDevice
Event: 2.707 Loading class java/awt/GraphicsDevice
Event: 2.707 Loading class java/awt/GraphicsDevice done
Event: 2.707 Loading class sun/awt/image/BufferedImageDevice done
Event: 2.708 Loading class java/awt/image/MultiResolutionImage
Event: 2.708 Loading class java/awt/image/MultiResolutionImage done
Event: 2.708 Loading class sun/awt/image/ToolkitImage
Event: 2.708 Loading class sun/awt/image/ToolkitImage done
Event: 2.715 Loading class jdk/internal/event/ThreadSleepEvent
Event: 2.715 Loading class jdk/internal/event/ThreadSleepEvent done
Event: 3.387 Loading class java/io/UnsupportedEncodingException
Event: 3.387 Loading class java/io/UnsupportedEncodingException done

Classes unloaded (0 events):
No events

Classes redefined (0 events):
No events

Internal exceptions (20 events):
Event: 1.696 Thread 0x00000192e9786ef0 Implicit null exception at 0x00000192d4981766 to 0x00000192d498180a
Event: 1.719 Thread 0x00000192e9786ef0 Implicit null exception at 0x00000192d4a0d11d to 0x00000192d4a0d358
Event: 1.721 Thread 0x00000192e9786ef0 Implicit null exception at 0x00000192d4a0c99d to 0x00000192d4a0cbd0
Event: 1.721 Thread 0x00000192e9786ef0 Implicit null exception at 0x00000192d494f03d to 0x00000192d494f0bd
Event: 1.790 Thread 0x00000192e9786ef0 Exception <a 'java/lang/NoSuchMethodError'{0x0000000711f12c78}: 'java.lang.Object java.lang.invoke.DirectMethodHandle$Holder.invokeInterface(java.lang.Object, java.lang.Object, java.lang.Object)'> (0x0000000711f12c78) 
thrown [s\open\src\hotspot\share\interpreter\linkResolver.cpp, line 774]
Event: 1.791 Thread 0x00000192e9786ef0 Exception <a 'java/lang/IncompatibleClassChangeError'{0x0000000711f16330}: Found class java.lang.Object, but interface was expected> (0x0000000711f16330) 
thrown [s\open\src\hotspot\share\interpreter\linkResolver.cpp, line 841]
Event: 1.834 Thread 0x00000192e9786ef0 Exception <a 'java/lang/ClassNotFoundException'{0x0000000714c96250}: com/sun/javafx/scene/control/skin/resources/controls> (0x0000000714c96250) 
thrown [s\open\src\hotspot\share\prims\jni.cpp, line 539]
Event: 1.835 Thread 0x00000192e9786ef0 Exception <a 'java/lang/ClassNotFoundException'{0x0000000714ca4430}: com/sun/javafx/scene/control/skin/resources/controls_en> (0x0000000714ca4430) 
thrown [s\open\src\hotspot\share\prims\jni.cpp, line 539]
Event: 1.835 Thread 0x00000192e9786ef0 Exception <a 'java/lang/ClassNotFoundException'{0x0000000714ca5740}: com/sun/javafx/scene/control/skin/resources/controls_en_US> (0x0000000714ca5740) 
thrown [s\open\src\hotspot\share\prims\jni.cpp, line 539]
Event: 1.854 Thread 0x00000192e9786ef0 Exception <a 'java/lang/NoSuchMethodError'{0x0000000714acf3d0}: 'void java.lang.invoke.DirectMethodHandle$Holder.invokeSpecial(java.lang.Object, java.lang.Object, java.lang.Object, java.lang.Object, java.lang.Object, java.lang.Object)'> (0x0000000714acf3d0) 
thrown [s\open\src\hotspot\share\interpreter\linkResolver.cpp, line 774]
Event: 1.888 Thread 0x00000192e9786ef0 Exception <a 'java/lang/NoSuchMethodError'{0x00000007146d7e28}: 'int java.lang.invoke.DirectMethodHandle$Holder.invokeSpecial(java.lang.Object, java.lang.Object, int)'> (0x00000007146d7e28) 
thrown [s\open\src\hotspot\share\interpreter\linkResolver.cpp, line 774]
Event: 1.897 Thread 0x00000192e9786ef0 Exception <a 'java/lang/NoSuchMethodError'{0x0000000714738688}: 'java.lang.Object java.lang.invoke.DirectMethodHandle$Holder.newInvokeSpecial(java.lang.Object, java.lang.Object, int)'> (0x0000000714738688) 
thrown [s\open\src\hotspot\share\interpreter\linkResolver.cpp, line 774]
Event: 2.487 Thread 0x00000192c1b5b890 Exception <a 'java/lang/NoSuchMethodError'{0x00000007144f7848}: 'int java.lang.invoke.DirectMethodHandle$Holder.invokeStaticInit(java.lang.Object, java.lang.Object)'> (0x00000007144f7848) 
thrown [s\open\src\hotspot\share\interpreter\linkResolver.cpp, line 774]
Event: 2.681 Thread 0x00000192f23410d0 Exception <a 'java/lang/ClassNotFoundException'{0x0000000713fb56a0}: sun/awt/resources/spi/awtProvider> (0x0000000713fb56a0) 
thrown [s\open\src\hotspot\share\classfile\systemDictionary.cpp, line 313]
Event: 2.683 Thread 0x00000192f23410d0 Exception <a 'java/io/FileNotFoundException'{0x0000000713fb9a08}> (0x0000000713fb9a08) 
thrown [s\open\src\hotspot\share\prims\jni.cpp, line 520]
Event: 2.683 Thread 0x00000192f23410d0 Exception <a 'java/io/FileNotFoundException'{0x0000000713fbb100}> (0x0000000713fbb100) 
thrown [s\open\src\hotspot\share\prims\jni.cpp, line 520]
Event: 3.406 Thread 0x00000192e9786ef0 Exception <a 'java/lang/NoSuchMethodError'{0x0000000710fecf98}: 'long java.lang.invoke.DirectMethodHandle$Holder.invokeStatic(java.lang.Object, java.lang.Object, java.lang.Object)'> (0x0000000710fecf98) 
thrown [s\open\src\hotspot\share\interpreter\linkResolver.cpp, line 774]
Event: 3.407 Thread 0x00000192e9786ef0 Exception <a 'java/lang/NoSuchMethodError'{0x0000000710ff0368}: 'long java.lang.invoke.DirectMethodHandle$Holder.invokeStaticInit(java.lang.Object, java.lang.Object, java.lang.Object)'> (0x0000000710ff0368) 
thrown [s\open\src\hotspot\share\interpreter\linkResolver.cpp, line 774]
Event: 3.409 Thread 0x00000192e9786ef0 Exception <a 'java/lang/NoSuchMethodError'{0x0000000710bc6cc0}: 'java.lang.Object java.lang.invoke.DirectMethodHandle$Holder.newInvokeSpecial(java.lang.Object, java.lang.Object, long)'> (0x0000000710bc6cc0) 
thrown [s\open\src\hotspot\share\interpreter\linkResolver.cpp, line 774]
Event: 3.409 Thread 0x00000192e9786ef0 Exception <a 'java/lang/NoSuchMethodError'{0x0000000710bca5c8}: 'java.lang.Object java.lang.invoke.Invokers$Holder.linkToTargetMethod(java.lang.Object, long, java.lang.Object)'> (0x0000000710bca5c8) 
thrown [s\open\src\hotspot\share\interpreter\linkResolver.cpp, line 774]

ZGC Phase Switch (0 events):
No events

VM Operations (20 events):
Event: 1.831 Executing VM operation: G1CollectForAllocation (G1 Evacuation Pause) done
Event: 3.212 Executing VM operation: ICBufferFull
Event: 3.212 Executing VM operation: ICBufferFull done
Event: 5.213 Executing VM operation: Cleanup
Event: 5.213 Executing VM operation: Cleanup done
Event: 7.214 Executing VM operation: Cleanup
Event: 7.214 Executing VM operation: Cleanup done
Event: 8.000 Executing VM operation: G1TryInitiateConcMark (G1 Humongous Allocation)
Event: 8.011 Executing VM operation: G1TryInitiateConcMark (G1 Humongous Allocation) done
Event: 8.799 Executing VM operation: G1TryInitiateConcMark (G1 Humongous Allocation)
Event: 8.808 Executing VM operation: G1TryInitiateConcMark (G1 Humongous Allocation) done
Event: 9.808 Executing VM operation: Cleanup
Event: 9.808 Executing VM operation: Cleanup done
Event: 10.112 Executing VM operation: G1TryInitiateConcMark (G1 Humongous Allocation)
Event: 10.123 Executing VM operation: G1TryInitiateConcMark (G1 Humongous Allocation) done
Event: 11.123 Executing VM operation: Cleanup
Event: 11.123 Executing VM operation: Cleanup done
Event: 11.167 Executing VM operation: G1TryInitiateConcMark (G1 Humongous Allocation)
Event: 11.174 Executing VM operation: G1TryInitiateConcMark (G1 Humongous Allocation) done
Event: 11.685 Executing VM operation: Exit

Memory protections (0 events):
No events

Nmethod flushes (0 events):
No events

Events (20 events):
Event: 2.471 Thread 0x00000192e99fc2e0 Thread exited: 0x00000192e99fc2e0
Event: 2.471 Thread 0x00000192c1360a40 Thread exited: 0x00000192c1360a40
Event: 2.536 Thread 0x00000192c1b5b890 Thread added: 0x00000192f23403b0
Event: 2.699 Thread 0x00000192f23410d0 Thread added: 0x00000192f2341df0
Event: 3.193 Thread 0x00000192e99fbc20 Thread exited: 0x00000192e99fbc20
Event: 3.491 Thread 0x00000192f2341760 Thread exited: 0x00000192f2341760
Event: 3.491 Thread 0x00000192f23410d0 Thread exited: 0x00000192f23410d0
Event: 6.204 Thread 0x00000192e4967170 Thread exited: 0x00000192e4967170
Event: 6.961 Thread 0x00000192e49ab720 Thread added: 0x00000192e9e02240
Event: 7.525 Thread 0x00000192e9786ef0 Thread added: 0x00000192f2340a40
Event: 7.525 Thread 0x00000192e9e02240 Thread exited: 0x00000192e9e02240
Event: 7.535 Thread 0x00000192e49a8620 Thread added: 0x00000192e9e02240
Event: 7.552 Thread 0x00000192e49ab720 Thread added: 0x00000192f2b96f60
Event: 7.558 Thread 0x00000192e9e02240 Thread added: 0x00000192c1482c20
Event: 7.809 Thread 0x00000192c1482c20 Thread exited: 0x00000192c1482c20
Event: 11.683 Thread 0x00000192e9786ef0 Thread added: 0x00000192f2342480
Event: 11.684 Thread 0x00000192e9786ef0 Thread added: 0x00000192f2342b10
Event: 11.685 Thread 0x00000192f2342b10 Thread exited: 0x00000192f2342b10
Event: 11.685 Thread 0x00000192f2342480 Thread exited: 0x00000192f2342480
Event: 11.685 Thread 0x00000192e9786ef0 Before exit entered


Dynamic libraries:
0x00007ff7a3540000 - 0x00007ff7a354e000 	C:\Users\adeli\.jdks\openjdk-22.0.2\bin\java.exe
0x00007fff79550000 - 0x00007fff79767000 	C:\WINDOWS\SYSTEM32\ntdll.dll
0x00007fff77700000 - 0x00007fff777c4000 	C:\WINDOWS\System32\KERNEL32.DLL
0x00007fff76e50000 - 0x00007fff77207000 	C:\WINDOWS\System32\KERNELBASE.dll
0x00007fff76a80000 - 0x00007fff76b91000 	C:\WINDOWS\System32\ucrtbase.dll
0x00007fff6ec20000 - 0x00007fff6ec37000 	C:\Users\adeli\.jdks\openjdk-22.0.2\bin\jli.dll
0x00007fff6e280000 - 0x00007fff6e29b000 	C:\Users\adeli\.jdks\openjdk-22.0.2\bin\VCRUNTIME140.dll
0x00007fff78280000 - 0x00007fff7842f000 	C:\WINDOWS\System32\USER32.dll
0x00007fff76860000 - 0x00007fff76886000 	C:\WINDOWS\System32\win32u.dll
0x00007fff785d0000 - 0x00007fff785f9000 	C:\WINDOWS\System32\GDI32.dll
0x00007fff76d00000 - 0x00007fff76e18000 	C:\WINDOWS\System32\gdi32full.dll
0x00007fff76c60000 - 0x00007fff76cfa000 	C:\WINDOWS\System32\msvcp_win.dll
0x00007fff56430000 - 0x00007fff566c3000 	C:\WINDOWS\WinSxS\amd64_microsoft.windows.common-controls_6595b64144ccf1df_6.0.22621.3672_none_2713b9d173822955\COMCTL32.dll
0x00007fff77bb0000 - 0x00007fff77c57000 	C:\WINDOWS\System32\msvcrt.dll
0x00007fff780d0000 - 0x00007fff78101000 	C:\WINDOWS\System32\IMM32.DLL
0x00007fff6ec10000 - 0x00007fff6ec1c000 	C:\Users\adeli\.jdks\openjdk-22.0.2\bin\vcruntime140_1.dll
0x00007fff6c3b0000 - 0x00007fff6c43e000 	C:\Users\adeli\.jdks\openjdk-22.0.2\bin\msvcp140.dll
0x00007ffe9d640000 - 0x00007ffe9e389000 	C:\Users\adeli\.jdks\openjdk-22.0.2\bin\server\jvm.dll
0x00007fff781c0000 - 0x00007fff78272000 	C:\WINDOWS\System32\ADVAPI32.dll
0x00007fff779e0000 - 0x00007fff77a88000 	C:\WINDOWS\System32\sechost.dll
0x00007fff76e20000 - 0x00007fff76e48000 	C:\WINDOWS\System32\bcrypt.dll
0x00007fff77a90000 - 0x00007fff77ba4000 	C:\WINDOWS\System32\RPCRT4.dll
0x00007fff77d30000 - 0x00007fff77da1000 	C:\WINDOWS\System32\WS2_32.dll
0x00007fff75710000 - 0x00007fff7575d000 	C:\WINDOWS\SYSTEM32\POWRPROF.dll
0x00007fff6b890000 - 0x00007fff6b89a000 	C:\WINDOWS\SYSTEM32\VERSION.dll
0x00007fff6dfc0000 - 0x00007fff6dff4000 	C:\WINDOWS\SYSTEM32\WINMM.dll
0x00007fff756f0000 - 0x00007fff75703000 	C:\WINDOWS\SYSTEM32\UMPDC.dll
0x00007fff759a0000 - 0x00007fff759b8000 	C:\WINDOWS\SYSTEM32\kernel.appcore.dll
0x00007fff6e270000 - 0x00007fff6e27a000 	C:\Users\adeli\.jdks\openjdk-22.0.2\bin\jimage.dll
0x00007fff74140000 - 0x00007fff74372000 	C:\WINDOWS\SYSTEM32\DBGHELP.DLL
0x00007fff79180000 - 0x00007fff7950e000 	C:\WINDOWS\System32\combase.dll
0x00007fff784c0000 - 0x00007fff78597000 	C:\WINDOWS\System32\OLEAUT32.dll
0x00007fff5d590000 - 0x00007fff5d5c2000 	C:\WINDOWS\SYSTEM32\dbgcore.DLL
0x00007fff76a00000 - 0x00007fff76a7b000 	C:\WINDOWS\System32\bcryptPrimitives.dll
0x00007fff6e210000 - 0x00007fff6e21f000 	C:\Users\adeli\.jdks\openjdk-22.0.2\bin\instrument.dll
0x00007fff6ddf0000 - 0x00007fff6de0e000 	C:\Users\adeli\.jdks\openjdk-22.0.2\bin\java.dll
0x00007fff78910000 - 0x00007fff79179000 	C:\WINDOWS\System32\SHELL32.dll
0x00007fff77db0000 - 0x00007fff77f55000 	C:\WINDOWS\System32\ole32.dll
0x00007fff747a0000 - 0x00007fff7509f000 	C:\WINDOWS\SYSTEM32\windows.storage.dll
0x00007fff74660000 - 0x00007fff7479f000 	C:\WINDOWS\SYSTEM32\wintypes.dll
0x00007fff778e0000 - 0x00007fff779d9000 	C:\WINDOWS\System32\SHCORE.dll
0x00007fff77cb0000 - 0x00007fff77d0e000 	C:\WINDOWS\System32\shlwapi.dll
0x00007fff76790000 - 0x00007fff767b7000 	C:\WINDOWS\SYSTEM32\profapi.dll
0x00007fff6c2d0000 - 0x00007fff6c3a7000 	C:\Users\adeli\.jdks\openjdk-22.0.2\bin\jsvml.dll
0x00007fff6e200000 - 0x00007fff6e210000 	C:\Users\adeli\.jdks\openjdk-22.0.2\bin\net.dll
0x00007fff75e10000 - 0x00007fff75e79000 	C:\WINDOWS\system32\mswsock.dll
0x00007fff6c2b0000 - 0x00007fff6c2c6000 	C:\Users\adeli\.jdks\openjdk-22.0.2\bin\nio.dll
0x00007fff6c290000 - 0x00007fff6c2a7000 	C:\Users\adeli\.jdks\openjdk-22.0.2\bin\zip.dll
0x00007fff6c220000 - 0x00007fff6c23a000 	C:\Program Files\JetBrains\IntelliJ IDEA 2024.2.1\bin\breakgen64.dll
0x00007fff6e1b0000 - 0x00007fff6e1b9000 	C:\Users\adeli\.jdks\openjdk-22.0.2\bin\extnet.dll
0x00000192c1e20000 - 0x00000192c1e23000 	D:\openCV\openjfx-23.0.1_windows-x64_bin-sdk\javafx-sdk-23.0.1\bin\api-ms-win-core-console-l1-1-0.dll
0x00000192c1e30000 - 0x00000192c1e33000 	D:\openCV\openjfx-23.0.1_windows-x64_bin-sdk\javafx-sdk-23.0.1\bin\api-ms-win-core-console-l1-2-0.dll
0x00000192c1e40000 - 0x00000192c1e43000 	D:\openCV\openjfx-23.0.1_windows-x64_bin-sdk\javafx-sdk-23.0.1\bin\api-ms-win-core-datetime-l1-1-0.dll
0x00000192c1e50000 - 0x00000192c1e53000 	D:\openCV\openjfx-23.0.1_windows-x64_bin-sdk\javafx-sdk-23.0.1\bin\api-ms-win-core-debug-l1-1-0.dll
0x00000192c1e60000 - 0x00000192c1e63000 	D:\openCV\openjfx-23.0.1_windows-x64_bin-sdk\javafx-sdk-23.0.1\bin\api-ms-win-core-errorhandling-l1-1-0.dll
0x00000192c1e70000 - 0x00000192c1e74000 	D:\openCV\openjfx-23.0.1_windows-x64_bin-sdk\javafx-sdk-23.0.1\bin\api-ms-win-core-file-l1-1-0.dll
0x00000192c1e80000 - 0x00000192c1e83000 	D:\openCV\openjfx-23.0.1_windows-x64_bin-sdk\javafx-sdk-23.0.1\bin\api-ms-win-core-file-l1-2-0.dll
0x00000192c1e90000 - 0x00000192c1e93000 	D:\openCV\openjfx-23.0.1_windows-x64_bin-sdk\javafx-sdk-23.0.1\bin\api-ms-win-core-file-l2-1-0.dll
0x00000192c1ea0000 - 0x00000192c1ea3000 	D:\openCV\openjfx-23.0.1_windows-x64_bin-sdk\javafx-sdk-23.0.1\bin\api-ms-win-core-handle-l1-1-0.dll
0x00000192c1eb0000 - 0x00000192c1eb3000 	D:\openCV\openjfx-23.0.1_windows-x64_bin-sdk\javafx-sdk-23.0.1\bin\api-ms-win-core-heap-l1-1-0.dll
0x00000192c1ec0000 - 0x00000192c1ec3000 	D:\openCV\openjfx-23.0.1_windows-x64_bin-sdk\javafx-sdk-23.0.1\bin\api-ms-win-core-interlocked-l1-1-0.dll
0x00000192c1ed0000 - 0x00000192c1ed3000 	D:\openCV\openjfx-23.0.1_windows-x64_bin-sdk\javafx-sdk-23.0.1\bin\api-ms-win-core-libraryloader-l1-1-0.dll
0x00000192c1ee0000 - 0x00000192c1ee3000 	D:\openCV\openjfx-23.0.1_windows-x64_bin-sdk\javafx-sdk-23.0.1\bin\api-ms-win-core-localization-l1-2-0.dll
0x00000192c1ef0000 - 0x00000192c1ef3000 	D:\openCV\openjfx-23.0.1_windows-x64_bin-sdk\javafx-sdk-23.0.1\bin\api-ms-win-core-memory-l1-1-0.dll
0x00000192c1f00000 - 0x00000192c1f03000 	D:\openCV\openjfx-23.0.1_windows-x64_bin-sdk\javafx-sdk-23.0.1\bin\api-ms-win-core-namedpipe-l1-1-0.dll
0x00000192c1f10000 - 0x00000192c1f13000 	D:\openCV\openjfx-23.0.1_windows-x64_bin-sdk\javafx-sdk-23.0.1\bin\api-ms-win-core-processenvironment-l1-1-0.dll
0x00000192c1f20000 - 0x00000192c1f23000 	D:\openCV\openjfx-23.0.1_windows-x64_bin-sdk\javafx-sdk-23.0.1\bin\api-ms-win-core-processthreads-l1-1-0.dll
0x00000192c1f30000 - 0x00000192c1f33000 	D:\openCV\openjfx-23.0.1_windows-x64_bin-sdk\javafx-sdk-23.0.1\bin\api-ms-win-core-processthreads-l1-1-1.dll
0x00000192c1f40000 - 0x00000192c1f43000 	D:\openCV\openjfx-23.0.1_windows-x64_bin-sdk\javafx-sdk-23.0.1\bin\api-ms-win-core-profile-l1-1-0.dll
0x00000192c1f50000 - 0x00000192c1f53000 	D:\openCV\openjfx-23.0.1_windows-x64_bin-sdk\javafx-sdk-23.0.1\bin\api-ms-win-core-rtlsupport-l1-1-0.dll
0x00000192c1f60000 - 0x00000192c1f63000 	D:\openCV\openjfx-23.0.1_windows-x64_bin-sdk\javafx-sdk-23.0.1\bin\api-ms-win-core-string-l1-1-0.dll
0x00000192c1f70000 - 0x00000192c1f73000 	D:\openCV\openjfx-23.0.1_windows-x64_bin-sdk\javafx-sdk-23.0.1\bin\api-ms-win-core-synch-l1-1-0.dll
0x00000192c1f80000 - 0x00000192c1f83000 	D:\openCV\openjfx-23.0.1_windows-x64_bin-sdk\javafx-sdk-23.0.1\bin\api-ms-win-core-synch-l1-2-0.dll
0x00000192c1f90000 - 0x00000192c1f93000 	D:\openCV\openjfx-23.0.1_windows-x64_bin-sdk\javafx-sdk-23.0.1\bin\api-ms-win-core-sysinfo-l1-1-0.dll
0x00000192c1fa0000 - 0x00000192c1fa3000 	D:\openCV\openjfx-23.0.1_windows-x64_bin-sdk\javafx-sdk-23.0.1\bin\api-ms-win-core-timezone-l1-1-0.dll
0x00000192c1fb0000 - 0x00000192c1fb3000 	D:\openCV\openjfx-23.0.1_windows-x64_bin-sdk\javafx-sdk-23.0.1\bin\api-ms-win-core-util-l1-1-0.dll
0x00000192c1fc0000 - 0x00000192c1fc3000 	D:\openCV\openjfx-23.0.1_windows-x64_bin-sdk\javafx-sdk-23.0.1\bin\api-ms-win-crt-conio-l1-1-0.dll
0x00000192c1fd0000 - 0x00000192c1fd4000 	D:\openCV\openjfx-23.0.1_windows-x64_bin-sdk\javafx-sdk-23.0.1\bin\api-ms-win-crt-convert-l1-1-0.dll
0x00000192c1fe0000 - 0x00000192c1fe3000 	D:\openCV\openjfx-23.0.1_windows-x64_bin-sdk\javafx-sdk-23.0.1\bin\api-ms-win-crt-environment-l1-1-0.dll
0x00000192c1ff0000 - 0x00000192c1ff3000 	D:\openCV\openjfx-23.0.1_windows-x64_bin-sdk\javafx-sdk-23.0.1\bin\api-ms-win-crt-filesystem-l1-1-0.dll
0x00000192c2000000 - 0x00000192c2003000 	D:\openCV\openjfx-23.0.1_windows-x64_bin-sdk\javafx-sdk-23.0.1\bin\api-ms-win-crt-heap-l1-1-0.dll
0x00000192c2010000 - 0x00000192c2013000 	D:\openCV\openjfx-23.0.1_windows-x64_bin-sdk\javafx-sdk-23.0.1\bin\api-ms-win-crt-locale-l1-1-0.dll
0x00000192c2020000 - 0x00000192c2025000 	D:\openCV\openjfx-23.0.1_windows-x64_bin-sdk\javafx-sdk-23.0.1\bin\api-ms-win-crt-math-l1-1-0.dll
0x00000192c2030000 - 0x00000192c2035000 	D:\openCV\openjfx-23.0.1_windows-x64_bin-sdk\javafx-sdk-23.0.1\bin\api-ms-win-crt-multibyte-l1-1-0.dll
0x00000192c2040000 - 0x00000192c2050000 	D:\openCV\openjfx-23.0.1_windows-x64_bin-sdk\javafx-sdk-23.0.1\bin\api-ms-win-crt-private-l1-1-0.dll
0x00000192c2050000 - 0x00000192c2053000 	D:\openCV\openjfx-23.0.1_windows-x64_bin-sdk\javafx-sdk-23.0.1\bin\api-ms-win-crt-process-l1-1-0.dll
0x00000192c2060000 - 0x00000192c2064000 	D:\openCV\openjfx-23.0.1_windows-x64_bin-sdk\javafx-sdk-23.0.1\bin\api-ms-win-crt-runtime-l1-1-0.dll
0x00000192c2070000 - 0x00000192c2074000 	D:\openCV\openjfx-23.0.1_windows-x64_bin-sdk\javafx-sdk-23.0.1\bin\api-ms-win-crt-stdio-l1-1-0.dll
0x00000192c2080000 - 0x00000192c2084000 	D:\openCV\openjfx-23.0.1_windows-x64_bin-sdk\javafx-sdk-23.0.1\bin\api-ms-win-crt-string-l1-1-0.dll
0x00000192c2090000 - 0x00000192c2093000 	D:\openCV\openjfx-23.0.1_windows-x64_bin-sdk\javafx-sdk-23.0.1\bin\api-ms-win-crt-time-l1-1-0.dll
0x00000192c20a0000 - 0x00000192c20a3000 	D:\openCV\openjfx-23.0.1_windows-x64_bin-sdk\javafx-sdk-23.0.1\bin\api-ms-win-crt-utility-l1-1-0.dll
0x00007fff398c0000 - 0x00007fff399bc000 	D:\openCV\openjfx-23.0.1_windows-x64_bin-sdk\javafx-sdk-23.0.1\bin\ucrtbase.dll
0x00007fff54f30000 - 0x00007fff54f4b000 	D:\openCV\openjfx-23.0.1_windows-x64_bin-sdk\javafx-sdk-23.0.1\bin\vcruntime140.dll
0x00007fff6b9f0000 - 0x00007fff6b9fc000 	D:\openCV\openjfx-23.0.1_windows-x64_bin-sdk\javafx-sdk-23.0.1\bin\vcruntime140_1.dll
0x00007fff51a20000 - 0x00007fff51aae000 	D:\openCV\openjfx-23.0.1_windows-x64_bin-sdk\javafx-sdk-23.0.1\bin\msvcp140.dll
0x00007fff68700000 - 0x00007fff68709000 	D:\openCV\openjfx-23.0.1_windows-x64_bin-sdk\javafx-sdk-23.0.1\bin\msvcp140_1.dll
0x00007fff53e20000 - 0x00007fff53e61000 	D:\openCV\openjfx-23.0.1_windows-x64_bin-sdk\javafx-sdk-23.0.1\bin\msvcp140_2.dll
0x00007fff54a20000 - 0x00007fff54a50000 	D:\openCV\openjfx-23.0.1_windows-x64_bin-sdk\javafx-sdk-23.0.1\bin\prism_d3d.dll
0x00007fff14f50000 - 0x00007fff150f8000 	C:\WINDOWS\system32\d3d9.dll
0x00007fff73aa0000 - 0x00007fff73acb000 	C:\WINDOWS\SYSTEM32\dwmapi.dll
0x00007fff73850000 - 0x00007fff73887000 	C:\WINDOWS\SYSTEM32\dxcore.dll
0x00007fff73720000 - 0x00007fff737d1000 	C:\WINDOWS\system32\uxtheme.dll
0x00007fff2a110000 - 0x00007fff2a1c0000 	C:\WINDOWS\SYSTEM32\d3d9on12.dll
0x00007fff73890000 - 0x00007fff73987000 	C:\WINDOWS\SYSTEM32\dxgi.dll
0x00007fff534d0000 - 0x00007fff534f6000 	C:\WINDOWS\SYSTEM32\d3d12.dll
0x00007fff76540000 - 0x00007fff7658e000 	C:\WINDOWS\SYSTEM32\cfgmgr32.dll
0x00007fff21c70000 - 0x00007fff21e72000 	C:\WINDOWS\SYSTEM32\D3D12Core.dll
0x00007fff1fab0000 - 0x00007fff1fbb7000 	C:\WINDOWS\System32\DriverStore\FileRepository\iigd_dch.inf_amd64_0fdf6ce291234272\igd12umd64.dll
0x00007ffe9c730000 - 0x00007ffe9d635000 	C:\WINDOWS\System32\DriverStore\FileRepository\iigd_dch.inf_amd64_0fdf6ce291234272\igd12um64xel.dll
0x00007fff76890000 - 0x00007fff769f6000 	C:\WINDOWS\System32\CRYPT32.dll
0x00007fff423b0000 - 0x00007fff423f4000 	C:\WINDOWS\SYSTEM32\ControlLib.dll
0x00007fff77280000 - 0x00007fff776f4000 	C:\WINDOWS\System32\SETUPAPI.dll
0x00007fff76590000 - 0x00007fff765bc000 	C:\WINDOWS\SYSTEM32\DEVOBJ.dll
0x00007fff64630000 - 0x00007fff646bb000 	C:\WINDOWS\System32\DriverStore\FileRepository\iigd_dch.inf_amd64_0fdf6ce291234272\IntelControlLib.dll
0x00007fff77210000 - 0x00007fff7727c000 	C:\WINDOWS\System32\WINTRUST.dll
0x00007fff76500000 - 0x00007fff76512000 	C:\WINDOWS\SYSTEM32\MSASN1.dll
0x00007fff6b820000 - 0x00007fff6b869000 	C:\WINDOWS\SYSTEM32\directxdatabasehelper.dll
0x00007fff60c00000 - 0x00007fff61038000 	C:\WINDOWS\System32\DriverStore\FileRepository\iigd_dch.inf_amd64_0fdf6ce291234272\igdgmm64.dll
0x00007fff580b0000 - 0x00007fff5bf5d000 	C:\WINDOWS\System32\DriverStore\FileRepository\iigd_dch.inf_amd64_0fdf6ce291234272\igc64.dll
0x00007fff534a0000 - 0x00007fff534cf000 	C:\WINDOWS\SYSTEM32\D3DSCache.dll
0x00007fff75f00000 - 0x00007fff75f28000 	C:\WINDOWS\SYSTEM32\USERENV.dll
0x00007ffec6c10000 - 0x00007ffec6f0c000 	C:\WINDOWS\System32\DriverStore\FileRepository\iigd_dch.inf_amd64_0fdf6ce291234272\igd12dxva64.dll
0x00007fff10580000 - 0x00007fff11763000 	C:\WINDOWS\System32\DriverStore\FileRepository\iigd_dch.inf_amd64_0fdf6ce291234272\igddxvacommon64.dll
0x00007fff0e850000 - 0x00007fff10571000 	C:\WINDOWS\System32\DriverStore\FileRepository\iigd_dch.inf_amd64_0fdf6ce291234272\media_bin_64.dll
0x00007fff29e30000 - 0x00007fff29e57000 	C:\WINDOWS\System32\DriverStore\FileRepository\iigd_dch.inf_amd64_0fdf6ce291234272\igdinfo64.dll
0x00007fff69020000 - 0x00007fff692c2000 	C:\WINDOWS\SYSTEM32\twinapi.appcore.dll
0x00007fff51b90000 - 0x00007fff51bd5000 	D:\openCV\openjfx-23.0.1_windows-x64_bin-sdk\javafx-sdk-23.0.1\bin\glass.dll
0x00007fff777d0000 - 0x00007fff778cf000 	C:\WINDOWS\System32\COMDLG32.dll

dbghelp: loaded successfully - version: 4.0.5 - missing functions: none
symbol engine: initialized successfully - sym options: 0x614 - pdb path: .;C:\Users\adeli\.jdks\openjdk-22.0.2\bin;C:\WINDOWS\SYSTEM32;C:\WINDOWS\WinSxS\amd64_microsoft.windows.common-controls_6595b64144ccf1df_6.0.22621.3672_none_2713b9d173822955;C:\Users\adeli\.jdks\openjdk-22.0.2\bin\server;C:\Program Files\JetBrains\IntelliJ IDEA 2024.2.1\bin;D:\openCV\openjfx-23.0.1_windows-x64_bin-sdk\javafx-sdk-23.0.1\bin;C:\WINDOWS\System32\DriverStore\FileRepository\iigd_dch.inf_amd64_0fdf6ce291234272;D:\openCV\opencv\build\java\x64;C:\WINDOWS\WinSxS\amd64_microsoft.windows.gdiplus_6595b64144ccf1df_1.1.22621.4249_none_57fb0ed6ce180668;C:\Program Files\Common Files\Microsoft Shared\Ink

VM Arguments:
jvm_args: --module-path=D:\openCV\openjfx-23.0.1_windows-x64_bin-sdk\javafx-sdk-23.0.1\lib --add-modules=javafx.controls,javafx.fxml -Djava.library.path=D:\openCV\opencv\build\java\x64 --enable-preview -javaagent:C:\Program Files\JetBrains\IntelliJ IDEA 2024.2.1\lib\idea_rt.jar=52826:C:\Program Files\JetBrains\IntelliJ IDEA 2024.2.1\bin -Dfile.encoding=UTF-8 -Dsun.stdout.encoding=UTF-8 -Dsun.stderr.encoding=UTF-8 
java_command: ui.PreviewFrame
java_class_path (initial): C:\Users\adeli\IdeaProjects\SurveillanceSystem\out\production\SurveillanceSystem;C:\Users\adeli\IdeaProjects\SurveillanceSystem\opencv-4100.jar;D:\openCV\openjfx-23.0.1_windows-x64_bin-sdk\javafx-sdk-23.0.1\lib\javafx-swt.jar;D:\openCV\openjfx-23.0.1_windows-x64_bin-sdk\javafx-sdk-23.0.1\lib\javafx.base.jar;D:\openCV\openjfx-23.0.1_windows-x64_bin-sdk\javafx-sdk-23.0.1\lib\javafx.controls.jar;D:\openCV\openjfx-23.0.1_windows-x64_bin-sdk\javafx-sdk-23.0.1\lib\javafx.fxml.jar;D:\openCV\openjfx-23.0.1_windows-x64_bin-sdk\javafx-sdk-23.0.1\lib\javafx.graphics.jar;D:\openCV\openjfx-23.0.1_windows-x64_bin-sdk\javafx-sdk-23.0.1\lib\javafx.media.jar;D:\openCV\openjfx-23.0.1_windows-x64_bin-sdk\javafx-sdk-23.0.1\lib\javafx.swing.jar;D:\openCV\openjfx-23.0.1_windows-x64_bin-sdk\javafx-sdk-23.0.1\lib\javafx.web.jar
Launcher Type: SUN_STANDARD

[Global flags]
     intx CICompilerCount                          = 12                                        {product} {ergonomic}
     uint ConcGCThreads                            = 4                                         {product} {ergonomic}
     uint G1ConcRefinementThreads                  = 15                                        {product} {ergonomic}
   size_t G1HeapRegionSize                         = 2097152                                   {product} {ergonomic}
   size_t InitialHeapSize                          = 264241152                                 {product} {ergonomic}
   size_t MarkStackSize                            = 4194304                                   {product} {ergonomic}
   size_t MaxHeapSize                              = 4208984064                                {product} {ergonomic}
   size_t MaxNewSize                               = 2524971008                                {product} {ergonomic}
   size_t MinHeapDeltaBytes                        = 2097152                                   {product} {ergonomic}
   size_t MinHeapSize                              = 8388608                                   {product} {ergonomic}
    uintx NonNMethodCodeHeapSize                   = 7602480                                {pd product} {ergonomic}
    uintx NonProfiledCodeHeapSize                  = 122027880                              {pd product} {ergonomic}
    uintx ProfiledCodeHeapSize                     = 122027880                              {pd product} {ergonomic}
    uintx ReservedCodeCacheSize                    = 251658240                              {pd product} {ergonomic}
     bool SegmentedCodeCache                       = true                                      {product} {ergonomic}
   size_t SoftMaxHeapSize                          = 4208984064                             {manageable} {ergonomic}
     bool UseCompressedOops                        = true                           {product lp64_product} {ergonomic}
     bool UseG1GC                                  = true                                      {product} {ergonomic}
     bool UseLargePagesIndividualAllocation        = false                                  {pd product} {ergonomic}

Logging:
Log output configuration:
 #0: stdout all=off uptime,level,tags foldmultilines=false
 #1: stderr all=off uptime,level,tags foldmultilines=false

Environment Variables:
JAVA_HOME=C:\Program Files\Java\jdk-17
PATH=C:\Program Files\Common Files\Oracle\Java\javapath;C:\Program Files (x86)\Common Files\Oracle\Java\java8path;C:\Program Files (x86)\Common Files\Oracle\Java\javapath;C:\ProgramData\Oracle\Java\javapath;C:\WINDOWS\system32;C:\WINDOWS;C:\WINDOWS\System32\Wbem;C:\WINDOWS\System32\WindowsPowerShell\v1.0\;C:\WINDOWS\System32\OpenSSH\;C:\Program Files\Git\cmd;C:\Program Files\nodejs\;C:\Program Files\dotnet\;C:\Program Files\Microsoft SQL Server\150\Tools\Binn\;C:\Program Files\Microsoft SQL Server\Client SDK\ODBC\170\Tools\Binn\;D:\FlutterApp\flutter\bin;C:\Program Files (x86)\Windows Kits\10\Windows Performance Toolkit\;C:\mvn\apache-maven-3.9.9\bin;C:\Program Files\PostgreSQL\16\bin;C:\Users\adeli\AppData\Local\Android\Sdk\platform-tools;;C:\Program Files\Docker\Docker\resources\bin;C:\ProgramData\chocolatey\bin;C:\Program Files\CMake\bin;C:\Program Files\MySQL\MySQL Shell 8.0\bin\;C:\Users\adeli\AppData\Local\Programs\Python\Launcher\;C:\Program Files (x86)\Elm\0.19.1\bin;C:\Users\adeli\AppData\Local\Microsoft\WindowsApps;C:\Users\adeli\AppData\Local\Programs\Microsoft VS Code\bin;C:\Users\adeli\AppData\Local\Microsoft\WinGet\Links;C:\Users\adeli\AppData\Roaming\npm;C:\modeltech64_10.6d\win64;C:\intelFPGA\21.1\questa_fse\win64;C:\Users\adeli\.dotnet\tools;D:\FlutterGame\flutter\bin;C:\Program Files\JetBrains\IntelliJ IDEA 2024.2.1\bin;;C:\mvn\apache-maven-3.9.9\bin;C:\Program Files\PostgreSQL\16\bin;C:\Users\adeli\AppData\Local\Android\Sdk\platform-tools;C:\CLion 2024.2.1\bin;;C:\Program Files\JetBrains\PyCharm Community Edition 2024.2.3\bin;;C:\Program Files\Java\jdk-17\bin;
USERNAME=adeli
OS=Windows_NT
PROCESSOR_IDENTIFIER=Intel64 Family 6 Model 154 Stepping 3, GenuineIntel
TMP=C:\Users\adeli\AppData\Local\Temp
TEMP=C:\Users\adeli\AppData\Local\Temp




Periodic native trim disabled

---------------  S Y S T E M  ---------------

OS:
 Windows 11 , 64 bit Build 22621 (10.0.22621.3958)
OS uptime: 0 days 3:27 hours
Hyper-V role detected

CPU: total 20 (initial active 20) (10 cores per cpu, 2 threads per core) family 6 model 154 stepping 3 microcode 0x432, cx8, cmov, fxsr, ht, mmx, 3dnowpref, sse, sse2, sse3, ssse3, sse4.1, sse4.2, popcnt, lzcnt, tsc, tscinvbit, avx, avx2, aes, erms, clmul, bmi1, bmi2, adx, sha, fma, vzeroupper, clflush, clflushopt, clwb, hv, serialize, rdtscp, rdpid, fsrm, f16c, cet_ibt, cet_ss
Processor Information for processor 0
  Max Mhz: 2300, Current Mhz: 2300, Mhz Limit: 2300
Processor Information for processor 1
  Max Mhz: 2300, Current Mhz: 2300, Mhz Limit: 2300
Processor Information for processor 2
  Max Mhz: 2300, Current Mhz: 2300, Mhz Limit: 2300
Processor Information for processor 3
  Max Mhz: 2300, Current Mhz: 1506, Mhz Limit: 2300
Processor Information for processor 4
  Max Mhz: 2300, Current Mhz: 2300, Mhz Limit: 2300
Processor Information for processor 5
  Max Mhz: 2300, Current Mhz: 1506, Mhz Limit: 2300
Processor Information for processor 6
  Max Mhz: 2300, Current Mhz: 1506, Mhz Limit: 2300
Processor Information for processor 7
  Max Mhz: 2300, Current Mhz: 2300, Mhz Limit: 2300
Processor Information for processor 8
  Max Mhz: 2300, Current Mhz: 2300, Mhz Limit: 2300
Processor Information for processor 9
  Max Mhz: 2300, Current Mhz: 1506, Mhz Limit: 2300
Processor Information for processor 10
  Max Mhz: 2300, Current Mhz: 1506, Mhz Limit: 2300
Processor Information for processor 11
  Max Mhz: 2300, Current Mhz: 2300, Mhz Limit: 2300
Processor Information for processor 12
  Max Mhz: 2300, Current Mhz: 1500, Mhz Limit: 1679
Processor Information for processor 13
  Max Mhz: 2300, Current Mhz: 1500, Mhz Limit: 1679
Processor Information for processor 14
  Max Mhz: 2300, Current Mhz: 1500, Mhz Limit: 1679
Processor Information for processor 15
  Max Mhz: 2300, Current Mhz: 1500, Mhz Limit: 1679
Processor Information for processor 16
  Max Mhz: 2300, Current Mhz: 1700, Mhz Limit: 1679
Processor Information for processor 17
  Max Mhz: 2300, Current Mhz: 1500, Mhz Limit: 1679
Processor Information for processor 18
  Max Mhz: 2300, Current Mhz: 1500, Mhz Limit: 1679
Processor Information for processor 19
  Max Mhz: 2300, Current Mhz: 1500, Mhz Limit: 1679

Memory: 4k page, system-wide physical 16051M (4405M free)
TotalPageFile size 22195M (AvailPageFile size 6044M)
current process WorkingSet (physical memory assigned to process): 502M, peak: 588M
current process commit charge ("private bytes"): 639M, peak: 753M

vm_info: OpenJDK 64-Bit Server VM (22.0.2+9-70) for windows-amd64 JRE (22.0.2+9-70), built on 2024-06-04T16:52:23Z by "mach5one" with MS VC++ 17.6 (VS2022)

END.
