#
# A fatal error has been detected by the Java Runtime Environment:
#
#  Internal Error (0xc000000d), pid=18176, tid=21676
#
# JRE version: OpenJDK Runtime Environment (22.0.2+9) (build 22.0.2+9-70)
# Java VM: OpenJDK 64-Bit Server VM (22.0.2+9-70, mixed mode, sharing, tiered, compressed oops, compressed class ptrs, g1 gc, windows-amd64)
# Problematic frame:
# C  [ntdll.dll+0x126600]
#
# No core dump will be written. Minidumps are not enabled by default on client versions of Windows
#
# If you would like to submit a bug report, please visit:
#   https://bugreport.java.com/bugreport/crash.jsp
#

---------------  S U M M A R Y ------------

Command Line: --module-path=D:\openCV\openjfx-23.0.1_windows-x64_bin-sdk\javafx-sdk-23.0.1\lib --add-modules=javafx.controls,javafx.fxml -Djava.library.path=D:\openCV\opencv\build\java\x64 --enable-preview -javaagent:C:\Program Files\JetBrains\IntelliJ IDEA 2024.2.1\lib\idea_rt.jar=52810:C:\Program Files\JetBrains\IntelliJ IDEA 2024.2.1\bin -Dfile.encoding=UTF-8 -Dsun.stdout.encoding=UTF-8 -Dsun.stderr.encoding=UTF-8 ui.PreviewFrame

Host: 12th Gen Intel(R) Core(TM) i7-12700H, 20 cores, 15G,  Windows 11 , 64 bit Build 22621 (10.0.22621.3958)
Time: Sat Nov 16 15:44:01 2024 GTB Standard Time elapsed time: 12.800585 seconds (0d 0h 0m 12s)

---------------  T H R E A D  ---------------

Current thread (0x000002aefc611cd0):  VMThread "VM Thread"          [id=21676, stack(0x000000bcc2800000,0x000000bcc2900000) (1024K)]

Stack: [0x000000bcc2800000,0x000000bcc2900000],  sp=0x000000bcc28fe150,  free space=1016k
Native frames: (J=compiled Java code, j=interpreted, Vv=VM code, C=native code)
C  [ntdll.dll+0x126600]  (no source info available)
C  [ntdll.dll+0xc7b85]  (no source info available)
C  [KERNELBASE.dll+0x72139]  (no source info available)
C  0x00007fff6e4b8b08  (no source info available)
C  0x00007fff6e4b8a72  (no source info available)
C  0x00007fff6e4ba0e5  (no source info available)
C  0x00007fff6e4b7b9f  (no source info available)
C  0x00007fff6e4b7b08  (no source info available)
C  0x00007fff6e4b7a3e  (no source info available)
C  0x00007fff3bd27e2f  (no source info available)
C  0x00007fff3bd1ad9b  (no source info available)
C  0x00007fff3bd1ac55  (no source info available)
C  0x00007fff6e4c3b53  (no source info available)
C  0x00007fff6e4b7429  (no source info available)
C  0x00007fff6e4bc7d7  (no source info available)
C  0x00007fff6e4bc712  (no source info available)
C  0x00007fff3bd32c50  (no source info available)
C  0x00007fff3bd2e27a  (no source info available)
C  0x00007fff3bd117f2  (no source info available)
C  0x00007fff3bd11671  (no source info available)
C  0x00007fff3bd30e47  (no source info available)
C  0x00007fff3bd12f70  (no source info available)
C  0x00007fff3bd05301  (no source info available)
C  0x00007fff3bd04883  (no source info available)
C  0x00007fff6e9d0605  (no source info available)
C  0x00007fff6e9cafb9  (no source info available)
C  0x00007fff6e9cfb8e  (no source info available)
C  0x00007fff4331df31  (no source info available)
C  0x00007fff43338f90  (no source info available)
C  0x00007fff5d6238fb  (no source info available)
C  0x00007fff5d671393  (no source info available)
C  0x00007fff5d673ac4  (no source info available)
C  0x00007fff5d6238fb  (no source info available)
C  0x00007fff5d6669b7  (no source info available)
C  0x00007fff5d666c24  (no source info available)
C  0x00007fff5d6871a5  (no source info available)
C  0x00007ffe97b0c576  (no source info available)
C  0x00007ffe9813b320  (no source info available)
C  0x00007ffe980527b7  (no source info available)
C  0x00007ffe98052565  (no source info available)
C  0x00007ffe98052889  (no source info available)
C  0x00007ffe9804a5e7  (no source info available)
C  0x00007ffe9804a565  (no source info available)
C  0x00007ffe9804a6eb  (no source info available)
C  0x00007ffe98003af3  (no source info available)
C  0x00007ffe980037ed  (no source info available)
C  0x00007ffe98003912  (no source info available)
C  [ntdll.dll+0x28b5f]  (no source info available)
C  [ntdll.dll+0x51566]  (no source info available)
C  [ntdll.dll+0x5115d]  (no source info available)
C  [KERNEL32.DLL+0x17fab]  (no source info available)
C  [ucrtbase.dll+0x1bed8]  (no source info available)
C  [ucrtbase.dll+0x1c099]  (no source info available)
V  [jvm.dll+0x6db87b]  (no source info available)
V  [jvm.dll+0x6db3b0]  (no source info available)
V  [jvm.dll+0x3e2314]  (no source info available)
V  [jvm.dll+0x87e0f0]  (no source info available)
V  [jvm.dll+0x87f477]  (no source info available)
V  [jvm.dll+0x87f9f0]  (no source info available)
V  [jvm.dll+0x87fc93]  (no source info available)
V  [jvm.dll+0x81dc0b]  (no source info available)
V  [jvm.dll+0x6e0d85]  (no source info available)
C  [ucrtbase.dll+0x29333]  (no source info available)
C  [KERNEL32.DLL+0x1257d]  (no source info available)
C  [ntdll.dll+0x5af08]  (no source info available)


siginfo: EXCEPTION_?? (0xc000000d)


Registers:
RAX=0x00007fff00000000, RBX=0x000002aec5ac1c80, RCX=0x0000000000000000, RDX=0x0000016b00010004
RSP=0x000000bcc28fe150, RBP=0x00007fff6e4b9a30, RSI=0x000002aec6bc44b0, RDI=0x0000000000000000
R8 =0x00007fff6cde2670, R9 =0x0000000000000001, R10=0x000000bcc28fddca, R11=0x000002aec5c3f33c
R12=0x000002aec5ac1c80, R13=0x00007ffe9e2d4a60, R14=0x000000bcc28fe2e8, R15=0x00007fff6e4b9a30
RIP=0x00007fff79676600, EFLAGS=0x0000000000000202


Register to memory mapping:

RAX=0x00007fff00000000 is an unknown value
RBX=0x000002aec5ac1c80 points into unknown readable memory: 0x0000000000000000 | 00 00 00 00 00 00 00 00
RCX=0x0 is null
RDX=0x0000016b00010004 is an unknown value
RSP=0x000000bcc28fe150 points into unknown readable memory: 0x0000000000000057 | 57 00 00 00 00 00 00 00
RBP=0x00007fff6e4b9a30 points into unknown readable memory: 0x6c894808245c8948 | 48 89 5c 24 08 48 89 6c
RSI=0x000002aec6bc44b0 points into unknown readable memory: 0x0061007700000003 | 03 00 00 00 77 00 61 00
RDI=0x0 is null
R8 =0x00007fff6cde2670 points into unknown readable memory: 0x577972657551744e | 4e 74 51 75 65 72 79 57
R9 =0x0000000000000001 is an unknown value
R10=0x000000bcc28fddca points into unknown readable memory: a6 02 12 6a e8 02
R11=0x000002aec5c3f33c points into unknown readable memory: 44 00 4f 00
R12=0x000002aec5ac1c80 points into unknown readable memory: 0x0000000000000000 | 00 00 00 00 00 00 00 00
R13=0x00007ffe9e2d4a60 jvm.dll
R14=0x000000bcc28fe2e8 points into unknown readable memory: 0x0000000000000000 | 00 00 00 00 00 00 00 00
R15=0x00007fff6e4b9a30 points into unknown readable memory: 0x6c894808245c8948 | 48 89 5c 24 08 48 89 6c

Top of Stack: (sp=0x000000bcc28fe150)
0x000000bcc28fe150:   0000000000000057 000002aec5ac1c80
0x000000bcc28fe160:   000002aec6bc44b0 0000000000000000
0x000000bcc28fe170:   00000080c000000d 0000000000000000
0x000000bcc28fe180:   00007fff79676600 0000000000000000
0x000000bcc28fe190:   0000000000000000 0000000000000000
0x000000bcc28fe1a0:   0000000000000000 0000000000000000
0x000000bcc28fe1b0:   0000000000000000 0000000000000000
0x000000bcc28fe1c0:   0000000000000000 0000000000000000
0x000000bcc28fe1d0:   0000000000000000 0000000000000000
0x000000bcc28fe1e0:   0000000000000000 0000000000000000
0x000000bcc28fe1f0:   0000000000000000 0000000000000000
0x000000bcc28fe200:   0000000000000000 000002aec6bc43c0
0x000000bcc28fe210:   000074d020ae9530 0000000000000a70
0x000000bcc28fe220:   0000000000000060 00007fff79617b85
0x000000bcc28fe230:   000002aec6bc43c0 00007fff76e9a45b
0x000000bcc28fe240:   000002aec5ac1c80 00007fff6e4b9a30
0x000000bcc28fe250:   00007fff6e4b1320 0000000000000060
0x000000bcc28fe260:   00000000c0000001 00007fff76aa0334
0x000000bcc28fe270:   000002aecf25bb00 000002aec6bc43c0
0x000000bcc28fe280:   0000000000000a70 000002aec6bc44b0
0x000000bcc28fe290:   00007fff6e4b1320 00007fff76ec2139
0x000000bcc28fe2a0:   000002aec6bc45b0 000002aec5ac1c80
0x000000bcc28fe2b0:   000002aed05908cf 0000000000000009
0x000000bcc28fe2c0:   000002aec5ac1c80 00007fff6e4b8b08
0x000000bcc28fe2d0:   000002aec6bc45b0 00007fff6e4b8999
0x000000bcc28fe2e0:   0000000000000000 0000000000000000
0x000000bcc28fe2f0:   000002aecfd89908 00007fff6e4b8a72
0x000000bcc28fe300:   000002aec6bc45b0 000002aecf25bb00
0x000000bcc28fe310:   0000000000000000 000002aec6bc4588
0x000000bcc28fe320:   00007fff6e4b1500 0000000000000a70
0x000000bcc28fe330:   000002aec6bc4588 00007fff6e4ba0e5
0x000000bcc28fe340:   000000bcc28fe460 000000bcc28fe3b0 

Instructions: (pc=0x00007fff79676600)
0x00007fff79676500:   40 48 83 c4 30 5f c3 cc cc cc cc cc cc cc cc cc
0x00007fff79676510:   40 55 48 8d 6c 24 a9 48 81 ec d0 00 00 00 48 8b
0x00007fff79676520:   05 0b 80 07 00 48 33 c4 48 89 45 47 4c 8b d2 4d
0x00007fff79676530:   85 c0 74 30 4d 8b 48 50 48 8d 05 21 7e f2 ff c7
0x00007fff79676540:   45 bf 05 00 00 00 4c 3b c8 75 13 49 8b 40 58 48
0x00007fff79676550:   8b 50 20 48 85 d2 74 06 48 89 55 e7 eb 0d 4c 89
0x00007fff79676560:   4d e7 eb 07 c7 45 bf 04 00 00 00 48 83 65 af 00
0x00007fff79676570:   48 83 65 df 00 48 63 c1 48 8d 4d a7 48 89 45 c7
0x00007fff79676580:   c7 45 a7 0a 07 00 c0 4c 89 55 cf 4c 89 45 d7 c7
0x00007fff79676590:   45 ab 01 00 00 00 e8 f5 e1 f2 ff 48 8b 4d 47 48
0x00007fff796765a0:   33 cc e8 e9 87 f6 ff 48 81 c4 d0 00 00 00 5d c3
0x00007fff796765b0:   cc cc cc cc cc cc cc cc 48 81 ec d8 00 00 00 48
0x00007fff796765c0:   8b 05 6a 7f 07 00 48 33 c4 48 89 84 24 c0 00 00
0x00007fff796765d0:   00 33 d2 41 b8 94 00 00 00 48 8d 4c 24 24 e8 2d
0x00007fff796765e0:   aa 00 00 c7 44 24 20 0d 00 00 c0 b9 57 00 00 00
0x00007fff796765f0:   e8 ab d1 f2 ff 90 48 8d 4c 24 20 e8 90 e1 f2 ff
0x00007fff79676600:   eb 00 48 8b 8c 24 c0 00 00 00 48 33 cc e8 7e 87
0x00007fff79676610:   f6 ff 48 81 c4 d8 00 00 00 c3 cc 40 55 48 83 ec
0x00007fff79676620:   20 48 8b ea e8 0f 00 00 00 90 48 83 c4 20 5d c3
0x00007fff79676630:   cc cc cc cc cc cc cc cc 48 83 ec 28 48 8b 51 08
0x00007fff79676640:   41 b8 03 00 00 00 48 8b 09 e8 82 0d fc ff 33 c0
0x00007fff79676650:   48 83 c4 28 c3 cc cc cc cc cc cc cc 48 8b 01 48
0x00007fff79676660:   83 c9 ff 8b 10 e9 d6 9f f7 ff cc cc cc cc cc cc
0x00007fff79676670:   4c 8b dc 48 81 ec 88 00 00 00 48 8b 05 af 7e 07
0x00007fff79676680:   00 48 33 c4 48 89 44 24 70 48 8b 84 24 b0 00 00
0x00007fff79676690:   00 41 ba 24 1c 00 00 49 89 43 d8 8b 84 24 b8 00
0x00007fff796766a0:   00 00 66 45 89 53 9e 49 89 4b b8 49 89 53 c0 4d
0x00007fff796766b0:   89 43 c8 4d 89 4b d0 89 44 24 68 e8 b0 49 f1 ff
0x00007fff796766c0:   85 c0 74 19 65 48 8b 04 25 60 00 00 00 48 8b 88
0x00007fff796766d0:   90 00 00 00 48 81 c1 2c 02 00 00 eb 05 b9 86 03
0x00007fff796766e0:   fe 7f 0f b6 09 4c 8d 4c 24 20 ba 03 04 00 00 41
0x00007fff796766f0:   b8 2c 00 00 00 e8 76 a5 f7 ff 48 8b 4c 24 70 48 


Stack slot to memory mapping:

stack at sp + 0 slots: 0x0000000000000057 is an unknown value
stack at sp + 1 slots: 0x000002aec5ac1c80 points into unknown readable memory: 0x0000000000000000 | 00 00 00 00 00 00 00 00
stack at sp + 2 slots: 0x000002aec6bc44b0 points into unknown readable memory: 0x0061007700000003 | 03 00 00 00 77 00 61 00
stack at sp + 3 slots: 0x0 is null
stack at sp + 4 slots: 0x00000080c000000d is an unknown value
stack at sp + 5 slots: 0x0 is null
stack at sp + 6 slots: 0x00007fff79676600 ntdll.dll
stack at sp + 7 slots: 0x0 is null

VM_Operation (0x000000bcc39fce00): Exit, mode: safepoint, requested by thread 0x000002aec56a76d0


---------------  P R O C E S S  ---------------

Threads class SMR info:
_java_thread_list=0x000002aecfbe6f20, length=20, elements={
0x000002aedd3b0f90, 0x000002aefc630170, 0x000002aefc631090, 0x000002aefc633d00,
0x000002aefc636770, 0x000002aefc6381e0, 0x000002aefc638c40, 0x000002aefc63db60,
0x000002aefc63e740, 0x000002aefc5fb6b0, 0x000002aec5b15fa0, 0x000002aec584cfa0,
0x000002aec57eb700, 0x000002aec53cf4a0, 0x000002aec56a76d0, 0x000002aec62bda10,
0x000002aec6307080, 0x000002aecf61a400, 0x000002aecf61cb60, 0x000002aecf61b120
}

Java Threads: ( => current thread )
  0x000002aedd3b0f90 JavaThread "main"                              [_thread_blocked, id=21488, stack(0x000000bcc2100000,0x000000bcc2200000) (1024K)]
  0x000002aefc630170 JavaThread "Reference Handler"          daemon [_thread_blocked, id=5284, stack(0x000000bcc2900000,0x000000bcc2a00000) (1024K)]
  0x000002aefc631090 JavaThread "Finalizer"                  daemon [_thread_blocked, id=4616, stack(0x000000bcc2a00000,0x000000bcc2b00000) (1024K)]
  0x000002aefc633d00 JavaThread "Signal Dispatcher"          daemon [_thread_blocked, id=5244, stack(0x000000bcc2b00000,0x000000bcc2c00000) (1024K)]
  0x000002aefc636770 JavaThread "Attach Listener"            daemon [_thread_blocked, id=10468, stack(0x000000bcc2c00000,0x000000bcc2d00000) (1024K)]
  0x000002aefc6381e0 JavaThread "Service Thread"             daemon [_thread_blocked, id=20868, stack(0x000000bcc2d00000,0x000000bcc2e00000) (1024K)]
  0x000002aefc638c40 JavaThread "Monitor Deflation Thread"   daemon [_thread_blocked, id=15604, stack(0x000000bcc2e00000,0x000000bcc2f00000) (1024K)]
  0x000002aefc63db60 JavaThread "C2 CompilerThread0"         daemon [_thread_blocked, id=5348, stack(0x000000bcc2f00000,0x000000bcc3000000) (1024K)]
  0x000002aefc63e740 JavaThread "C1 CompilerThread0"         daemon [_thread_blocked, id=2640, stack(0x000000bcc3000000,0x000000bcc3100000) (1024K)]
  0x000002aefc5fb6b0 JavaThread "Common-Cleaner"             daemon [_thread_blocked, id=10276, stack(0x000000bcc3100000,0x000000bcc3200000) (1024K)]
  0x000002aec5b15fa0 JavaThread "Monitor Ctrl-Break"         daemon [_thread_in_native, id=9380, stack(0x000000bcc3a00000,0x000000bcc3b00000) (1024K)]
  0x000002aec584cfa0 JavaThread "Notification Thread"        daemon [_thread_blocked, id=15396, stack(0x000000bcc3b00000,0x000000bcc3c00000) (1024K)]
  0x000002aec57eb700 JavaThread "QuantumRenderer-0"          daemon [_thread_blocked, id=2964, stack(0x000000bcc3c00000,0x000000bcc3d00000) (1024K)]
  0x000002aec53cf4a0 JavaThread "InvokeLaterDispatcher"      daemon [_thread_blocked, id=19116, stack(0x000000bcc3800000,0x000000bcc3900000) (1024K)]
  0x000002aec56a76d0 JavaThread "JavaFX Application Thread"         [_thread_blocked, id=20844, stack(0x000000bcc3900000,0x000000bcc3a00000) (1024K)]
  0x000002aec62bda10 JavaThread "JavaFX-Launcher"                   [_thread_blocked, id=10404, stack(0x000000bcc4200000,0x000000bcc4300000) (1024K)]
  0x000002aec6307080 JavaThread "Thread-2"                   daemon [_thread_in_native, id=15692, stack(0x000000bcc3700000,0x000000bcc3800000) (1024K)]
  0x000002aecf61a400 JavaThread "Prism Font Disposer"        daemon [_thread_blocked, id=20580, stack(0x000000bcc4d00000,0x000000bcc4e00000) (1024K)]
  0x000002aecf61cb60 JavaThread "Cleaner-0"                  daemon [_thread_blocked, id=19104, stack(0x000000bcc5a00000,0x000000bcc5b00000) (1024K)]
  0x000002aecf61b120 JavaThread "Java2D Disposer"            daemon [_thread_blocked, id=21288, stack(0x000000bcc5b00000,0x000000bcc5c00000) (1024K)]
Total: 20

Other Threads:
=>0x000002aefc611cd0 VMThread "VM Thread"                           [id=21676, stack(0x000000bcc2800000,0x000000bcc2900000) (1024K)]
  0x000002aedd4181f0 WorkerThread "GC Thread#0"                     [id=17472, stack(0x000000bcc2200000,0x000000bcc2300000) (1024K)]
  0x000002aec638f3f0 WorkerThread "GC Thread#1"                     [id=1928, stack(0x000000bcc4300000,0x000000bcc4400000) (1024K)]
  0x000002aec638f7a0 WorkerThread "GC Thread#2"                     [id=22200, stack(0x000000bcc4400000,0x000000bcc4500000) (1024K)]
  0x000002aec638ff60 WorkerThread "GC Thread#3"                     [id=21804, stack(0x000000bcc4500000,0x000000bcc4600000) (1024K)]
  0x000002aec6390310 WorkerThread "GC Thread#4"                     [id=9596, stack(0x000000bcc4600000,0x000000bcc4700000) (1024K)]
  0x000002aec63a6520 WorkerThread "GC Thread#5"                     [id=17112, stack(0x000000bcc4700000,0x000000bcc4800000) (1024K)]
  0x000002aec63a7030 WorkerThread "GC Thread#6"                     [id=3708, stack(0x000000bcc4800000,0x000000bcc4900000) (1024K)]
  0x000002aec63a5a10 WorkerThread "GC Thread#7"                     [id=10516, stack(0x000000bcc4900000,0x000000bcc4a00000) (1024K)]
  0x000002aec63a5dc0 WorkerThread "GC Thread#8"                     [id=21108, stack(0x000000bcc4a00000,0x000000bcc4b00000) (1024K)]
  0x000002aec6473e40 WorkerThread "GC Thread#9"                     [id=21564, stack(0x000000bcc4b00000,0x000000bcc4c00000) (1024K)]
  0x000002aec6475460 WorkerThread "GC Thread#10"                    [id=22292, stack(0x000000bcc4c00000,0x000000bcc4d00000) (1024K)]
  0x000002aec64750b0 WorkerThread "GC Thread#11"                    [id=14044, stack(0x000000bcc3500000,0x000000bcc3600000) (1024K)]
  0x000002aec6475810 WorkerThread "GC Thread#12"                    [id=21068, stack(0x000000bcc5d00000,0x000000bcc5e00000) (1024K)]
  0x000002aedd429cc0 ConcurrentGCThread "G1 Main Marker"            terminated
  0x000002aedd42a7d0 WorkerThread "G1 Conc#0"                       [id=10356, stack(0x000000bcc2400000,0x000000bcc2500000) (1024K)]
  0x000002aefc4c6450 ConcurrentGCThread "G1 Refine#0"               terminated
  0x000002aefc4c71e0 ConcurrentGCThread "G1 Service"                terminated
Total: 18

Threads with active compile tasks:
Total: 0

VM state: at safepoint (shutting down)

VM Mutex/Monitor currently owned by a thread:  ([mutex/lock_event])
[0x00007ffe9e2acb80] Threads_lock - owner thread: 0x000002aefc611cd0
[0x00007ffe9e2acc80] Heap_lock - owner thread: 0x000002aec56a76d0

Heap address: 0x0000000705200000, size: 4014 MB, Compressed Oops mode: Zero based, Oop shift amount: 3

CDS archive(s) mapped at: [0x000002ae80000000-0x000002ae80c60000-0x000002ae80c60000), size 12976128, SharedBaseAddress: 0x000002ae80000000, ArchiveRelocationMode: 1.
Compressed class space mapped at: 0x000002ae81000000-0x000002aec1000000, reserved size: 1073741824
Narrow klass base: 0x000002ae80000000, Narrow klass shift: 0, Narrow klass range: 0x41000000

GC Precious Log:
 CardTable entry size: 512
 Card Set container configuration: InlinePtr #cards 4 size 8 Array Of Cards #cards 16 size 48 Howl #buckets 8 coarsen threshold 3686 Howl Bitmap #cards 512 size 80 coarsen threshold 460 Card regions per heap region 1 cards per card region 4096
 CPUs: 20 total, 20 available
 Memory: 16051M
 Large Page Support: Disabled
 NUMA Support: Disabled
 Compressed Oops: Enabled (Zero based)
 Heap Region Size: 2M
 Heap Min Capacity: 8M
 Heap Initial Capacity: 252M
 Heap Max Capacity: 4014M
 Pre-touch: Disabled
 Parallel Workers: 15
 Concurrent Workers: 4
 Concurrent Refinement Workers: 15
 Periodic GC: Disabled

Heap:
 garbage-first heap   total reserved 4110336K, committed 258048K, used 109510K [0x0000000705200000, 0x0000000800000000)
  region size 2048K, 14 young (28672K), 6 survivors (12288K)
 Metaspace       used 18629K, committed 18944K, reserved 1114112K
  class space    used 2632K, committed 2752K, reserved 1048576K

Heap Regions: E=young(eden), S=young(survivor), O=old, HS=humongous(starts), HC=humongous(continues), CS=collection set, F=free, TAMS=top-at-mark-start, PB=parsable bottom
|   0|0x0000000705200000, 0x0000000705400000, 0x0000000705400000|100%| O|  |TAMS 0x0000000705200000| PB 0x0000000705200000| Untracked |  0
|   1|0x0000000705400000, 0x000000070552f908, 0x0000000705600000| 59%| O|  |TAMS 0x0000000705400000| PB 0x0000000705400000| Untracked |  0
|   2|0x0000000705600000, 0x0000000705800000, 0x0000000705800000|100%|HS|  |TAMS 0x0000000705600000| PB 0x0000000705600000| Complete |  0
|   3|0x0000000705800000, 0x0000000705a00000, 0x0000000705a00000|100%|HS|  |TAMS 0x0000000705800000| PB 0x0000000705800000| Complete |  0
|   4|0x0000000705a00000, 0x0000000705c00000, 0x0000000705c00000|100%|HS|  |TAMS 0x0000000705a00000| PB 0x0000000705a00000| Complete |  0
|   5|0x0000000705c00000, 0x0000000705e00000, 0x0000000705e00000|100%|HS|  |TAMS 0x0000000705c00000| PB 0x0000000705c00000| Complete |  0
|   6|0x0000000705e00000, 0x0000000706000000, 0x0000000706000000|100%|HS|  |TAMS 0x0000000705e00000| PB 0x0000000705e00000| Complete |  0
|   7|0x0000000706000000, 0x0000000706200000, 0x0000000706200000|100%|HS|  |TAMS 0x0000000706000000| PB 0x0000000706000000| Complete |  0
|   8|0x0000000706200000, 0x0000000706400000, 0x0000000706400000|100%|HS|  |TAMS 0x0000000706200000| PB 0x0000000706200000| Complete |  0
|   9|0x0000000706400000, 0x0000000706600000, 0x0000000706600000|100%|HS|  |TAMS 0x0000000706400000| PB 0x0000000706400000| Complete |  0
|  10|0x0000000706600000, 0x0000000706800000, 0x0000000706800000|100%|HS|  |TAMS 0x0000000706600000| PB 0x0000000706600000| Complete |  0
|  11|0x0000000706800000, 0x0000000706a00000, 0x0000000706a00000|100%|HS|  |TAMS 0x0000000706800000| PB 0x0000000706800000| Complete |  0
|  12|0x0000000706a00000, 0x0000000706c00000, 0x0000000706c00000|100%|HS|  |TAMS 0x0000000706a00000| PB 0x0000000706a00000| Complete |  0
|  13|0x0000000706c00000, 0x0000000706e00000, 0x0000000706e00000|100%|HS|  |TAMS 0x0000000706c00000| PB 0x0000000706c00000| Complete |  0
|  14|0x0000000706e00000, 0x0000000707000000, 0x0000000707000000|100%|HS|  |TAMS 0x0000000706e00000| PB 0x0000000706e00000| Complete |  0
|  15|0x0000000707000000, 0x0000000707200000, 0x0000000707200000|100%|HS|  |TAMS 0x0000000707000000| PB 0x0000000707000000| Complete |  0
|  16|0x0000000707200000, 0x0000000707400000, 0x0000000707400000|100%|HS|  |TAMS 0x0000000707200000| PB 0x0000000707200000| Complete |  0
|  17|0x0000000707400000, 0x0000000707600000, 0x0000000707600000|100%|HS|  |TAMS 0x0000000707400000| PB 0x0000000707400000| Complete |  0
|  18|0x0000000707600000, 0x0000000707800000, 0x0000000707800000|100%|HS|  |TAMS 0x0000000707600000| PB 0x0000000707600000| Complete |  0
|  19|0x0000000707800000, 0x0000000707a00000, 0x0000000707a00000|100%|HS|  |TAMS 0x0000000707800000| PB 0x0000000707800000| Complete |  0
|  20|0x0000000707a00000, 0x0000000707c00000, 0x0000000707c00000|100%|HS|  |TAMS 0x0000000707a00000| PB 0x0000000707a00000| Complete |  0
|  21|0x0000000707c00000, 0x0000000707e00000, 0x0000000707e00000|100%|HS|  |TAMS 0x0000000707c00000| PB 0x0000000707c00000| Complete |  0
|  22|0x0000000707e00000, 0x0000000708000000, 0x0000000708000000|100%|HS|  |TAMS 0x0000000707e00000| PB 0x0000000707e00000| Complete |  0
|  23|0x0000000708000000, 0x0000000708200000, 0x0000000708200000|100%|HS|  |TAMS 0x0000000708000000| PB 0x0000000708000000| Complete |  0
|  24|0x0000000708200000, 0x0000000708200000, 0x0000000708400000|  0%| F|  |TAMS 0x0000000708200000| PB 0x0000000708200000| Untracked |  0
|  25|0x0000000708400000, 0x0000000708600000, 0x0000000708600000|100%|HS|  |TAMS 0x0000000708400000| PB 0x0000000708400000| Complete |  0
|  26|0x0000000708600000, 0x0000000708800000, 0x0000000708800000|100%|HS|  |TAMS 0x0000000708600000| PB 0x0000000708600000| Complete |  0
|  27|0x0000000708800000, 0x0000000708800000, 0x0000000708a00000|  0%| F|  |TAMS 0x0000000708800000| PB 0x0000000708800000| Untracked |  0
|  28|0x0000000708a00000, 0x0000000708a00000, 0x0000000708c00000|  0%| F|  |TAMS 0x0000000708a00000| PB 0x0000000708a00000| Untracked |  0
|  29|0x0000000708c00000, 0x0000000708e00000, 0x0000000708e00000|100%|HS|  |TAMS 0x0000000708c00000| PB 0x0000000708c00000| Complete |  0
|  30|0x0000000708e00000, 0x0000000709000000, 0x0000000709000000|100%|HS|  |TAMS 0x0000000708e00000| PB 0x0000000708e00000| Complete |  0
|  31|0x0000000709000000, 0x0000000709000000, 0x0000000709200000|  0%| F|  |TAMS 0x0000000709000000| PB 0x0000000709000000| Untracked |  0
|  32|0x0000000709200000, 0x0000000709200000, 0x0000000709400000|  0%| F|  |TAMS 0x0000000709200000| PB 0x0000000709200000| Untracked |  0
|  33|0x0000000709400000, 0x0000000709600000, 0x0000000709600000|100%|HS|  |TAMS 0x0000000709400000| PB 0x0000000709400000| Complete |  0
|  34|0x0000000709600000, 0x0000000709800000, 0x0000000709800000|100%|HS|  |TAMS 0x0000000709600000| PB 0x0000000709600000| Complete |  0
|  35|0x0000000709800000, 0x0000000709800000, 0x0000000709a00000|  0%| F|  |TAMS 0x0000000709800000| PB 0x0000000709800000| Untracked |  0
|  36|0x0000000709a00000, 0x0000000709a00000, 0x0000000709c00000|  0%| F|  |TAMS 0x0000000709a00000| PB 0x0000000709a00000| Untracked |  0
|  37|0x0000000709c00000, 0x0000000709e00000, 0x0000000709e00000|100%|HS|  |TAMS 0x0000000709c00000| PB 0x0000000709c00000| Complete |  0
|  38|0x0000000709e00000, 0x0000000709e00000, 0x000000070a000000|  0%| F|  |TAMS 0x0000000709e00000| PB 0x0000000709e00000| Untracked |  0
|  39|0x000000070a000000, 0x000000070a200000, 0x000000070a200000|100%|HS|  |TAMS 0x000000070a000000| PB 0x000000070a000000| Complete |  0
|  40|0x000000070a200000, 0x000000070a400000, 0x000000070a400000|100%|HS|  |TAMS 0x000000070a200000| PB 0x000000070a200000| Complete |  0
|  41|0x000000070a400000, 0x000000070a400000, 0x000000070a600000|  0%| F|  |TAMS 0x000000070a400000| PB 0x000000070a400000| Untracked |  0
|  42|0x000000070a600000, 0x000000070a600000, 0x000000070a800000|  0%| F|  |TAMS 0x000000070a600000| PB 0x000000070a600000| Untracked |  0
|  43|0x000000070a800000, 0x000000070aa00000, 0x000000070aa00000|100%|HS|  |TAMS 0x000000070a800000| PB 0x000000070a800000| Complete |  0
|  44|0x000000070aa00000, 0x000000070ac00000, 0x000000070ac00000|100%|HS|  |TAMS 0x000000070aa00000| PB 0x000000070aa00000| Complete |  0
|  45|0x000000070ac00000, 0x000000070ac00000, 0x000000070ae00000|  0%| F|  |TAMS 0x000000070ac00000| PB 0x000000070ac00000| Untracked |  0
|  46|0x000000070ae00000, 0x000000070ae00000, 0x000000070b000000|  0%| F|  |TAMS 0x000000070ae00000| PB 0x000000070ae00000| Untracked |  0
|  47|0x000000070b000000, 0x000000070b200000, 0x000000070b200000|100%|HS|  |TAMS 0x000000070b000000| PB 0x000000070b000000| Complete |  0
|  48|0x000000070b200000, 0x000000070b400000, 0x000000070b400000|100%|HS|  |TAMS 0x000000070b200000| PB 0x000000070b200000| Complete |  0
|  49|0x000000070b400000, 0x000000070b400000, 0x000000070b600000|  0%| F|  |TAMS 0x000000070b400000| PB 0x000000070b400000| Untracked |  0
|  50|0x000000070b600000, 0x000000070b600000, 0x000000070b800000|  0%| F|  |TAMS 0x000000070b600000| PB 0x000000070b600000| Untracked |  0
|  51|0x000000070b800000, 0x000000070ba00000, 0x000000070ba00000|100%|HS|  |TAMS 0x000000070b800000| PB 0x000000070b800000| Complete |  0
|  52|0x000000070ba00000, 0x000000070bc00000, 0x000000070bc00000|100%|HS|  |TAMS 0x000000070ba00000| PB 0x000000070ba00000| Complete |  0
|  53|0x000000070bc00000, 0x000000070bc00000, 0x000000070be00000|  0%| F|  |TAMS 0x000000070bc00000| PB 0x000000070bc00000| Untracked |  0
|  54|0x000000070be00000, 0x000000070c000000, 0x000000070c000000|100%|HS|  |TAMS 0x000000070be00000| PB 0x000000070be00000| Complete |  0
|  55|0x000000070c000000, 0x000000070c200000, 0x000000070c200000|100%|HS|  |TAMS 0x000000070c000000| PB 0x000000070c000000| Complete |  0
|  56|0x000000070c200000, 0x000000070c400000, 0x000000070c400000|100%|HS|  |TAMS 0x000000070c200000| PB 0x000000070c200000| Complete |  0
|  57|0x000000070c400000, 0x000000070c400000, 0x000000070c600000|  0%| F|  |TAMS 0x000000070c400000| PB 0x000000070c400000| Untracked |  0
|  58|0x000000070c600000, 0x000000070c600000, 0x000000070c800000|  0%| F|  |TAMS 0x000000070c600000| PB 0x000000070c600000| Untracked |  0
|  59|0x000000070c800000, 0x000000070c800000, 0x000000070ca00000|  0%| F|  |TAMS 0x000000070c800000| PB 0x000000070c800000| Untracked |  0
|  60|0x000000070ca00000, 0x000000070ca00000, 0x000000070cc00000|  0%| F|  |TAMS 0x000000070ca00000| PB 0x000000070ca00000| Untracked |  0
|  61|0x000000070cc00000, 0x000000070cc00000, 0x000000070ce00000|  0%| F|  |TAMS 0x000000070cc00000| PB 0x000000070cc00000| Untracked |  0
|  62|0x000000070ce00000, 0x000000070ce00000, 0x000000070d000000|  0%| F|  |TAMS 0x000000070ce00000| PB 0x000000070ce00000| Untracked |  0
|  63|0x000000070d000000, 0x000000070d000000, 0x000000070d200000|  0%| F|  |TAMS 0x000000070d000000| PB 0x000000070d000000| Untracked |  0
|  64|0x000000070d200000, 0x000000070d200000, 0x000000070d400000|  0%| F|  |TAMS 0x000000070d200000| PB 0x000000070d200000| Untracked |  0
|  65|0x000000070d400000, 0x000000070d400000, 0x000000070d600000|  0%| F|  |TAMS 0x000000070d400000| PB 0x000000070d400000| Untracked |  0
|  66|0x000000070d600000, 0x000000070d600000, 0x000000070d800000|  0%| F|  |TAMS 0x000000070d600000| PB 0x000000070d600000| Untracked |  0
|  67|0x000000070d800000, 0x000000070d800000, 0x000000070da00000|  0%| F|  |TAMS 0x000000070d800000| PB 0x000000070d800000| Untracked |  0
|  68|0x000000070da00000, 0x000000070da00000, 0x000000070dc00000|  0%| F|  |TAMS 0x000000070da00000| PB 0x000000070da00000| Untracked |  0
|  69|0x000000070dc00000, 0x000000070dc00000, 0x000000070de00000|  0%| F|  |TAMS 0x000000070dc00000| PB 0x000000070dc00000| Untracked |  0
|  70|0x000000070de00000, 0x000000070de00000, 0x000000070e000000|  0%| F|  |TAMS 0x000000070de00000| PB 0x000000070de00000| Untracked |  0
|  71|0x000000070e000000, 0x000000070e000000, 0x000000070e200000|  0%| F|  |TAMS 0x000000070e000000| PB 0x000000070e000000| Untracked |  0
|  72|0x000000070e200000, 0x000000070e200000, 0x000000070e400000|  0%| F|  |TAMS 0x000000070e200000| PB 0x000000070e200000| Untracked |  0
|  73|0x000000070e400000, 0x000000070e400000, 0x000000070e600000|  0%| F|  |TAMS 0x000000070e400000| PB 0x000000070e400000| Untracked |  0
|  74|0x000000070e600000, 0x000000070e600000, 0x000000070e800000|  0%| F|  |TAMS 0x000000070e600000| PB 0x000000070e600000| Untracked |  0
|  75|0x000000070e800000, 0x000000070e800000, 0x000000070ea00000|  0%| F|  |TAMS 0x000000070e800000| PB 0x000000070e800000| Untracked |  0
|  76|0x000000070ea00000, 0x000000070ea00000, 0x000000070ec00000|  0%| F|  |TAMS 0x000000070ea00000| PB 0x000000070ea00000| Untracked |  0
|  77|0x000000070ec00000, 0x000000070ec00000, 0x000000070ee00000|  0%| F|  |TAMS 0x000000070ec00000| PB 0x000000070ec00000| Untracked |  0
|  78|0x000000070ee00000, 0x000000070efc2020, 0x000000070f000000| 87%| S|CS|TAMS 0x000000070ee00000| PB 0x000000070ee00000| Complete |  0
|  79|0x000000070f000000, 0x000000070f200000, 0x000000070f200000|100%| S|CS|TAMS 0x000000070f000000| PB 0x000000070f000000| Complete |  0
|  80|0x000000070f200000, 0x000000070f400000, 0x000000070f400000|100%| S|CS|TAMS 0x000000070f200000| PB 0x000000070f200000| Complete |  0
|  81|0x000000070f400000, 0x000000070f600000, 0x000000070f600000|100%| S|CS|TAMS 0x000000070f400000| PB 0x000000070f400000| Complete |  0
|  82|0x000000070f600000, 0x000000070f800000, 0x000000070f800000|100%| S|CS|TAMS 0x000000070f600000| PB 0x000000070f600000| Complete |  0
|  83|0x000000070f800000, 0x000000070fa00000, 0x000000070fa00000|100%| S|CS|TAMS 0x000000070f800000| PB 0x000000070f800000| Complete |  0
|  84|0x000000070fa00000, 0x000000070fa00000, 0x000000070fc00000|  0%| F|  |TAMS 0x000000070fa00000| PB 0x000000070fa00000| Untracked |  0
|  85|0x000000070fc00000, 0x000000070fc00000, 0x000000070fe00000|  0%| F|  |TAMS 0x000000070fc00000| PB 0x000000070fc00000| Untracked |  0
|  86|0x000000070fe00000, 0x000000070fe00000, 0x0000000710000000|  0%| F|  |TAMS 0x000000070fe00000| PB 0x000000070fe00000| Untracked |  0
|  87|0x0000000710000000, 0x0000000710000000, 0x0000000710200000|  0%| F|  |TAMS 0x0000000710000000| PB 0x0000000710000000| Untracked |  0
|  88|0x0000000710200000, 0x0000000710200000, 0x0000000710400000|  0%| F|  |TAMS 0x0000000710200000| PB 0x0000000710200000| Untracked |  0
|  89|0x0000000710400000, 0x0000000710400000, 0x0000000710600000|  0%| F|  |TAMS 0x0000000710400000| PB 0x0000000710400000| Untracked |  0
|  90|0x0000000710600000, 0x0000000710600000, 0x0000000710800000|  0%| F|  |TAMS 0x0000000710600000| PB 0x0000000710600000| Untracked |  0
|  91|0x0000000710800000, 0x0000000710800000, 0x0000000710a00000|  0%| F|  |TAMS 0x0000000710800000| PB 0x0000000710800000| Untracked |  0
|  92|0x0000000710a00000, 0x0000000710a00000, 0x0000000710c00000|  0%| F|  |TAMS 0x0000000710a00000| PB 0x0000000710a00000| Untracked |  0
|  93|0x0000000710c00000, 0x0000000710c00000, 0x0000000710e00000|  0%| F|  |TAMS 0x0000000710c00000| PB 0x0000000710c00000| Untracked |  0
|  94|0x0000000710e00000, 0x0000000710e00000, 0x0000000711000000|  0%| F|  |TAMS 0x0000000710e00000| PB 0x0000000710e00000| Untracked |  0
|  95|0x0000000711000000, 0x0000000711000000, 0x0000000711200000|  0%| F|  |TAMS 0x0000000711000000| PB 0x0000000711000000| Untracked |  0
|  96|0x0000000711200000, 0x0000000711200000, 0x0000000711400000|  0%| F|  |TAMS 0x0000000711200000| PB 0x0000000711200000| Untracked |  0
|  97|0x0000000711400000, 0x0000000711400000, 0x0000000711600000|  0%| F|  |TAMS 0x0000000711400000| PB 0x0000000711400000| Untracked |  0
|  98|0x0000000711600000, 0x0000000711600000, 0x0000000711800000|  0%| F|  |TAMS 0x0000000711600000| PB 0x0000000711600000| Untracked |  0
|  99|0x0000000711800000, 0x0000000711800000, 0x0000000711a00000|  0%| F|  |TAMS 0x0000000711800000| PB 0x0000000711800000| Untracked |  0
| 100|0x0000000711a00000, 0x0000000711a00000, 0x0000000711c00000|  0%| F|  |TAMS 0x0000000711a00000| PB 0x0000000711a00000| Untracked |  0
| 101|0x0000000711c00000, 0x0000000711c00000, 0x0000000711e00000|  0%| F|  |TAMS 0x0000000711c00000| PB 0x0000000711c00000| Untracked |  0
| 102|0x0000000711e00000, 0x0000000711e00000, 0x0000000712000000|  0%| F|  |TAMS 0x0000000711e00000| PB 0x0000000711e00000| Untracked |  0
| 103|0x0000000712000000, 0x0000000712000000, 0x0000000712200000|  0%| F|  |TAMS 0x0000000712000000| PB 0x0000000712000000| Untracked |  0
| 104|0x0000000712200000, 0x0000000712200000, 0x0000000712400000|  0%| F|  |TAMS 0x0000000712200000| PB 0x0000000712200000| Untracked |  0
| 105|0x0000000712400000, 0x0000000712400000, 0x0000000712600000|  0%| F|  |TAMS 0x0000000712400000| PB 0x0000000712400000| Untracked |  0
| 106|0x0000000712600000, 0x0000000712600000, 0x0000000712800000|  0%| F|  |TAMS 0x0000000712600000| PB 0x0000000712600000| Untracked |  0
| 107|0x0000000712800000, 0x0000000712800000, 0x0000000712a00000|  0%| F|  |TAMS 0x0000000712800000| PB 0x0000000712800000| Untracked |  0
| 108|0x0000000712a00000, 0x0000000712a00000, 0x0000000712c00000|  0%| F|  |TAMS 0x0000000712a00000| PB 0x0000000712a00000| Untracked |  0
| 109|0x0000000712c00000, 0x0000000712c00000, 0x0000000712e00000|  0%| F|  |TAMS 0x0000000712c00000| PB 0x0000000712c00000| Untracked |  0
| 110|0x0000000712e00000, 0x0000000712e00000, 0x0000000713000000|  0%| F|  |TAMS 0x0000000712e00000| PB 0x0000000712e00000| Untracked |  0
| 111|0x0000000713000000, 0x0000000713000000, 0x0000000713200000|  0%| F|  |TAMS 0x0000000713000000| PB 0x0000000713000000| Untracked |  0
| 112|0x0000000713200000, 0x0000000713200000, 0x0000000713400000|  0%| F|  |TAMS 0x0000000713200000| PB 0x0000000713200000| Untracked |  0
| 113|0x0000000713400000, 0x0000000713400000, 0x0000000713600000|  0%| F|  |TAMS 0x0000000713400000| PB 0x0000000713400000| Untracked |  0
| 114|0x0000000713600000, 0x0000000713600000, 0x0000000713800000|  0%| F|  |TAMS 0x0000000713600000| PB 0x0000000713600000| Untracked |  0
| 115|0x0000000713800000, 0x0000000713800000, 0x0000000713a00000|  0%| F|  |TAMS 0x0000000713800000| PB 0x0000000713800000| Untracked |  0
| 116|0x0000000713a00000, 0x0000000713a00000, 0x0000000713c00000|  0%| F|  |TAMS 0x0000000713a00000| PB 0x0000000713a00000| Untracked |  0
| 117|0x0000000713c00000, 0x0000000713c00000, 0x0000000713e00000|  0%| F|  |TAMS 0x0000000713c00000| PB 0x0000000713c00000| Untracked |  0
| 118|0x0000000713e00000, 0x0000000713e8d540, 0x0000000714000000| 27%| E|  |TAMS 0x0000000713e00000| PB 0x0000000713e00000| Complete |  0
| 119|0x0000000714000000, 0x0000000714200000, 0x0000000714200000|100%| E|CS|TAMS 0x0000000714000000| PB 0x0000000714000000| Complete |  0
| 120|0x0000000714200000, 0x0000000714400000, 0x0000000714400000|100%| E|CS|TAMS 0x0000000714200000| PB 0x0000000714200000| Complete |  0
| 121|0x0000000714400000, 0x0000000714600000, 0x0000000714600000|100%| E|  |TAMS 0x0000000714400000| PB 0x0000000714400000| Complete |  0
| 122|0x0000000714600000, 0x0000000714800000, 0x0000000714800000|100%| E|CS|TAMS 0x0000000714600000| PB 0x0000000714600000| Complete |  0
| 123|0x0000000714800000, 0x0000000714a00000, 0x0000000714a00000|100%| E|CS|TAMS 0x0000000714800000| PB 0x0000000714800000| Complete |  0
| 124|0x0000000714a00000, 0x0000000714c00000, 0x0000000714c00000|100%| E|CS|TAMS 0x0000000714a00000| PB 0x0000000714a00000| Complete |  0
| 125|0x0000000714c00000, 0x0000000714e00000, 0x0000000714e00000|100%| E|CS|TAMS 0x0000000714c00000| PB 0x0000000714c00000| Complete |  0

Card table byte_map: [0x000002aef5970000,0x000002aef6150000] _byte_map_base: 0x000002aef2147000

Marking Bits: (CMBitMap*) 0x000002aedd418900
 Bits: [0x000002aef6150000, 0x000002aefa008000)

Polling page: 0x000002aedb370000

Metaspace:

Usage:
  Non-class:     15.62 MB used.
      Class:      2.57 MB used.
       Both:     18.19 MB used.

Virtual space:
  Non-class space:       64.00 MB reserved,      15.81 MB ( 25%) committed,  1 nodes.
      Class space:        1.00 GB reserved,       2.69 MB ( <1%) committed,  1 nodes.
             Both:        1.06 GB reserved,      18.50 MB (  2%) committed. 

Chunk freelists:
   Non-Class:  15.80 MB
       Class:  13.19 MB
        Both:  28.99 MB

MaxMetaspaceSize: unlimited
CompressedClassSpaceSize: 1.00 GB
Initial GC threshold: 21.00 MB
Current GC threshold: 21.00 MB
CDS: on
 - commit_granule_bytes: 65536.
 - commit_granule_words: 8192.
 - virtual_space_node_default_size: 8388608.
 - enlarge_chunks_in_place: 1.
 - use_allocation_guard: 0.


Internal statistics:

num_allocs_failed_limit: 0.
num_arena_births: 354.
num_arena_deaths: 0.
num_vsnodes_births: 2.
num_vsnodes_deaths: 0.
num_space_committed: 296.
num_space_uncommitted: 0.
num_chunks_returned_to_freelist: 0.
num_chunks_taken_from_freelist: 871.
num_chunk_merges: 0.
num_chunk_splits: 601.
num_chunks_enlarged: 453.
num_inconsistent_stats: 0.

CodeHeap 'non-profiled nmethods': size=119168Kb used=1431Kb max_used=1431Kb free=117736Kb
 bounds [0x000002aeed290000, 0x000002aeed500000, 0x000002aef46f0000]
CodeHeap 'profiled nmethods': size=119104Kb used=6126Kb max_used=6126Kb free=112977Kb
 bounds [0x000002aee56f0000, 0x000002aee5cf0000, 0x000002aeecb40000]
CodeHeap 'non-nmethods': size=7488Kb used=1957Kb max_used=3347Kb free=5530Kb
 bounds [0x000002aeecb40000, 0x000002aeece90000, 0x000002aeed290000]
 total_blobs=4220 nmethods=3277 adapters=846
 compilation: enabled
              stopped_count=0, restarted_count=0
 full_count=0

Compilation events (20 events):
Event: 8.480 Thread 0x000002aefc63e740 3268       3       javafx.scene.layout.Region::setWidth (24 bytes)
Event: 8.480 Thread 0x000002aefc63e740 nmethod 3268 0x000002aee5ce9410 code [0x000002aee5ce95e0, 0x000002aee5ce9858]
Event: 8.480 Thread 0x000002aefc63e740 3269       3       javafx.scene.layout.Region::setHeight (24 bytes)
Event: 8.480 Thread 0x000002aefc63e740 nmethod 3269 0x000002aee5ce9990 code [0x000002aee5ce9b60, 0x000002aee5ce9dd8]
Event: 8.514 Thread 0x000002aefc63e740 3270       3       com.sun.prism.d3d.D3DResource$D3DRecord::dispose (41 bytes)
Event: 8.515 Thread 0x000002aefc63e740 nmethod 3270 0x000002aee5ce9f10 code [0x000002aee5cea0e0, 0x000002aee5cea3d8]
Event: 8.515 Thread 0x000002aefc63e740 3271       3       com.sun.prism.d3d.D3DResourceFactory::removeRecord (10 bytes)
Event: 8.515 Thread 0x000002aefc63e740 nmethod 3271 0x000002aee5cea590 code [0x000002aee5cea740, 0x000002aee5cea8a0]
Event: 8.516 Thread 0x000002aefc63e740 3273       1       com.sun.javafx.font.CompositeStrike::getSize (5 bytes)
Event: 8.516 Thread 0x000002aefc63e740 nmethod 3273 0x000002aeed3f0590 code [0x000002aeed3f0720, 0x000002aeed3f07e8]
Event: 8.709 Thread 0x000002aefc63e740 3274       3       javafx.scene.layout.Region::minWidth (52 bytes)
Event: 8.710 Thread 0x000002aefc63e740 nmethod 3274 0x000002aee5cea990 code [0x000002aee5ceabc0, 0x000002aee5ceb290]
Event: 8.710 Thread 0x000002aefc63e740 3275       3       javafx.scene.layout.Region::getMinWidth (22 bytes)
Event: 8.710 Thread 0x000002aefc63e740 nmethod 3275 0x000002aee5ceb490 code [0x000002aee5ceb660, 0x000002aee5ceba08]
Event: 8.760 Thread 0x000002aefc63db60 3276       4       javafx.scene.Node::updateLocalToParentTransform (442 bytes)
Event: 8.782 Thread 0x000002aefc63db60 nmethod 3276 0x000002aeed3f0890 code [0x000002aeed3f0d20, 0x000002aeed3f24c0]
Event: 8.790 Thread 0x000002aefc63db60 3277       4       java.util.EnumMap$ValueIterator::next (50 bytes)
Event: 8.792 Thread 0x000002aefc63db60 nmethod 3277 0x000002aeed3f3290 code [0x000002aeed3f3440, 0x000002aeed3f3690]
Event: 9.223 Thread 0x000002aefc63db60 3278       4       com.sun.javafx.scene.layout.RegionHelper::pickNodeLocalImpl (12 bytes)
Event: 9.241 Thread 0x000002aefc63db60 nmethod 3278 0x000002aeed3f3890 code [0x000002aeed3f3bc0, 0x000002aeed3f4b70]

GC Heap History (6 events):
Event: 0.461 GC heap before
{Heap before GC invocations=0 (full 0):
 garbage-first heap   total reserved 4110336K, committed 258048K, used 22528K [0x0000000705200000, 0x0000000800000000)
  region size 2048K, 12 young (24576K), 0 survivors (0K)
 Metaspace       used 4716K, committed 4928K, reserved 1114112K
  class space    used 540K, committed 640K, reserved 1048576K
}
Event: 0.470 GC heap after
{Heap after GC invocations=1 (full 0):
 garbage-first heap   total reserved 4110336K, committed 258048K, used 3680K [0x0000000705200000, 0x0000000800000000)
  region size 2048K, 2 young (4096K), 2 survivors (4096K)
 Metaspace       used 4716K, committed 4928K, reserved 1114112K
  class space    used 540K, committed 640K, reserved 1048576K
}
Event: 1.872 GC heap before
{Heap before GC invocations=1 (full 0):
 garbage-first heap   total reserved 4110336K, committed 258048K, used 42592K [0x0000000705200000, 0x0000000800000000)
  region size 2048K, 22 young (45056K), 2 survivors (4096K)
 Metaspace       used 12477K, committed 12800K, reserved 1114112K
  class space    used 1725K, committed 1856K, reserved 1048576K
}
Event: 1.904 GC heap after
{Heap after GC invocations=2 (full 0):
 garbage-first heap   total reserved 4110336K, committed 258048K, used 7752K [0x0000000705200000, 0x0000000800000000)
  region size 2048K, 3 young (6144K), 3 survivors (6144K)
 Metaspace       used 12477K, committed 12800K, reserved 1114112K
  class space    used 1725K, committed 1856K, reserved 1048576K
}
Event: 3.717 GC heap before
{Heap before GC invocations=2 (full 0):
 garbage-first heap   total reserved 4110336K, committed 258048K, used 196168K [0x0000000705200000, 0x0000000800000000)
  region size 2048K, 42 young (86016K), 3 survivors (6144K)
 Metaspace       used 18138K, committed 18432K, reserved 1114112K
  class space    used 2608K, committed 2752K, reserved 1048576K
}
Event: 3.725 GC heap after
{Heap after GC invocations=3 (full 0):
 garbage-first heap   total reserved 4110336K, committed 258048K, used 76742K [0x0000000705200000, 0x0000000800000000)
  region size 2048K, 6 young (12288K), 6 survivors (12288K)
 Metaspace       used 18138K, committed 18432K, reserved 1114112K
  class space    used 2608K, committed 2752K, reserved 1048576K
}

Dll operation events (20 events):
Event: 0.200 Loaded shared library D:\openCV\openjfx-23.0.1_windows-x64_bin-sdk\javafx-sdk-23.0.1\bin\api-ms-win-crt-multibyte-l1-1-0.dll
Event: 0.201 Loaded shared library D:\openCV\openjfx-23.0.1_windows-x64_bin-sdk\javafx-sdk-23.0.1\bin\api-ms-win-crt-private-l1-1-0.dll
Event: 0.201 Loaded shared library D:\openCV\openjfx-23.0.1_windows-x64_bin-sdk\javafx-sdk-23.0.1\bin\api-ms-win-crt-process-l1-1-0.dll
Event: 0.202 Loaded shared library D:\openCV\openjfx-23.0.1_windows-x64_bin-sdk\javafx-sdk-23.0.1\bin\api-ms-win-crt-runtime-l1-1-0.dll
Event: 0.203 Loaded shared library D:\openCV\openjfx-23.0.1_windows-x64_bin-sdk\javafx-sdk-23.0.1\bin\api-ms-win-crt-stdio-l1-1-0.dll
Event: 0.203 Loaded shared library D:\openCV\openjfx-23.0.1_windows-x64_bin-sdk\javafx-sdk-23.0.1\bin\api-ms-win-crt-string-l1-1-0.dll
Event: 0.204 Loaded shared library D:\openCV\openjfx-23.0.1_windows-x64_bin-sdk\javafx-sdk-23.0.1\bin\api-ms-win-crt-time-l1-1-0.dll
Event: 0.205 Loaded shared library D:\openCV\openjfx-23.0.1_windows-x64_bin-sdk\javafx-sdk-23.0.1\bin\api-ms-win-crt-utility-l1-1-0.dll
Event: 0.205 Loaded shared library D:\openCV\openjfx-23.0.1_windows-x64_bin-sdk\javafx-sdk-23.0.1\bin\ucrtbase.dll
Event: 0.206 Loaded shared library D:\openCV\openjfx-23.0.1_windows-x64_bin-sdk\javafx-sdk-23.0.1\bin\vcruntime140.dll
Event: 0.207 Loaded shared library D:\openCV\openjfx-23.0.1_windows-x64_bin-sdk\javafx-sdk-23.0.1\bin\vcruntime140_1.dll
Event: 0.208 Loaded shared library D:\openCV\openjfx-23.0.1_windows-x64_bin-sdk\javafx-sdk-23.0.1\bin\msvcp140.dll
Event: 0.208 Loaded shared library D:\openCV\openjfx-23.0.1_windows-x64_bin-sdk\javafx-sdk-23.0.1\bin\msvcp140_1.dll
Event: 0.209 Loaded shared library D:\openCV\openjfx-23.0.1_windows-x64_bin-sdk\javafx-sdk-23.0.1\bin\msvcp140_2.dll
Event: 0.237 Loaded shared library D:\openCV\openjfx-23.0.1_windows-x64_bin-sdk\javafx-sdk-23.0.1\bin\prism_d3d.dll
Event: 0.307 Loaded shared library D:\openCV\openjfx-23.0.1_windows-x64_bin-sdk\javafx-sdk-23.0.1\bin\glass.dll
Event: 0.429 Loaded shared library C:\Users\adeli\.jdks\openjdk-22.0.2\bin\jimage.dll
Event: 0.869 Loaded shared library D:\openCV\opencv\build\java\x64\opencv_java4100.dll
Event: 0.922 Loaded shared library D:\openCV\openjfx-23.0.1_windows-x64_bin-sdk\javafx-sdk-23.0.1\bin\javafx_font.dll
Event: 2.775 Loaded shared library C:\Users\adeli\.jdks\openjdk-22.0.2\bin\awt.dll

Deoptimization events (20 events):
Event: 3.067 Thread 0x000002aecf61be40 DEOPT PACKING pc=0x000002aee5bb9bfa sp=0x000000bcc53ff1e0
Event: 3.067 Thread 0x000002aecf61be40 DEOPT UNPACKING pc=0x000002aeecb94e42 sp=0x000000bcc53fe688 mode 0
Event: 3.068 Thread 0x000002aecf61c4d0 DEOPT PACKING pc=0x000002aee5bb9bfa sp=0x000000bcc55ff150
Event: 3.068 Thread 0x000002aecf61c4d0 DEOPT UNPACKING pc=0x000002aeecb94e42 sp=0x000000bcc55fe5f8 mode 0
Event: 3.730 Thread 0x000002aec57eb700 Uncommon trap: trap_request=0xffffff45 fr.pc=0x000002aeed386c44 relative=0x00000000000000a4
Event: 3.730 Thread 0x000002aec57eb700 Uncommon trap: reason=unstable_if action=reinterpret pc=0x000002aeed386c44 method=java.lang.ref.ReferenceQueue.poll()Ljava/lang/ref/Reference; @ 4 c2
Event: 3.730 Thread 0x000002aec57eb700 DEOPT PACKING pc=0x000002aeed386c44 sp=0x000000bcc3cfe9e0
Event: 3.730 Thread 0x000002aec57eb700 DEOPT UNPACKING pc=0x000002aeecb946a2 sp=0x000000bcc3cfe8c8 mode 2
Event: 3.730 Thread 0x000002aec57eb700 Uncommon trap: trap_request=0xffffff45 fr.pc=0x000002aeed2e77f0 relative=0x0000000000000070
Event: 3.730 Thread 0x000002aec57eb700 Uncommon trap: reason=unstable_if action=reinterpret pc=0x000002aeed2e77f0 method=java.lang.ref.ReferenceQueue.poll()Ljava/lang/ref/Reference; @ 4 c2
Event: 3.730 Thread 0x000002aec57eb700 DEOPT PACKING pc=0x000002aeed2e77f0 sp=0x000000bcc3cfe920
Event: 3.730 Thread 0x000002aec57eb700 DEOPT UNPACKING pc=0x000002aeecb946a2 sp=0x000000bcc3cfe8b0 mode 2
Event: 3.823 Thread 0x000002aec56a76d0 Uncommon trap: trap_request=0xffffff45 fr.pc=0x000002aeed3bf8e8 relative=0x0000000000000068
Event: 3.823 Thread 0x000002aec56a76d0 Uncommon trap: reason=unstable_if action=reinterpret pc=0x000002aeed3bf8e8 method=javafx.scene.Node.updateLocalToParentTransform()V @ 4 c2
Event: 3.823 Thread 0x000002aec56a76d0 DEOPT PACKING pc=0x000002aeed3bf8e8 sp=0x000000bcc39fbf90
Event: 3.823 Thread 0x000002aec56a76d0 DEOPT UNPACKING pc=0x000002aeecb946a2 sp=0x000000bcc39fbee8 mode 2
Event: 3.824 Thread 0x000002aec56a76d0 Uncommon trap: trap_request=0xffffff45 fr.pc=0x000002aeed3c6764 relative=0x00000000000000c4
Event: 3.824 Thread 0x000002aec56a76d0 Uncommon trap: reason=unstable_if action=reinterpret pc=0x000002aeed3c6764 method=com.sun.javafx.geom.RectBounds.deriveWithNewBounds(Lcom/sun/javafx/geom/BaseBounds;)Lcom/sun/javafx/geom/BaseBounds; @ 4 c2
Event: 3.824 Thread 0x000002aec56a76d0 DEOPT PACKING pc=0x000002aeed3c6764 sp=0x000000bcc39fc180
Event: 3.824 Thread 0x000002aec56a76d0 DEOPT UNPACKING pc=0x000002aeecb946a2 sp=0x000000bcc39fc118 mode 2

Classes loaded (20 events):
Event: 2.820 Loading class sun/java2d/loops/DrawGlyphListColor$General
Event: 2.820 Loading class sun/java2d/loops/DrawGlyphListColor$General done
Event: 2.820 Loading class sun/java2d/loops/Blit$GeneralMaskBlit
Event: 2.820 Loading class sun/java2d/loops/Blit$GeneralMaskBlit done
Event: 2.820 Loading class sun/awt/image/BufferedImageGraphicsConfig
Event: 2.820 Loading class java/awt/GraphicsConfiguration
Event: 2.820 Loading class java/awt/GraphicsConfiguration done
Event: 2.820 Loading class sun/awt/image/BufferedImageGraphicsConfig done
Event: 2.820 Loading class sun/awt/image/BufferedImageDevice
Event: 2.820 Loading class java/awt/GraphicsDevice
Event: 2.820 Loading class java/awt/GraphicsDevice done
Event: 2.820 Loading class sun/awt/image/BufferedImageDevice done
Event: 2.820 Loading class java/awt/image/MultiResolutionImage
Event: 2.820 Loading class java/awt/image/MultiResolutionImage done
Event: 2.820 Loading class sun/awt/image/ToolkitImage
Event: 2.821 Loading class sun/awt/image/ToolkitImage done
Event: 2.829 Loading class jdk/internal/event/ThreadSleepEvent
Event: 2.829 Loading class jdk/internal/event/ThreadSleepEvent done
Event: 3.742 Loading class java/io/UnsupportedEncodingException
Event: 3.743 Loading class java/io/UnsupportedEncodingException done

Classes unloaded (0 events):
No events

Classes redefined (0 events):
No events

Internal exceptions (20 events):
Event: 1.795 Thread 0x000002aec56a76d0 Implicit null exception at 0x000002aeed2b6e66 to 0x000002aeed2b6f0a
Event: 1.817 Thread 0x000002aec56a76d0 Implicit null exception at 0x000002aeed36149d to 0x000002aeed3616f0
Event: 1.819 Thread 0x000002aec56a76d0 Implicit null exception at 0x000002aeed360a1d to 0x000002aeed360c68
Event: 1.819 Thread 0x000002aec56a76d0 Implicit null exception at 0x000002aeed2af4bd to 0x000002aeed2af53d
Event: 1.917 Thread 0x000002aec56a76d0 Exception <a 'java/lang/NoSuchMethodError'{0x0000000714dcbfe8}: 'java.lang.Object java.lang.invoke.DirectMethodHandle$Holder.invokeInterface(java.lang.Object, java.lang.Object, java.lang.Object)'> (0x0000000714dcbfe8) 
thrown [s\open\src\hotspot\share\interpreter\linkResolver.cpp, line 774]
Event: 1.917 Thread 0x000002aec56a76d0 Exception <a 'java/lang/IncompatibleClassChangeError'{0x0000000714dcf6a0}: Found class java.lang.Object, but interface was expected> (0x0000000714dcf6a0) 
thrown [s\open\src\hotspot\share\interpreter\linkResolver.cpp, line 841]
Event: 1.950 Thread 0x000002aec56a76d0 Exception <a 'java/lang/ClassNotFoundException'{0x00000007149c7818}: com/sun/javafx/scene/control/skin/resources/controls> (0x00000007149c7818) 
thrown [s\open\src\hotspot\share\prims\jni.cpp, line 539]
Event: 1.950 Thread 0x000002aec56a76d0 Exception <a 'java/lang/ClassNotFoundException'{0x00000007149d59f8}: com/sun/javafx/scene/control/skin/resources/controls_en> (0x00000007149d59f8) 
thrown [s\open\src\hotspot\share\prims\jni.cpp, line 539]
Event: 1.950 Thread 0x000002aec56a76d0 Exception <a 'java/lang/ClassNotFoundException'{0x00000007149d6d08}: com/sun/javafx/scene/control/skin/resources/controls_en_US> (0x00000007149d6d08) 
thrown [s\open\src\hotspot\share\prims\jni.cpp, line 539]
Event: 1.968 Thread 0x000002aec56a76d0 Exception <a 'java/lang/NoSuchMethodError'{0x0000000714771430}: 'void java.lang.invoke.DirectMethodHandle$Holder.invokeSpecial(java.lang.Object, java.lang.Object, java.lang.Object, java.lang.Object, java.lang.Object, java.lang.Object)'> (0x0000000714771430) 
thrown [s\open\src\hotspot\share\interpreter\linkResolver.cpp, line 774]
Event: 2.004 Thread 0x000002aec56a76d0 Exception <a 'java/lang/NoSuchMethodError'{0x0000000714376470}: 'int java.lang.invoke.DirectMethodHandle$Holder.invokeSpecial(java.lang.Object, java.lang.Object, int)'> (0x0000000714376470) 
thrown [s\open\src\hotspot\share\interpreter\linkResolver.cpp, line 774]
Event: 2.014 Thread 0x000002aec56a76d0 Exception <a 'java/lang/NoSuchMethodError'{0x00000007143d8470}: 'java.lang.Object java.lang.invoke.DirectMethodHandle$Holder.newInvokeSpecial(java.lang.Object, java.lang.Object, int)'> (0x00000007143d8470) 
thrown [s\open\src\hotspot\share\interpreter\linkResolver.cpp, line 774]
Event: 2.603 Thread 0x000002aec57eb700 Exception <a 'java/lang/NoSuchMethodError'{0x00000007141c6b60}: 'int java.lang.invoke.DirectMethodHandle$Holder.invokeStaticInit(java.lang.Object, java.lang.Object)'> (0x00000007141c6b60) 
thrown [s\open\src\hotspot\share\interpreter\linkResolver.cpp, line 774]
Event: 2.790 Thread 0x000002aecf61c4d0 Exception <a 'java/lang/ClassNotFoundException'{0x000000071395ea78}: sun/awt/resources/spi/awtProvider> (0x000000071395ea78) 
thrown [s\open\src\hotspot\share\classfile\systemDictionary.cpp, line 313]
Event: 2.791 Thread 0x000002aecf61c4d0 Exception <a 'java/io/FileNotFoundException'{0x0000000713962de0}> (0x0000000713962de0) 
thrown [s\open\src\hotspot\share\prims\jni.cpp, line 520]
Event: 2.791 Thread 0x000002aecf61c4d0 Exception <a 'java/io/FileNotFoundException'{0x00000007139644d8}> (0x00000007139644d8) 
thrown [s\open\src\hotspot\share\prims\jni.cpp, line 520]
Event: 3.762 Thread 0x000002aec56a76d0 Exception <a 'java/lang/NoSuchMethodError'{0x0000000714b10208}: 'long java.lang.invoke.DirectMethodHandle$Holder.invokeStatic(java.lang.Object, java.lang.Object, java.lang.Object)'> (0x0000000714b10208) 
thrown [s\open\src\hotspot\share\interpreter\linkResolver.cpp, line 774]
Event: 3.763 Thread 0x000002aec56a76d0 Exception <a 'java/lang/NoSuchMethodError'{0x0000000714b135d8}: 'long java.lang.invoke.DirectMethodHandle$Holder.invokeStaticInit(java.lang.Object, java.lang.Object, java.lang.Object)'> (0x0000000714b135d8) 
thrown [s\open\src\hotspot\share\interpreter\linkResolver.cpp, line 774]
Event: 3.767 Thread 0x000002aec56a76d0 Exception <a 'java/lang/NoSuchMethodError'{0x0000000714b27cd0}: 'java.lang.Object java.lang.invoke.DirectMethodHandle$Holder.newInvokeSpecial(java.lang.Object, java.lang.Object, long)'> (0x0000000714b27cd0) 
thrown [s\open\src\hotspot\share\interpreter\linkResolver.cpp, line 774]
Event: 3.767 Thread 0x000002aec56a76d0 Exception <a 'java/lang/NoSuchMethodError'{0x0000000714b2b5d8}: 'java.lang.Object java.lang.invoke.Invokers$Holder.linkToTargetMethod(java.lang.Object, long, java.lang.Object)'> (0x0000000714b2b5d8) 
thrown [s\open\src\hotspot\share\interpreter\linkResolver.cpp, line 774]

ZGC Phase Switch (0 events):
No events

VM Operations (20 events):
Event: 1.871 Executing VM operation: HandshakeAllThreads (Deoptimize) done
Event: 1.872 Executing VM operation: G1CollectForAllocation (G1 Evacuation Pause)
Event: 1.904 Executing VM operation: G1CollectForAllocation (G1 Evacuation Pause) done
Event: 2.671 Executing VM operation: ICBufferFull
Event: 2.671 Executing VM operation: ICBufferFull done
Event: 3.672 Executing VM operation: Cleanup
Event: 3.672 Executing VM operation: Cleanup done
Event: 3.717 Executing VM operation: G1TryInitiateConcMark (G1 Humongous Allocation)
Event: 3.725 Executing VM operation: G1TryInitiateConcMark (G1 Humongous Allocation) done
Event: 3.725 Executing VM operation: G1TryInitiateConcMark (G1 Humongous Allocation)
Event: 3.725 Executing VM operation: G1TryInitiateConcMark (G1 Humongous Allocation) done
Event: 5.725 Executing VM operation: Cleanup
Event: 5.726 Executing VM operation: Cleanup done
Event: 6.726 Executing VM operation: Cleanup
Event: 6.726 Executing VM operation: Cleanup done
Event: 7.726 Executing VM operation: Cleanup
Event: 7.726 Executing VM operation: Cleanup done
Event: 8.726 Executing VM operation: Cleanup
Event: 8.726 Executing VM operation: Cleanup done
Event: 9.520 Executing VM operation: Exit

Memory protections (0 events):
No events

Nmethod flushes (0 events):
No events

Events (20 events):
Event: 1.787 Thread 0x000002aec5324ca0 Thread exited: 0x000002aec5324ca0
Event: 1.788 Thread 0x000002aec6436630 Thread exited: 0x000002aec6436630
Event: 1.788 Thread 0x000002aec65013b0 Thread exited: 0x000002aec65013b0
Event: 1.788 Thread 0x000002aec64ff800 Thread exited: 0x000002aec64ff800
Event: 1.904 Thread 0x000002aec538b380 Thread exited: 0x000002aec538b380
Event: 2.587 Thread 0x000002aec56a76d0 Thread added: 0x000002aecf61be40
Event: 2.592 Thread 0x000002aec53241d0 Thread exited: 0x000002aec53241d0
Event: 2.592 Thread 0x000002aec5230fc0 Thread exited: 0x000002aec5230fc0
Event: 2.593 Thread 0x000002aefc63e740 Thread added: 0x000002aec5230fc0
Event: 2.648 Thread 0x000002aec57eb700 Thread added: 0x000002aecf61cb60
Event: 2.811 Thread 0x000002aecf61c4d0 Thread added: 0x000002aecf61b120
Event: 3.325 Thread 0x000002aec537f370 Thread exited: 0x000002aec537f370
Event: 3.878 Thread 0x000002aecf61c4d0 Thread exited: 0x000002aecf61c4d0
Event: 3.878 Thread 0x000002aecf61be40 Thread exited: 0x000002aecf61be40
Event: 4.466 Thread 0x000002aec5230fc0 Thread exited: 0x000002aec5230fc0
Event: 9.518 Thread 0x000002aec56a76d0 Thread added: 0x000002aecf61c4d0
Event: 9.518 Thread 0x000002aec56a76d0 Thread added: 0x000002aecf61b7b0
Event: 9.519 Thread 0x000002aecf61c4d0 Thread exited: 0x000002aecf61c4d0
Event: 9.520 Thread 0x000002aecf61b7b0 Thread exited: 0x000002aecf61b7b0
Event: 9.520 Thread 0x000002aec56a76d0 Before exit entered


Dynamic libraries:
0x00007ff7a3540000 - 0x00007ff7a354e000 	C:\Users\adeli\.jdks\openjdk-22.0.2\bin\java.exe
0x00007fff79550000 - 0x00007fff79767000 	C:\WINDOWS\SYSTEM32\ntdll.dll
0x00007fff77700000 - 0x00007fff777c4000 	C:\WINDOWS\System32\KERNEL32.DLL
0x00007fff76e50000 - 0x00007fff77207000 	C:\WINDOWS\System32\KERNELBASE.dll
0x00007fff76a80000 - 0x00007fff76b91000 	C:\WINDOWS\System32\ucrtbase.dll
0x00007fff6ec20000 - 0x00007fff6ec37000 	C:\Users\adeli\.jdks\openjdk-22.0.2\bin\jli.dll
0x00007fff6e280000 - 0x00007fff6e29b000 	C:\Users\adeli\.jdks\openjdk-22.0.2\bin\VCRUNTIME140.dll
0x00007fff78280000 - 0x00007fff7842f000 	C:\WINDOWS\System32\USER32.dll
0x00007fff76860000 - 0x00007fff76886000 	C:\WINDOWS\System32\win32u.dll
0x00007fff785d0000 - 0x00007fff785f9000 	C:\WINDOWS\System32\GDI32.dll
0x00007fff56430000 - 0x00007fff566c3000 	C:\WINDOWS\WinSxS\amd64_microsoft.windows.common-controls_6595b64144ccf1df_6.0.22621.3672_none_2713b9d173822955\COMCTL32.dll
0x00007fff76d00000 - 0x00007fff76e18000 	C:\WINDOWS\System32\gdi32full.dll
0x00007fff76c60000 - 0x00007fff76cfa000 	C:\WINDOWS\System32\msvcp_win.dll
0x00007fff77bb0000 - 0x00007fff77c57000 	C:\WINDOWS\System32\msvcrt.dll
0x00007fff780d0000 - 0x00007fff78101000 	C:\WINDOWS\System32\IMM32.DLL
0x00007fff6ec10000 - 0x00007fff6ec1c000 	C:\Users\adeli\.jdks\openjdk-22.0.2\bin\vcruntime140_1.dll
0x00007fff6c3b0000 - 0x00007fff6c43e000 	C:\Users\adeli\.jdks\openjdk-22.0.2\bin\msvcp140.dll
0x00007ffe9d640000 - 0x00007ffe9e389000 	C:\Users\adeli\.jdks\openjdk-22.0.2\bin\server\jvm.dll
0x00007fff781c0000 - 0x00007fff78272000 	C:\WINDOWS\System32\ADVAPI32.dll
0x00007fff779e0000 - 0x00007fff77a88000 	C:\WINDOWS\System32\sechost.dll
0x00007fff76e20000 - 0x00007fff76e48000 	C:\WINDOWS\System32\bcrypt.dll
0x00007fff77a90000 - 0x00007fff77ba4000 	C:\WINDOWS\System32\RPCRT4.dll
0x00007fff77d30000 - 0x00007fff77da1000 	C:\WINDOWS\System32\WS2_32.dll
0x00007fff75710000 - 0x00007fff7575d000 	C:\WINDOWS\SYSTEM32\POWRPROF.dll
0x00007fff6dfc0000 - 0x00007fff6dff4000 	C:\WINDOWS\SYSTEM32\WINMM.dll
0x00007fff6b890000 - 0x00007fff6b89a000 	C:\WINDOWS\SYSTEM32\VERSION.dll
0x00007fff756f0000 - 0x00007fff75703000 	C:\WINDOWS\SYSTEM32\UMPDC.dll
0x00007fff759a0000 - 0x00007fff759b8000 	C:\WINDOWS\SYSTEM32\kernel.appcore.dll
0x00007fff6e270000 - 0x00007fff6e27a000 	C:\Users\adeli\.jdks\openjdk-22.0.2\bin\jimage.dll
0x00007fff74140000 - 0x00007fff74372000 	C:\WINDOWS\SYSTEM32\DBGHELP.DLL
0x00007fff79180000 - 0x00007fff7950e000 	C:\WINDOWS\System32\combase.dll
0x00007fff784c0000 - 0x00007fff78597000 	C:\WINDOWS\System32\OLEAUT32.dll
0x00007fff5d590000 - 0x00007fff5d5c2000 	C:\WINDOWS\SYSTEM32\dbgcore.DLL
0x00007fff76a00000 - 0x00007fff76a7b000 	C:\WINDOWS\System32\bcryptPrimitives.dll
0x00007fff6de00000 - 0x00007fff6de0f000 	C:\Users\adeli\.jdks\openjdk-22.0.2\bin\instrument.dll
0x00007fff6e200000 - 0x00007fff6e21e000 	C:\Users\adeli\.jdks\openjdk-22.0.2\bin\java.dll
0x00007fff78910000 - 0x00007fff79179000 	C:\WINDOWS\System32\SHELL32.dll
0x00007fff77db0000 - 0x00007fff77f55000 	C:\WINDOWS\System32\ole32.dll
0x00007fff747a0000 - 0x00007fff7509f000 	C:\WINDOWS\SYSTEM32\windows.storage.dll
0x00007fff74660000 - 0x00007fff7479f000 	C:\WINDOWS\SYSTEM32\wintypes.dll
0x00007fff778e0000 - 0x00007fff779d9000 	C:\WINDOWS\System32\SHCORE.dll
0x00007fff77cb0000 - 0x00007fff77d0e000 	C:\WINDOWS\System32\shlwapi.dll
0x00007fff76790000 - 0x00007fff767b7000 	C:\WINDOWS\SYSTEM32\profapi.dll
0x00007fff6c2c0000 - 0x00007fff6c397000 	C:\Users\adeli\.jdks\openjdk-22.0.2\bin\jsvml.dll
0x00007fff6ddf0000 - 0x00007fff6de00000 	C:\Users\adeli\.jdks\openjdk-22.0.2\bin\net.dll
0x00007fff75e10000 - 0x00007fff75e79000 	C:\WINDOWS\system32\mswsock.dll
0x00007fff6c2a0000 - 0x00007fff6c2b6000 	C:\Users\adeli\.jdks\openjdk-22.0.2\bin\nio.dll
0x00007fff6c220000 - 0x00007fff6c237000 	C:\Users\adeli\.jdks\openjdk-22.0.2\bin\zip.dll
0x00007fff51b90000 - 0x00007fff51baa000 	C:\Program Files\JetBrains\IntelliJ IDEA 2024.2.1\bin\breakgen64.dll
0x00007fff6c290000 - 0x00007fff6c299000 	C:\Users\adeli\.jdks\openjdk-22.0.2\bin\extnet.dll
0x000002aec6df0000 - 0x000002aec6df3000 	D:\openCV\openjfx-23.0.1_windows-x64_bin-sdk\javafx-sdk-23.0.1\bin\api-ms-win-core-console-l1-1-0.dll
0x000002aec6e00000 - 0x000002aec6e03000 	D:\openCV\openjfx-23.0.1_windows-x64_bin-sdk\javafx-sdk-23.0.1\bin\api-ms-win-core-console-l1-2-0.dll
0x000002aec6e10000 - 0x000002aec6e13000 	D:\openCV\openjfx-23.0.1_windows-x64_bin-sdk\javafx-sdk-23.0.1\bin\api-ms-win-core-datetime-l1-1-0.dll
0x000002aec6e20000 - 0x000002aec6e23000 	D:\openCV\openjfx-23.0.1_windows-x64_bin-sdk\javafx-sdk-23.0.1\bin\api-ms-win-core-debug-l1-1-0.dll
0x000002aec6e30000 - 0x000002aec6e33000 	D:\openCV\openjfx-23.0.1_windows-x64_bin-sdk\javafx-sdk-23.0.1\bin\api-ms-win-core-errorhandling-l1-1-0.dll
0x000002aec6e40000 - 0x000002aec6e44000 	D:\openCV\openjfx-23.0.1_windows-x64_bin-sdk\javafx-sdk-23.0.1\bin\api-ms-win-core-file-l1-1-0.dll
0x000002aec6e50000 - 0x000002aec6e53000 	D:\openCV\openjfx-23.0.1_windows-x64_bin-sdk\javafx-sdk-23.0.1\bin\api-ms-win-core-file-l1-2-0.dll
0x000002aec6e60000 - 0x000002aec6e63000 	D:\openCV\openjfx-23.0.1_windows-x64_bin-sdk\javafx-sdk-23.0.1\bin\api-ms-win-core-file-l2-1-0.dll
0x000002aec6e70000 - 0x000002aec6e73000 	D:\openCV\openjfx-23.0.1_windows-x64_bin-sdk\javafx-sdk-23.0.1\bin\api-ms-win-core-handle-l1-1-0.dll
0x000002aec6e80000 - 0x000002aec6e83000 	D:\openCV\openjfx-23.0.1_windows-x64_bin-sdk\javafx-sdk-23.0.1\bin\api-ms-win-core-heap-l1-1-0.dll
0x000002aec6e90000 - 0x000002aec6e93000 	D:\openCV\openjfx-23.0.1_windows-x64_bin-sdk\javafx-sdk-23.0.1\bin\api-ms-win-core-interlocked-l1-1-0.dll
0x000002aec6ea0000 - 0x000002aec6ea3000 	D:\openCV\openjfx-23.0.1_windows-x64_bin-sdk\javafx-sdk-23.0.1\bin\api-ms-win-core-libraryloader-l1-1-0.dll
0x000002aec6eb0000 - 0x000002aec6eb3000 	D:\openCV\openjfx-23.0.1_windows-x64_bin-sdk\javafx-sdk-23.0.1\bin\api-ms-win-core-localization-l1-2-0.dll
0x000002aec6ec0000 - 0x000002aec6ec3000 	D:\openCV\openjfx-23.0.1_windows-x64_bin-sdk\javafx-sdk-23.0.1\bin\api-ms-win-core-memory-l1-1-0.dll
0x000002aec6ed0000 - 0x000002aec6ed3000 	D:\openCV\openjfx-23.0.1_windows-x64_bin-sdk\javafx-sdk-23.0.1\bin\api-ms-win-core-namedpipe-l1-1-0.dll
0x000002aec6ee0000 - 0x000002aec6ee3000 	D:\openCV\openjfx-23.0.1_windows-x64_bin-sdk\javafx-sdk-23.0.1\bin\api-ms-win-core-processenvironment-l1-1-0.dll
0x000002aec6ef0000 - 0x000002aec6ef3000 	D:\openCV\openjfx-23.0.1_windows-x64_bin-sdk\javafx-sdk-23.0.1\bin\api-ms-win-core-processthreads-l1-1-0.dll
0x000002aec6f00000 - 0x000002aec6f03000 	D:\openCV\openjfx-23.0.1_windows-x64_bin-sdk\javafx-sdk-23.0.1\bin\api-ms-win-core-processthreads-l1-1-1.dll
0x000002aec6f10000 - 0x000002aec6f13000 	D:\openCV\openjfx-23.0.1_windows-x64_bin-sdk\javafx-sdk-23.0.1\bin\api-ms-win-core-profile-l1-1-0.dll
0x000002aec6f20000 - 0x000002aec6f23000 	D:\openCV\openjfx-23.0.1_windows-x64_bin-sdk\javafx-sdk-23.0.1\bin\api-ms-win-core-rtlsupport-l1-1-0.dll
0x000002aec6f30000 - 0x000002aec6f33000 	D:\openCV\openjfx-23.0.1_windows-x64_bin-sdk\javafx-sdk-23.0.1\bin\api-ms-win-core-string-l1-1-0.dll
0x000002aec6f40000 - 0x000002aec6f43000 	D:\openCV\openjfx-23.0.1_windows-x64_bin-sdk\javafx-sdk-23.0.1\bin\api-ms-win-core-synch-l1-1-0.dll
0x000002aec6f50000 - 0x000002aec6f53000 	D:\openCV\openjfx-23.0.1_windows-x64_bin-sdk\javafx-sdk-23.0.1\bin\api-ms-win-core-synch-l1-2-0.dll
0x000002aec6f60000 - 0x000002aec6f63000 	D:\openCV\openjfx-23.0.1_windows-x64_bin-sdk\javafx-sdk-23.0.1\bin\api-ms-win-core-sysinfo-l1-1-0.dll
0x000002aec6f70000 - 0x000002aec6f73000 	D:\openCV\openjfx-23.0.1_windows-x64_bin-sdk\javafx-sdk-23.0.1\bin\api-ms-win-core-timezone-l1-1-0.dll
0x000002aec6f80000 - 0x000002aec6f83000 	D:\openCV\openjfx-23.0.1_windows-x64_bin-sdk\javafx-sdk-23.0.1\bin\api-ms-win-core-util-l1-1-0.dll
0x000002aec6f90000 - 0x000002aec6f93000 	D:\openCV\openjfx-23.0.1_windows-x64_bin-sdk\javafx-sdk-23.0.1\bin\api-ms-win-crt-conio-l1-1-0.dll
0x000002aec6fa0000 - 0x000002aec6fa4000 	D:\openCV\openjfx-23.0.1_windows-x64_bin-sdk\javafx-sdk-23.0.1\bin\api-ms-win-crt-convert-l1-1-0.dll
0x000002aec6fb0000 - 0x000002aec6fb3000 	D:\openCV\openjfx-23.0.1_windows-x64_bin-sdk\javafx-sdk-23.0.1\bin\api-ms-win-crt-environment-l1-1-0.dll
0x000002aec6fc0000 - 0x000002aec6fc3000 	D:\openCV\openjfx-23.0.1_windows-x64_bin-sdk\javafx-sdk-23.0.1\bin\api-ms-win-crt-filesystem-l1-1-0.dll
0x000002aec6fd0000 - 0x000002aec6fd3000 	D:\openCV\openjfx-23.0.1_windows-x64_bin-sdk\javafx-sdk-23.0.1\bin\api-ms-win-crt-heap-l1-1-0.dll
0x000002aec6fe0000 - 0x000002aec6fe3000 	D:\openCV\openjfx-23.0.1_windows-x64_bin-sdk\javafx-sdk-23.0.1\bin\api-ms-win-crt-locale-l1-1-0.dll
0x000002aec6ff0000 - 0x000002aec6ff5000 	D:\openCV\openjfx-23.0.1_windows-x64_bin-sdk\javafx-sdk-23.0.1\bin\api-ms-win-crt-math-l1-1-0.dll
0x000002aec7000000 - 0x000002aec7005000 	D:\openCV\openjfx-23.0.1_windows-x64_bin-sdk\javafx-sdk-23.0.1\bin\api-ms-win-crt-multibyte-l1-1-0.dll
0x000002aec7010000 - 0x000002aec7020000 	D:\openCV\openjfx-23.0.1_windows-x64_bin-sdk\javafx-sdk-23.0.1\bin\api-ms-win-crt-private-l1-1-0.dll
0x000002aec7020000 - 0x000002aec7023000 	D:\openCV\openjfx-23.0.1_windows-x64_bin-sdk\javafx-sdk-23.0.1\bin\api-ms-win-crt-process-l1-1-0.dll
0x000002aec7030000 - 0x000002aec7034000 	D:\openCV\openjfx-23.0.1_windows-x64_bin-sdk\javafx-sdk-23.0.1\bin\api-ms-win-crt-runtime-l1-1-0.dll
0x000002aec7040000 - 0x000002aec7044000 	D:\openCV\openjfx-23.0.1_windows-x64_bin-sdk\javafx-sdk-23.0.1\bin\api-ms-win-crt-stdio-l1-1-0.dll
0x000002aec7050000 - 0x000002aec7054000 	D:\openCV\openjfx-23.0.1_windows-x64_bin-sdk\javafx-sdk-23.0.1\bin\api-ms-win-crt-string-l1-1-0.dll
0x000002aec7060000 - 0x000002aec7063000 	D:\openCV\openjfx-23.0.1_windows-x64_bin-sdk\javafx-sdk-23.0.1\bin\api-ms-win-crt-time-l1-1-0.dll
0x000002aec7070000 - 0x000002aec7073000 	D:\openCV\openjfx-23.0.1_windows-x64_bin-sdk\javafx-sdk-23.0.1\bin\api-ms-win-crt-utility-l1-1-0.dll
0x00007fff21b70000 - 0x00007fff21c6c000 	D:\openCV\openjfx-23.0.1_windows-x64_bin-sdk\javafx-sdk-23.0.1\bin\ucrtbase.dll
0x00007fff42d60000 - 0x00007fff42d7b000 	D:\openCV\openjfx-23.0.1_windows-x64_bin-sdk\javafx-sdk-23.0.1\bin\vcruntime140.dll
0x00007fff6b9f0000 - 0x00007fff6b9fc000 	D:\openCV\openjfx-23.0.1_windows-x64_bin-sdk\javafx-sdk-23.0.1\bin\vcruntime140_1.dll
0x00007fff15100000 - 0x00007fff1518e000 	D:\openCV\openjfx-23.0.1_windows-x64_bin-sdk\javafx-sdk-23.0.1\bin\msvcp140.dll
0x00007fff56710000 - 0x00007fff56719000 	D:\openCV\openjfx-23.0.1_windows-x64_bin-sdk\javafx-sdk-23.0.1\bin\msvcp140_1.dll
0x00007fff36b40000 - 0x00007fff36b81000 	D:\openCV\openjfx-23.0.1_windows-x64_bin-sdk\javafx-sdk-23.0.1\bin\msvcp140_2.dll
0x00007fff397d0000 - 0x00007fff39800000 	D:\openCV\openjfx-23.0.1_windows-x64_bin-sdk\javafx-sdk-23.0.1\bin\prism_d3d.dll
0x00007fff14f50000 - 0x00007fff150f8000 	C:\WINDOWS\system32\d3d9.dll
0x00007fff73aa0000 - 0x00007fff73acb000 	C:\WINDOWS\SYSTEM32\dwmapi.dll
0x00007fff73850000 - 0x00007fff73887000 	C:\WINDOWS\SYSTEM32\dxcore.dll
0x00007fff73720000 - 0x00007fff737d1000 	C:\WINDOWS\system32\uxtheme.dll
0x00007fff2a080000 - 0x00007fff2a130000 	C:\WINDOWS\SYSTEM32\d3d9on12.dll
0x00007fff73890000 - 0x00007fff73987000 	C:\WINDOWS\SYSTEM32\dxgi.dll
0x00007fff51bb0000 - 0x00007fff51bd6000 	C:\WINDOWS\SYSTEM32\d3d12.dll
0x00007fff76540000 - 0x00007fff7658e000 	C:\WINDOWS\SYSTEM32\cfgmgr32.dll
0x00007fff21c70000 - 0x00007fff21e72000 	C:\WINDOWS\SYSTEM32\D3D12Core.dll
0x00007fff1fab0000 - 0x00007fff1fbb7000 	C:\WINDOWS\System32\DriverStore\FileRepository\iigd_dch.inf_amd64_0fdf6ce291234272\igd12umd64.dll
0x00007ffe9b9e0000 - 0x00007ffe9c8e5000 	C:\WINDOWS\System32\DriverStore\FileRepository\iigd_dch.inf_amd64_0fdf6ce291234272\igd12um64xel.dll
0x00007fff76890000 - 0x00007fff769f6000 	C:\WINDOWS\System32\CRYPT32.dll
0x00007fff423b0000 - 0x00007fff423f4000 	C:\WINDOWS\SYSTEM32\ControlLib.dll
0x00007fff77280000 - 0x00007fff776f4000 	C:\WINDOWS\System32\SETUPAPI.dll
0x00007fff76590000 - 0x00007fff765bc000 	C:\WINDOWS\SYSTEM32\DEVOBJ.dll
0x00007fff64630000 - 0x00007fff646bb000 	C:\WINDOWS\System32\DriverStore\FileRepository\iigd_dch.inf_amd64_0fdf6ce291234272\IntelControlLib.dll
0x00007fff77210000 - 0x00007fff7727c000 	C:\WINDOWS\System32\WINTRUST.dll
0x00007fff76500000 - 0x00007fff76512000 	C:\WINDOWS\SYSTEM32\MSASN1.dll
0x00007fff6b820000 - 0x00007fff6b869000 	C:\WINDOWS\SYSTEM32\directxdatabasehelper.dll
0x00007fff60c00000 - 0x00007fff61038000 	C:\WINDOWS\System32\DriverStore\FileRepository\iigd_dch.inf_amd64_0fdf6ce291234272\igdgmm64.dll
0x00007fff580b0000 - 0x00007fff5bf5d000 	C:\WINDOWS\System32\DriverStore\FileRepository\iigd_dch.inf_amd64_0fdf6ce291234272\igc64.dll
0x00007fff51160000 - 0x00007fff5118f000 	C:\WINDOWS\SYSTEM32\D3DSCache.dll
0x00007fff75f00000 - 0x00007fff75f28000 	C:\WINDOWS\SYSTEM32\USERENV.dll
0x00007ffec6c10000 - 0x00007ffec6f0c000 	C:\WINDOWS\System32\DriverStore\FileRepository\iigd_dch.inf_amd64_0fdf6ce291234272\igd12dxva64.dll
0x00007fff10580000 - 0x00007fff11763000 	C:\WINDOWS\System32\DriverStore\FileRepository\iigd_dch.inf_amd64_0fdf6ce291234272\igddxvacommon64.dll
0x00007fff0e850000 - 0x00007fff10571000 	C:\WINDOWS\System32\DriverStore\FileRepository\iigd_dch.inf_amd64_0fdf6ce291234272\media_bin_64.dll
0x00007fff29e30000 - 0x00007fff29e57000 	C:\WINDOWS\System32\DriverStore\FileRepository\iigd_dch.inf_amd64_0fdf6ce291234272\igdinfo64.dll
0x00007fff69020000 - 0x00007fff692c2000 	C:\WINDOWS\SYSTEM32\twinapi.appcore.dll
0x00007fff2c530000 - 0x00007fff2c575000 	D:\openCV\openjfx-23.0.1_windows-x64_bin-sdk\javafx-sdk-23.0.1\bin\glass.dll
0x00007fff777d0000 - 0x00007fff778cf000 	C:\WINDOWS\System32\COMDLG32.dll

dbghelp: loaded successfully - version: 4.0.5 - missing functions: none
symbol engine: initialized successfully - sym options: 0x614 - pdb path: .;C:\Users\adeli\.jdks\openjdk-22.0.2\bin;C:\WINDOWS\SYSTEM32;C:\WINDOWS\WinSxS\amd64_microsoft.windows.common-controls_6595b64144ccf1df_6.0.22621.3672_none_2713b9d173822955;C:\Users\adeli\.jdks\openjdk-22.0.2\bin\server;C:\Program Files\JetBrains\IntelliJ IDEA 2024.2.1\bin;D:\openCV\openjfx-23.0.1_windows-x64_bin-sdk\javafx-sdk-23.0.1\bin;C:\WINDOWS\System32\DriverStore\FileRepository\iigd_dch.inf_amd64_0fdf6ce291234272;D:\openCV\opencv\build\java\x64;C:\WINDOWS\WinSxS\amd64_microsoft.windows.gdiplus_6595b64144ccf1df_1.1.22621.4249_none_57fb0ed6ce180668;C:\Program Files\Common Files\Microsoft Shared\Ink

VM Arguments:
jvm_args: --module-path=D:\openCV\openjfx-23.0.1_windows-x64_bin-sdk\javafx-sdk-23.0.1\lib --add-modules=javafx.controls,javafx.fxml -Djava.library.path=D:\openCV\opencv\build\java\x64 --enable-preview -javaagent:C:\Program Files\JetBrains\IntelliJ IDEA 2024.2.1\lib\idea_rt.jar=52810:C:\Program Files\JetBrains\IntelliJ IDEA 2024.2.1\bin -Dfile.encoding=UTF-8 -Dsun.stdout.encoding=UTF-8 -Dsun.stderr.encoding=UTF-8 
java_command: ui.PreviewFrame
java_class_path (initial): C:\Users\adeli\IdeaProjects\SurveillanceSystem\out\production\SurveillanceSystem;C:\Users\adeli\IdeaProjects\SurveillanceSystem\opencv-4100.jar;D:\openCV\openjfx-23.0.1_windows-x64_bin-sdk\javafx-sdk-23.0.1\lib\javafx-swt.jar;D:\openCV\openjfx-23.0.1_windows-x64_bin-sdk\javafx-sdk-23.0.1\lib\javafx.base.jar;D:\openCV\openjfx-23.0.1_windows-x64_bin-sdk\javafx-sdk-23.0.1\lib\javafx.controls.jar;D:\openCV\openjfx-23.0.1_windows-x64_bin-sdk\javafx-sdk-23.0.1\lib\javafx.fxml.jar;D:\openCV\openjfx-23.0.1_windows-x64_bin-sdk\javafx-sdk-23.0.1\lib\javafx.graphics.jar;D:\openCV\openjfx-23.0.1_windows-x64_bin-sdk\javafx-sdk-23.0.1\lib\javafx.media.jar;D:\openCV\openjfx-23.0.1_windows-x64_bin-sdk\javafx-sdk-23.0.1\lib\javafx.swing.jar;D:\openCV\openjfx-23.0.1_windows-x64_bin-sdk\javafx-sdk-23.0.1\lib\javafx.web.jar
Launcher Type: SUN_STANDARD

[Global flags]
     intx CICompilerCount                          = 12                                        {product} {ergonomic}
     uint ConcGCThreads                            = 4                                         {product} {ergonomic}
     uint G1ConcRefinementThreads                  = 15                                        {product} {ergonomic}
   size_t G1HeapRegionSize                         = 2097152                                   {product} {ergonomic}
   size_t InitialHeapSize                          = 264241152                                 {product} {ergonomic}
   size_t MarkStackSize                            = 4194304                                   {product} {ergonomic}
   size_t MaxHeapSize                              = 4208984064                                {product} {ergonomic}
   size_t MaxNewSize                               = 2524971008                                {product} {ergonomic}
   size_t MinHeapDeltaBytes                        = 2097152                                   {product} {ergonomic}
   size_t MinHeapSize                              = 8388608                                   {product} {ergonomic}
    uintx NonNMethodCodeHeapSize                   = 7602480                                {pd product} {ergonomic}
    uintx NonProfiledCodeHeapSize                  = 122027880                              {pd product} {ergonomic}
    uintx ProfiledCodeHeapSize                     = 122027880                              {pd product} {ergonomic}
    uintx ReservedCodeCacheSize                    = 251658240                              {pd product} {ergonomic}
     bool SegmentedCodeCache                       = true                                      {product} {ergonomic}
   size_t SoftMaxHeapSize                          = 4208984064                             {manageable} {ergonomic}
     bool UseCompressedOops                        = true                           {product lp64_product} {ergonomic}
     bool UseG1GC                                  = true                                      {product} {ergonomic}
     bool UseLargePagesIndividualAllocation        = false                                  {pd product} {ergonomic}

Logging:
Log output configuration:
 #0: stdout all=off uptime,level,tags foldmultilines=false
 #1: stderr all=off uptime,level,tags foldmultilines=false

Environment Variables:
JAVA_HOME=C:\Program Files\Java\jdk-17
PATH=C:\Program Files\Common Files\Oracle\Java\javapath;C:\Program Files (x86)\Common Files\Oracle\Java\java8path;C:\Program Files (x86)\Common Files\Oracle\Java\javapath;C:\ProgramData\Oracle\Java\javapath;C:\WINDOWS\system32;C:\WINDOWS;C:\WINDOWS\System32\Wbem;C:\WINDOWS\System32\WindowsPowerShell\v1.0\;C:\WINDOWS\System32\OpenSSH\;C:\Program Files\Git\cmd;C:\Program Files\nodejs\;C:\Program Files\dotnet\;C:\Program Files\Microsoft SQL Server\150\Tools\Binn\;C:\Program Files\Microsoft SQL Server\Client SDK\ODBC\170\Tools\Binn\;D:\FlutterApp\flutter\bin;C:\Program Files (x86)\Windows Kits\10\Windows Performance Toolkit\;C:\mvn\apache-maven-3.9.9\bin;C:\Program Files\PostgreSQL\16\bin;C:\Users\adeli\AppData\Local\Android\Sdk\platform-tools;;C:\Program Files\Docker\Docker\resources\bin;C:\ProgramData\chocolatey\bin;C:\Program Files\CMake\bin;C:\Program Files\MySQL\MySQL Shell 8.0\bin\;C:\Users\adeli\AppData\Local\Programs\Python\Launcher\;C:\Program Files (x86)\Elm\0.19.1\bin;C:\Users\adeli\AppData\Local\Microsoft\WindowsApps;C:\Users\adeli\AppData\Local\Programs\Microsoft VS Code\bin;C:\Users\adeli\AppData\Local\Microsoft\WinGet\Links;C:\Users\adeli\AppData\Roaming\npm;C:\modeltech64_10.6d\win64;C:\intelFPGA\21.1\questa_fse\win64;C:\Users\adeli\.dotnet\tools;D:\FlutterGame\flutter\bin;C:\Program Files\JetBrains\IntelliJ IDEA 2024.2.1\bin;;C:\mvn\apache-maven-3.9.9\bin;C:\Program Files\PostgreSQL\16\bin;C:\Users\adeli\AppData\Local\Android\Sdk\platform-tools;C:\CLion 2024.2.1\bin;;C:\Program Files\JetBrains\PyCharm Community Edition 2024.2.3\bin;;C:\Program Files\Java\jdk-17\bin;
USERNAME=adeli
OS=Windows_NT
PROCESSOR_IDENTIFIER=Intel64 Family 6 Model 154 Stepping 3, GenuineIntel
TMP=C:\Users\adeli\AppData\Local\Temp
TEMP=C:\Users\adeli\AppData\Local\Temp




Periodic native trim disabled

---------------  S Y S T E M  ---------------

OS:
 Windows 11 , 64 bit Build 22621 (10.0.22621.3958)
OS uptime: 0 days 3:25 hours
Hyper-V role detected

CPU: total 20 (initial active 20) (10 cores per cpu, 2 threads per core) family 6 model 154 stepping 3 microcode 0x432, cx8, cmov, fxsr, ht, mmx, 3dnowpref, sse, sse2, sse3, ssse3, sse4.1, sse4.2, popcnt, lzcnt, tsc, tscinvbit, avx, avx2, aes, erms, clmul, bmi1, bmi2, adx, sha, fma, vzeroupper, clflush, clflushopt, clwb, hv, serialize, rdtscp, rdpid, fsrm, f16c, cet_ibt, cet_ss
Processor Information for processor 0
  Max Mhz: 2300, Current Mhz: 2300, Mhz Limit: 2300
Processor Information for processor 1
  Max Mhz: 2300, Current Mhz: 2300, Mhz Limit: 2300
Processor Information for processor 2
  Max Mhz: 2300, Current Mhz: 1506, Mhz Limit: 2300
Processor Information for processor 3
  Max Mhz: 2300, Current Mhz: 2300, Mhz Limit: 2300
Processor Information for processor 4
  Max Mhz: 2300, Current Mhz: 2300, Mhz Limit: 2300
Processor Information for processor 5
  Max Mhz: 2300, Current Mhz: 1506, Mhz Limit: 2300
Processor Information for processor 6
  Max Mhz: 2300, Current Mhz: 2300, Mhz Limit: 2300
Processor Information for processor 7
  Max Mhz: 2300, Current Mhz: 2300, Mhz Limit: 2300
Processor Information for processor 8
  Max Mhz: 2300, Current Mhz: 2300, Mhz Limit: 2300
Processor Information for processor 9
  Max Mhz: 2300, Current Mhz: 2300, Mhz Limit: 2300
Processor Information for processor 10
  Max Mhz: 2300, Current Mhz: 2300, Mhz Limit: 2300
Processor Information for processor 11
  Max Mhz: 2300, Current Mhz: 1506, Mhz Limit: 2300
Processor Information for processor 12
  Max Mhz: 2300, Current Mhz: 1500, Mhz Limit: 1679
Processor Information for processor 13
  Max Mhz: 2300, Current Mhz: 1700, Mhz Limit: 1679
Processor Information for processor 14
  Max Mhz: 2300, Current Mhz: 1500, Mhz Limit: 1679
Processor Information for processor 15
  Max Mhz: 2300, Current Mhz: 1500, Mhz Limit: 1679
Processor Information for processor 16
  Max Mhz: 2300, Current Mhz: 1500, Mhz Limit: 1679
Processor Information for processor 17
  Max Mhz: 2300, Current Mhz: 1500, Mhz Limit: 1679
Processor Information for processor 18
  Max Mhz: 2300, Current Mhz: 1500, Mhz Limit: 1679
Processor Information for processor 19
  Max Mhz: 2300, Current Mhz: 1500, Mhz Limit: 1679

Memory: 4k page, system-wide physical 16051M (3748M free)
TotalPageFile size 22195M (AvailPageFile size 5316M)
current process WorkingSet (physical memory assigned to process): 528M, peak: 572M
current process commit charge ("private bytes"): 666M, peak: 743M

vm_info: OpenJDK 64-Bit Server VM (22.0.2+9-70) for windows-amd64 JRE (22.0.2+9-70), built on 2024-06-04T16:52:23Z by "mach5one" with MS VC++ 17.6 (VS2022)

END.
