#
# A fatal error has been detected by the Java Runtime Environment:
#
#  Internal Error (0xc000000d), pid=20536, tid=20024
#
# JRE version: OpenJDK Runtime Environment (22.0.2+9) (build 22.0.2+9-70)
# Java VM: OpenJDK 64-Bit Server VM (22.0.2+9-70, mixed mode, sharing, tiered, compressed oops, compressed class ptrs, g1 gc, windows-amd64)
# Problematic frame:
# C  [ntdll.dll+0x126600]
#
# No core dump will be written. Minidumps are not enabled by default on client versions of Windows
#
# If you would like to submit a bug report, please visit:
#   https://bugreport.java.com/bugreport/crash.jsp
#

---------------  S U M M A R Y ------------

Command Line: --module-path=D:\openCV\openjfx-23.0.1_windows-x64_bin-sdk\javafx-sdk-23.0.1\lib --add-modules=javafx.controls,javafx.fxml -Djava.library.path=D:\openCV\opencv\build\java\x64 --enable-preview -javaagent:C:\Program Files\JetBrains\IntelliJ IDEA 2024.2.1\lib\idea_rt.jar=52674:C:\Program Files\JetBrains\IntelliJ IDEA 2024.2.1\bin -Dfile.encoding=UTF-8 -Dsun.stdout.encoding=UTF-8 -Dsun.stderr.encoding=UTF-8 ui.PreviewFrame

Host: 12th Gen Intel(R) Core(TM) i7-12700H, 20 cores, 15G,  Windows 11 , 64 bit Build 22621 (10.0.22621.3958)
Time: Sat Nov 16 15:28:38 2024 GTB Standard Time elapsed time: 173.130328 seconds (0d 0h 2m 53s)

---------------  T H R E A D  ---------------

Current thread (0x00000211a480d970):  VMThread "VM Thread"          [id=20024, stack(0x00000060a3100000,0x00000060a3200000) (1024K)]

Stack: [0x00000060a3100000,0x00000060a3200000],  sp=0x00000060a31fe0c0,  free space=1016k
Native frames: (J=compiled Java code, j=interpreted, Vv=VM code, C=native code)
C  [ntdll.dll+0x126600]  (no source info available)
C  [ntdll.dll+0xc7b85]  (no source info available)
C  [KERNELBASE.dll+0x72139]  (no source info available)
C  [RTWorkQ.DLL+0x8b08]  (no source info available)
C  [RTWorkQ.DLL+0x8a72]  (no source info available)
C  [RTWorkQ.DLL+0xa0e5]  (no source info available)
C  [RTWorkQ.DLL+0x7b9f]  (no source info available)
C  [RTWorkQ.DLL+0x7b08]  (no source info available)
C  [RTWorkQ.DLL+0x7a3e]  (no source info available)
C  0x00007fff3bd27e2f  (no source info available)
C  0x00007fff3bd1ad9b  (no source info available)
C  0x00007fff3bd1ac55  (no source info available)
C  [RTWorkQ.DLL+0x13b53]  (no source info available)
C  [RTWorkQ.DLL+0x7429]  (no source info available)
C  [RTWorkQ.DLL+0xc7d7]  (no source info available)
C  [RTWorkQ.DLL+0xc712]  (no source info available)
C  0x00007fff3bd32c50  (no source info available)
C  0x00007fff3bd2e27a  (no source info available)
C  0x00007fff3bd117f2  (no source info available)
C  0x00007fff3bd11671  (no source info available)
C  0x00007fff3bd30e47  (no source info available)
C  0x00007fff3bd12f70  (no source info available)
C  0x00007fff3bd05301  (no source info available)
C  0x00007fff3bd04883  (no source info available)
C  [MFCORE.DLL+0x1c0605]  (no source info available)
C  [MFCORE.DLL+0x1bafb9]  (no source info available)
C  [MFCORE.DLL+0x1bfb8e]  (no source info available)
C  [MFReadWrite.dll+0xdf31]  (no source info available)
C  [MFReadWrite.dll+0x28f90]  (no source info available)
C  0x00007fff5d6238fb  (no source info available)
C  0x00007fff5d671393  (no source info available)
C  0x00007fff5d673ac4  (no source info available)
C  0x00007fff5d6238fb  (no source info available)
C  0x00007fff5d6669b7  (no source info available)
C  0x00007fff5d666c24  (no source info available)
C  0x00007fff5d6871a5  (no source info available)
C  [opencv_java4100.dll+0x201c576]  (no source info available)
C  [opencv_java4100.dll+0x264b320]  (no source info available)
C  [opencv_java4100.dll+0x25627b7]  (no source info available)
C  [opencv_java4100.dll+0x2562565]  (no source info available)
C  [opencv_java4100.dll+0x2562889]  (no source info available)
C  [opencv_java4100.dll+0x255a5e7]  (no source info available)
C  [opencv_java4100.dll+0x255a565]  (no source info available)
C  [opencv_java4100.dll+0x255a6eb]  (no source info available)
C  [opencv_java4100.dll+0x2513af3]  (no source info available)
C  [opencv_java4100.dll+0x25137ed]  (no source info available)
C  [opencv_java4100.dll+0x2513912]  (no source info available)
C  [ntdll.dll+0x28b5f]  (no source info available)
C  [ntdll.dll+0x51566]  (no source info available)
C  [ntdll.dll+0x5115d]  (no source info available)
C  [KERNEL32.DLL+0x17fab]  (no source info available)
C  [ucrtbase.dll+0x1bed8]  (no source info available)
C  [ucrtbase.dll+0x1c099]  (no source info available)
V  [jvm.dll+0x6db87b]  (no source info available)
V  [jvm.dll+0x6db3b0]  (no source info available)
V  [jvm.dll+0x3e2314]  (no source info available)
V  [jvm.dll+0x87e0f0]  (no source info available)
V  [jvm.dll+0x87f477]  (no source info available)
V  [jvm.dll+0x87f9f0]  (no source info available)
V  [jvm.dll+0x87fc93]  (no source info available)
V  [jvm.dll+0x81dc0b]  (no source info available)
V  [jvm.dll+0x6e0d85]  (no source info available)
C  [ucrtbase.dll+0x29333]  (no source info available)
C  [KERNEL32.DLL+0x1257d]  (no source info available)
C  [ntdll.dll+0x5af08]  (no source info available)


siginfo: EXCEPTION_?? (0xc000000d)


Registers:
RAX=0x00007fff00000000, RBX=0x00000211f4cfb5a0, RCX=0x0000000000000000, RDX=0x0000015200010004
RSP=0x00000060a31fe0c0, RBP=0x00007fff6e4b9a30, RSI=0x00000211f51900a0, RDI=0x0000000000000000
R8 =0x00007fff6cde2670, R9 =0x0000000000000001, R10=0x00000060a31fdd3a, R11=0x00000211f4dee63c
R12=0x00000211f4cfb5a0, R13=0x00007ffe9e2d4a60, R14=0x00000060a31fe258, R15=0x00007fff6e4b9a30
RIP=0x00007fff79676600, EFLAGS=0x0000000000000202


Register to memory mapping:

RAX=0x00007fff00000000 is an unknown value
RBX=0x00000211f4cfb5a0 points into unknown readable memory: 0x0000000000000000 | 00 00 00 00 00 00 00 00
RCX=0x0 is null
RDX=0x0000015200010004 is an unknown value
RSP=0x00000060a31fe0c0 points into unknown readable memory: 0x0000000000000057 | 57 00 00 00 00 00 00 00
RBP=0x00007fff6e4b9a30 RTWorkQ.DLL
RSI=0x00000211f51900a0 points into unknown readable memory: 0x00007ffe00000003 | 03 00 00 00 fe 7f 00 00
RDI=0x0 is null
R8 =0x00007fff6cde2670 dwrite.dll
R9 =0x0000000000000001 is an unknown value
R10=0x00000060a31fdd3a points into unknown readable memory: e8 02 12 e5 f8 00
R11=0x00000211f4dee63c points into unknown readable memory: 01 00 00 00
R12=0x00000211f4cfb5a0 points into unknown readable memory: 0x0000000000000000 | 00 00 00 00 00 00 00 00
R13=0x00007ffe9e2d4a60 jvm.dll
R14=0x00000060a31fe258 points into unknown readable memory: 0x0000000000000000 | 00 00 00 00 00 00 00 00
R15=0x00007fff6e4b9a30 RTWorkQ.DLL

Top of Stack: (sp=0x00000060a31fe0c0)
0x00000060a31fe0c0:   0000000000000057 00000211f4cfb5a0
0x00000060a31fe0d0:   00000211f51900a0 0000000000000000
0x00000060a31fe0e0:   00000080c000000d 0000000000000000
0x00000060a31fe0f0:   00007fff79676600 0000000000000000
0x00000060a31fe100:   0000000000000000 0000000000000000
0x00000060a31fe110:   0000000000000000 0000000000000000
0x00000060a31fe120:   0000000000000000 0000000000000000
0x00000060a31fe130:   0000000000000000 0000000000000000
0x00000060a31fe140:   0000000000000000 0000000000000000
0x00000060a31fe150:   0000000000000000 0000000000000000
0x00000060a31fe160:   0000000000000000 0000000000000000
0x00000060a31fe170:   0000000000000000 00000211f518ffb0
0x00000060a31fe180:   000096bff82f149a 00000000000010b4
0x00000060a31fe190:   0000000000000060 00007fff79617b85
0x00000060a31fe1a0:   00000211f518ffb0 00007fff76e9a45b
0x00000060a31fe1b0:   00000211f4cfb5a0 00007fff6e4b9a30
0x00000060a31fe1c0:   00007fff6e4b1320 0000000000000060
0x00000060a31fe1d0:   00000000c0000001 00007fff76aa0334
0x00000060a31fe1e0:   00000211f462af20 00000211f518ffb0
0x00000060a31fe1f0:   00000000000010b4 00000211f51900a0
0x00000060a31fe200:   00007fff6e4b1320 00007fff76ec2139
0x00000060a31fe210:   00000211f51901a0 00000211f4cfb5a0
0x00000060a31fe220:   00000211a4c2790f 0000000000000007
0x00000060a31fe230:   00000211f4cfb5a0 00007fff6e4b8b08
0x00000060a31fe240:   00000211f51901a0 00007fff6e4b8999
0x00000060a31fe250:   0000000000000000 0000000000000000
0x00000060a31fe260:   00000211f37f0dd8 00007fff6e4b8a72
0x00000060a31fe270:   00000211f51901a0 00000211f462af20
0x00000060a31fe280:   0000000000000000 00000211f5190178
0x00000060a31fe290:   00007fff6e4b1500 00000000000010b4
0x00000060a31fe2a0:   00000211f5190178 00007fff6e4ba0e5
0x00000060a31fe2b0:   00000060a31fe3d0 00000060a31fe320 

Instructions: (pc=0x00007fff79676600)
0x00007fff79676500:   40 48 83 c4 30 5f c3 cc cc cc cc cc cc cc cc cc
0x00007fff79676510:   40 55 48 8d 6c 24 a9 48 81 ec d0 00 00 00 48 8b
0x00007fff79676520:   05 0b 80 07 00 48 33 c4 48 89 45 47 4c 8b d2 4d
0x00007fff79676530:   85 c0 74 30 4d 8b 48 50 48 8d 05 21 7e f2 ff c7
0x00007fff79676540:   45 bf 05 00 00 00 4c 3b c8 75 13 49 8b 40 58 48
0x00007fff79676550:   8b 50 20 48 85 d2 74 06 48 89 55 e7 eb 0d 4c 89
0x00007fff79676560:   4d e7 eb 07 c7 45 bf 04 00 00 00 48 83 65 af 00
0x00007fff79676570:   48 83 65 df 00 48 63 c1 48 8d 4d a7 48 89 45 c7
0x00007fff79676580:   c7 45 a7 0a 07 00 c0 4c 89 55 cf 4c 89 45 d7 c7
0x00007fff79676590:   45 ab 01 00 00 00 e8 f5 e1 f2 ff 48 8b 4d 47 48
0x00007fff796765a0:   33 cc e8 e9 87 f6 ff 48 81 c4 d0 00 00 00 5d c3
0x00007fff796765b0:   cc cc cc cc cc cc cc cc 48 81 ec d8 00 00 00 48
0x00007fff796765c0:   8b 05 6a 7f 07 00 48 33 c4 48 89 84 24 c0 00 00
0x00007fff796765d0:   00 33 d2 41 b8 94 00 00 00 48 8d 4c 24 24 e8 2d
0x00007fff796765e0:   aa 00 00 c7 44 24 20 0d 00 00 c0 b9 57 00 00 00
0x00007fff796765f0:   e8 ab d1 f2 ff 90 48 8d 4c 24 20 e8 90 e1 f2 ff
0x00007fff79676600:   eb 00 48 8b 8c 24 c0 00 00 00 48 33 cc e8 7e 87
0x00007fff79676610:   f6 ff 48 81 c4 d8 00 00 00 c3 cc 40 55 48 83 ec
0x00007fff79676620:   20 48 8b ea e8 0f 00 00 00 90 48 83 c4 20 5d c3
0x00007fff79676630:   cc cc cc cc cc cc cc cc 48 83 ec 28 48 8b 51 08
0x00007fff79676640:   41 b8 03 00 00 00 48 8b 09 e8 82 0d fc ff 33 c0
0x00007fff79676650:   48 83 c4 28 c3 cc cc cc cc cc cc cc 48 8b 01 48
0x00007fff79676660:   83 c9 ff 8b 10 e9 d6 9f f7 ff cc cc cc cc cc cc
0x00007fff79676670:   4c 8b dc 48 81 ec 88 00 00 00 48 8b 05 af 7e 07
0x00007fff79676680:   00 48 33 c4 48 89 44 24 70 48 8b 84 24 b0 00 00
0x00007fff79676690:   00 41 ba 24 1c 00 00 49 89 43 d8 8b 84 24 b8 00
0x00007fff796766a0:   00 00 66 45 89 53 9e 49 89 4b b8 49 89 53 c0 4d
0x00007fff796766b0:   89 43 c8 4d 89 4b d0 89 44 24 68 e8 b0 49 f1 ff
0x00007fff796766c0:   85 c0 74 19 65 48 8b 04 25 60 00 00 00 48 8b 88
0x00007fff796766d0:   90 00 00 00 48 81 c1 2c 02 00 00 eb 05 b9 86 03
0x00007fff796766e0:   fe 7f 0f b6 09 4c 8d 4c 24 20 ba 03 04 00 00 41
0x00007fff796766f0:   b8 2c 00 00 00 e8 76 a5 f7 ff 48 8b 4c 24 70 48 


Stack slot to memory mapping:

stack at sp + 0 slots: 0x0000000000000057 is an unknown value
stack at sp + 1 slots: 0x00000211f4cfb5a0 points into unknown readable memory: 0x0000000000000000 | 00 00 00 00 00 00 00 00
stack at sp + 2 slots: 0x00000211f51900a0 points into unknown readable memory: 0x00007ffe00000003 | 03 00 00 00 fe 7f 00 00
stack at sp + 3 slots: 0x0 is null
stack at sp + 4 slots: 0x00000080c000000d is an unknown value
stack at sp + 5 slots: 0x0 is null
stack at sp + 6 slots: 0x00007fff79676600 ntdll.dll
stack at sp + 7 slots: 0x0 is null

VM_Operation (0x00000060a27ff2f0): Exit, mode: safepoint, requested by thread 0x00000211f49b6f00


---------------  P R O C E S S  ---------------

Threads class SMR info:
_java_thread_list=0x00000211eac02790, length=18, elements={
0x00000211a4827de0, 0x00000211a4828d00, 0x00000211a4831b60, 0x00000211a48325c0,
0x00000211a4834030, 0x00000211a4834dc0, 0x00000211a483b430, 0x00000211a4a9a640,
0x00000211ea744330, 0x00000211ea424840, 0x00000211eaeafdd0, 0x00000211eb0bcd50,
0x00000211f49b6870, 0x00000211f49b61e0, 0x00000211f49b3a80, 0x00000211f49b47a0,
0x00000211f49b4e30, 0x00000211f49b6f00
}

Java Threads: ( => current thread )
  0x00000211a4827de0 JavaThread "Reference Handler"          daemon [_thread_blocked, id=21780, stack(0x00000060a3200000,0x00000060a3300000) (1024K)]
  0x00000211a4828d00 JavaThread "Finalizer"                  daemon [_thread_blocked, id=11628, stack(0x00000060a3300000,0x00000060a3400000) (1024K)]
  0x00000211a4831b60 JavaThread "Attach Listener"            daemon [_thread_blocked, id=18928, stack(0x00000060a3500000,0x00000060a3600000) (1024K)]
  0x00000211a48325c0 JavaThread "Service Thread"             daemon [_thread_blocked, id=10032, stack(0x00000060a3600000,0x00000060a3700000) (1024K)]
  0x00000211a4834030 JavaThread "Monitor Deflation Thread"   daemon [_thread_blocked, id=16272, stack(0x00000060a3700000,0x00000060a3800000) (1024K)]
  0x00000211a4834dc0 JavaThread "C2 CompilerThread0"         daemon [_thread_blocked, id=1336, stack(0x00000060a3800000,0x00000060a3900000) (1024K)]
  0x00000211a483b430 JavaThread "C1 CompilerThread0"         daemon [_thread_blocked, id=21276, stack(0x00000060a3900000,0x00000060a3a00000) (1024K)]
  0x00000211a4a9a640 JavaThread "Common-Cleaner"             daemon [_thread_blocked, id=12616, stack(0x00000060a3a00000,0x00000060a3b00000) (1024K)]
  0x00000211ea744330 JavaThread "Monitor Ctrl-Break"         daemon [_thread_in_native, id=21156, stack(0x00000060a4200000,0x00000060a4300000) (1024K)]
  0x00000211ea424840 JavaThread "Notification Thread"        daemon [_thread_blocked, id=22480, stack(0x00000060a4300000,0x00000060a4400000) (1024K)]
  0x00000211eaeafdd0 JavaThread "InvokeLaterDispatcher"      daemon [_thread_blocked, id=22296, stack(0x00000060a4900000,0x00000060a4a00000) (1024K)]
  0x00000211eb0bcd50 JavaThread "Thread-2"                   daemon [_thread_in_native, id=1996, stack(0x00000060a4000000,0x00000060a4100000) (1024K)]
  0x00000211f49b6870 JavaThread "Prism Font Disposer"        daemon [_thread_blocked, id=18456, stack(0x00000060a5600000,0x00000060a5700000) (1024K)]
  0x00000211f49b61e0 JavaThread "Cleaner-0"                  daemon [_thread_blocked, id=14448, stack(0x00000060a6000000,0x00000060a6100000) (1024K)]
  0x00000211f49b3a80 JavaThread "Java2D Disposer"            daemon [_thread_blocked, id=8088, stack(0x00000060a6200000,0x00000060a6300000) (1024K)]
  0x00000211f49b47a0 JavaThread "Thread-8"                          [_thread_blocked, id=9968, stack(0x00000060a5b00000,0x00000060a5c00000) (1024K)]
  0x00000211f49b4e30 JavaThread "DestroyJavaVM"                     [_thread_blocked, id=9736, stack(0x00000060a2a00000,0x00000060a2b00000) (1024K)]
  0x00000211f49b6f00 JavaThread "SIGINT handler"             daemon [_thread_blocked, id=22408, stack(0x00000060a2700000,0x00000060a2800000) (1024K)]
Total: 18

Other Threads:
=>0x00000211a480d970 VMThread "VM Thread"                           [id=20024, stack(0x00000060a3100000,0x00000060a3200000) (1024K)]
  0x0000021184958640 WorkerThread "GC Thread#0"                     [id=14272, stack(0x00000060a2b00000,0x00000060a2c00000) (1024K)]
  0x00000211eb0f3de0 WorkerThread "GC Thread#1"                     [id=22252, stack(0x00000060a4c00000,0x00000060a4d00000) (1024K)]
  0x00000211eb0c2890 WorkerThread "GC Thread#2"                     [id=2416, stack(0x00000060a4d00000,0x00000060a4e00000) (1024K)]
  0x00000211eb0eecc0 WorkerThread "GC Thread#3"                     [id=14584, stack(0x00000060a4e00000,0x00000060a4f00000) (1024K)]
  0x00000211eb0ef070 WorkerThread "GC Thread#4"                     [id=18180, stack(0x00000060a4f00000,0x00000060a5000000) (1024K)]
  0x00000211eb0ef420 WorkerThread "GC Thread#5"                     [id=808, stack(0x00000060a5000000,0x00000060a5100000) (1024K)]
  0x00000211f44b5bd0 WorkerThread "GC Thread#6"                     [id=3408, stack(0x00000060a3e00000,0x00000060a3f00000) (1024K)]
  0x00000211eb1fcee0 WorkerThread "GC Thread#7"                     [id=1040, stack(0x00000060a3f00000,0x00000060a4000000) (1024K)]
  0x00000211eaba6e40 WorkerThread "GC Thread#8"                     [id=20928, stack(0x00000060a5100000,0x00000060a5200000) (1024K)]
  0x00000211eaba71f0 WorkerThread "GC Thread#9"                     [id=12180, stack(0x00000060a5200000,0x00000060a5300000) (1024K)]
  0x00000211eb200680 WorkerThread "GC Thread#10"                    [id=11904, stack(0x00000060a5300000,0x00000060a5400000) (1024K)]
  0x00000211f519b630 WorkerThread "GC Thread#11"                    [id=22500, stack(0x00000060a6300000,0x00000060a6400000) (1024K)]
  0x00000211f519b9e0 WorkerThread "GC Thread#12"                    [id=17632, stack(0x00000060a6500000,0x00000060a6600000) (1024K)]
  0x00000211f4b3ef90 WorkerThread "GC Thread#13"                    [id=21816, stack(0x00000060a2900000,0x00000060a2a00000) (1024K)]
  0x000002118496a020 ConcurrentGCThread "G1 Main Marker"            terminated
  0x000002118496aa40 WorkerThread "G1 Conc#0"                       [id=22420, stack(0x00000060a2d00000,0x00000060a2e00000) (1024K)]
  0x00000211a46cadf0 ConcurrentGCThread "G1 Refine#0"               terminated
  0x00000211a46cb880 ConcurrentGCThread "G1 Service"                terminated
Total: 19

Threads with active compile tasks:
Total: 0

VM state: at safepoint (shutting down)

VM Mutex/Monitor currently owned by a thread:  ([mutex/lock_event])
[0x00007ffe9e2acb80] Threads_lock - owner thread: 0x00000211a480d970
[0x00007ffe9e2acc80] Heap_lock - owner thread: 0x00000211f49b6f00

Heap address: 0x0000000705200000, size: 4014 MB, Compressed Oops mode: Zero based, Oop shift amount: 3

CDS archive(s) mapped at: [0x00000211a5000000-0x00000211a5c60000-0x00000211a5c60000), size 12976128, SharedBaseAddress: 0x00000211a5000000, ArchiveRelocationMode: 1.
Compressed class space mapped at: 0x00000211a6000000-0x00000211e6000000, reserved size: 1073741824
Narrow klass base: 0x00000211a5000000, Narrow klass shift: 0, Narrow klass range: 0x41000000

GC Precious Log:
 CardTable entry size: 512
 Card Set container configuration: InlinePtr #cards 4 size 8 Array Of Cards #cards 16 size 48 Howl #buckets 8 coarsen threshold 3686 Howl Bitmap #cards 512 size 80 coarsen threshold 460 Card regions per heap region 1 cards per card region 4096
 CPUs: 20 total, 20 available
 Memory: 16051M
 Large Page Support: Disabled
 NUMA Support: Disabled
 Compressed Oops: Enabled (Zero based)
 Heap Region Size: 2M
 Heap Min Capacity: 8M
 Heap Initial Capacity: 252M
 Heap Max Capacity: 4014M
 Pre-touch: Disabled
 Parallel Workers: 15
 Concurrent Workers: 4
 Concurrent Refinement Workers: 15
 Periodic GC: Disabled

Heap:
 garbage-first heap   total reserved 4110336K, committed 311296K, used 78087K [0x0000000705200000, 0x0000000800000000)
  region size 2048K, 4 young (8192K), 1 survivors (2048K)
 Metaspace       used 19661K, committed 19968K, reserved 1114112K
  class space    used 2635K, committed 2752K, reserved 1048576K

Heap Regions: E=young(eden), S=young(survivor), O=old, HS=humongous(starts), HC=humongous(continues), CS=collection set, F=free, TAMS=top-at-mark-start, PB=parsable bottom
|   0|0x0000000705200000, 0x0000000705400000, 0x0000000705400000|100%|HS|  |TAMS 0x0000000705200000| PB 0x0000000705200000| Complete |  0
|   1|0x0000000705400000, 0x0000000705600000, 0x0000000705600000|100%| O|  |TAMS 0x0000000705400000| PB 0x0000000705400000| Untracked |  0
|   2|0x0000000705600000, 0x0000000705800000, 0x0000000705800000|100%|HS|  |TAMS 0x0000000705600000| PB 0x0000000705600000| Complete |  0
|   3|0x0000000705800000, 0x0000000705a00000, 0x0000000705a00000|100%|HS|  |TAMS 0x0000000705800000| PB 0x0000000705800000| Complete |  0
|   4|0x0000000705a00000, 0x0000000705c00000, 0x0000000705c00000|100%|HS|  |TAMS 0x0000000705a00000| PB 0x0000000705a00000| Complete |  0
|   5|0x0000000705c00000, 0x0000000705e00000, 0x0000000705e00000|100%|HS|  |TAMS 0x0000000705c00000| PB 0x0000000705c00000| Complete |  0
|   6|0x0000000705e00000, 0x0000000706000000, 0x0000000706000000|100%|HS|  |TAMS 0x0000000705e00000| PB 0x0000000705e00000| Complete |  0
|   7|0x0000000706000000, 0x0000000706200000, 0x0000000706200000|100%|HS|  |TAMS 0x0000000706000000| PB 0x0000000706000000| Complete |  0
|   8|0x0000000706200000, 0x0000000706400000, 0x0000000706400000|100%|HS|  |TAMS 0x0000000706200000| PB 0x0000000706200000| Complete |  0
|   9|0x0000000706400000, 0x0000000706600000, 0x0000000706600000|100%|HS|  |TAMS 0x0000000706400000| PB 0x0000000706400000| Complete |  0
|  10|0x0000000706600000, 0x0000000706600000, 0x0000000706800000|  0%| F|  |TAMS 0x0000000706600000| PB 0x0000000706600000| Untracked |  0
|  11|0x0000000706800000, 0x0000000706a00000, 0x0000000706a00000|100%|HS|  |TAMS 0x0000000706800000| PB 0x0000000706800000| Complete |  0
|  12|0x0000000706a00000, 0x0000000706c00000, 0x0000000706c00000|100%|HS|  |TAMS 0x0000000706a00000| PB 0x0000000706a00000| Complete |  0
|  13|0x0000000706c00000, 0x0000000706c00000, 0x0000000706e00000|  0%| F|  |TAMS 0x0000000706c00000| PB 0x0000000706c00000| Untracked |  0
|  14|0x0000000706e00000, 0x0000000706e00000, 0x0000000707000000|  0%| F|  |TAMS 0x0000000706e00000| PB 0x0000000706e00000| Untracked |  0
|  15|0x0000000707000000, 0x0000000707200000, 0x0000000707200000|100%|HS|  |TAMS 0x0000000707000000| PB 0x0000000707000000| Complete |  0
|  16|0x0000000707200000, 0x0000000707400000, 0x0000000707400000|100%|HS|  |TAMS 0x0000000707200000| PB 0x0000000707200000| Complete |  0
|  17|0x0000000707400000, 0x0000000707400000, 0x0000000707600000|  0%| F|  |TAMS 0x0000000707400000| PB 0x0000000707400000| Untracked |  0
|  18|0x0000000707600000, 0x0000000707800000, 0x0000000707800000|100%|HS|  |TAMS 0x0000000707600000| PB 0x0000000707600000| Complete |  0
|  19|0x0000000707800000, 0x0000000707800000, 0x0000000707a00000|  0%| F|  |TAMS 0x0000000707800000| PB 0x0000000707800000| Untracked |  0
|  20|0x0000000707a00000, 0x0000000707c00000, 0x0000000707c00000|100%|HS|  |TAMS 0x0000000707a00000| PB 0x0000000707a00000| Complete |  0
|  21|0x0000000707c00000, 0x0000000707c00000, 0x0000000707e00000|  0%| F|  |TAMS 0x0000000707c00000| PB 0x0000000707c00000| Untracked |  0
|  22|0x0000000707e00000, 0x0000000708000000, 0x0000000708000000|100%|HS|  |TAMS 0x0000000707e00000| PB 0x0000000707e00000| Complete |  0
|  23|0x0000000708000000, 0x0000000708000000, 0x0000000708200000|  0%| F|  |TAMS 0x0000000708000000| PB 0x0000000708000000| Untracked |  0
|  24|0x0000000708200000, 0x0000000708400000, 0x0000000708400000|100%|HS|  |TAMS 0x0000000708200000| PB 0x0000000708200000| Complete |  0
|  25|0x0000000708400000, 0x0000000708400000, 0x0000000708600000|  0%| F|  |TAMS 0x0000000708400000| PB 0x0000000708400000| Untracked |  0
|  26|0x0000000708600000, 0x0000000708600000, 0x0000000708800000|  0%| F|  |TAMS 0x0000000708600000| PB 0x0000000708600000| Untracked |  0
|  27|0x0000000708800000, 0x0000000708a00000, 0x0000000708a00000|100%|HS|  |TAMS 0x0000000708800000| PB 0x0000000708800000| Complete |  0
|  28|0x0000000708a00000, 0x0000000708a00000, 0x0000000708c00000|  0%| F|  |TAMS 0x0000000708a00000| PB 0x0000000708a00000| Untracked |  0
|  29|0x0000000708c00000, 0x0000000708c00000, 0x0000000708e00000|  0%| F|  |TAMS 0x0000000708c00000| PB 0x0000000708c00000| Untracked |  0
|  30|0x0000000708e00000, 0x0000000709000000, 0x0000000709000000|100%|HS|  |TAMS 0x0000000708e00000| PB 0x0000000708e00000| Complete |  0
|  31|0x0000000709000000, 0x0000000709000000, 0x0000000709200000|  0%| F|  |TAMS 0x0000000709000000| PB 0x0000000709000000| Untracked |  0
|  32|0x0000000709200000, 0x0000000709200000, 0x0000000709400000|  0%| F|  |TAMS 0x0000000709200000| PB 0x0000000709200000| Untracked |  0
|  33|0x0000000709400000, 0x0000000709600000, 0x0000000709600000|100%|HS|  |TAMS 0x0000000709400000| PB 0x0000000709400000| Complete |  0
|  34|0x0000000709600000, 0x0000000709600000, 0x0000000709800000|  0%| F|  |TAMS 0x0000000709600000| PB 0x0000000709600000| Untracked |  0
|  35|0x0000000709800000, 0x0000000709800000, 0x0000000709a00000|  0%| F|  |TAMS 0x0000000709800000| PB 0x0000000709800000| Untracked |  0
|  36|0x0000000709a00000, 0x0000000709c00000, 0x0000000709c00000|100%|HS|  |TAMS 0x0000000709a00000| PB 0x0000000709a00000| Complete |  0
|  37|0x0000000709c00000, 0x0000000709c00000, 0x0000000709e00000|  0%| F|  |TAMS 0x0000000709c00000| PB 0x0000000709c00000| Untracked |  0
|  38|0x0000000709e00000, 0x0000000709e00000, 0x000000070a000000|  0%| F|  |TAMS 0x0000000709e00000| PB 0x0000000709e00000| Untracked |  0
|  39|0x000000070a000000, 0x000000070a200000, 0x000000070a200000|100%|HS|  |TAMS 0x000000070a000000| PB 0x000000070a000000| Complete |  0
|  40|0x000000070a200000, 0x000000070a200000, 0x000000070a400000|  0%| F|  |TAMS 0x000000070a200000| PB 0x000000070a200000| Untracked |  0
|  41|0x000000070a400000, 0x000000070a400000, 0x000000070a600000|  0%| F|  |TAMS 0x000000070a400000| PB 0x000000070a400000| Untracked |  0
|  42|0x000000070a600000, 0x000000070a800000, 0x000000070a800000|100%|HS|  |TAMS 0x000000070a600000| PB 0x000000070a600000| Complete |  0
|  43|0x000000070a800000, 0x000000070a800000, 0x000000070aa00000|  0%| F|  |TAMS 0x000000070a800000| PB 0x000000070a800000| Untracked |  0
|  44|0x000000070aa00000, 0x000000070aa00000, 0x000000070ac00000|  0%| F|  |TAMS 0x000000070aa00000| PB 0x000000070aa00000| Untracked |  0
|  45|0x000000070ac00000, 0x000000070ae00000, 0x000000070ae00000|100%|HS|  |TAMS 0x000000070ac00000| PB 0x000000070ac00000| Complete |  0
|  46|0x000000070ae00000, 0x000000070ae00000, 0x000000070b000000|  0%| F|  |TAMS 0x000000070ae00000| PB 0x000000070ae00000| Untracked |  0
|  47|0x000000070b000000, 0x000000070b000000, 0x000000070b200000|  0%| F|  |TAMS 0x000000070b000000| PB 0x000000070b000000| Untracked |  0
|  48|0x000000070b200000, 0x000000070b400000, 0x000000070b400000|100%|HS|  |TAMS 0x000000070b200000| PB 0x000000070b200000| Complete |  0
|  49|0x000000070b400000, 0x000000070b400000, 0x000000070b600000|  0%| F|  |TAMS 0x000000070b400000| PB 0x000000070b400000| Untracked |  0
|  50|0x000000070b600000, 0x000000070b800000, 0x000000070b800000|100%|HS|  |TAMS 0x000000070b600000| PB 0x000000070b600000| Complete |  0
|  51|0x000000070b800000, 0x000000070ba00000, 0x000000070ba00000|100%|HS|  |TAMS 0x000000070b800000| PB 0x000000070b800000| Complete |  0
|  52|0x000000070ba00000, 0x000000070ba00000, 0x000000070bc00000|  0%| F|  |TAMS 0x000000070ba00000| PB 0x000000070ba00000| Untracked |  0
|  53|0x000000070bc00000, 0x000000070be00000, 0x000000070be00000|100%|HS|  |TAMS 0x000000070bc00000| PB 0x000000070bc00000| Complete |  0
|  54|0x000000070be00000, 0x000000070be00000, 0x000000070c000000|  0%| F|  |TAMS 0x000000070be00000| PB 0x000000070be00000| Untracked |  0
|  55|0x000000070c000000, 0x000000070c000000, 0x000000070c200000|  0%| F|  |TAMS 0x000000070c000000| PB 0x000000070c000000| Untracked |  0
|  56|0x000000070c200000, 0x000000070c400000, 0x000000070c400000|100%|HS|  |TAMS 0x000000070c200000| PB 0x000000070c200000| Complete |  0
|  57|0x000000070c400000, 0x000000070c400000, 0x000000070c600000|  0%| F|  |TAMS 0x000000070c400000| PB 0x000000070c400000| Untracked |  0
|  58|0x000000070c600000, 0x000000070c600000, 0x000000070c800000|  0%| F|  |TAMS 0x000000070c600000| PB 0x000000070c600000| Untracked |  0
|  59|0x000000070c800000, 0x000000070ca00000, 0x000000070ca00000|100%|HS|  |TAMS 0x000000070c800000| PB 0x000000070c800000| Complete |  0
|  60|0x000000070ca00000, 0x000000070ca00000, 0x000000070cc00000|  0%| F|  |TAMS 0x000000070ca00000| PB 0x000000070ca00000| Untracked |  0
|  61|0x000000070cc00000, 0x000000070cc00000, 0x000000070ce00000|  0%| F|  |TAMS 0x000000070cc00000| PB 0x000000070cc00000| Untracked |  0
|  62|0x000000070ce00000, 0x000000070cf1daa0, 0x000000070d000000| 55%| O|  |TAMS 0x000000070ce00000| PB 0x000000070ce00000| Untracked |  0
|  63|0x000000070d000000, 0x000000070d200000, 0x000000070d200000|100%|HS|  |TAMS 0x000000070d000000| PB 0x000000070d000000| Complete |  0
|  64|0x000000070d200000, 0x000000070d400000, 0x000000070d400000|100%|HS|  |TAMS 0x000000070d200000| PB 0x000000070d200000| Complete |  0
|  65|0x000000070d400000, 0x000000070d400000, 0x000000070d600000|  0%| F|  |TAMS 0x000000070d400000| PB 0x000000070d400000| Untracked |  0
|  66|0x000000070d600000, 0x000000070d600000, 0x000000070d800000|  0%| F|  |TAMS 0x000000070d600000| PB 0x000000070d600000| Untracked |  0
|  67|0x000000070d800000, 0x000000070da00000, 0x000000070da00000|100%| O|  |TAMS 0x000000070d800000| PB 0x000000070d800000| Untracked |  0
|  68|0x000000070da00000, 0x000000070dc00000, 0x000000070dc00000|100%| O|  |TAMS 0x000000070da00000| PB 0x000000070da00000| Untracked |  0
|  69|0x000000070dc00000, 0x000000070de00000, 0x000000070de00000|100%| O|  |TAMS 0x000000070dc00000| PB 0x000000070dc00000| Untracked |  0
|  70|0x000000070de00000, 0x000000070de00000, 0x000000070e000000|  0%| F|  |TAMS 0x000000070de00000| PB 0x000000070de00000| Untracked |  0
|  71|0x000000070e000000, 0x000000070e000000, 0x000000070e200000|  0%| F|  |TAMS 0x000000070e000000| PB 0x000000070e000000| Untracked |  0
|  72|0x000000070e200000, 0x000000070e200000, 0x000000070e400000|  0%| F|  |TAMS 0x000000070e200000| PB 0x000000070e200000| Untracked |  0
|  73|0x000000070e400000, 0x000000070e400000, 0x000000070e600000|  0%| F|  |TAMS 0x000000070e400000| PB 0x000000070e400000| Untracked |  0
|  74|0x000000070e600000, 0x000000070e600000, 0x000000070e800000|  0%| F|  |TAMS 0x000000070e600000| PB 0x000000070e600000| Untracked |  0
|  75|0x000000070e800000, 0x000000070e800000, 0x000000070ea00000|  0%| F|  |TAMS 0x000000070e800000| PB 0x000000070e800000| Untracked |  0
|  76|0x000000070ea00000, 0x000000070ea00000, 0x000000070ec00000|  0%| F|  |TAMS 0x000000070ea00000| PB 0x000000070ea00000| Untracked |  0
|  77|0x000000070ec00000, 0x000000070ec00000, 0x000000070ee00000|  0%| F|  |TAMS 0x000000070ec00000| PB 0x000000070ec00000| Untracked |  0
|  78|0x000000070ee00000, 0x000000070ee00000, 0x000000070f000000|  0%| F|  |TAMS 0x000000070ee00000| PB 0x000000070ee00000| Untracked |  0
|  79|0x000000070f000000, 0x000000070f000000, 0x000000070f200000|  0%| F|  |TAMS 0x000000070f000000| PB 0x000000070f000000| Untracked |  0
|  80|0x000000070f200000, 0x000000070f200000, 0x000000070f400000|  0%| F|  |TAMS 0x000000070f200000| PB 0x000000070f200000| Untracked |  0
|  81|0x000000070f400000, 0x000000070f400000, 0x000000070f600000|  0%| F|  |TAMS 0x000000070f400000| PB 0x000000070f400000| Untracked |  0
|  82|0x000000070f600000, 0x000000070f600000, 0x000000070f800000|  0%| F|  |TAMS 0x000000070f600000| PB 0x000000070f600000| Untracked |  0
|  83|0x000000070f800000, 0x000000070f800000, 0x000000070fa00000|  0%| F|  |TAMS 0x000000070f800000| PB 0x000000070f800000| Untracked |  0
|  84|0x000000070fa00000, 0x000000070fa00000, 0x000000070fc00000|  0%| F|  |TAMS 0x000000070fa00000| PB 0x000000070fa00000| Untracked |  0
|  85|0x000000070fc00000, 0x000000070fc00000, 0x000000070fe00000|  0%| F|  |TAMS 0x000000070fc00000| PB 0x000000070fc00000| Untracked |  0
|  86|0x000000070fe00000, 0x000000070fe00000, 0x0000000710000000|  0%| F|  |TAMS 0x000000070fe00000| PB 0x000000070fe00000| Untracked |  0
|  87|0x0000000710000000, 0x0000000710000000, 0x0000000710200000|  0%| F|  |TAMS 0x0000000710000000| PB 0x0000000710000000| Untracked |  0
|  88|0x0000000710200000, 0x0000000710200000, 0x0000000710400000|  0%| F|  |TAMS 0x0000000710200000| PB 0x0000000710200000| Untracked |  0
|  89|0x0000000710400000, 0x0000000710400000, 0x0000000710600000|  0%| F|  |TAMS 0x0000000710400000| PB 0x0000000710400000| Untracked |  0
|  90|0x0000000710600000, 0x0000000710600000, 0x0000000710800000|  0%| F|  |TAMS 0x0000000710600000| PB 0x0000000710600000| Untracked |  0
|  91|0x0000000710800000, 0x0000000710800000, 0x0000000710a00000|  0%| F|  |TAMS 0x0000000710800000| PB 0x0000000710800000| Untracked |  0
|  92|0x0000000710a00000, 0x0000000710a00000, 0x0000000710c00000|  0%| F|  |TAMS 0x0000000710a00000| PB 0x0000000710a00000| Untracked |  0
|  93|0x0000000710c00000, 0x0000000710c00000, 0x0000000710e00000|  0%| F|  |TAMS 0x0000000710c00000| PB 0x0000000710c00000| Untracked |  0
|  94|0x0000000710e00000, 0x0000000710e00000, 0x0000000711000000|  0%| F|  |TAMS 0x0000000710e00000| PB 0x0000000710e00000| Untracked |  0
|  95|0x0000000711000000, 0x0000000711000000, 0x0000000711200000|  0%| F|  |TAMS 0x0000000711000000| PB 0x0000000711000000| Untracked |  0
|  96|0x0000000711200000, 0x0000000711200000, 0x0000000711400000|  0%| F|  |TAMS 0x0000000711200000| PB 0x0000000711200000| Untracked |  0
|  97|0x0000000711400000, 0x0000000711400000, 0x0000000711600000|  0%| F|  |TAMS 0x0000000711400000| PB 0x0000000711400000| Untracked |  0
|  98|0x0000000711600000, 0x0000000711600000, 0x0000000711800000|  0%| F|  |TAMS 0x0000000711600000| PB 0x0000000711600000| Untracked |  0
|  99|0x0000000711800000, 0x0000000711800000, 0x0000000711a00000|  0%| F|  |TAMS 0x0000000711800000| PB 0x0000000711800000| Untracked |  0
| 100|0x0000000711a00000, 0x0000000711a00000, 0x0000000711c00000|  0%| F|  |TAMS 0x0000000711a00000| PB 0x0000000711a00000| Untracked |  0
| 101|0x0000000711c00000, 0x0000000711c00000, 0x0000000711e00000|  0%| F|  |TAMS 0x0000000711c00000| PB 0x0000000711c00000| Untracked |  0
| 102|0x0000000711e00000, 0x0000000711e00000, 0x0000000712000000|  0%| F|  |TAMS 0x0000000711e00000| PB 0x0000000711e00000| Untracked |  0
| 103|0x0000000712000000, 0x0000000712000000, 0x0000000712200000|  0%| F|  |TAMS 0x0000000712000000| PB 0x0000000712000000| Untracked |  0
| 104|0x0000000712200000, 0x0000000712200000, 0x0000000712400000|  0%| F|  |TAMS 0x0000000712200000| PB 0x0000000712200000| Untracked |  0
| 105|0x0000000712400000, 0x0000000712400000, 0x0000000712600000|  0%| F|  |TAMS 0x0000000712400000| PB 0x0000000712400000| Untracked |  0
| 106|0x0000000712600000, 0x0000000712600000, 0x0000000712800000|  0%| F|  |TAMS 0x0000000712600000| PB 0x0000000712600000| Untracked |  0
| 107|0x0000000712800000, 0x0000000712800000, 0x0000000712a00000|  0%| F|  |TAMS 0x0000000712800000| PB 0x0000000712800000| Untracked |  0
| 108|0x0000000712a00000, 0x0000000712a00000, 0x0000000712c00000|  0%| F|  |TAMS 0x0000000712a00000| PB 0x0000000712a00000| Untracked |  0
| 109|0x0000000712c00000, 0x0000000712c00000, 0x0000000712e00000|  0%| F|  |TAMS 0x0000000712c00000| PB 0x0000000712c00000| Untracked |  0
| 110|0x0000000712e00000, 0x0000000712e00000, 0x0000000713000000|  0%| F|  |TAMS 0x0000000712e00000| PB 0x0000000712e00000| Untracked |  0
| 111|0x0000000713000000, 0x0000000713000000, 0x0000000713200000|  0%| F|  |TAMS 0x0000000713000000| PB 0x0000000713000000| Untracked |  0
| 112|0x0000000713200000, 0x0000000713200000, 0x0000000713400000|  0%| F|  |TAMS 0x0000000713200000| PB 0x0000000713200000| Untracked |  0
| 113|0x0000000713400000, 0x0000000713400000, 0x0000000713600000|  0%| F|  |TAMS 0x0000000713400000| PB 0x0000000713400000| Untracked |  0
| 114|0x0000000713600000, 0x0000000713600000, 0x0000000713800000|  0%| F|  |TAMS 0x0000000713600000| PB 0x0000000713600000| Untracked |  0
| 115|0x0000000713800000, 0x0000000713800000, 0x0000000713a00000|  0%| F|  |TAMS 0x0000000713800000| PB 0x0000000713800000| Untracked |  0
| 116|0x0000000713a00000, 0x0000000713a00000, 0x0000000713c00000|  0%| F|  |TAMS 0x0000000713a00000| PB 0x0000000713a00000| Untracked |  0
| 117|0x0000000713c00000, 0x0000000713c00000, 0x0000000713e00000|  0%| F|  |TAMS 0x0000000713c00000| PB 0x0000000713c00000| Untracked |  0
| 118|0x0000000713e00000, 0x0000000713e00000, 0x0000000714000000|  0%| F|  |TAMS 0x0000000713e00000| PB 0x0000000713e00000| Untracked |  0
| 119|0x0000000714000000, 0x0000000714000000, 0x0000000714200000|  0%| F|  |TAMS 0x0000000714000000| PB 0x0000000714000000| Untracked |  0
| 120|0x0000000714200000, 0x0000000714200000, 0x0000000714400000|  0%| F|  |TAMS 0x0000000714200000| PB 0x0000000714200000| Untracked |  0
| 121|0x0000000714400000, 0x0000000714400000, 0x0000000714600000|  0%| F|  |TAMS 0x0000000714400000| PB 0x0000000714400000| Untracked |  0
| 122|0x0000000714600000, 0x0000000714600000, 0x0000000714800000|  0%| F|  |TAMS 0x0000000714600000| PB 0x0000000714600000| Untracked |  0
| 123|0x0000000714800000, 0x0000000714800000, 0x0000000714a00000|  0%| F|  |TAMS 0x0000000714800000| PB 0x0000000714800000| Untracked |  0
| 124|0x0000000714a00000, 0x0000000714a00000, 0x0000000714c00000|  0%| F|  |TAMS 0x0000000714a00000| PB 0x0000000714a00000| Untracked |  0
| 125|0x0000000714c00000, 0x0000000714c00000, 0x0000000714e00000|  0%| F|  |TAMS 0x0000000714c00000| PB 0x0000000714c00000| Untracked |  0
| 126|0x0000000714e00000, 0x0000000714e00000, 0x0000000715000000|  0%| F|  |TAMS 0x0000000714e00000| PB 0x0000000714e00000| Untracked |  0
| 127|0x0000000715000000, 0x0000000715000000, 0x0000000715200000|  0%| F|  |TAMS 0x0000000715000000| PB 0x0000000715000000| Untracked |  0
| 128|0x0000000715200000, 0x0000000715200000, 0x0000000715400000|  0%| F|  |TAMS 0x0000000715200000| PB 0x0000000715200000| Untracked |  0
| 129|0x0000000715400000, 0x0000000715400000, 0x0000000715600000|  0%| F|  |TAMS 0x0000000715400000| PB 0x0000000715400000| Untracked |  0
| 130|0x0000000715600000, 0x0000000715600000, 0x0000000715800000|  0%| F|  |TAMS 0x0000000715600000| PB 0x0000000715600000| Untracked |  0
| 131|0x0000000715800000, 0x0000000715800000, 0x0000000715a00000|  0%| F|  |TAMS 0x0000000715800000| PB 0x0000000715800000| Untracked |  0
| 132|0x0000000715a00000, 0x0000000715b24450, 0x0000000715c00000| 57%| S|CS|TAMS 0x0000000715a00000| PB 0x0000000715a00000| Complete |  0
| 133|0x0000000715c00000, 0x0000000715c00000, 0x0000000715e00000|  0%| F|  |TAMS 0x0000000715c00000| PB 0x0000000715c00000| Untracked |  0
| 134|0x0000000715e00000, 0x0000000715e00000, 0x0000000716000000|  0%| F|  |TAMS 0x0000000715e00000| PB 0x0000000715e00000| Untracked |  0
| 135|0x0000000716000000, 0x0000000716000000, 0x0000000716200000|  0%| F|  |TAMS 0x0000000716000000| PB 0x0000000716000000| Untracked |  0
| 136|0x0000000716200000, 0x0000000716200000, 0x0000000716400000|  0%| F|  |TAMS 0x0000000716200000| PB 0x0000000716200000| Untracked |  0
| 137|0x0000000716400000, 0x0000000716400000, 0x0000000716600000|  0%| F|  |TAMS 0x0000000716400000| PB 0x0000000716400000| Untracked |  0
| 138|0x0000000716600000, 0x0000000716600000, 0x0000000716800000|  0%| F|  |TAMS 0x0000000716600000| PB 0x0000000716600000| Untracked |  0
| 139|0x0000000716800000, 0x0000000716800000, 0x0000000716a00000|  0%| F|  |TAMS 0x0000000716800000| PB 0x0000000716800000| Untracked |  0
| 140|0x0000000716a00000, 0x0000000716a00000, 0x0000000716c00000|  0%| F|  |TAMS 0x0000000716a00000| PB 0x0000000716a00000| Untracked |  0
| 141|0x0000000716c00000, 0x0000000716c00000, 0x0000000716e00000|  0%| F|  |TAMS 0x0000000716c00000| PB 0x0000000716c00000| Untracked |  0
| 142|0x0000000716e00000, 0x0000000716e00000, 0x0000000717000000|  0%| F|  |TAMS 0x0000000716e00000| PB 0x0000000716e00000| Untracked |  0
| 143|0x0000000717000000, 0x0000000717000000, 0x0000000717200000|  0%| F|  |TAMS 0x0000000717000000| PB 0x0000000717000000| Untracked |  0
| 144|0x0000000717200000, 0x0000000717200000, 0x0000000717400000|  0%| F|  |TAMS 0x0000000717200000| PB 0x0000000717200000| Untracked |  0
| 145|0x0000000717400000, 0x0000000717400000, 0x0000000717600000|  0%| F|  |TAMS 0x0000000717400000| PB 0x0000000717400000| Untracked |  0
| 146|0x0000000717600000, 0x0000000717600000, 0x0000000717800000|  0%| F|  |TAMS 0x0000000717600000| PB 0x0000000717600000| Untracked |  0
| 147|0x0000000717800000, 0x0000000717800000, 0x0000000717a00000|  0%| F|  |TAMS 0x0000000717800000| PB 0x0000000717800000| Untracked |  0
| 148|0x0000000717a00000, 0x0000000717a00000, 0x0000000717c00000|  0%| F|  |TAMS 0x0000000717a00000| PB 0x0000000717a00000| Untracked |  0
| 149|0x0000000717c00000, 0x0000000717e00000, 0x0000000717e00000|100%| E|  |TAMS 0x0000000717c00000| PB 0x0000000717c00000| Complete |  1
| 150|0x0000000717e00000, 0x0000000718000000, 0x0000000718000000|100%| E|CS|TAMS 0x0000000717e00000| PB 0x0000000717e00000| Complete |  0
| 151|0x0000000718000000, 0x0000000718200000, 0x0000000718200000|100%| E|  |TAMS 0x0000000718000000| PB 0x0000000718000000| Complete |  0

Card table byte_map: [0x000002119ceb0000,0x000002119d690000] _byte_map_base: 0x0000021199687000

Marking Bits: (CMBitMap*) 0x0000021184958c60
 Bits: [0x000002119d690000, 0x00000211a1548000)

Polling page: 0x00000211827b0000

Metaspace:

Usage:
  Non-class:     16.63 MB used.
      Class:      2.57 MB used.
       Both:     19.20 MB used.

Virtual space:
  Non-class space:       64.00 MB reserved,      16.81 MB ( 26%) committed,  1 nodes.
      Class space:        1.00 GB reserved,       2.69 MB ( <1%) committed,  1 nodes.
             Both:        1.06 GB reserved,      19.50 MB (  2%) committed. 

Chunk freelists:
   Non-Class:  14.42 MB
       Class:  13.19 MB
        Both:  27.61 MB

MaxMetaspaceSize: unlimited
CompressedClassSpaceSize: 1.00 GB
Initial GC threshold: 21.00 MB
Current GC threshold: 21.00 MB
CDS: on
 - commit_granule_bytes: 65536.
 - commit_granule_words: 8192.
 - virtual_space_node_default_size: 8388608.
 - enlarge_chunks_in_place: 1.
 - use_allocation_guard: 0.


Internal statistics:

num_allocs_failed_limit: 0.
num_arena_births: 340.
num_arena_deaths: 0.
num_vsnodes_births: 2.
num_vsnodes_deaths: 0.
num_space_committed: 312.
num_space_uncommitted: 0.
num_chunks_returned_to_freelist: 0.
num_chunks_taken_from_freelist: 896.
num_chunk_merges: 0.
num_chunk_splits: 616.
num_chunks_enlarged: 462.
num_inconsistent_stats: 0.

CodeHeap 'non-profiled nmethods': size=119168Kb used=2406Kb max_used=2406Kb free=116761Kb
 bounds [0x00000211947d0000, 0x0000021194a40000, 0x000002119bc30000]
CodeHeap 'profiled nmethods': size=119104Kb used=9261Kb max_used=9261Kb free=109842Kb
 bounds [0x000002118cc30000, 0x000002118d540000, 0x0000021194080000]
CodeHeap 'non-nmethods': size=7488Kb used=1962Kb max_used=3671Kb free=5525Kb
 bounds [0x0000021194080000, 0x0000021194460000, 0x00000211947d0000]
 total_blobs=5630 nmethods=4686 adapters=846
 compilation: enabled
              stopped_count=0, restarted_count=0
 full_count=0

Compilation events (20 events):
Event: 163.579 Thread 0x00000211eaace010 4679       3       com.sun.prism.impl.BaseGraphics::fill (137 bytes)
Event: 163.579 Thread 0x00000211a483b430 nmethod 4677 0x000002118d531910 code [0x000002118d531c60, 0x000002118d533290]
Event: 163.579 Thread 0x00000211eaace010 nmethod 4679 0x000002118d533b90 code [0x000002118d533d60, 0x000002118d5342a8]
Event: 163.582 Thread 0x00000211a4834dc0 nmethod 4680 0x0000021194a24810 code [0x0000021194a24a00, 0x0000021194a250a8]
Event: 163.589 Thread 0x00000211a4834dc0 4681       4       javafx.scene.Scene$ClickGenerator::preProcess (348 bytes)
Event: 163.612 Thread 0x00000211a4834dc0 nmethod 4681 0x0000021194a25590 code [0x0000021194a25960, 0x0000021194a26e58]
Event: 163.823 Thread 0x00000211eaace010 4682       3       javafx.scene.layout.Region::resize (43 bytes)
Event: 163.823 Thread 0x00000211a483b430 4683       3       javafx.scene.layout.Region::setWidth (24 bytes)
Event: 163.824 Thread 0x00000211eaace010 nmethod 4682 0x000002118d534490 code [0x000002118d534720, 0x000002118d5352d0]
Event: 163.824 Thread 0x00000211a483b430 nmethod 4683 0x000002118d535690 code [0x000002118d535860, 0x000002118d535ad8]
Event: 163.833 Thread 0x00000211eaace010 4684   !   3       javafx.scene.Node::intersectsBounds (1005 bytes)
Event: 163.837 Thread 0x00000211eaace010 nmethod 4684 0x000002118d535c10 code [0x000002118d5362e0, 0x000002118d539ce0]
Event: 164.285 Thread 0x00000211a4834dc0 4685       4       jdk.internal.misc.InternalLock::lock (8 bytes)
Event: 164.288 Thread 0x00000211a4834dc0 nmethod 4685 0x0000021194a27d90 code [0x0000021194a27f40, 0x0000021194a28210]
Event: 164.316 Thread 0x00000211a483b430 4686   !   3       com.sun.javafx.tk.quantum.PaintCollector::waitForRenderingToComplete (12 bytes)
Event: 164.316 Thread 0x00000211a483b430 nmethod 4686 0x000002118d53af90 code [0x000002118d53b140, 0x000002118d53b398]
Event: 164.535 Thread 0x00000211a4834dc0 4687       4       java.awt.image.ColorModel::<init> (309 bytes)
Event: 164.554 Thread 0x00000211a4834dc0 nmethod 4687 0x0000021194a28390 code [0x0000021194a28560, 0x0000021194a28c98]
Event: 167.579 Thread 0x00000211a4834dc0 4688       4       java.lang.ref.ReferenceQueue::enqueue0 (98 bytes)
Event: 167.586 Thread 0x00000211a4834dc0 nmethod 4688 0x0000021194a28f90 code [0x0000021194a29180, 0x0000021194a29738]

GC Heap History (20 events):
Event: 158.291 GC heap before
{Heap before GC invocations=112 (full 0):
 garbage-first heap   total reserved 4110336K, committed 311296K, used 178188K [0x0000000705200000, 0x0000000800000000)
  region size 2048K, 22 young (45056K), 1 survivors (2048K)
 Metaspace       used 19511K, committed 19840K, reserved 1114112K
  class space    used 2629K, committed 2752K, reserved 1048576K
}
Event: 158.293 GC heap after
{Heap after GC invocations=113 (full 0):
 garbage-first heap   total reserved 4110336K, committed 311296K, used 62354K [0x0000000705200000, 0x0000000800000000)
  region size 2048K, 1 young (2048K), 1 survivors (2048K)
 Metaspace       used 19511K, committed 19840K, reserved 1114112K
  class space    used 2629K, committed 2752K, reserved 1048576K
}
Event: 159.555 GC heap before
{Heap before GC invocations=113 (full 0):
 garbage-first heap   total reserved 4110336K, committed 311296K, used 179090K [0x0000000705200000, 0x0000000800000000)
  region size 2048K, 22 young (45056K), 1 survivors (2048K)
 Metaspace       used 19511K, committed 19840K, reserved 1114112K
  class space    used 2629K, committed 2752K, reserved 1048576K
}
Event: 159.557 GC heap after
{Heap after GC invocations=114 (full 0):
 garbage-first heap   total reserved 4110336K, committed 311296K, used 62352K [0x0000000705200000, 0x0000000800000000)
  region size 2048K, 1 young (2048K), 1 survivors (2048K)
 Metaspace       used 19511K, committed 19840K, reserved 1114112K
  class space    used 2629K, committed 2752K, reserved 1048576K
}
Event: 160.801 GC heap before
{Heap before GC invocations=114 (full 0):
 garbage-first heap   total reserved 4110336K, committed 311296K, used 179088K [0x0000000705200000, 0x0000000800000000)
  region size 2048K, 22 young (45056K), 1 survivors (2048K)
 Metaspace       used 19514K, committed 19840K, reserved 1114112K
  class space    used 2629K, committed 2752K, reserved 1048576K
}
Event: 160.804 GC heap after
{Heap after GC invocations=115 (full 0):
 garbage-first heap   total reserved 4110336K, committed 311296K, used 62354K [0x0000000705200000, 0x0000000800000000)
  region size 2048K, 1 young (2048K), 1 survivors (2048K)
 Metaspace       used 19514K, committed 19840K, reserved 1114112K
  class space    used 2629K, committed 2752K, reserved 1048576K
}
Event: 164.011 GC heap before
{Heap before GC invocations=115 (full 0):
 garbage-first heap   total reserved 4110336K, committed 311296K, used 183186K [0x0000000705200000, 0x0000000800000000)
  region size 2048K, 24 young (49152K), 1 survivors (2048K)
 Metaspace       used 19643K, committed 19968K, reserved 1114112K
  class space    used 2630K, committed 2752K, reserved 1048576K
}
Event: 164.014 GC heap after
{Heap after GC invocations=116 (full 0):
 garbage-first heap   total reserved 4110336K, committed 311296K, used 63772K [0x0000000705200000, 0x0000000800000000)
  region size 2048K, 1 young (2048K), 1 survivors (2048K)
 Metaspace       used 19643K, committed 19968K, reserved 1114112K
  class space    used 2630K, committed 2752K, reserved 1048576K
}
Event: 165.194 GC heap before
{Heap before GC invocations=116 (full 0):
 garbage-first heap   total reserved 4110336K, committed 311296K, used 178460K [0x0000000705200000, 0x0000000800000000)
  region size 2048K, 22 young (45056K), 1 survivors (2048K)
 Metaspace       used 19658K, committed 19968K, reserved 1114112K
  class space    used 2635K, committed 2752K, reserved 1048576K
}
Event: 165.196 GC heap after
{Heap after GC invocations=117 (full 0):
 garbage-first heap   total reserved 4110336K, committed 311296K, used 65800K [0x0000000705200000, 0x0000000800000000)
  region size 2048K, 1 young (2048K), 1 survivors (2048K)
 Metaspace       used 19658K, committed 19968K, reserved 1114112K
  class space    used 2635K, committed 2752K, reserved 1048576K
}
Event: 166.395 GC heap before
{Heap before GC invocations=117 (full 0):
 garbage-first heap   total reserved 4110336K, committed 311296K, used 174344K [0x0000000705200000, 0x0000000800000000)
  region size 2048K, 20 young (40960K), 1 survivors (2048K)
 Metaspace       used 19658K, committed 19968K, reserved 1114112K
  class space    used 2635K, committed 2752K, reserved 1048576K
}
Event: 166.397 GC heap after
{Heap after GC invocations=118 (full 0):
 garbage-first heap   total reserved 4110336K, committed 311296K, used 65792K [0x0000000705200000, 0x0000000800000000)
  region size 2048K, 1 young (2048K), 1 survivors (2048K)
 Metaspace       used 19658K, committed 19968K, reserved 1114112K
  class space    used 2635K, committed 2752K, reserved 1048576K
}
Event: 167.577 GC heap before
{Heap before GC invocations=118 (full 0):
 garbage-first heap   total reserved 4110336K, committed 311296K, used 174336K [0x0000000705200000, 0x0000000800000000)
  region size 2048K, 20 young (40960K), 1 survivors (2048K)
 Metaspace       used 19658K, committed 19968K, reserved 1114112K
  class space    used 2635K, committed 2752K, reserved 1048576K
}
Event: 167.579 GC heap after
{Heap after GC invocations=119 (full 0):
 garbage-first heap   total reserved 4110336K, committed 311296K, used 65797K [0x0000000705200000, 0x0000000800000000)
  region size 2048K, 1 young (2048K), 1 survivors (2048K)
 Metaspace       used 19658K, committed 19968K, reserved 1114112K
  class space    used 2635K, committed 2752K, reserved 1048576K
}
Event: 168.763 GC heap before
{Heap before GC invocations=119 (full 0):
 garbage-first heap   total reserved 4110336K, committed 311296K, used 174341K [0x0000000705200000, 0x0000000800000000)
  region size 2048K, 20 young (40960K), 1 survivors (2048K)
 Metaspace       used 19658K, committed 19968K, reserved 1114112K
  class space    used 2635K, committed 2752K, reserved 1048576K
}
Event: 168.765 GC heap after
{Heap after GC invocations=120 (full 0):
 garbage-first heap   total reserved 4110336K, committed 311296K, used 65778K [0x0000000705200000, 0x0000000800000000)
  region size 2048K, 1 young (2048K), 1 survivors (2048K)
 Metaspace       used 19658K, committed 19968K, reserved 1114112K
  class space    used 2635K, committed 2752K, reserved 1048576K
}
Event: 169.945 GC heap before
{Heap before GC invocations=120 (full 0):
 garbage-first heap   total reserved 4110336K, committed 311296K, used 174322K [0x0000000705200000, 0x0000000800000000)
  region size 2048K, 20 young (40960K), 1 survivors (2048K)
 Metaspace       used 19658K, committed 19968K, reserved 1114112K
  class space    used 2635K, committed 2752K, reserved 1048576K
}
Event: 169.947 GC heap after
{Heap after GC invocations=121 (full 0):
 garbage-first heap   total reserved 4110336K, committed 311296K, used 66678K [0x0000000705200000, 0x0000000800000000)
  region size 2048K, 1 young (2048K), 1 survivors (2048K)
 Metaspace       used 19658K, committed 19968K, reserved 1114112K
  class space    used 2635K, committed 2752K, reserved 1048576K
}
Event: 171.146 GC heap before
{Heap before GC invocations=121 (full 0):
 garbage-first heap   total reserved 4110336K, committed 311296K, used 175222K [0x0000000705200000, 0x0000000800000000)
  region size 2048K, 20 young (40960K), 1 survivors (2048K)
 Metaspace       used 19658K, committed 19968K, reserved 1114112K
  class space    used 2635K, committed 2752K, reserved 1048576K
}
Event: 171.149 GC heap after
{Heap after GC invocations=122 (full 0):
 garbage-first heap   total reserved 4110336K, committed 311296K, used 65799K [0x0000000705200000, 0x0000000800000000)
  region size 2048K, 1 young (2048K), 1 survivors (2048K)
 Metaspace       used 19658K, committed 19968K, reserved 1114112K
  class space    used 2635K, committed 2752K, reserved 1048576K
}

Dll operation events (20 events):
Event: 0.188 Loaded shared library D:\openCV\openjfx-23.0.1_windows-x64_bin-sdk\javafx-sdk-23.0.1\bin\api-ms-win-crt-multibyte-l1-1-0.dll
Event: 0.189 Loaded shared library D:\openCV\openjfx-23.0.1_windows-x64_bin-sdk\javafx-sdk-23.0.1\bin\api-ms-win-crt-private-l1-1-0.dll
Event: 0.189 Loaded shared library D:\openCV\openjfx-23.0.1_windows-x64_bin-sdk\javafx-sdk-23.0.1\bin\api-ms-win-crt-process-l1-1-0.dll
Event: 0.190 Loaded shared library D:\openCV\openjfx-23.0.1_windows-x64_bin-sdk\javafx-sdk-23.0.1\bin\api-ms-win-crt-runtime-l1-1-0.dll
Event: 0.191 Loaded shared library D:\openCV\openjfx-23.0.1_windows-x64_bin-sdk\javafx-sdk-23.0.1\bin\api-ms-win-crt-stdio-l1-1-0.dll
Event: 0.191 Loaded shared library D:\openCV\openjfx-23.0.1_windows-x64_bin-sdk\javafx-sdk-23.0.1\bin\api-ms-win-crt-string-l1-1-0.dll
Event: 0.192 Loaded shared library D:\openCV\openjfx-23.0.1_windows-x64_bin-sdk\javafx-sdk-23.0.1\bin\api-ms-win-crt-time-l1-1-0.dll
Event: 0.192 Loaded shared library D:\openCV\openjfx-23.0.1_windows-x64_bin-sdk\javafx-sdk-23.0.1\bin\api-ms-win-crt-utility-l1-1-0.dll
Event: 0.193 Loaded shared library D:\openCV\openjfx-23.0.1_windows-x64_bin-sdk\javafx-sdk-23.0.1\bin\ucrtbase.dll
Event: 0.194 Loaded shared library D:\openCV\openjfx-23.0.1_windows-x64_bin-sdk\javafx-sdk-23.0.1\bin\vcruntime140.dll
Event: 0.194 Loaded shared library D:\openCV\openjfx-23.0.1_windows-x64_bin-sdk\javafx-sdk-23.0.1\bin\vcruntime140_1.dll
Event: 0.195 Loaded shared library D:\openCV\openjfx-23.0.1_windows-x64_bin-sdk\javafx-sdk-23.0.1\bin\msvcp140.dll
Event: 0.195 Loaded shared library D:\openCV\openjfx-23.0.1_windows-x64_bin-sdk\javafx-sdk-23.0.1\bin\msvcp140_1.dll
Event: 0.196 Loaded shared library D:\openCV\openjfx-23.0.1_windows-x64_bin-sdk\javafx-sdk-23.0.1\bin\msvcp140_2.dll
Event: 0.220 Loaded shared library D:\openCV\openjfx-23.0.1_windows-x64_bin-sdk\javafx-sdk-23.0.1\bin\prism_d3d.dll
Event: 0.281 Loaded shared library D:\openCV\openjfx-23.0.1_windows-x64_bin-sdk\javafx-sdk-23.0.1\bin\glass.dll
Event: 0.366 Loaded shared library C:\Users\adeli\.jdks\openjdk-22.0.2\bin\jimage.dll
Event: 0.735 Loaded shared library D:\openCV\opencv\build\java\x64\opencv_java4100.dll
Event: 0.813 Loaded shared library D:\openCV\openjfx-23.0.1_windows-x64_bin-sdk\javafx-sdk-23.0.1\bin\javafx_font.dll
Event: 2.621 Loaded shared library C:\Users\adeli\.jdks\openjdk-22.0.2\bin\awt.dll

Deoptimization events (20 events):
Event: 164.285 Thread 0x00000211eaf12110 Uncommon trap: trap_request=0xffffffc6 fr.pc=0x0000021194999f4c relative=0x000000000000076c
Event: 164.285 Thread 0x00000211eaf12110 Uncommon trap: reason=bimorphic_or_optimized_type_check action=maybe_recompile pc=0x0000021194999f4c method=com.sun.javafx.event.EventHandlerManager.dispatchBubblingEvent(Ljavafx/event/Event;)Ljavafx/event/Event; @ 1 c2
Event: 164.285 Thread 0x00000211eaf12110 DEOPT PACKING pc=0x0000021194999f4c sp=0x00000060a4afccc0
Event: 164.285 Thread 0x00000211eaf12110 DEOPT UNPACKING pc=0x00000211940d46a2 sp=0x00000060a4afcc78 mode 2
Event: 164.307 Thread 0x00000211eaf12110 Uncommon trap: trap_request=0xffffffc6 fr.pc=0x0000021194993210 relative=0x0000000000000730
Event: 164.307 Thread 0x00000211eaf12110 Uncommon trap: reason=bimorphic_or_optimized_type_check action=maybe_recompile pc=0x0000021194993210 method=com.sun.javafx.event.EventHandlerManager.dispatchCapturingEvent(Ljavafx/event/Event;)Ljavafx/event/Event; @ 1 c2
Event: 164.307 Thread 0x00000211eaf12110 DEOPT PACKING pc=0x0000021194993210 sp=0x00000060a4afccb0
Event: 164.307 Thread 0x00000211eaf12110 DEOPT UNPACKING pc=0x00000211940d46a2 sp=0x00000060a4afcc68 mode 2
Event: 164.307 Thread 0x00000211eaf12110 Uncommon trap: trap_request=0xffffffc6 fr.pc=0x0000021194999f4c relative=0x000000000000076c
Event: 164.307 Thread 0x00000211eaf12110 Uncommon trap: reason=bimorphic_or_optimized_type_check action=maybe_recompile pc=0x0000021194999f4c method=com.sun.javafx.event.EventHandlerManager.dispatchBubblingEvent(Ljavafx/event/Event;)Ljavafx/event/Event; @ 1 c2
Event: 164.307 Thread 0x00000211eaf12110 DEOPT PACKING pc=0x0000021194999f4c sp=0x00000060a4afccc0
Event: 164.307 Thread 0x00000211eaf12110 DEOPT UNPACKING pc=0x00000211940d46a2 sp=0x00000060a4afcc78 mode 2
Event: 164.324 Thread 0x00000211ea2689d0 Uncommon trap: trap_request=0xffffff45 fr.pc=0x00000211949f9654 relative=0x00000000000004d4
Event: 164.324 Thread 0x00000211ea2689d0 Uncommon trap: reason=unstable_if action=reinterpret pc=0x00000211949f9654 method=java.util.concurrent.locks.AbstractQueuedSynchronizer$ConditionNode.isReleasable()Z @ 14 c2
Event: 164.324 Thread 0x00000211ea2689d0 DEOPT PACKING pc=0x00000211949f9654 sp=0x00000060a44fedc0
Event: 164.324 Thread 0x00000211ea2689d0 DEOPT UNPACKING pc=0x00000211940d46a2 sp=0x00000060a44febe8 mode 2
Event: 164.324 Thread 0x00000211ea2689d0 Uncommon trap: trap_request=0xffffff45 fr.pc=0x00000211949cf9d8 relative=0x0000000000000058
Event: 164.324 Thread 0x00000211ea2689d0 Uncommon trap: reason=unstable_if action=reinterpret pc=0x00000211949cf9d8 method=java.lang.Thread.getAndClearInterrupt()Z @ 6 c2
Event: 164.324 Thread 0x00000211ea2689d0 DEOPT PACKING pc=0x00000211949cf9d8 sp=0x00000060a44fed70
Event: 164.324 Thread 0x00000211ea2689d0 DEOPT UNPACKING pc=0x00000211940d46a2 sp=0x00000060a44feca8 mode 2

Classes loaded (20 events):
Event: 2.656 Loading class sun/awt/image/BufferedImageDevice
Event: 2.656 Loading class java/awt/GraphicsDevice
Event: 2.656 Loading class java/awt/GraphicsDevice done
Event: 2.656 Loading class sun/awt/image/BufferedImageDevice done
Event: 2.657 Loading class java/awt/image/MultiResolutionImage
Event: 2.657 Loading class java/awt/image/MultiResolutionImage done
Event: 2.658 Loading class sun/awt/image/ToolkitImage
Event: 2.658 Loading class sun/awt/image/ToolkitImage done
Event: 2.666 Loading class jdk/internal/event/ThreadSleepEvent
Event: 2.666 Loading class jdk/internal/event/ThreadSleepEvent done
Event: 2.955 Loading class java/util/EnumMap$Values
Event: 2.955 Loading class java/util/EnumMap$Values done
Event: 2.955 Loading class java/util/EnumMap$ValueIterator
Event: 2.955 Loading class java/util/EnumMap$EnumMapIterator
Event: 2.955 Loading class java/util/EnumMap$EnumMapIterator done
Event: 2.955 Loading class java/util/EnumMap$ValueIterator done
Event: 5.080 Loading class java/io/UnsupportedEncodingException
Event: 5.080 Loading class java/io/UnsupportedEncodingException done
Event: 171.296 Loading class jdk/internal/misc/Signal$1
Event: 171.296 Loading class jdk/internal/misc/Signal$1 done

Classes unloaded (0 events):
No events

Classes redefined (0 events):
No events

Internal exceptions (20 events):
Event: 0.931 Thread 0x00000211eaf12110 Exception <a 'java/lang/NoSuchMethodError'{0x00000007129703e0}: 'void java.lang.invoke.DirectMethodHandle$Holder.invokeVirtual(java.lang.Object, java.lang.Object)'> (0x00000007129703e0) 
thrown [s\open\src\hotspot\share\interpreter\linkResolver.cpp, line 774]
Event: 1.638 Thread 0x00000211eaf12110 Implicit null exception at 0x000002119481918d to 0x0000021194819bd8
Event: 1.658 Thread 0x00000211eaf12110 Implicit null exception at 0x00000211948a989d to 0x00000211948a9ad8
Event: 1.659 Thread 0x00000211eaf12110 Implicit null exception at 0x00000211948a8e1d to 0x00000211948a9050
Event: 1.717 Thread 0x00000211eaf12110 Exception <a 'java/lang/NoSuchMethodError'{0x0000000711ffe488}: 'java.lang.Object java.lang.invoke.DirectMethodHandle$Holder.invokeInterface(java.lang.Object, java.lang.Object, java.lang.Object)'> (0x0000000711ffe488) 
thrown [s\open\src\hotspot\share\interpreter\linkResolver.cpp, line 774]
Event: 1.723 Thread 0x00000211eaf12110 Exception <a 'java/lang/IncompatibleClassChangeError'{0x0000000714c01d98}: Found class java.lang.Object, but interface was expected> (0x0000000714c01d98) 
thrown [s\open\src\hotspot\share\interpreter\linkResolver.cpp, line 841]
Event: 1.751 Thread 0x00000211eaf12110 Exception <a 'java/lang/ClassNotFoundException'{0x0000000714862910}: com/sun/javafx/scene/control/skin/resources/controls> (0x0000000714862910) 
thrown [s\open\src\hotspot\share\prims\jni.cpp, line 539]
Event: 1.752 Thread 0x00000211eaf12110 Exception <a 'java/lang/ClassNotFoundException'{0x0000000714870af0}: com/sun/javafx/scene/control/skin/resources/controls_en> (0x0000000714870af0) 
thrown [s\open\src\hotspot\share\prims\jni.cpp, line 539]
Event: 1.752 Thread 0x00000211eaf12110 Exception <a 'java/lang/ClassNotFoundException'{0x0000000714871e00}: com/sun/javafx/scene/control/skin/resources/controls_en_US> (0x0000000714871e00) 
thrown [s\open\src\hotspot\share\prims\jni.cpp, line 539]
Event: 1.771 Thread 0x00000211eaf12110 Exception <a 'java/lang/NoSuchMethodError'{0x00000007146506d0}: 'void java.lang.invoke.DirectMethodHandle$Holder.invokeSpecial(java.lang.Object, java.lang.Object, java.lang.Object, java.lang.Object, java.lang.Object, java.lang.Object)'> (0x00000007146506d0) 
thrown [s\open\src\hotspot\share\interpreter\linkResolver.cpp, line 774]
Event: 1.802 Thread 0x00000211eaf12110 Exception <a 'java/lang/NoSuchMethodError'{0x00000007142574a8}: 'int java.lang.invoke.DirectMethodHandle$Holder.invokeSpecial(java.lang.Object, java.lang.Object, int)'> (0x00000007142574a8) 
thrown [s\open\src\hotspot\share\interpreter\linkResolver.cpp, line 774]
Event: 1.810 Thread 0x00000211eaf12110 Exception <a 'java/lang/NoSuchMethodError'{0x00000007142b9268}: 'java.lang.Object java.lang.invoke.DirectMethodHandle$Holder.newInvokeSpecial(java.lang.Object, java.lang.Object, int)'> (0x00000007142b9268) 
thrown [s\open\src\hotspot\share\interpreter\linkResolver.cpp, line 774]
Event: 2.428 Thread 0x00000211ea2689d0 Exception <a 'java/lang/NoSuchMethodError'{0x000000071408bfe0}: 'int java.lang.invoke.DirectMethodHandle$Holder.invokeStaticInit(java.lang.Object, java.lang.Object)'> (0x000000071408bfe0) 
thrown [s\open\src\hotspot\share\interpreter\linkResolver.cpp, line 774]
Event: 2.631 Thread 0x00000211f49b6f00 Exception <a 'java/lang/ClassNotFoundException'{0x0000000713b6bc58}: sun/awt/resources/spi/awtProvider> (0x0000000713b6bc58) 
thrown [s\open\src\hotspot\share\classfile\systemDictionary.cpp, line 313]
Event: 2.632 Thread 0x00000211f49b6f00 Exception <a 'java/io/FileNotFoundException'{0x0000000713b6fd10}> (0x0000000713b6fd10) 
thrown [s\open\src\hotspot\share\prims\jni.cpp, line 520]
Event: 2.632 Thread 0x00000211f49b6f00 Exception <a 'java/io/FileNotFoundException'{0x0000000713b71408}> (0x0000000713b71408) 
thrown [s\open\src\hotspot\share\prims\jni.cpp, line 520]
Event: 5.086 Thread 0x00000211eaf12110 Exception <a 'java/lang/NoSuchMethodError'{0x0000000714c63768}: 'long java.lang.invoke.DirectMethodHandle$Holder.invokeStatic(java.lang.Object, java.lang.Object, java.lang.Object)'> (0x0000000714c63768) 
thrown [s\open\src\hotspot\share\interpreter\linkResolver.cpp, line 774]
Event: 5.087 Thread 0x00000211eaf12110 Exception <a 'java/lang/NoSuchMethodError'{0x0000000714c66b38}: 'long java.lang.invoke.DirectMethodHandle$Holder.invokeStaticInit(java.lang.Object, java.lang.Object, java.lang.Object)'> (0x0000000714c66b38) 
thrown [s\open\src\hotspot\share\interpreter\linkResolver.cpp, line 774]
Event: 5.089 Thread 0x00000211eaf12110 Exception <a 'java/lang/NoSuchMethodError'{0x0000000714c7b230}: 'java.lang.Object java.lang.invoke.DirectMethodHandle$Holder.newInvokeSpecial(java.lang.Object, java.lang.Object, long)'> (0x0000000714c7b230) 
thrown [s\open\src\hotspot\share\interpreter\linkResolver.cpp, line 774]
Event: 5.089 Thread 0x00000211eaf12110 Exception <a 'java/lang/NoSuchMethodError'{0x0000000714c7eb38}: 'java.lang.Object java.lang.invoke.Invokers$Holder.linkToTargetMethod(java.lang.Object, long, java.lang.Object)'> (0x0000000714c7eb38) 
thrown [s\open\src\hotspot\share\interpreter\linkResolver.cpp, line 774]

ZGC Phase Switch (0 events):
No events

VM Operations (20 events):
Event: 163.821 Executing VM operation: Cleanup done
Event: 164.011 Executing VM operation: G1TryInitiateConcMark (G1 Humongous Allocation)
Event: 164.014 Executing VM operation: G1TryInitiateConcMark (G1 Humongous Allocation) done
Event: 165.028 Executing VM operation: Cleanup
Event: 165.028 Executing VM operation: Cleanup done
Event: 165.194 Executing VM operation: G1TryInitiateConcMark (G1 Humongous Allocation)
Event: 165.196 Executing VM operation: G1TryInitiateConcMark (G1 Humongous Allocation) done
Event: 166.203 Executing VM operation: Cleanup
Event: 166.203 Executing VM operation: Cleanup done
Event: 166.395 Executing VM operation: G1TryInitiateConcMark (G1 Humongous Allocation)
Event: 166.397 Executing VM operation: G1TryInitiateConcMark (G1 Humongous Allocation) done
Event: 167.577 Executing VM operation: G1TryInitiateConcMark (G1 Humongous Allocation)
Event: 167.579 Executing VM operation: G1TryInitiateConcMark (G1 Humongous Allocation) done
Event: 168.763 Executing VM operation: G1TryInitiateConcMark (G1 Humongous Allocation)
Event: 168.765 Executing VM operation: G1TryInitiateConcMark (G1 Humongous Allocation) done
Event: 169.945 Executing VM operation: G1TryInitiateConcMark (G1 Humongous Allocation)
Event: 169.947 Executing VM operation: G1TryInitiateConcMark (G1 Humongous Allocation) done
Event: 171.146 Executing VM operation: G1TryInitiateConcMark (G1 Humongous Allocation)
Event: 171.149 Executing VM operation: G1TryInitiateConcMark (G1 Humongous Allocation) done
Event: 171.298 Executing VM operation: Exit

Memory protections (0 events):
No events

Nmethod flushes (0 events):
No events

Events (20 events):
Event: 52.737 Thread 0x00000211a483b430 Thread added: 0x00000211eb2c7f30
Event: 52.737 Thread 0x00000211a483b430 Thread added: 0x00000211ea75bfc0
Event: 52.737 Thread 0x00000211a483b430 Thread added: 0x00000211ea5a42a0
Event: 53.741 Thread 0x00000211ea5a42a0 Thread exited: 0x00000211ea5a42a0
Event: 53.741 Thread 0x00000211ea75bfc0 Thread exited: 0x00000211ea75bfc0
Event: 54.390 Thread 0x00000211eb2c7f30 Thread exited: 0x00000211eb2c7f30
Event: 162.306 Thread 0x00000211f49b47a0 Thread exited: 0x00000211f49b47a0
Event: 162.875 Thread 0x00000211a483b430 Thread added: 0x00000211eaace010
Event: 163.536 Thread 0x00000211eaf12110 Thread added: 0x00000211f49b47a0
Event: 164.325 Thread 0x00000211eb0a6d40 Thread exited: 0x00000211eb0a6d40
Event: 164.325 Thread 0x00000211848f0690 Thread exited: 0x00000211848f0690
Event: 164.325 Thread 0x00000211eaf12110 Thread exited: 0x00000211eaf12110
Event: 164.325 Thread 0x00000211f49b4e30 Thread added: 0x00000211f49b4e30
Event: 164.389 Thread 0x00000211ea2689d0 Thread exited: 0x00000211ea2689d0
Event: 164.537 Thread 0x00000211eaace010 Thread exited: 0x00000211eaace010
Event: 171.296 Thread 0x00000211a482ecf0 Thread added: 0x00000211f49b6f00
Event: 171.297 Thread 0x00000211f49b6f00 Thread added: 0x00000211f49b54c0
Event: 171.297 Thread 0x00000211f49b54c0 Thread exited: 0x00000211f49b54c0
Event: 171.297 Thread 0x00000211f49b6f00 Before exit entered
Event: 171.298 Thread 0x00000211a482ecf0 Thread exited: 0x00000211a482ecf0


Dynamic libraries:
0x00007ff7a3540000 - 0x00007ff7a354e000 	C:\Users\adeli\.jdks\openjdk-22.0.2\bin\java.exe
0x00007fff79550000 - 0x00007fff79767000 	C:\WINDOWS\SYSTEM32\ntdll.dll
0x00007fff77700000 - 0x00007fff777c4000 	C:\WINDOWS\System32\KERNEL32.DLL
0x00007fff76e50000 - 0x00007fff77207000 	C:\WINDOWS\System32\KERNELBASE.dll
0x00007fff76a80000 - 0x00007fff76b91000 	C:\WINDOWS\System32\ucrtbase.dll
0x00007fff6ec20000 - 0x00007fff6ec37000 	C:\Users\adeli\.jdks\openjdk-22.0.2\bin\jli.dll
0x00007fff6e280000 - 0x00007fff6e29b000 	C:\Users\adeli\.jdks\openjdk-22.0.2\bin\VCRUNTIME140.dll
0x00007fff78280000 - 0x00007fff7842f000 	C:\WINDOWS\System32\USER32.dll
0x00007fff76860000 - 0x00007fff76886000 	C:\WINDOWS\System32\win32u.dll
0x00007fff785d0000 - 0x00007fff785f9000 	C:\WINDOWS\System32\GDI32.dll
0x00007fff76d00000 - 0x00007fff76e18000 	C:\WINDOWS\System32\gdi32full.dll
0x00007fff76c60000 - 0x00007fff76cfa000 	C:\WINDOWS\System32\msvcp_win.dll
0x00007fff56430000 - 0x00007fff566c3000 	C:\WINDOWS\WinSxS\amd64_microsoft.windows.common-controls_6595b64144ccf1df_6.0.22621.3672_none_2713b9d173822955\COMCTL32.dll
0x00007fff77bb0000 - 0x00007fff77c57000 	C:\WINDOWS\System32\msvcrt.dll
0x00007fff780d0000 - 0x00007fff78101000 	C:\WINDOWS\System32\IMM32.DLL
0x00007fff6ec10000 - 0x00007fff6ec1c000 	C:\Users\adeli\.jdks\openjdk-22.0.2\bin\vcruntime140_1.dll
0x00007fff6c3b0000 - 0x00007fff6c43e000 	C:\Users\adeli\.jdks\openjdk-22.0.2\bin\msvcp140.dll
0x00007ffe9d640000 - 0x00007ffe9e389000 	C:\Users\adeli\.jdks\openjdk-22.0.2\bin\server\jvm.dll
0x00007fff781c0000 - 0x00007fff78272000 	C:\WINDOWS\System32\ADVAPI32.dll
0x00007fff779e0000 - 0x00007fff77a88000 	C:\WINDOWS\System32\sechost.dll
0x00007fff76e20000 - 0x00007fff76e48000 	C:\WINDOWS\System32\bcrypt.dll
0x00007fff77a90000 - 0x00007fff77ba4000 	C:\WINDOWS\System32\RPCRT4.dll
0x00007fff77d30000 - 0x00007fff77da1000 	C:\WINDOWS\System32\WS2_32.dll
0x00007fff6dfc0000 - 0x00007fff6dff4000 	C:\WINDOWS\SYSTEM32\WINMM.dll
0x00007fff6b890000 - 0x00007fff6b89a000 	C:\WINDOWS\SYSTEM32\VERSION.dll
0x00007fff75710000 - 0x00007fff7575d000 	C:\WINDOWS\SYSTEM32\POWRPROF.dll
0x00007fff756f0000 - 0x00007fff75703000 	C:\WINDOWS\SYSTEM32\UMPDC.dll
0x00007fff759a0000 - 0x00007fff759b8000 	C:\WINDOWS\SYSTEM32\kernel.appcore.dll
0x00007fff6e270000 - 0x00007fff6e27a000 	C:\Users\adeli\.jdks\openjdk-22.0.2\bin\jimage.dll
0x00007fff74140000 - 0x00007fff74372000 	C:\WINDOWS\SYSTEM32\DBGHELP.DLL
0x00007fff79180000 - 0x00007fff7950e000 	C:\WINDOWS\System32\combase.dll
0x00007fff784c0000 - 0x00007fff78597000 	C:\WINDOWS\System32\OLEAUT32.dll
0x00007fff5d590000 - 0x00007fff5d5c2000 	C:\WINDOWS\SYSTEM32\dbgcore.DLL
0x00007fff76a00000 - 0x00007fff76a7b000 	C:\WINDOWS\System32\bcryptPrimitives.dll
0x00007fff6e1b0000 - 0x00007fff6e1bf000 	C:\Users\adeli\.jdks\openjdk-22.0.2\bin\instrument.dll
0x00007fff6ddf0000 - 0x00007fff6de0e000 	C:\Users\adeli\.jdks\openjdk-22.0.2\bin\java.dll
0x00007fff78910000 - 0x00007fff79179000 	C:\WINDOWS\System32\SHELL32.dll
0x00007fff77db0000 - 0x00007fff77f55000 	C:\WINDOWS\System32\ole32.dll
0x00007fff747a0000 - 0x00007fff7509f000 	C:\WINDOWS\SYSTEM32\windows.storage.dll
0x00007fff74660000 - 0x00007fff7479f000 	C:\WINDOWS\SYSTEM32\wintypes.dll
0x00007fff778e0000 - 0x00007fff779d9000 	C:\WINDOWS\System32\SHCORE.dll
0x00007fff77cb0000 - 0x00007fff77d0e000 	C:\WINDOWS\System32\shlwapi.dll
0x00007fff76790000 - 0x00007fff767b7000 	C:\WINDOWS\SYSTEM32\profapi.dll
0x00007fff6c2c0000 - 0x00007fff6c397000 	C:\Users\adeli\.jdks\openjdk-22.0.2\bin\jsvml.dll
0x00007fff6c2b0000 - 0x00007fff6c2c0000 	C:\Users\adeli\.jdks\openjdk-22.0.2\bin\net.dll
0x00007fff75e10000 - 0x00007fff75e79000 	C:\WINDOWS\system32\mswsock.dll
0x00007fff6c290000 - 0x00007fff6c2a6000 	C:\Users\adeli\.jdks\openjdk-22.0.2\bin\nio.dll
0x00007fff6c220000 - 0x00007fff6c237000 	C:\Users\adeli\.jdks\openjdk-22.0.2\bin\zip.dll
0x00007fff54f30000 - 0x00007fff54f4a000 	C:\Program Files\JetBrains\IntelliJ IDEA 2024.2.1\bin\breakgen64.dll
0x00007fff6b9f0000 - 0x00007fff6b9f9000 	C:\Users\adeli\.jdks\openjdk-22.0.2\bin\extnet.dll
0x0000021182800000 - 0x0000021182803000 	D:\openCV\openjfx-23.0.1_windows-x64_bin-sdk\javafx-sdk-23.0.1\bin\api-ms-win-core-console-l1-1-0.dll
0x0000021182810000 - 0x0000021182813000 	D:\openCV\openjfx-23.0.1_windows-x64_bin-sdk\javafx-sdk-23.0.1\bin\api-ms-win-core-console-l1-2-0.dll
0x0000021182820000 - 0x0000021182823000 	D:\openCV\openjfx-23.0.1_windows-x64_bin-sdk\javafx-sdk-23.0.1\bin\api-ms-win-core-datetime-l1-1-0.dll
0x00000211847e0000 - 0x00000211847e3000 	D:\openCV\openjfx-23.0.1_windows-x64_bin-sdk\javafx-sdk-23.0.1\bin\api-ms-win-core-debug-l1-1-0.dll
0x00000211847f0000 - 0x00000211847f3000 	D:\openCV\openjfx-23.0.1_windows-x64_bin-sdk\javafx-sdk-23.0.1\bin\api-ms-win-core-errorhandling-l1-1-0.dll
0x0000021184800000 - 0x0000021184804000 	D:\openCV\openjfx-23.0.1_windows-x64_bin-sdk\javafx-sdk-23.0.1\bin\api-ms-win-core-file-l1-1-0.dll
0x0000021184810000 - 0x0000021184813000 	D:\openCV\openjfx-23.0.1_windows-x64_bin-sdk\javafx-sdk-23.0.1\bin\api-ms-win-core-file-l1-2-0.dll
0x0000021184820000 - 0x0000021184823000 	D:\openCV\openjfx-23.0.1_windows-x64_bin-sdk\javafx-sdk-23.0.1\bin\api-ms-win-core-file-l2-1-0.dll
0x0000021184830000 - 0x0000021184833000 	D:\openCV\openjfx-23.0.1_windows-x64_bin-sdk\javafx-sdk-23.0.1\bin\api-ms-win-core-handle-l1-1-0.dll
0x0000021184840000 - 0x0000021184843000 	D:\openCV\openjfx-23.0.1_windows-x64_bin-sdk\javafx-sdk-23.0.1\bin\api-ms-win-core-heap-l1-1-0.dll
0x0000021184850000 - 0x0000021184853000 	D:\openCV\openjfx-23.0.1_windows-x64_bin-sdk\javafx-sdk-23.0.1\bin\api-ms-win-core-interlocked-l1-1-0.dll
0x0000021184860000 - 0x0000021184863000 	D:\openCV\openjfx-23.0.1_windows-x64_bin-sdk\javafx-sdk-23.0.1\bin\api-ms-win-core-libraryloader-l1-1-0.dll
0x0000021184870000 - 0x0000021184873000 	D:\openCV\openjfx-23.0.1_windows-x64_bin-sdk\javafx-sdk-23.0.1\bin\api-ms-win-core-localization-l1-2-0.dll
0x0000021184880000 - 0x0000021184883000 	D:\openCV\openjfx-23.0.1_windows-x64_bin-sdk\javafx-sdk-23.0.1\bin\api-ms-win-core-memory-l1-1-0.dll
0x0000021184890000 - 0x0000021184893000 	D:\openCV\openjfx-23.0.1_windows-x64_bin-sdk\javafx-sdk-23.0.1\bin\api-ms-win-core-namedpipe-l1-1-0.dll
0x00000211848a0000 - 0x00000211848a3000 	D:\openCV\openjfx-23.0.1_windows-x64_bin-sdk\javafx-sdk-23.0.1\bin\api-ms-win-core-processenvironment-l1-1-0.dll
0x00000211a4d50000 - 0x00000211a4d53000 	D:\openCV\openjfx-23.0.1_windows-x64_bin-sdk\javafx-sdk-23.0.1\bin\api-ms-win-core-processthreads-l1-1-0.dll
0x00000211a4d60000 - 0x00000211a4d63000 	D:\openCV\openjfx-23.0.1_windows-x64_bin-sdk\javafx-sdk-23.0.1\bin\api-ms-win-core-processthreads-l1-1-1.dll
0x00000211a4d70000 - 0x00000211a4d73000 	D:\openCV\openjfx-23.0.1_windows-x64_bin-sdk\javafx-sdk-23.0.1\bin\api-ms-win-core-profile-l1-1-0.dll
0x00000211a4d80000 - 0x00000211a4d83000 	D:\openCV\openjfx-23.0.1_windows-x64_bin-sdk\javafx-sdk-23.0.1\bin\api-ms-win-core-rtlsupport-l1-1-0.dll
0x00000211a4d90000 - 0x00000211a4d93000 	D:\openCV\openjfx-23.0.1_windows-x64_bin-sdk\javafx-sdk-23.0.1\bin\api-ms-win-core-string-l1-1-0.dll
0x00000211a4da0000 - 0x00000211a4da3000 	D:\openCV\openjfx-23.0.1_windows-x64_bin-sdk\javafx-sdk-23.0.1\bin\api-ms-win-core-synch-l1-1-0.dll
0x00000211a4db0000 - 0x00000211a4db3000 	D:\openCV\openjfx-23.0.1_windows-x64_bin-sdk\javafx-sdk-23.0.1\bin\api-ms-win-core-synch-l1-2-0.dll
0x00000211a4dc0000 - 0x00000211a4dc3000 	D:\openCV\openjfx-23.0.1_windows-x64_bin-sdk\javafx-sdk-23.0.1\bin\api-ms-win-core-sysinfo-l1-1-0.dll
0x00000211a4dd0000 - 0x00000211a4dd3000 	D:\openCV\openjfx-23.0.1_windows-x64_bin-sdk\javafx-sdk-23.0.1\bin\api-ms-win-core-timezone-l1-1-0.dll
0x00000211a4de0000 - 0x00000211a4de3000 	D:\openCV\openjfx-23.0.1_windows-x64_bin-sdk\javafx-sdk-23.0.1\bin\api-ms-win-core-util-l1-1-0.dll
0x00000211a4df0000 - 0x00000211a4df3000 	D:\openCV\openjfx-23.0.1_windows-x64_bin-sdk\javafx-sdk-23.0.1\bin\api-ms-win-crt-conio-l1-1-0.dll
0x00000211a4e00000 - 0x00000211a4e04000 	D:\openCV\openjfx-23.0.1_windows-x64_bin-sdk\javafx-sdk-23.0.1\bin\api-ms-win-crt-convert-l1-1-0.dll
0x00000211a4e10000 - 0x00000211a4e13000 	D:\openCV\openjfx-23.0.1_windows-x64_bin-sdk\javafx-sdk-23.0.1\bin\api-ms-win-crt-environment-l1-1-0.dll
0x00000211a4e20000 - 0x00000211a4e23000 	D:\openCV\openjfx-23.0.1_windows-x64_bin-sdk\javafx-sdk-23.0.1\bin\api-ms-win-crt-filesystem-l1-1-0.dll
0x00000211a4e30000 - 0x00000211a4e33000 	D:\openCV\openjfx-23.0.1_windows-x64_bin-sdk\javafx-sdk-23.0.1\bin\api-ms-win-crt-heap-l1-1-0.dll
0x00000211a4e40000 - 0x00000211a4e43000 	D:\openCV\openjfx-23.0.1_windows-x64_bin-sdk\javafx-sdk-23.0.1\bin\api-ms-win-crt-locale-l1-1-0.dll
0x00000211a4e50000 - 0x00000211a4e55000 	D:\openCV\openjfx-23.0.1_windows-x64_bin-sdk\javafx-sdk-23.0.1\bin\api-ms-win-crt-math-l1-1-0.dll
0x00000211a4e60000 - 0x00000211a4e65000 	D:\openCV\openjfx-23.0.1_windows-x64_bin-sdk\javafx-sdk-23.0.1\bin\api-ms-win-crt-multibyte-l1-1-0.dll
0x00000211a4e70000 - 0x00000211a4e80000 	D:\openCV\openjfx-23.0.1_windows-x64_bin-sdk\javafx-sdk-23.0.1\bin\api-ms-win-crt-private-l1-1-0.dll
0x00000211a4e80000 - 0x00000211a4e83000 	D:\openCV\openjfx-23.0.1_windows-x64_bin-sdk\javafx-sdk-23.0.1\bin\api-ms-win-crt-process-l1-1-0.dll
0x00000211a4e90000 - 0x00000211a4e94000 	D:\openCV\openjfx-23.0.1_windows-x64_bin-sdk\javafx-sdk-23.0.1\bin\api-ms-win-crt-runtime-l1-1-0.dll
0x00000211a4ea0000 - 0x00000211a4ea4000 	D:\openCV\openjfx-23.0.1_windows-x64_bin-sdk\javafx-sdk-23.0.1\bin\api-ms-win-crt-stdio-l1-1-0.dll
0x00000211a4eb0000 - 0x00000211a4eb4000 	D:\openCV\openjfx-23.0.1_windows-x64_bin-sdk\javafx-sdk-23.0.1\bin\api-ms-win-crt-string-l1-1-0.dll
0x00000211a4ec0000 - 0x00000211a4ec3000 	D:\openCV\openjfx-23.0.1_windows-x64_bin-sdk\javafx-sdk-23.0.1\bin\api-ms-win-crt-time-l1-1-0.dll
0x00000211a4ed0000 - 0x00000211a4ed3000 	D:\openCV\openjfx-23.0.1_windows-x64_bin-sdk\javafx-sdk-23.0.1\bin\api-ms-win-crt-utility-l1-1-0.dll
0x00007fff21b70000 - 0x00007fff21c6c000 	D:\openCV\openjfx-23.0.1_windows-x64_bin-sdk\javafx-sdk-23.0.1\bin\ucrtbase.dll
0x00007fff54a10000 - 0x00007fff54a2b000 	D:\openCV\openjfx-23.0.1_windows-x64_bin-sdk\javafx-sdk-23.0.1\bin\vcruntime140.dll
0x00007fff69b00000 - 0x00007fff69b0c000 	D:\openCV\openjfx-23.0.1_windows-x64_bin-sdk\javafx-sdk-23.0.1\bin\vcruntime140_1.dll
0x00007fff15100000 - 0x00007fff1518e000 	D:\openCV\openjfx-23.0.1_windows-x64_bin-sdk\javafx-sdk-23.0.1\bin\msvcp140.dll
0x00007fff5db00000 - 0x00007fff5db09000 	D:\openCV\openjfx-23.0.1_windows-x64_bin-sdk\javafx-sdk-23.0.1\bin\msvcp140_1.dll
0x00007fff222d0000 - 0x00007fff22311000 	D:\openCV\openjfx-23.0.1_windows-x64_bin-sdk\javafx-sdk-23.0.1\bin\msvcp140_2.dll
0x00007fff35030000 - 0x00007fff35060000 	D:\openCV\openjfx-23.0.1_windows-x64_bin-sdk\javafx-sdk-23.0.1\bin\prism_d3d.dll
0x00007fff14f50000 - 0x00007fff150f8000 	C:\WINDOWS\system32\d3d9.dll
0x00007fff73aa0000 - 0x00007fff73acb000 	C:\WINDOWS\SYSTEM32\dwmapi.dll
0x00007fff73850000 - 0x00007fff73887000 	C:\WINDOWS\SYSTEM32\dxcore.dll
0x00007fff73720000 - 0x00007fff737d1000 	C:\WINDOWS\system32\uxtheme.dll
0x00007fff73890000 - 0x00007fff73987000 	C:\WINDOWS\SYSTEM32\dxgi.dll
0x00007fff76540000 - 0x00007fff7658e000 	C:\WINDOWS\SYSTEM32\cfgmgr32.dll
0x00007fff76890000 - 0x00007fff769f6000 	C:\WINDOWS\System32\CRYPT32.dll
0x00007fff77280000 - 0x00007fff776f4000 	C:\WINDOWS\System32\SETUPAPI.dll
0x00007fff76590000 - 0x00007fff765bc000 	C:\WINDOWS\SYSTEM32\DEVOBJ.dll
0x00007fff77210000 - 0x00007fff7727c000 	C:\WINDOWS\System32\WINTRUST.dll
0x00007fff76500000 - 0x00007fff76512000 	C:\WINDOWS\SYSTEM32\MSASN1.dll
0x00007fff6b820000 - 0x00007fff6b869000 	C:\WINDOWS\SYSTEM32\directxdatabasehelper.dll
0x00007fff69020000 - 0x00007fff692c2000 	C:\WINDOWS\SYSTEM32\twinapi.appcore.dll
0x00007fff12ff0000 - 0x00007fff13035000 	D:\openCV\openjfx-23.0.1_windows-x64_bin-sdk\javafx-sdk-23.0.1\bin\glass.dll
0x00007fff777d0000 - 0x00007fff778cf000 	C:\WINDOWS\System32\COMDLG32.dll
0x00007fff77f60000 - 0x00007fff780c0000 	C:\WINDOWS\System32\MSCTF.dll
0x00007fff78110000 - 0x00007fff781c0000 	C:\WINDOWS\System32\clbcatq.dll
0x00007fff64bf0000 - 0x00007fff64d69000 	C:\Windows\System32\Windows.UI.dll
0x00007fff5d700000 - 0x00007fff5d875000 	C:\Windows\System32\Windows.UI.Immersive.dll
0x00007ffe95af0000 - 0x00007ffe98d55000 	D:\openCV\opencv\build\java\x64\opencv_java4100.dll
0x00007fff6f000000 - 0x00007fff6f08a000 	C:\WINDOWS\SYSTEM32\MF.dll
0x00007fff6e4f0000 - 0x00007fff6e6be000 	C:\WINDOWS\SYSTEM32\MFPlat.DLL
0x00007fff6c9e0000 - 0x00007fff6cc37000 	C:\WINDOWS\SYSTEM32\d3d11.dll
0x00007fff43310000 - 0x00007fff43431000 	C:\WINDOWS\SYSTEM32\MFReadWrite.dll
0x00007fff6e810000 - 0x00007fff6ebab000 	C:\WINDOWS\SYSTEM32\MFCORE.DLL
0x00007fff6e4b0000 - 0x00007fff6e4e3000 	C:\WINDOWS\SYSTEM32\RTWorkQ.DLL
0x00007fff51b90000 - 0x00007fff51ba5000 	D:\openCV\openjfx-23.0.1_windows-x64_bin-sdk\javafx-sdk-23.0.1\bin\javafx_font.dll
0x00007fff6cc40000 - 0x00007fff6ceb3000 	C:\WINDOWS\SYSTEM32\dwrite.dll
0x00007fff3b710000 - 0x00007fff3b731000 	C:\Windows\System32\devenum.dll
0x00007fff75ab0000 - 0x00007fff75ae4000 	C:\WINDOWS\SYSTEM32\ntmarta.dll

dbghelp: loaded successfully - version: 4.0.5 - missing functions: none
symbol engine: initialized successfully - sym options: 0x614 - pdb path: .;C:\Users\adeli\.jdks\openjdk-22.0.2\bin;C:\WINDOWS\SYSTEM32;C:\WINDOWS\WinSxS\amd64_microsoft.windows.common-controls_6595b64144ccf1df_6.0.22621.3672_none_2713b9d173822955;C:\Users\adeli\.jdks\openjdk-22.0.2\bin\server;C:\Program Files\JetBrains\IntelliJ IDEA 2024.2.1\bin;D:\openCV\openjfx-23.0.1_windows-x64_bin-sdk\javafx-sdk-23.0.1\bin;C:\WINDOWS\System32\DriverStore\FileRepository\iigd_dch.inf_amd64_0fdf6ce291234272;D:\openCV\opencv\build\java\x64;C:\WINDOWS\WinSxS\amd64_microsoft.windows.gdiplus_6595b64144ccf1df_1.1.22621.4249_none_57fb0ed6ce180668;C:\Program Files\Common Files\Microsoft Shared\Ink

VM Arguments:
jvm_args: --module-path=D:\openCV\openjfx-23.0.1_windows-x64_bin-sdk\javafx-sdk-23.0.1\lib --add-modules=javafx.controls,javafx.fxml -Djava.library.path=D:\openCV\opencv\build\java\x64 --enable-preview -javaagent:C:\Program Files\JetBrains\IntelliJ IDEA 2024.2.1\lib\idea_rt.jar=52674:C:\Program Files\JetBrains\IntelliJ IDEA 2024.2.1\bin -Dfile.encoding=UTF-8 -Dsun.stdout.encoding=UTF-8 -Dsun.stderr.encoding=UTF-8 
java_command: ui.PreviewFrame
java_class_path (initial): C:\Users\adeli\IdeaProjects\SurveillanceSystem\out\production\SurveillanceSystem;C:\Users\adeli\IdeaProjects\SurveillanceSystem\opencv-4100.jar;D:\openCV\openjfx-23.0.1_windows-x64_bin-sdk\javafx-sdk-23.0.1\lib\javafx-swt.jar;D:\openCV\openjfx-23.0.1_windows-x64_bin-sdk\javafx-sdk-23.0.1\lib\javafx.base.jar;D:\openCV\openjfx-23.0.1_windows-x64_bin-sdk\javafx-sdk-23.0.1\lib\javafx.controls.jar;D:\openCV\openjfx-23.0.1_windows-x64_bin-sdk\javafx-sdk-23.0.1\lib\javafx.fxml.jar;D:\openCV\openjfx-23.0.1_windows-x64_bin-sdk\javafx-sdk-23.0.1\lib\javafx.graphics.jar;D:\openCV\openjfx-23.0.1_windows-x64_bin-sdk\javafx-sdk-23.0.1\lib\javafx.media.jar;D:\openCV\openjfx-23.0.1_windows-x64_bin-sdk\javafx-sdk-23.0.1\lib\javafx.swing.jar;D:\openCV\openjfx-23.0.1_windows-x64_bin-sdk\javafx-sdk-23.0.1\lib\javafx.web.jar
Launcher Type: SUN_STANDARD

[Global flags]
     intx CICompilerCount                          = 12                                        {product} {ergonomic}
     uint ConcGCThreads                            = 4                                         {product} {ergonomic}
     uint G1ConcRefinementThreads                  = 15                                        {product} {ergonomic}
   size_t G1HeapRegionSize                         = 2097152                                   {product} {ergonomic}
   size_t InitialHeapSize                          = 264241152                                 {product} {ergonomic}
   size_t MarkStackSize                            = 4194304                                   {product} {ergonomic}
   size_t MaxHeapSize                              = 4208984064                                {product} {ergonomic}
   size_t MaxNewSize                               = 2524971008                                {product} {ergonomic}
   size_t MinHeapDeltaBytes                        = 2097152                                   {product} {ergonomic}
   size_t MinHeapSize                              = 8388608                                   {product} {ergonomic}
    uintx NonNMethodCodeHeapSize                   = 7602480                                {pd product} {ergonomic}
    uintx NonProfiledCodeHeapSize                  = 122027880                              {pd product} {ergonomic}
    uintx ProfiledCodeHeapSize                     = 122027880                              {pd product} {ergonomic}
    uintx ReservedCodeCacheSize                    = 251658240                              {pd product} {ergonomic}
     bool SegmentedCodeCache                       = true                                      {product} {ergonomic}
   size_t SoftMaxHeapSize                          = 4208984064                             {manageable} {ergonomic}
     bool UseCompressedOops                        = true                           {product lp64_product} {ergonomic}
     bool UseG1GC                                  = true                                      {product} {ergonomic}
     bool UseLargePagesIndividualAllocation        = false                                  {pd product} {ergonomic}

Logging:
Log output configuration:
 #0: stdout all=off uptime,level,tags foldmultilines=false
 #1: stderr all=off uptime,level,tags foldmultilines=false

Environment Variables:
JAVA_HOME=C:\Program Files\Java\jdk-17
PATH=C:\Program Files\Common Files\Oracle\Java\javapath;C:\Program Files (x86)\Common Files\Oracle\Java\java8path;C:\Program Files (x86)\Common Files\Oracle\Java\javapath;C:\ProgramData\Oracle\Java\javapath;C:\WINDOWS\system32;C:\WINDOWS;C:\WINDOWS\System32\Wbem;C:\WINDOWS\System32\WindowsPowerShell\v1.0\;C:\WINDOWS\System32\OpenSSH\;C:\Program Files\Git\cmd;C:\Program Files\nodejs\;C:\Program Files\dotnet\;C:\Program Files\Microsoft SQL Server\150\Tools\Binn\;C:\Program Files\Microsoft SQL Server\Client SDK\ODBC\170\Tools\Binn\;D:\FlutterApp\flutter\bin;C:\Program Files (x86)\Windows Kits\10\Windows Performance Toolkit\;C:\mvn\apache-maven-3.9.9\bin;C:\Program Files\PostgreSQL\16\bin;C:\Users\adeli\AppData\Local\Android\Sdk\platform-tools;;C:\Program Files\Docker\Docker\resources\bin;C:\ProgramData\chocolatey\bin;C:\Program Files\CMake\bin;C:\Program Files\MySQL\MySQL Shell 8.0\bin\;C:\Users\adeli\AppData\Local\Programs\Python\Launcher\;C:\Program Files (x86)\Elm\0.19.1\bin;C:\Users\adeli\AppData\Local\Microsoft\WindowsApps;C:\Users\adeli\AppData\Local\Programs\Microsoft VS Code\bin;C:\Users\adeli\AppData\Local\Microsoft\WinGet\Links;C:\Users\adeli\AppData\Roaming\npm;C:\modeltech64_10.6d\win64;C:\intelFPGA\21.1\questa_fse\win64;C:\Users\adeli\.dotnet\tools;D:\FlutterGame\flutter\bin;C:\Program Files\JetBrains\IntelliJ IDEA 2024.2.1\bin;;C:\mvn\apache-maven-3.9.9\bin;C:\Program Files\PostgreSQL\16\bin;C:\Users\adeli\AppData\Local\Android\Sdk\platform-tools;C:\CLion 2024.2.1\bin;;C:\Program Files\JetBrains\PyCharm Community Edition 2024.2.3\bin;;C:\Program Files\Java\jdk-17\bin;
USERNAME=adeli
OS=Windows_NT
PROCESSOR_IDENTIFIER=Intel64 Family 6 Model 154 Stepping 3, GenuineIntel
TMP=C:\Users\adeli\AppData\Local\Temp
TEMP=C:\Users\adeli\AppData\Local\Temp




Periodic native trim disabled

---------------  S Y S T E M  ---------------

OS:
 Windows 11 , 64 bit Build 22621 (10.0.22621.3958)
OS uptime: 0 days 3:10 hours
Hyper-V role detected

CPU: total 20 (initial active 20) (10 cores per cpu, 2 threads per core) family 6 model 154 stepping 3 microcode 0x432, cx8, cmov, fxsr, ht, mmx, 3dnowpref, sse, sse2, sse3, ssse3, sse4.1, sse4.2, popcnt, lzcnt, tsc, tscinvbit, avx, avx2, aes, erms, clmul, bmi1, bmi2, adx, sha, fma, vzeroupper, clflush, clflushopt, clwb, hv, serialize, rdtscp, rdpid, fsrm, f16c, cet_ibt, cet_ss
Processor Information for processor 0
  Max Mhz: 2300, Current Mhz: 2300, Mhz Limit: 2300
Processor Information for processor 1
  Max Mhz: 2300, Current Mhz: 1506, Mhz Limit: 2300
Processor Information for processor 2
  Max Mhz: 2300, Current Mhz: 2300, Mhz Limit: 2300
Processor Information for processor 3
  Max Mhz: 2300, Current Mhz: 1506, Mhz Limit: 2300
Processor Information for processor 4
  Max Mhz: 2300, Current Mhz: 2300, Mhz Limit: 2300
Processor Information for processor 5
  Max Mhz: 2300, Current Mhz: 1506, Mhz Limit: 2300
Processor Information for processor 6
  Max Mhz: 2300, Current Mhz: 2300, Mhz Limit: 2300
Processor Information for processor 7
  Max Mhz: 2300, Current Mhz: 2300, Mhz Limit: 2300
Processor Information for processor 8
  Max Mhz: 2300, Current Mhz: 2300, Mhz Limit: 2300
Processor Information for processor 9
  Max Mhz: 2300, Current Mhz: 2300, Mhz Limit: 2300
Processor Information for processor 10
  Max Mhz: 2300, Current Mhz: 2300, Mhz Limit: 2300
Processor Information for processor 11
  Max Mhz: 2300, Current Mhz: 1506, Mhz Limit: 2300
Processor Information for processor 12
  Max Mhz: 2300, Current Mhz: 1700, Mhz Limit: 1679
Processor Information for processor 13
  Max Mhz: 2300, Current Mhz: 1700, Mhz Limit: 1679
Processor Information for processor 14
  Max Mhz: 2300, Current Mhz: 1700, Mhz Limit: 1679
Processor Information for processor 15
  Max Mhz: 2300, Current Mhz: 1500, Mhz Limit: 1679
Processor Information for processor 16
  Max Mhz: 2300, Current Mhz: 1700, Mhz Limit: 1679
Processor Information for processor 17
  Max Mhz: 2300, Current Mhz: 1700, Mhz Limit: 1679
Processor Information for processor 18
  Max Mhz: 2300, Current Mhz: 1700, Mhz Limit: 1679
Processor Information for processor 19
  Max Mhz: 2300, Current Mhz: 1500, Mhz Limit: 1679

Memory: 4k page, system-wide physical 16051M (3916M free)
TotalPageFile size 22195M (AvailPageFile size 5638M)
current process WorkingSet (physical memory assigned to process): 348M, peak: 699M
current process commit charge ("private bytes"): 465M, peak: 845M

vm_info: OpenJDK 64-Bit Server VM (22.0.2+9-70) for windows-amd64 JRE (22.0.2+9-70), built on 2024-06-04T16:52:23Z by "mach5one" with MS VC++ 17.6 (VS2022)

END.
